<?xml version="1.0" encoding="UTF-8"?>
<robot generator="Robot 7.4.1 (Python 3.10.10 on win32)" generated="2026-03-18T00:25:01.449376" rpa="false" schemaversion="5">
<suite id="s1" name="API" source="F:\DEV\SE_Sec2_5_PaiNamNae\test\sprint#3\Item13\API\API.robot">
<test id="s1-t1" name="Passenger_Reports_Driver_After_Completed_Trip" line="35">
<kw name="API Login And Get Token And ID">
<kw name="Evaluate" owner="BuiltIn">
<msg time="2026-03-18T00:25:01.590953" level="INFO">${is_email} = False</msg>
<var>${is_email}</var>
<arg>"@" in "${user_input}"</arg>
<doc>Evaluates the given expression in Python and returns the result.</doc>
<status status="PASS" start="2026-03-18T00:25:01.590953" elapsed="0.000000"/>
</kw>
<kw name="Run Keyword If" owner="BuiltIn">
<kw name="Create Dictionary" owner="BuiltIn">
<arg>username=${user_input}</arg>
<arg>password=${password}</arg>
<doc>Creates and returns a dictionary based on the given ``items``.</doc>
<status status="PASS" start="2026-03-18T00:25:01.591958" elapsed="0.000000"/>
</kw>
<msg time="2026-03-18T00:25:01.591958" level="INFO">${body} = {'username': 'driver', 'password': 'Admin1234!'}</msg>
<var>${body}</var>
<arg>${is_email}</arg>
<arg>Create Dictionary</arg>
<arg>email=${user_input}</arg>
<arg>password=${password}</arg>
<arg>ELSE</arg>
<arg>Create Dictionary</arg>
<arg>username=${user_input}</arg>
<arg>password=${password}</arg>
<doc>Runs the given keyword with the given arguments, if ``condition`` is true.</doc>
<status status="PASS" start="2026-03-18T00:25:01.590953" elapsed="0.001005"/>
</kw>
<kw name="POST" owner="RequestsLibrary">
<msg time="2026-03-18T00:25:02.053535" level="INFO">POST Request : url=https://cp353004-team2-5.onrender.com/api/auth/login 
 path_url=/api/auth/login 
 headers={'User-Agent': 'python-requests/2.32.5', 'Accept-Encoding': 'gzip, deflate', 'Accept': '*/*', 'Connection': 'keep-alive', 'Content-Length': '48', 'Content-Type': 'application/json'} 
 body=b'{"username": "driver", "password": "Admin1234!"}' 
 </msg>
<msg time="2026-03-18T00:25:02.053535" level="INFO">POST Response : url=https://cp353004-team2-5.onrender.com/api/auth/login 
 status=200, reason=OK 
 headers={'Date': 'Tue, 17 Mar 2026 17:25:04 GMT', 'Content-Type': 'application/json; charset=utf-8', 'Transfer-Encoding': 'chunked', 'Connection': 'keep-alive', 'Content-Encoding': 'gzip', 'access-control-allow-credentials': 'true', 'content-security-policy': "default-src 'self';base-uri 'self';font-src 'self' https: data:;form-action 'self';frame-ancestors 'self';img-src 'self' data:;object-src 'none';script-src 'self';script-src-attr 'none';style-src 'self' https: 'unsafe-inline';upgrade-insecure-requests", 'cross-origin-opener-policy': 'same-origin', 'cross-origin-resource-policy': 'same-origin', 'etag': 'W/"25e-VUaJ0RGqwktD4MlOxvSZ5+DoWrY"', 'origin-agent-cluster': '?1', 'referrer-policy': 'no-referrer', 'rndr-id': '87b3061d-ac86-4e2a', 'strict-transport-security': 'max-age=15552000; includeSubDomains', 'vary': 'Origin, Accept-Encoding', 'x-content-type-options': 'nosniff', 'x-dns-prefetch-control': 'off', 'x-download-options': 'noopen', 'x-frame-options': 'SAMEORIGIN', 'x-permitted-cross-domain-policies': 'none', 'x-render-origin-server': 'Render', 'x-xss-protection': '0', 'cf-cache-status': 'DYNAMIC', 'Server': 'cloudflare', 'CF-RAY': '9dddb1db3b637993-BKK', 'alt-svc': 'h3=":443"; ma=86400'} 
 body={"success":true,"message":"Login successful","data":{"token":"eyJhbGciOiJIUzI1NiIsInR5cCI6IkpXVCJ9.eyJzdWIiOiJjbW11dmNlZXMwMDAxbXJ1ZmZjbmk2bnB6Iiwicm9sZSI6IkRSSVZFUiIsImlhdCI6MTc3Mzc2ODMwNCwiZXhwIjoxNzczODU0NzA0fQ.lFS0GmRTvteE3SCZmKliijDQtKaj5tqyxpUuE8Q36aA","user":{"id":"cmmuvcees0001mruffcni6npz","firstName":"Driver","lastName":"Driver!","profilePicture":null,"role":"DRIVER","verificationStatus":"VERIFIED","autoVerifyConfidence":null,"autoVerifyHighThreshold":null,"autoVerifyLowThreshold":null,"ocrVerificationStatus":null,"ocrData":null,"passengerSuspendedUntil":null,"driverSuspendedUntil":null}}} 
 </msg>
<msg time="2026-03-18T00:25:02.053535" level="INFO">${resp} = &lt;Response [200]&gt;</msg>
<var>${resp}</var>
<arg>url=${API_LOGIN}</arg>
<arg>json=${body}</arg>
<arg>expected_status=any</arg>
<doc>Sends a POST request.</doc>
<status status="PASS" start="2026-03-18T00:25:01.591958" elapsed="0.461577"/>
</kw>
<kw name="Should Be Equal As Integers" owner="BuiltIn">
<msg time="2026-03-18T00:25:02.054535" level="INFO">Argument types are:
&lt;class 'int'&gt;
&lt;class 'str'&gt;</msg>
<arg>${resp.status_code}</arg>
<arg>200</arg>
<doc>Fails if objects are unequal after converting them to integers.</doc>
<status status="PASS" start="2026-03-18T00:25:02.053535" elapsed="0.001000"/>
</kw>
<kw name="Set Variable" owner="BuiltIn">
<msg time="2026-03-18T00:25:02.055537" level="INFO">${json} = {'success': True, 'message': 'Login successful', 'data': {'token': 'eyJhbGciOiJIUzI1NiIsInR5cCI6IkpXVCJ9.eyJzdWIiOiJjbW11dmNlZXMwMDAxbXJ1ZmZjbmk2bnB6Iiwicm9sZSI6IkRSSVZFUiIsImlhdCI6MTc3Mzc2ODMwNCwiZXh...</msg>
<var>${json}</var>
<arg>${resp.json()}</arg>
<doc>Returns the given values which can then be assigned to a variables.</doc>
<status status="PASS" start="2026-03-18T00:25:02.054535" elapsed="0.001002"/>
</kw>
<kw name="Get From Dictionary" owner="Collections">
<msg time="2026-03-18T00:25:02.055537" level="INFO">${token} = eyJhbGciOiJIUzI1NiIsInR5cCI6IkpXVCJ9.eyJzdWIiOiJjbW11dmNlZXMwMDAxbXJ1ZmZjbmk2bnB6Iiwicm9sZSI6IkRSSVZFUiIsImlhdCI6MTc3Mzc2ODMwNCwiZXhwIjoxNzczODU0NzA0fQ.lFS0GmRTvteE3SCZmKliijDQtKaj5tqyxpUuE8Q36aA</msg>
<var>${token}</var>
<arg>${json['data']}</arg>
<arg>token</arg>
<doc>Returns a value from the given ``dictionary`` based on the given ``key``.</doc>
<status status="PASS" start="2026-03-18T00:25:02.055537" elapsed="0.000000"/>
</kw>
<kw name="Get From Dictionary" owner="Collections">
<msg time="2026-03-18T00:25:02.057044" level="INFO">${u_id} = cmmuvcees0001mruffcni6npz</msg>
<var>${u_id}</var>
<arg>${json['data']['user']}</arg>
<arg>id</arg>
<doc>Returns a value from the given ``dictionary`` based on the given ``key``.</doc>
<status status="PASS" start="2026-03-18T00:25:02.055537" elapsed="0.001507"/>
</kw>
<return>
<value>${token}</value>
<value>${u_id}</value>
<status status="PASS" start="2026-03-18T00:25:02.057044" elapsed="0.000000"/>
</return>
<msg time="2026-03-18T00:25:02.057044" level="INFO">${driver_token} = eyJhbGciOiJIUzI1NiIsInR5cCI6IkpXVCJ9.eyJzdWIiOiJjbW11dmNlZXMwMDAxbXJ1ZmZjbmk2bnB6Iiwicm9sZSI6IkRSSVZFUiIsImlhdCI6MTc3Mzc2ODMwNCwiZXhwIjoxNzczODU0NzA0fQ.lFS0GmRTvteE3SCZmKliijDQtKaj5tqyxpUuE8Q36aA</msg>
<msg time="2026-03-18T00:25:02.057044" level="INFO">${driver_id} = cmmuvcees0001mruffcni6npz</msg>
<var>${driver_token}</var>
<var>${driver_id}</var>
<arg>${DRIVER_USER}</arg>
<arg>${DRIVER_PASS}</arg>
<status status="PASS" start="2026-03-18T00:25:01.589954" elapsed="0.467090"/>
</kw>
<kw name="API Login And Get Token And ID">
<kw name="Evaluate" owner="BuiltIn">
<msg time="2026-03-18T00:25:02.058052" level="INFO">${is_email} = False</msg>
<var>${is_email}</var>
<arg>"@" in "${user_input}"</arg>
<doc>Evaluates the given expression in Python and returns the result.</doc>
<status status="PASS" start="2026-03-18T00:25:02.058052" elapsed="0.000000"/>
</kw>
<kw name="Run Keyword If" owner="BuiltIn">
<kw name="Create Dictionary" owner="BuiltIn">
<arg>username=${user_input}</arg>
<arg>password=${password}</arg>
<doc>Creates and returns a dictionary based on the given ``items``.</doc>
<status status="PASS" start="2026-03-18T00:25:02.059050" elapsed="0.000000"/>
</kw>
<msg time="2026-03-18T00:25:02.059050" level="INFO">${body} = {'username': 'passenger', 'password': 'Admin1234!'}</msg>
<var>${body}</var>
<arg>${is_email}</arg>
<arg>Create Dictionary</arg>
<arg>email=${user_input}</arg>
<arg>password=${password}</arg>
<arg>ELSE</arg>
<arg>Create Dictionary</arg>
<arg>username=${user_input}</arg>
<arg>password=${password}</arg>
<doc>Runs the given keyword with the given arguments, if ``condition`` is true.</doc>
<status status="PASS" start="2026-03-18T00:25:02.058052" elapsed="0.000998"/>
</kw>
<kw name="POST" owner="RequestsLibrary">
<msg time="2026-03-18T00:25:02.455421" level="INFO">POST Request : url=https://cp353004-team2-5.onrender.com/api/auth/login 
 path_url=/api/auth/login 
 headers={'User-Agent': 'python-requests/2.32.5', 'Accept-Encoding': 'gzip, deflate', 'Accept': '*/*', 'Connection': 'keep-alive', 'Content-Length': '51', 'Content-Type': 'application/json'} 
 body=b'{"username": "passenger", "password": "Admin1234!"}' 
 </msg>
<msg time="2026-03-18T00:25:02.455421" level="INFO">POST Response : url=https://cp353004-team2-5.onrender.com/api/auth/login 
 status=200, reason=OK 
 headers={'Date': 'Tue, 17 Mar 2026 17:25:04 GMT', 'Content-Type': 'application/json; charset=utf-8', 'Transfer-Encoding': 'chunked', 'Connection': 'keep-alive', 'Content-Encoding': 'gzip', 'access-control-allow-credentials': 'true', 'content-security-policy': "default-src 'self';base-uri 'self';font-src 'self' https: data:;form-action 'self';frame-ancestors 'self';img-src 'self' data:;object-src 'none';script-src 'self';script-src-attr 'none';style-src 'self' https: 'unsafe-inline';upgrade-insecure-requests", 'cross-origin-opener-policy': 'same-origin', 'cross-origin-resource-policy': 'same-origin', 'etag': 'W/"26a-Finu2VDpDd1ATNze1wdLBNQ/Zrs"', 'origin-agent-cluster': '?1', 'referrer-policy': 'no-referrer', 'rndr-id': '30bd0376-ace2-4b4f', 'strict-transport-security': 'max-age=15552000; includeSubDomains', 'vary': 'Origin, Accept-Encoding', 'x-content-type-options': 'nosniff', 'x-dns-prefetch-control': 'off', 'x-download-options': 'noopen', 'x-frame-options': 'SAMEORIGIN', 'x-permitted-cross-domain-policies': 'none', 'x-render-origin-server': 'Render', 'x-xss-protection': '0', 'cf-cache-status': 'DYNAMIC', 'Server': 'cloudflare', 'CF-RAY': '9dddb1dddb1e2dd0-BKK', 'alt-svc': 'h3=":443"; ma=86400'} 
 body={"success":true,"message":"Login successful","data":{"token":"eyJhbGciOiJIUzI1NiIsInR5cCI6IkpXVCJ9.eyJzdWIiOiJjbW11djg2c2YwMDAwbXJ1ZjRscWZqcDh1Iiwicm9sZSI6IlBBU1NFTkdFUiIsImlhdCI6MTc3Mzc2ODMwNCwiZXhwIjoxNzczODU0NzA0fQ.rHwZdGLc04A6dSYRdwZiFlZmQ9DMz33hkDn7ATbnnsw","user":{"id":"cmmuv86sf0000mruf4lqfjp8u","firstName":"passenger","lastName":"passenger","profilePicture":null,"role":"PASSENGER","verificationStatus":"VERIFIED","autoVerifyConfidence":null,"autoVerifyHighThreshold":null,"autoVerifyLowThreshold":null,"ocrVerificationStatus":null,"ocrData":null,"passengerSuspendedUntil":null,"driverSuspendedUntil":null}}} 
 </msg>
<msg time="2026-03-18T00:25:02.455421" level="INFO">${resp} = &lt;Response [200]&gt;</msg>
<var>${resp}</var>
<arg>url=${API_LOGIN}</arg>
<arg>json=${body}</arg>
<arg>expected_status=any</arg>
<doc>Sends a POST request.</doc>
<status status="PASS" start="2026-03-18T00:25:02.059050" elapsed="0.396371"/>
</kw>
<kw name="Should Be Equal As Integers" owner="BuiltIn">
<msg time="2026-03-18T00:25:02.455421" level="INFO">Argument types are:
&lt;class 'int'&gt;
&lt;class 'str'&gt;</msg>
<arg>${resp.status_code}</arg>
<arg>200</arg>
<doc>Fails if objects are unequal after converting them to integers.</doc>
<status status="PASS" start="2026-03-18T00:25:02.455421" elapsed="0.000000"/>
</kw>
<kw name="Set Variable" owner="BuiltIn">
<msg time="2026-03-18T00:25:02.456927" level="INFO">${json} = {'success': True, 'message': 'Login successful', 'data': {'token': 'eyJhbGciOiJIUzI1NiIsInR5cCI6IkpXVCJ9.eyJzdWIiOiJjbW11djg2c2YwMDAwbXJ1ZjRscWZqcDh1Iiwicm9sZSI6IlBBU1NFTkdFUiIsImlhdCI6MTc3Mzc2ODMwNCw...</msg>
<var>${json}</var>
<arg>${resp.json()}</arg>
<doc>Returns the given values which can then be assigned to a variables.</doc>
<status status="PASS" start="2026-03-18T00:25:02.455421" elapsed="0.001506"/>
</kw>
<kw name="Get From Dictionary" owner="Collections">
<msg time="2026-03-18T00:25:02.457931" level="INFO">${token} = eyJhbGciOiJIUzI1NiIsInR5cCI6IkpXVCJ9.eyJzdWIiOiJjbW11djg2c2YwMDAwbXJ1ZjRscWZqcDh1Iiwicm9sZSI6IlBBU1NFTkdFUiIsImlhdCI6MTc3Mzc2ODMwNCwiZXhwIjoxNzczODU0NzA0fQ.rHwZdGLc04A6dSYRdwZiFlZmQ9DMz33hkDn7ATbnnsw</msg>
<var>${token}</var>
<arg>${json['data']}</arg>
<arg>token</arg>
<doc>Returns a value from the given ``dictionary`` based on the given ``key``.</doc>
<status status="PASS" start="2026-03-18T00:25:02.456927" elapsed="0.001004"/>
</kw>
<kw name="Get From Dictionary" owner="Collections">
<msg time="2026-03-18T00:25:02.457931" level="INFO">${u_id} = cmmuv86sf0000mruf4lqfjp8u</msg>
<var>${u_id}</var>
<arg>${json['data']['user']}</arg>
<arg>id</arg>
<doc>Returns a value from the given ``dictionary`` based on the given ``key``.</doc>
<status status="PASS" start="2026-03-18T00:25:02.457931" elapsed="0.000000"/>
</kw>
<return>
<value>${token}</value>
<value>${u_id}</value>
<status status="PASS" start="2026-03-18T00:25:02.457931" elapsed="0.000000"/>
</return>
<msg time="2026-03-18T00:25:02.457931" level="INFO">${pass_token} = eyJhbGciOiJIUzI1NiIsInR5cCI6IkpXVCJ9.eyJzdWIiOiJjbW11djg2c2YwMDAwbXJ1ZjRscWZqcDh1Iiwicm9sZSI6IlBBU1NFTkdFUiIsImlhdCI6MTc3Mzc2ODMwNCwiZXhwIjoxNzczODU0NzA0fQ.rHwZdGLc04A6dSYRdwZiFlZmQ9DMz33hkDn7ATbnnsw</msg>
<msg time="2026-03-18T00:25:02.457931" level="INFO">${passenger_id} = cmmuv86sf0000mruf4lqfjp8u</msg>
<var>${pass_token}</var>
<var>${passenger_id}</var>
<arg>${PASSENGER_USER}</arg>
<arg>${PASSENGER_PASS}</arg>
<status status="PASS" start="2026-03-18T00:25:02.057044" elapsed="0.400887"/>
</kw>
<kw name="Create Route Ready For Booking">
<kw name="Get Driver Default Vehicle Id">
<kw name="Create Dictionary" owner="BuiltIn">
<msg time="2026-03-18T00:25:02.459934" level="INFO">${headers} = {'Authorization': 'Bearer eyJhbGciOiJIUzI1NiIsInR5cCI6IkpXVCJ9.eyJzdWIiOiJjbW11dmNlZXMwMDAxbXJ1ZmZjbmk2bnB6Iiwicm9sZSI6IkRSSVZFUiIsImlhdCI6MTc3Mzc2ODMwNCwiZXhwIjoxNzczODU0NzA0fQ.lFS0GmRTvteE3SCZmKliij...</msg>
<var>${headers}</var>
<arg>Authorization=Bearer ${driver_token}</arg>
<doc>Creates and returns a dictionary based on the given ``items``.</doc>
<status status="PASS" start="2026-03-18T00:25:02.458934" elapsed="0.001000"/>
</kw>
<kw name="GET" owner="RequestsLibrary">
<msg time="2026-03-18T00:25:02.559286" level="INFO">GET Request : url=https://cp353004-team2-5.onrender.com/api/vehicles 
 path_url=/api/vehicles 
 headers={'User-Agent': 'python-requests/2.32.5', 'Accept-Encoding': 'gzip, deflate', 'Accept': '*/*', 'Connection': 'keep-alive', 'Authorization': 'Bearer eyJhbGciOiJIUzI1NiIsInR5cCI6IkpXVCJ9.eyJzdWIiOiJjbW11dmNlZXMwMDAxbXJ1ZmZjbmk2bnB6Iiwicm9sZSI6IkRSSVZFUiIsImlhdCI6MTc3Mzc2ODMwNCwiZXhwIjoxNzczODU0NzA0fQ.lFS0GmRTvteE3SCZmKliijDQtKaj5tqyxpUuE8Q36aA'} 
 body=None 
 </msg>
<msg time="2026-03-18T00:25:02.559286" level="INFO">GET Response : url=https://cp353004-team2-5.onrender.com/api/vehicles 
 status=200, reason=OK 
 headers={'Date': 'Tue, 17 Mar 2026 17:25:04 GMT', 'Content-Type': 'application/json; charset=utf-8', 'Transfer-Encoding': 'chunked', 'Connection': 'keep-alive', 'Content-Encoding': 'gzip', 'access-control-allow-credentials': 'true', 'content-security-policy': "default-src 'self';base-uri 'self';font-src 'self' https: data:;form-action 'self';frame-ancestors 'self';img-src 'self' data:;object-src 'none';script-src 'self';script-src-attr 'none';style-src 'self' https: 'unsafe-inline';upgrade-insecure-requests", 'cross-origin-opener-policy': 'same-origin', 'cross-origin-resource-policy': 'same-origin', 'etag': 'W/"31d-g1KynZLMU78KTlQyGZZR4QMUfUM"', 'origin-agent-cluster': '?1', 'referrer-policy': 'no-referrer', 'rndr-id': 'd23a9dc9-6357-4426', 'strict-transport-security': 'max-age=15552000; includeSubDomains', 'vary': 'Origin, Accept-Encoding', 'x-content-type-options': 'nosniff', 'x-dns-prefetch-control': 'off', 'x-download-options': 'noopen', 'x-frame-options': 'SAMEORIGIN', 'x-permitted-cross-domain-policies': 'none', 'x-render-origin-server': 'Render', 'x-xss-protection': '0', 'cf-cache-status': 'DYNAMIC', 'Server': 'cloudflare', 'CF-RAY': '9dddb1e05d4b7dc6-BKK', 'alt-svc': 'h3=":443"; ma=86400'} 
 body={"success":true,"message":"Vehicles retrieved successfully.","data":[{"id":"cmmuvlonr000cmruf0erqjyxs","userId":"cmmuvcees0001mruffcni6npz","vehicleModel":"ToyotaCamry","licensePlate":"กก1234ขอนแก่น","vehicleType":"Sedan","color":"สีขาว","seatCapacity":4,"amenities":["Music"],"photos":["https://res.cloudinary.com/dykvjo1yj/image/upload/v1773767885/painamnae/vehicles/yxsj7zwcux5jcztsvft3.png","https://res.cloudinary.com/dykvjo1yj/image/upload/v1773767884/painamnae/vehicles/xehsxnmxngbfj8hqbmd5.jpg","https://res.cloudinary.com/dykvjo1yj/image/upload/v1773767885/painamnae/vehicles/f5ozr7clrottgbwbyxso.jpg"],"isDefault":true,"createdAt":"2026-03-17T17:18:06.615Z","updatedAt":"2026-03-17T17:18:06.615Z"}],"pagination":{"page":1,"limit":20,"total":1,"totalPages":1}} 
 </msg>
<msg time="2026-03-18T00:25:02.560286" level="INFO">${resp} = &lt;Response [200]&gt;</msg>
<var>${resp}</var>
<arg>url=${API_VEHICLES}</arg>
<arg>headers=${headers}</arg>
<doc>Sends a GET request.</doc>
<status status="PASS" start="2026-03-18T00:25:02.459934" elapsed="0.100352"/>
</kw>
<kw name="Should Be Equal As Integers" owner="BuiltIn">
<msg time="2026-03-18T00:25:02.561792" level="INFO">Argument types are:
&lt;class 'int'&gt;
&lt;class 'str'&gt;</msg>
<arg>${resp.status_code}</arg>
<arg>200</arg>
<doc>Fails if objects are unequal after converting them to integers.</doc>
<status status="PASS" start="2026-03-18T00:25:02.560286" elapsed="0.001506"/>
</kw>
<kw name="Set Variable" owner="BuiltIn">
<msg time="2026-03-18T00:25:02.562797" level="INFO">${vehicles} = [{'id': 'cmmuvlonr000cmruf0erqjyxs', 'userId': 'cmmuvcees0001mruffcni6npz', 'vehicleModel': 'ToyotaCamry', 'licensePlate': 'กก1234ขอนแก่น', 'vehicleType': 'Sedan', 'color': 'สีขาว', 'seatCapacity': 4,...</msg>
<var>${vehicles}</var>
<arg>${resp.json()['data']}</arg>
<doc>Returns the given values which can then be assigned to a variables.</doc>
<status status="PASS" start="2026-03-18T00:25:02.561792" elapsed="0.001005"/>
</kw>
<kw name="Should Not Be Empty" owner="BuiltIn">
<msg time="2026-03-18T00:25:02.562797" level="INFO">Length is 1.</msg>
<arg>${vehicles}</arg>
<doc>Verifies that the given item is not empty.</doc>
<status status="PASS" start="2026-03-18T00:25:02.562797" elapsed="0.000000"/>
</kw>
<kw name="Get From List" owner="Collections">
<msg time="2026-03-18T00:25:02.563801" level="INFO">${first} = {'id': 'cmmuvlonr000cmruf0erqjyxs', 'userId': 'cmmuvcees0001mruffcni6npz', 'vehicleModel': 'ToyotaCamry', 'licensePlate': 'กก1234ขอนแก่น', 'vehicleType': 'Sedan', 'color': 'สีขาว', 'seatCapacity': 4, ...</msg>
<var>${first}</var>
<arg>${vehicles}</arg>
<arg>0</arg>
<doc>Returns the value specified with an ``index`` from ``list``.</doc>
<status status="PASS" start="2026-03-18T00:25:02.562797" elapsed="0.001004"/>
</kw>
<kw name="Get From Dictionary" owner="Collections">
<msg time="2026-03-18T00:25:02.563801" level="INFO">${vehicle_id} = cmmuvlonr000cmruf0erqjyxs</msg>
<var>${vehicle_id}</var>
<arg>${first}</arg>
<arg>id</arg>
<doc>Returns a value from the given ``dictionary`` based on the given ``key``.</doc>
<status status="PASS" start="2026-03-18T00:25:02.563801" elapsed="0.000000"/>
</kw>
<return>
<value>${vehicle_id}</value>
<status status="PASS" start="2026-03-18T00:25:02.563801" elapsed="0.000000"/>
</return>
<msg time="2026-03-18T00:25:02.563801" level="INFO">${vehicle_id} = cmmuvlonr000cmruf0erqjyxs</msg>
<var>${vehicle_id}</var>
<arg>${driver_token}</arg>
<status status="PASS" start="2026-03-18T00:25:02.458934" elapsed="0.104867"/>
</kw>
<kw name="Evaluate" owner="BuiltIn">
<msg time="2026-03-18T00:25:02.563801" level="INFO">${depart} = 2026-03-17T17:30:02.563801Z</msg>
<var>${depart}</var>
<arg>(__import__('datetime').datetime.utcnow().__add__(__import__('datetime').timedelta(minutes=5))).isoformat() + "Z"</arg>
<doc>Evaluates the given expression in Python and returns the result.</doc>
<status status="PASS" start="2026-03-18T00:25:02.563801" elapsed="0.000000"/>
</kw>
<kw name="Evaluate" owner="BuiltIn">
<msg time="2026-03-18T00:25:02.565109" level="INFO">${start_loc} = {'lat': 13.7563, 'lng': 100.5018, 'address': 'Pickup Point'}</msg>
<var>${start_loc}</var>
<arg>{"lat": float(${PICKUP_LAT}), "lng": float(${PICKUP_LNG}), "address": "Pickup Point"}</arg>
<doc>Evaluates the given expression in Python and returns the result.</doc>
<status status="PASS" start="2026-03-18T00:25:02.565109" elapsed="0.000000"/>
</kw>
<kw name="Evaluate" owner="BuiltIn">
<msg time="2026-03-18T00:25:02.565109" level="INFO">${end_loc} = {'lat': 13.746, 'lng': 100.5231, 'address': 'Dropoff Point'}</msg>
<var>${end_loc}</var>
<arg>{"lat": float(${DROPOFF_LAT}), "lng": float(${DROPOFF_LNG}), "address": "Dropoff Point"}</arg>
<doc>Evaluates the given expression in Python and returns the result.</doc>
<status status="PASS" start="2026-03-18T00:25:02.565109" elapsed="0.000000"/>
</kw>
<kw name="Convert To Integer" owner="BuiltIn">
<msg time="2026-03-18T00:25:02.565109" level="INFO">${seats_int} = 1</msg>
<var>${seats_int}</var>
<arg>${SEATS}</arg>
<doc>Converts the given item to an integer number.</doc>
<status status="PASS" start="2026-03-18T00:25:02.565109" elapsed="0.000000"/>
</kw>
<kw name="Convert To Integer" owner="BuiltIn">
<msg time="2026-03-18T00:25:02.566108" level="INFO">${price_int} = 150</msg>
<var>${price_int}</var>
<arg>${PRICE_PER_SEAT}</arg>
<doc>Converts the given item to an integer number.</doc>
<status status="PASS" start="2026-03-18T00:25:02.566108" elapsed="0.000000"/>
</kw>
<kw name="Create Dictionary" owner="BuiltIn">
<msg time="2026-03-18T00:25:02.566108" level="INFO">${payload} = {'vehicleId': 'cmmuvlonr000cmruf0erqjyxs', 'startLocation': {'lat': 13.7563, 'lng': 100.5018, 'address': 'Pickup Point'}, 'endLocation': {'lat': 13.746, 'lng': 100.5231, 'address': 'Dropoff Point'}, '...</msg>
<var>${payload}</var>
<arg>vehicleId=${vehicle_id}</arg>
<arg>startLocation=${start_loc}</arg>
<arg>endLocation=${end_loc}</arg>
<arg>departureTime=${depart}</arg>
<arg>availableSeats=${seats_int}</arg>
<arg>pricePerSeat=${price_int}</arg>
<arg>routeSummary=Test route for reporting flow</arg>
<doc>Creates and returns a dictionary based on the given ``items``.</doc>
<status status="PASS" start="2026-03-18T00:25:02.566108" elapsed="0.000000"/>
</kw>
<kw name="Create Dictionary" owner="BuiltIn">
<msg time="2026-03-18T00:25:02.567106" level="INFO">${headers} = {'Authorization': 'Bearer eyJhbGciOiJIUzI1NiIsInR5cCI6IkpXVCJ9.eyJzdWIiOiJjbW11dmNlZXMwMDAxbXJ1ZmZjbmk2bnB6Iiwicm9sZSI6IkRSSVZFUiIsImlhdCI6MTc3Mzc2ODMwNCwiZXhwIjoxNzczODU0NzA0fQ.lFS0GmRTvteE3SCZmKliij...</msg>
<var>${headers}</var>
<arg>Authorization=Bearer ${driver_token}</arg>
<doc>Creates and returns a dictionary based on the given ``items``.</doc>
<status status="PASS" start="2026-03-18T00:25:02.566108" elapsed="0.000998"/>
</kw>
<kw name="POST" owner="RequestsLibrary">
<msg time="2026-03-18T00:25:02.753377" level="INFO">POST Request : url=https://cp353004-team2-5.onrender.com/api/routes 
 path_url=/api/routes 
 headers={'User-Agent': 'python-requests/2.32.5', 'Accept-Encoding': 'gzip, deflate', 'Accept': '*/*', 'Connection': 'keep-alive', 'Authorization': 'Bearer eyJhbGciOiJIUzI1NiIsInR5cCI6IkpXVCJ9.eyJzdWIiOiJjbW11dmNlZXMwMDAxbXJ1ZmZjbmk2bnB6Iiwicm9sZSI6IkRSSVZFUiIsImlhdCI6MTc3Mzc2ODMwNCwiZXhwIjoxNzczODU0NzA0fQ.lFS0GmRTvteE3SCZmKliijDQtKaj5tqyxpUuE8Q36aA', 'Content-Length': '337', 'Content-Type': 'application/json'} 
 body=b'{"vehicleId": "cmmuvlonr000cmruf0erqjyxs", "startLocation": {"lat": 13.7563, "lng": 100.5018, "address": "Pickup Point"}, "endLocation": {"lat": 13.746, "lng": 100.5231, "address": "Dropoff Point"}, "departureTime": "2026-03-17T17:30:02.563801Z", "availableSeats": 1, "pricePerSeat": 150, "routeSummary": "Test route for reporting flow"}' 
 </msg>
<msg time="2026-03-18T00:25:02.754378" level="INFO">POST Response : url=https://cp353004-team2-5.onrender.com/api/routes 
 status=201, reason=Created 
 headers={'Date': 'Tue, 17 Mar 2026 17:25:04 GMT', 'Content-Type': 'application/json; charset=utf-8', 'Transfer-Encoding': 'chunked', 'Connection': 'keep-alive', 'CF-RAY': '9dddb1e0f85b798f-BKK', 'access-control-allow-credentials': 'true', 'content-security-policy': "default-src 'self';base-uri 'self';font-src 'self' https: data:;form-action 'self';frame-ancestors 'self';img-src 'self' data:;object-src 'none';script-src 'self';script-src-attr 'none';style-src 'self' https: 'unsafe-inline';upgrade-insecure-requests", 'cross-origin-opener-policy': 'same-origin', 'cross-origin-resource-policy': 'same-origin', 'etag': 'W/"1590-65VUiiWyMRP86b9tHBOtfRcSsws"', 'origin-agent-cluster': '?1', 'referrer-policy': 'no-referrer', 'rndr-id': '13fcd786-2ca5-4132', 'strict-transport-security': 'max-age=15552000; includeSubDomains', 'vary': 'Origin, Accept-Encoding', 'x-content-type-options': 'nosniff', 'x-dns-prefetch-control': 'off', 'x-download-options': 'noopen', 'x-frame-options': 'SAMEORIGIN', 'x-permitted-cross-domain-policies': 'none', 'x-render-origin-server': 'Render', 'x-xss-protection': '0', 'cf-cache-status': 'DYNAMIC', 'Server': 'cloudflare', 'alt-svc': 'h3=":443"; ma=86400'} 
 body={"success":true,"message":"Route created successfully","data":{"id":"cmmuvunfa001amrufl9nl2sit","driverId":"cmmuvcees0001mruffcni6npz","vehicleId":"cmmuvlonr000cmruf0erqjyxs","startLocation":{"lat":13.7563,"lng":100.5018,"address":"Pickup Point"},"endLocation":{"lat":13.746,"lng":100.5231,"address":"Dropoff Point"},"departureTime":"2026-03-17T17:30:02.563Z","availableSeats":1,"pricePerSeat":150,"conditions":null,"status":"AVAILABLE","cancelledAt":null,"cancelledBy":null,"driverFinishedAt":null,"routePolyline":"}w}rAggldRK^OLQHUDUASIOMEEIUAQB]JSJKHEXg@L_@p@kFt@gH?a@m@sAUe@I[Mg@}D_KaA}B[q@iAaC}BwE}CsGsAqCeDuGqAeCi@mAGUr@{@l@w@bAoAl@s@lAgB~E}FTGb@e@\\a@nB}Bx@_Ap@}@z@oA^w@Ri@@CjBgH\\eBVcAFWJg@?ETi@VkA\\oAl@{BvAsFDa@BQNDf@L`@JxCx@pA\\|Cx@lEdBlChAbExBh@X|Av@pEj@|AJj@@j@Jb@L~@JpGp@`Ht@zHz@]jDCLs@IgAKeC[oAMcGo@_C]NgB","distanceMeters":5312,"durationSeconds":907,"routeSummary":"ถนน บรรทัดทอง","distance":"5.3 กม.","duration":"15 นาที","waypoints":{"requested":[],"optimizedOrder":[],"used":[],"optimize":false},"landmarks":{"overview_polyline":"}w}rAggldRK^OLQHUDUASIOMEEIUAQB]JSJKHEXg@L_@p@kFt@gH?a@m@sAUe@I[Mg@}D_KaA}B[q@iAaC}BwE}CsGsAqCeDuGqAeCi@mAGUr@{@l@w@bAoAl@s@lAgB~E}FTGb@e@\\a@nB}Bx@_Ap@}@z@oA^w@Ri@@CjBgH\\eBVcAFWJg@?ETi@VkA\\oAl@{BvAsFDa@BQNDf@L`@JxCx@pA\\|Cx@lEdBlChAbExBh@X|Av@pEj@|AJj@@j@Jb@L~@JpGp@`Ht@zHz@]jDCLs@IgAKeC[oAMcGo@_C]NgB"},"steps":[{"html_instructions":"มุ่งหน้าทาง&lt;b&gt;ตะวันตก&lt;/b&gt; ไปยัง &lt;b&gt;ถ. ดินสอ&lt;/b&gt;&lt;div style=\"font-size:0.9em\"&gt;ผ่าน บริษัท เทเวศประกันภัย จำกัด (มหาชน) สำนักงานใหญ่ (อีก 400ม. ทางซ้าย)&lt;/div&gt;","distance":"0.5 กม.","duration":"2 นาที","start_location":{"lat":13.7563144,"lng":100.5018025},"end_location":{"lat":13.7561294,"lng":100.5050991},"travel_mode":"DRIVING","maneuver":null},{"html_instructions":"ขับต่อไปยัง &lt;b&gt;AH123&lt;/b&gt;","distance":"0.1 กม.","duration":"1 นาที","start_location":{"lat":13.7561294,"lng":100.5050991},"end_location":{"lat":13.7564637,"lng":100.5059939},"travel_mode":"DRIVING","maneuver":null},{"html_instructions":"ขับต่อไปยัง &lt;b&gt;ถ. นครสวรรค์&lt;/b&gt;&lt;div style=\"font-size:0.9em\"&gt;ผ่าน 7-Eleven สาขา พะเนียง (02853) (อีก 550ม. ทางซ้าย)&lt;/div&gt;","distance":"1.2 กม.","duration":"3 นาที","start_location":{"lat":13.7564637,"lng":100.5059939},"end_location":{"lat":13.7616622,"lng":100.5154179},"travel_mode":"DRIVING","maneuver":null},{"html_instructions":"เลี้ยว&lt;b&gt;ขวา&lt;/b&gt; เข้าสู่ &lt;b&gt;ถ. พิษณุโลก&lt;/b&gt;","distance":"0.4 กม.","duration":"1 นาที","start_location":{"lat":13.7616622,"lng":100.5154179},"end_location":{"lat":13.7591329,"lng":100.5185641},"travel_mode":"DRIVING","maneuver":"turn-right"},{"html_instructions":"เบี่ยง&lt;b&gt;ขวา&lt;/b&gt;เล็กน้อย เข้าสู่ &lt;b&gt;ถนน เพชรบุรี&lt;/b&gt;/&lt;wbr/&gt;&lt;b&gt;สะพานยมราช&lt;/b&gt;&lt;div style=\"font-size:0.9em\"&gt;เดินทางต่อไปตามเส้นทาง สะพานยมราช&lt;/div&gt;","distance":"0.6 กม.","duration":"1 นาที","start_location":{"lat":13.7591329,"lng":100.5185641},"end_location":{"lat":13.7563321,"lng":100.5231246},"travel_mode":"DRIVING","maneuver":"turn-slight-right"},{"html_instructions":"ขับต่อไปยัง &lt;b&gt;AH123&lt;/b&gt;","distance":"0.4 กม.","duration":"1 นาที","start_location":{"lat":13.7563321,"lng":100.5231246},"end_location":{"lat":13.7550125,"lng":100.5269008},"travel_mode":"DRIVING","maneuver":null},{"html_instructions":"เลี้ยว&lt;b&gt;ขวา&lt;/b&gt; เข้าสู่ &lt;b&gt;ถนน บรรทัดทอง&lt;/b&gt;&lt;div style=\"font-size:0.9em\"&gt;ผ่าน FBT Pathumwan Shop (อีก 1.3 กม. ทางซ้าย)&lt;/div&gt;","distance":"1.5 กม.","duration":"5 นาที","start_location":{"lat":13.7550125,"lng":100.5269008},"end_location":{"lat":13.7423279,"lng":100.5228073},"travel_mode":"DRIVING","maneuver":"turn-right"},{"html_instructions":"เลี้ยว&lt;b&gt;ขวา&lt;/b&gt; เข้าสู่ &lt;b&gt;ถนน จรัสเมือง&lt;/b&gt;","distance":"86 ม.","duration":"1 นาที","start_location":{"lat":13.7423279,"lng":100.5228073},"end_location":{"lat":13.74246,"lng":100.5220267},"travel_mode":"DRIVING","maneuver":"turn-right"},{"html_instructions":"เลี้ยว&lt;b&gt;ขวา&lt;/b&gt; เข้าสู่ &lt;b&gt;ซ. รองเมือง 5&lt;/b&gt;&lt;div style=\"font-size:0.9em\"&gt;ผ่าน ดี.เอส.คูลลิ่ง โดยนายกำชัย กุลฤทธิ์ (อีก 350ม. ทางซ้าย)&lt;/div&gt;","distance":"0.4 กม.","duration":"1 นาที","start_location":{"lat":13.74246,"lng":100.5220267},"end_location":{"lat":13.7461347,"lng":100.522586},"travel_mode":"DRIVING","maneuver":"turn-right"},{"html_instructions":"เลี้ยว&lt;b&gt;ขวา&lt;/b&gt;&lt;div style=\"font-size:0.9em\"&gt;ปลายทางจะอยู่ทางขวา&lt;/div&gt;","distance":"57 ม.","duration":"1 นาที","start_location":{"lat":13.7461347,"lng":100.522586},"end_location":{"lat":13.7460453,"lng":100.5231083},"travel_mode":"DRIVING","maneuver":"turn-right"}],"createdAt":"2026-03-17T17:25:04.919Z","updatedAt":"2026-03-17T17:25:04.919Z"}} 
 </msg>
<msg time="2026-03-18T00:25:02.754378" level="INFO">${resp} = &lt;Response [201]&gt;</msg>
<var>${resp}</var>
<arg>url=${API_ROUTES}</arg>
<arg>headers=${headers}</arg>
<arg>json=${payload}</arg>
<arg>expected_status=any</arg>
<doc>Sends a POST request.</doc>
<status status="PASS" start="2026-03-18T00:25:02.567106" elapsed="0.187272"/>
</kw>
<kw name="Run Keyword If" owner="BuiltIn">
<arg>${resp.status_code} != 201</arg>
<arg>Log To Console</arg>
<arg>\n[DEBUG ERROR] POST /routes:\n${resp.text}\n</arg>
<doc>Runs the given keyword with the given arguments, if ``condition`` is true.</doc>
<status status="PASS" start="2026-03-18T00:25:02.754378" elapsed="0.000999"/>
</kw>
<kw name="Should Be Equal As Integers" owner="BuiltIn">
<msg time="2026-03-18T00:25:02.755377" level="INFO">Argument types are:
&lt;class 'int'&gt;
&lt;class 'str'&gt;</msg>
<arg>${resp.status_code}</arg>
<arg>201</arg>
<doc>Fails if objects are unequal after converting them to integers.</doc>
<status status="PASS" start="2026-03-18T00:25:02.755377" elapsed="0.000000"/>
</kw>
<kw name="Set Variable" owner="BuiltIn">
<msg time="2026-03-18T00:25:02.755377" level="INFO">${json} = {'success': True, 'message': 'Route created successfully', 'data': {'id': 'cmmuvunfa001amrufl9nl2sit', 'driverId': 'cmmuvcees0001mruffcni6npz', 'vehicleId': 'cmmuvlonr000cmruf0erqjyxs', 'startLocation...</msg>
<var>${json}</var>
<arg>${resp.json()}</arg>
<doc>Returns the given values which can then be assigned to a variables.</doc>
<status status="PASS" start="2026-03-18T00:25:02.755377" elapsed="0.000000"/>
</kw>
<kw name="Get From Dictionary" owner="Collections">
<msg time="2026-03-18T00:25:02.756881" level="INFO">${route_id} = cmmuvunfa001amrufl9nl2sit</msg>
<var>${route_id}</var>
<arg>${json['data']}</arg>
<arg>id</arg>
<doc>Returns a value from the given ``dictionary`` based on the given ``key``.</doc>
<status status="PASS" start="2026-03-18T00:25:02.756881" elapsed="0.000000"/>
</kw>
<return>
<value>${route_id}</value>
<status status="PASS" start="2026-03-18T00:25:02.756881" elapsed="0.000000"/>
</return>
<msg time="2026-03-18T00:25:02.756881" level="INFO">${route_id} = cmmuvunfa001amrufl9nl2sit</msg>
<var>${route_id}</var>
<arg>${driver_token}</arg>
<status status="PASS" start="2026-03-18T00:25:02.458934" elapsed="0.297947"/>
</kw>
<kw name="Create Booking For Route">
<kw name="Evaluate" owner="BuiltIn">
<msg time="2026-03-18T00:25:02.758890" level="INFO">${pickup} = {'lat': 13.7563, 'lng': 100.5018, 'address': 'Pickup Point'}</msg>
<var>${pickup}</var>
<arg>{"lat": float(${PICKUP_LAT}), "lng": float(${PICKUP_LNG}), "address": "Pickup Point"}</arg>
<doc>Evaluates the given expression in Python and returns the result.</doc>
<status status="PASS" start="2026-03-18T00:25:02.757888" elapsed="0.001002"/>
</kw>
<kw name="Evaluate" owner="BuiltIn">
<msg time="2026-03-18T00:25:02.758890" level="INFO">${dropoff} = {'lat': 13.746, 'lng': 100.5231, 'address': 'Dropoff Point'}</msg>
<var>${dropoff}</var>
<arg>{"lat": float(${DROPOFF_LAT}), "lng": float(${DROPOFF_LNG}), "address": "Dropoff Point"}</arg>
<doc>Evaluates the given expression in Python and returns the result.</doc>
<status status="PASS" start="2026-03-18T00:25:02.758890" elapsed="0.000000"/>
</kw>
<kw name="Convert To Integer" owner="BuiltIn">
<msg time="2026-03-18T00:25:02.758890" level="INFO">${seats_int} = 1</msg>
<var>${seats_int}</var>
<arg>${SEATS}</arg>
<doc>Converts the given item to an integer number.</doc>
<status status="PASS" start="2026-03-18T00:25:02.758890" elapsed="0.000000"/>
</kw>
<kw name="Create Dictionary" owner="BuiltIn">
<msg time="2026-03-18T00:25:02.759890" level="INFO">${payload} = {'routeId': 'cmmuvunfa001amrufl9nl2sit', 'numberOfSeats': 1, 'pickupLocation': {'lat': 13.7563, 'lng': 100.5018, 'address': 'Pickup Point'}, 'dropoffLocation': {'lat': 13.746, 'lng': 100.5231, 'addres...</msg>
<var>${payload}</var>
<arg>routeId=${route_id}</arg>
<arg>numberOfSeats=${seats_int}</arg>
<arg>pickupLocation=${pickup}</arg>
<arg>dropoffLocation=${dropoff}</arg>
<doc>Creates and returns a dictionary based on the given ``items``.</doc>
<status status="PASS" start="2026-03-18T00:25:02.758890" elapsed="0.001000"/>
</kw>
<kw name="Create Dictionary" owner="BuiltIn">
<msg time="2026-03-18T00:25:02.759890" level="INFO">${headers} = {'Authorization': 'Bearer eyJhbGciOiJIUzI1NiIsInR5cCI6IkpXVCJ9.eyJzdWIiOiJjbW11djg2c2YwMDAwbXJ1ZjRscWZqcDh1Iiwicm9sZSI6IlBBU1NFTkdFUiIsImlhdCI6MTc3Mzc2ODMwNCwiZXhwIjoxNzczODU0NzA0fQ.rHwZdGLc04A6dSYRdw...</msg>
<var>${headers}</var>
<arg>Authorization=Bearer ${passenger_token}</arg>
<doc>Creates and returns a dictionary based on the given ``items``.</doc>
<status status="PASS" start="2026-03-18T00:25:02.759890" elapsed="0.000000"/>
</kw>
<kw name="POST" owner="RequestsLibrary">
<msg time="2026-03-18T00:25:02.887091" level="INFO">POST Request : url=https://cp353004-team2-5.onrender.com/api/bookings 
 path_url=/api/bookings 
 headers={'User-Agent': 'python-requests/2.32.5', 'Accept-Encoding': 'gzip, deflate', 'Accept': '*/*', 'Connection': 'keep-alive', 'Authorization': 'Bearer eyJhbGciOiJIUzI1NiIsInR5cCI6IkpXVCJ9.eyJzdWIiOiJjbW11djg2c2YwMDAwbXJ1ZjRscWZqcDh1Iiwicm9sZSI6IlBBU1NFTkdFUiIsImlhdCI6MTc3Mzc2ODMwNCwiZXhwIjoxNzczODU0NzA0fQ.rHwZdGLc04A6dSYRdwZiFlZmQ9DMz33hkDn7ATbnnsw', 'Content-Length': '221', 'Content-Type': 'application/json'} 
 body=b'{"routeId": "cmmuvunfa001amrufl9nl2sit", "numberOfSeats": 1, "pickupLocation": {"lat": 13.7563, "lng": 100.5018, "address": "Pickup Point"}, "dropoffLocation": {"lat": 13.746, "lng": 100.5231, "address": "Dropoff Point"}}' 
 </msg>
<msg time="2026-03-18T00:25:02.887091" level="INFO">POST Response : url=https://cp353004-team2-5.onrender.com/api/bookings 
 status=201, reason=Created 
 headers={'Date': 'Tue, 17 Mar 2026 17:25:05 GMT', 'Content-Type': 'application/json; charset=utf-8', 'Transfer-Encoding': 'chunked', 'Connection': 'keep-alive', 'CF-RAY': '9dddb1e2391e799c-BKK', 'access-control-allow-credentials': 'true', 'content-security-policy': "default-src 'self';base-uri 'self';font-src 'self' https: data:;form-action 'self';frame-ancestors 'self';img-src 'self' data:;object-src 'none';script-src 'self';script-src-attr 'none';style-src 'self' https: 'unsafe-inline';upgrade-insecure-requests", 'cross-origin-opener-policy': 'same-origin', 'cross-origin-resource-policy': 'same-origin', 'etag': 'W/"1be-kudupl8026JPyohMRG0Gc+ynchs"', 'origin-agent-cluster': '?1', 'referrer-policy': 'no-referrer', 'rndr-id': '4c61da61-9cca-4255', 'strict-transport-security': 'max-age=15552000; includeSubDomains', 'vary': 'Origin, Accept-Encoding', 'x-content-type-options': 'nosniff', 'x-dns-prefetch-control': 'off', 'x-download-options': 'noopen', 'x-frame-options': 'SAMEORIGIN', 'x-permitted-cross-domain-policies': 'none', 'x-render-origin-server': 'Render', 'x-xss-protection': '0', 'cf-cache-status': 'DYNAMIC', 'Server': 'cloudflare', 'alt-svc': 'h3=":443"; ma=86400'} 
 body={"success":true,"data":{"id":"cmmuvunir001dmruf8hzpindv","routeId":"cmmuvunfa001amrufl9nl2sit","passengerId":"cmmuv86sf0000mruf4lqfjp8u","numberOfSeats":1,"status":"PENDING","passengerFinishedAt":null,"cancelledAt":null,"cancelledBy":null,"cancelReason":null,"pickupLocation":{"lat":13.7563,"lng":100.5018,"address":"Pickup Point"},"dropoffLocation":{"lat":13.746,"lng":100.5231,"address":"Dropoff Point"},"createdAt":"2026-03-17T17:25:05.043Z"}} 
 </msg>
<msg time="2026-03-18T00:25:02.887091" level="INFO">${resp} = &lt;Response [201]&gt;</msg>
<var>${resp}</var>
<arg>url=${API_BOOKINGS}</arg>
<arg>headers=${headers}</arg>
<arg>json=${payload}</arg>
<arg>expected_status=any</arg>
<doc>Sends a POST request.</doc>
<status status="PASS" start="2026-03-18T00:25:02.759890" elapsed="0.127201"/>
</kw>
<kw name="Run Keyword If" owner="BuiltIn">
<arg>${resp.status_code} != 201</arg>
<arg>Log To Console</arg>
<arg>\n[DEBUG ERROR] POST /bookings:\n${resp.text}\n</arg>
<doc>Runs the given keyword with the given arguments, if ``condition`` is true.</doc>
<status status="PASS" start="2026-03-18T00:25:02.888092" elapsed="0.000000"/>
</kw>
<kw name="Should Be Equal As Integers" owner="BuiltIn">
<msg time="2026-03-18T00:25:02.889095" level="INFO">Argument types are:
&lt;class 'int'&gt;
&lt;class 'str'&gt;</msg>
<arg>${resp.status_code}</arg>
<arg>201</arg>
<doc>Fails if objects are unequal after converting them to integers.</doc>
<status status="PASS" start="2026-03-18T00:25:02.888092" elapsed="0.001003"/>
</kw>
<kw name="Set Variable" owner="BuiltIn">
<msg time="2026-03-18T00:25:02.889095" level="INFO">${json} = {'success': True, 'data': {'id': 'cmmuvunir001dmruf8hzpindv', 'routeId': 'cmmuvunfa001amrufl9nl2sit', 'passengerId': 'cmmuv86sf0000mruf4lqfjp8u', 'numberOfSeats': 1, 'status': 'PENDING', 'passengerFin...</msg>
<var>${json}</var>
<arg>${resp.json()}</arg>
<doc>Returns the given values which can then be assigned to a variables.</doc>
<status status="PASS" start="2026-03-18T00:25:02.889095" elapsed="0.000999"/>
</kw>
<kw name="Get From Dictionary" owner="Collections">
<msg time="2026-03-18T00:25:02.890094" level="INFO">${booking_id} = cmmuvunir001dmruf8hzpindv</msg>
<var>${booking_id}</var>
<arg>${json['data']}</arg>
<arg>id</arg>
<doc>Returns a value from the given ``dictionary`` based on the given ``key``.</doc>
<status status="PASS" start="2026-03-18T00:25:02.890094" elapsed="0.000000"/>
</kw>
<return>
<value>${booking_id}</value>
<status status="PASS" start="2026-03-18T00:25:02.891093" elapsed="0.000000"/>
</return>
<msg time="2026-03-18T00:25:02.891093" level="INFO">${booking_id} = cmmuvunir001dmruf8hzpindv</msg>
<var>${booking_id}</var>
<arg>${route_id}</arg>
<arg>${pass_token}</arg>
<status status="PASS" start="2026-03-18T00:25:02.757888" elapsed="0.133205"/>
</kw>
<kw name="Confirm Booking As Driver">
<kw name="Create Dictionary" owner="BuiltIn">
<msg time="2026-03-18T00:25:02.892093" level="INFO">${payload} = {'status': 'CONFIRMED'}</msg>
<var>${payload}</var>
<arg>status=CONFIRMED</arg>
<doc>Creates and returns a dictionary based on the given ``items``.</doc>
<status status="PASS" start="2026-03-18T00:25:02.891093" elapsed="0.001000"/>
</kw>
<kw name="Create Dictionary" owner="BuiltIn">
<msg time="2026-03-18T00:25:02.892093" level="INFO">${headers} = {'Authorization': 'Bearer eyJhbGciOiJIUzI1NiIsInR5cCI6IkpXVCJ9.eyJzdWIiOiJjbW11dmNlZXMwMDAxbXJ1ZmZjbmk2bnB6Iiwicm9sZSI6IkRSSVZFUiIsImlhdCI6MTc3Mzc2ODMwNCwiZXhwIjoxNzczODU0NzA0fQ.lFS0GmRTvteE3SCZmKliij...</msg>
<var>${headers}</var>
<arg>Authorization=Bearer ${driver_token}</arg>
<doc>Creates and returns a dictionary based on the given ``items``.</doc>
<status status="PASS" start="2026-03-18T00:25:02.892093" elapsed="0.000000"/>
</kw>
<kw name="PATCH" owner="RequestsLibrary">
<msg time="2026-03-18T00:25:03.011056" level="INFO">PATCH Request : url=https://cp353004-team2-5.onrender.com/api/bookings/cmmuvunir001dmruf8hzpindv/status 
 path_url=/api/bookings/cmmuvunir001dmruf8hzpindv/status 
 headers={'User-Agent': 'python-requests/2.32.5', 'Accept-Encoding': 'gzip, deflate', 'Accept': '*/*', 'Connection': 'keep-alive', 'Authorization': 'Bearer eyJhbGciOiJIUzI1NiIsInR5cCI6IkpXVCJ9.eyJzdWIiOiJjbW11dmNlZXMwMDAxbXJ1ZmZjbmk2bnB6Iiwicm9sZSI6IkRSSVZFUiIsImlhdCI6MTc3Mzc2ODMwNCwiZXhwIjoxNzczODU0NzA0fQ.lFS0GmRTvteE3SCZmKliijDQtKaj5tqyxpUuE8Q36aA', 'Content-Length': '23', 'Content-Type': 'application/json'} 
 body=b'{"status": "CONFIRMED"}' 
 </msg>
<msg time="2026-03-18T00:25:03.011056" level="INFO">PATCH Response : url=https://cp353004-team2-5.onrender.com/api/bookings/cmmuvunir001dmruf8hzpindv/status 
 status=200, reason=OK 
 headers={'Date': 'Tue, 17 Mar 2026 17:25:05 GMT', 'Content-Type': 'application/json; charset=utf-8', 'Transfer-Encoding': 'chunked', 'Connection': 'keep-alive', 'Content-Encoding': 'gzip', 'access-control-allow-credentials': 'true', 'content-security-policy': "default-src 'self';base-uri 'self';font-src 'self' https: data:;form-action 'self';frame-ancestors 'self';img-src 'self' data:;object-src 'none';script-src 'self';script-src-attr 'none';style-src 'self' https: 'unsafe-inline';upgrade-insecure-requests", 'cross-origin-opener-policy': 'same-origin', 'cross-origin-resource-policy': 'same-origin', 'etag': 'W/"1c0-2s3oYxl/Mpbp2wN3Xtz2ltX6U1k"', 'origin-agent-cluster': '?1', 'referrer-policy': 'no-referrer', 'rndr-id': 'c57729f9-b0f5-4451', 'strict-transport-security': 'max-age=15552000; includeSubDomains', 'vary': 'Origin, Accept-Encoding', 'x-content-type-options': 'nosniff', 'x-dns-prefetch-control': 'off', 'x-download-options': 'noopen', 'x-frame-options': 'SAMEORIGIN', 'x-permitted-cross-domain-policies': 'none', 'x-render-origin-server': 'Render', 'x-xss-protection': '0', 'cf-cache-status': 'DYNAMIC', 'Server': 'cloudflare', 'CF-RAY': '9dddb1e30a1d7dc0-BKK', 'alt-svc': 'h3=":443"; ma=86400'} 
 body={"success":true,"data":{"id":"cmmuvunir001dmruf8hzpindv","routeId":"cmmuvunfa001amrufl9nl2sit","passengerId":"cmmuv86sf0000mruf4lqfjp8u","numberOfSeats":1,"status":"CONFIRMED","passengerFinishedAt":null,"cancelledAt":null,"cancelledBy":null,"cancelReason":null,"pickupLocation":{"lat":13.7563,"lng":100.5018,"address":"Pickup Point"},"dropoffLocation":{"lat":13.746,"lng":100.5231,"address":"Dropoff Point"},"createdAt":"2026-03-17T17:25:05.043Z"}} 
 </msg>
<msg time="2026-03-18T00:25:03.011056" level="INFO">${resp} = &lt;Response [200]&gt;</msg>
<var>${resp}</var>
<arg>url=${API_BOOKINGS}/${booking_id}/status</arg>
<arg>headers=${headers}</arg>
<arg>json=${payload}</arg>
<doc>Sends a PUT request.</doc>
<status status="PASS" start="2026-03-18T00:25:02.892600" elapsed="0.118456"/>
</kw>
<kw name="Should Be Equal As Integers" owner="BuiltIn">
<msg time="2026-03-18T00:25:03.013565" level="INFO">Argument types are:
&lt;class 'int'&gt;
&lt;class 'str'&gt;</msg>
<arg>${resp.status_code}</arg>
<arg>200</arg>
<doc>Fails if objects are unequal after converting them to integers.</doc>
<status status="PASS" start="2026-03-18T00:25:03.011056" elapsed="0.002509"/>
</kw>
<arg>${booking_id}</arg>
<arg>${driver_token}</arg>
<status status="PASS" start="2026-03-18T00:25:02.891093" elapsed="0.122472"/>
</kw>
<kw name="Finish Trip As Driver">
<kw name="Create Dictionary" owner="BuiltIn">
<msg time="2026-03-18T00:25:03.014563" level="INFO">${headers} = {'Authorization': 'Bearer eyJhbGciOiJIUzI1NiIsInR5cCI6IkpXVCJ9.eyJzdWIiOiJjbW11dmNlZXMwMDAxbXJ1ZmZjbmk2bnB6Iiwicm9sZSI6IkRSSVZFUiIsImlhdCI6MTc3Mzc2ODMwNCwiZXhwIjoxNzczODU0NzA0fQ.lFS0GmRTvteE3SCZmKliij...</msg>
<var>${headers}</var>
<arg>Authorization=Bearer ${driver_token}</arg>
<doc>Creates and returns a dictionary based on the given ``items``.</doc>
<status status="PASS" start="2026-03-18T00:25:03.014563" elapsed="0.001001"/>
</kw>
<kw name="PATCH" owner="RequestsLibrary">
<msg time="2026-03-18T00:25:03.170107" level="INFO">PATCH Request : url=https://cp353004-team2-5.onrender.com/api/bookings/cmmuvunir001dmruf8hzpindv/finish 
 path_url=/api/bookings/cmmuvunir001dmruf8hzpindv/finish 
 headers={'User-Agent': 'python-requests/2.32.5', 'Accept-Encoding': 'gzip, deflate', 'Accept': '*/*', 'Connection': 'keep-alive', 'Authorization': 'Bearer eyJhbGciOiJIUzI1NiIsInR5cCI6IkpXVCJ9.eyJzdWIiOiJjbW11dmNlZXMwMDAxbXJ1ZmZjbmk2bnB6Iiwicm9sZSI6IkRSSVZFUiIsImlhdCI6MTc3Mzc2ODMwNCwiZXhwIjoxNzczODU0NzA0fQ.lFS0GmRTvteE3SCZmKliijDQtKaj5tqyxpUuE8Q36aA', 'Content-Length': '0'} 
 body=None 
 </msg>
<msg time="2026-03-18T00:25:03.170107" level="INFO">PATCH Response : url=https://cp353004-team2-5.onrender.com/api/bookings/cmmuvunir001dmruf8hzpindv/finish 
 status=200, reason=OK 
 headers={'Date': 'Tue, 17 Mar 2026 17:25:05 GMT', 'Content-Type': 'application/json; charset=utf-8', 'Transfer-Encoding': 'chunked', 'Connection': 'keep-alive', 'Content-Encoding': 'gzip', 'access-control-allow-credentials': 'true', 'content-security-policy': "default-src 'self';base-uri 'self';font-src 'self' https: data:;form-action 'self';frame-ancestors 'self';img-src 'self' data:;object-src 'none';script-src 'self';script-src-attr 'none';style-src 'self' https: 'unsafe-inline';upgrade-insecure-requests", 'cross-origin-opener-policy': 'same-origin', 'cross-origin-resource-policy': 'same-origin', 'etag': 'W/"c2-XohmKD+YN+pNoDgt1dUu9N83ubo"', 'origin-agent-cluster': '?1', 'referrer-policy': 'no-referrer', 'rndr-id': '4ba69e0d-0c24-443f', 'strict-transport-security': 'max-age=15552000; includeSubDomains', 'vary': 'Origin, Accept-Encoding', 'x-content-type-options': 'nosniff', 'x-dns-prefetch-control': 'off', 'x-download-options': 'noopen', 'x-frame-options': 'SAMEORIGIN', 'x-permitted-cross-domain-policies': 'none', 'x-render-origin-server': 'Render', 'x-xss-protection': '0', 'cf-cache-status': 'DYNAMIC', 'Server': 'cloudflare', 'CF-RAY': '9dddb1e3db497dbb-BKK', 'alt-svc': 'h3=":443"; ma=86400'} 
 body={"success":true,"data":{"bookingId":"cmmuvunir001dmruf8hzpindv","routeId":"cmmuvunfa001amrufl9nl2sit","driverFinishedAt":"2026-03-17T17:25:05.326Z","passengerFinishedAt":null,"completed":false}} 
 </msg>
<msg time="2026-03-18T00:25:03.170107" level="INFO">${resp} = &lt;Response [200]&gt;</msg>
<var>${resp}</var>
<arg>url=${API_BOOKINGS}/${booking_id}/finish</arg>
<arg>headers=${headers}</arg>
<doc>Sends a PUT request.</doc>
<status status="PASS" start="2026-03-18T00:25:03.015564" elapsed="0.154543"/>
</kw>
<kw name="Should Be Equal As Integers" owner="BuiltIn">
<msg time="2026-03-18T00:25:03.171106" level="INFO">Argument types are:
&lt;class 'int'&gt;
&lt;class 'str'&gt;</msg>
<arg>${resp.status_code}</arg>
<arg>200</arg>
<doc>Fails if objects are unequal after converting them to integers.</doc>
<status status="PASS" start="2026-03-18T00:25:03.170107" elapsed="0.000999"/>
</kw>
<arg>${booking_id}</arg>
<arg>${driver_token}</arg>
<status status="PASS" start="2026-03-18T00:25:03.013565" elapsed="0.157541"/>
</kw>
<kw name="Finish Trip As Passenger">
<kw name="Create Dictionary" owner="BuiltIn">
<msg time="2026-03-18T00:25:03.172105" level="INFO">${headers} = {'Authorization': 'Bearer eyJhbGciOiJIUzI1NiIsInR5cCI6IkpXVCJ9.eyJzdWIiOiJjbW11djg2c2YwMDAwbXJ1ZjRscWZqcDh1Iiwicm9sZSI6IlBBU1NFTkdFUiIsImlhdCI6MTc3Mzc2ODMwNCwiZXhwIjoxNzczODU0NzA0fQ.rHwZdGLc04A6dSYRdw...</msg>
<var>${headers}</var>
<arg>Authorization=Bearer ${passenger_token}</arg>
<doc>Creates and returns a dictionary based on the given ``items``.</doc>
<status status="PASS" start="2026-03-18T00:25:03.172105" elapsed="0.000000"/>
</kw>
<kw name="PATCH" owner="RequestsLibrary">
<msg time="2026-03-18T00:25:03.285299" level="INFO">PATCH Request : url=https://cp353004-team2-5.onrender.com/api/bookings/cmmuvunir001dmruf8hzpindv/finish 
 path_url=/api/bookings/cmmuvunir001dmruf8hzpindv/finish 
 headers={'User-Agent': 'python-requests/2.32.5', 'Accept-Encoding': 'gzip, deflate', 'Accept': '*/*', 'Connection': 'keep-alive', 'Authorization': 'Bearer eyJhbGciOiJIUzI1NiIsInR5cCI6IkpXVCJ9.eyJzdWIiOiJjbW11djg2c2YwMDAwbXJ1ZjRscWZqcDh1Iiwicm9sZSI6IlBBU1NFTkdFUiIsImlhdCI6MTc3Mzc2ODMwNCwiZXhwIjoxNzczODU0NzA0fQ.rHwZdGLc04A6dSYRdwZiFlZmQ9DMz33hkDn7ATbnnsw', 'Content-Length': '0'} 
 body=None 
 </msg>
<msg time="2026-03-18T00:25:03.285299" level="INFO">PATCH Response : url=https://cp353004-team2-5.onrender.com/api/bookings/cmmuvunir001dmruf8hzpindv/finish 
 status=200, reason=OK 
 headers={'Date': 'Tue, 17 Mar 2026 17:25:05 GMT', 'Content-Type': 'application/json; charset=utf-8', 'Transfer-Encoding': 'chunked', 'Connection': 'keep-alive', 'Content-Encoding': 'gzip', 'access-control-allow-credentials': 'true', 'content-security-policy': "default-src 'self';base-uri 'self';font-src 'self' https: data:;form-action 'self';frame-ancestors 'self';img-src 'self' data:;object-src 'none';script-src 'self';script-src-attr 'none';style-src 'self' https: 'unsafe-inline';upgrade-insecure-requests", 'cross-origin-opener-policy': 'same-origin', 'cross-origin-resource-policy': 'same-origin', 'etag': 'W/"d7-3S5Ke1LGsnUZxLMpZl9nEsiKpgY"', 'origin-agent-cluster': '?1', 'referrer-policy': 'no-referrer', 'rndr-id': '843d565f-6b21-4cb9', 'strict-transport-security': 'max-age=15552000; includeSubDomains', 'vary': 'Origin, Accept-Encoding', 'x-content-type-options': 'nosniff', 'x-dns-prefetch-control': 'off', 'x-download-options': 'noopen', 'x-frame-options': 'SAMEORIGIN', 'x-permitted-cross-domain-policies': 'none', 'x-render-origin-server': 'Render', 'x-xss-protection': '0', 'cf-cache-status': 'DYNAMIC', 'Server': 'cloudflare', 'CF-RAY': '9dddb1e4cb7b7dc0-BKK', 'alt-svc': 'h3=":443"; ma=86400'} 
 body={"success":true,"data":{"bookingId":"cmmuvunir001dmruf8hzpindv","routeId":"cmmuvunfa001amrufl9nl2sit","driverFinishedAt":"2026-03-17T17:25:05.326Z","passengerFinishedAt":"2026-03-17T17:25:05.446Z","completed":true}} 
 </msg>
<msg time="2026-03-18T00:25:03.285299" level="INFO">${resp} = &lt;Response [200]&gt;</msg>
<var>${resp}</var>
<arg>url=${API_BOOKINGS}/${booking_id}/finish</arg>
<arg>headers=${headers}</arg>
<doc>Sends a PUT request.</doc>
<status status="PASS" start="2026-03-18T00:25:03.172615" elapsed="0.112684"/>
</kw>
<kw name="Should Be Equal As Integers" owner="BuiltIn">
<msg time="2026-03-18T00:25:03.286302" level="INFO">Argument types are:
&lt;class 'int'&gt;
&lt;class 'str'&gt;</msg>
<arg>${resp.status_code}</arg>
<arg>200</arg>
<doc>Fails if objects are unequal after converting them to integers.</doc>
<status status="PASS" start="2026-03-18T00:25:03.285299" elapsed="0.001003"/>
</kw>
<arg>${booking_id}</arg>
<arg>${pass_token}</arg>
<status status="PASS" start="2026-03-18T00:25:03.171106" elapsed="0.115196"/>
</kw>
<kw name="Verify Can Report Booking">
<kw name="Create Dictionary" owner="BuiltIn">
<msg time="2026-03-18T00:25:03.287300" level="INFO">${headers} = {'Authorization': 'Bearer eyJhbGciOiJIUzI1NiIsInR5cCI6IkpXVCJ9.eyJzdWIiOiJjbW11djg2c2YwMDAwbXJ1ZjRscWZqcDh1Iiwicm9sZSI6IlBBU1NFTkdFUiIsImlhdCI6MTc3Mzc2ODMwNCwiZXhwIjoxNzczODU0NzA0fQ.rHwZdGLc04A6dSYRdw...</msg>
<var>${headers}</var>
<arg>Authorization=Bearer ${passenger_token}</arg>
<doc>Creates and returns a dictionary based on the given ``items``.</doc>
<status status="PASS" start="2026-03-18T00:25:03.287300" elapsed="0.001001"/>
</kw>
<kw name="GET" owner="RequestsLibrary">
<msg time="2026-03-18T00:25:03.395189" level="INFO">GET Request : url=https://cp353004-team2-5.onrender.com/api/reports/check-can-report/cmmuvunir001dmruf8hzpindv 
 path_url=/api/reports/check-can-report/cmmuvunir001dmruf8hzpindv 
 headers={'User-Agent': 'python-requests/2.32.5', 'Accept-Encoding': 'gzip, deflate', 'Accept': '*/*', 'Connection': 'keep-alive', 'Authorization': 'Bearer eyJhbGciOiJIUzI1NiIsInR5cCI6IkpXVCJ9.eyJzdWIiOiJjbW11djg2c2YwMDAwbXJ1ZjRscWZqcDh1Iiwicm9sZSI6IlBBU1NFTkdFUiIsImlhdCI6MTc3Mzc2ODMwNCwiZXhwIjoxNzczODU0NzA0fQ.rHwZdGLc04A6dSYRdwZiFlZmQ9DMz33hkDn7ATbnnsw'} 
 body=None 
 </msg>
<msg time="2026-03-18T00:25:03.395189" level="INFO">GET Response : url=https://cp353004-team2-5.onrender.com/api/reports/check-can-report/cmmuvunir001dmruf8hzpindv 
 status=200, reason=OK 
 headers={'Date': 'Tue, 17 Mar 2026 17:25:05 GMT', 'Content-Type': 'application/json; charset=utf-8', 'Transfer-Encoding': 'chunked', 'Connection': 'keep-alive', 'Content-Encoding': 'gzip', 'access-control-allow-credentials': 'true', 'content-security-policy': "default-src 'self';base-uri 'self';font-src 'self' https: data:;form-action 'self';frame-ancestors 'self';img-src 'self' data:;object-src 'none';script-src 'self';script-src-attr 'none';style-src 'self' https: 'unsafe-inline';upgrade-insecure-requests", 'cross-origin-opener-policy': 'same-origin', 'cross-origin-resource-policy': 'same-origin', 'etag': 'W/"23d-mJ41eiSPsB5r0FXIjn4KI6897wI"', 'origin-agent-cluster': '?1', 'referrer-policy': 'no-referrer', 'rndr-id': '6a56d306-8c48-4b54', 'strict-transport-security': 'max-age=15552000; includeSubDomains', 'vary': 'Origin, Accept-Encoding', 'x-content-type-options': 'nosniff', 'x-dns-prefetch-control': 'off', 'x-download-options': 'noopen', 'x-frame-options': 'SAMEORIGIN', 'x-permitted-cross-domain-policies': 'none', 'x-render-origin-server': 'Render', 'x-xss-protection': '0', 'cf-cache-status': 'DYNAMIC', 'Server': 'cloudflare', 'CF-RAY': '9dddb1e58d05799a-BKK', 'alt-svc': 'h3=":443"; ma=86400'} 
 body={"success":true,"data":{"canReport":true,"daysRemaining":3,"booking":{"id":"cmmuvunir001dmruf8hzpindv","route":{"locationFrom":{"lat":13.7563,"lng":100.5018,"address":"Pickup Point"},"locationTo":{"lat":13.746,"lng":100.5231,"address":"Dropoff Point"},"updatedAt":"2026-03-17T17:25:05.453Z","driver":{"id":"cmmuvcees0001mruffcni6npz","firstName":"Driver","lastName":"Driver!","profilePicture":null},"vehicle":{"id":"cmmuvlonr000cmruf0erqjyxs","vehicleModel":"ToyotaCamry","vehicleType":"Sedan","color":"สีขาว","licensePlate":"กก1234ขอนแก่น"}}}}} 
 </msg>
<msg time="2026-03-18T00:25:03.396431" level="INFO">${resp} = &lt;Response [200]&gt;</msg>
<var>${resp}</var>
<arg>url=${API_REPORTS}/check-can-report/${booking_id}</arg>
<arg>headers=${headers}</arg>
<doc>Sends a GET request.</doc>
<status status="PASS" start="2026-03-18T00:25:03.288301" elapsed="0.108130"/>
</kw>
<kw name="Should Be Equal As Integers" owner="BuiltIn">
<msg time="2026-03-18T00:25:03.397589" level="INFO">Argument types are:
&lt;class 'int'&gt;
&lt;class 'str'&gt;</msg>
<arg>${resp.status_code}</arg>
<arg>200</arg>
<doc>Fails if objects are unequal after converting them to integers.</doc>
<status status="PASS" start="2026-03-18T00:25:03.396431" elapsed="0.002157"/>
</kw>
<kw name="Set Variable" owner="BuiltIn">
<msg time="2026-03-18T00:25:03.399589" level="INFO">${json} = {'canReport': True, 'daysRemaining': 3, 'booking': {'id': 'cmmuvunir001dmruf8hzpindv', 'route': {'locationFrom': {'lat': 13.7563, 'lng': 100.5018, 'address': 'Pickup Point'}, 'locationTo': {'lat': 13....</msg>
<var>${json}</var>
<arg>${resp.json()['data']}</arg>
<doc>Returns the given values which can then be assigned to a variables.</doc>
<status status="PASS" start="2026-03-18T00:25:03.398588" elapsed="0.001001"/>
</kw>
<kw name="Get From Dictionary" owner="Collections">
<msg time="2026-03-18T00:25:03.399589" level="INFO">${can_report} = True</msg>
<var>${can_report}</var>
<arg>${json}</arg>
<arg>canReport</arg>
<doc>Returns a value from the given ``dictionary`` based on the given ``key``.</doc>
<status status="PASS" start="2026-03-18T00:25:03.399589" elapsed="0.000000"/>
</kw>
<kw name="Should Be True" owner="BuiltIn">
<arg>${can_report}</arg>
<doc>Fails if the given condition is not true.</doc>
<status status="PASS" start="2026-03-18T00:25:03.399589" elapsed="0.000000"/>
</kw>
<arg>${booking_id}</arg>
<arg>${pass_token}</arg>
<status status="PASS" start="2026-03-18T00:25:03.287300" elapsed="0.113291"/>
</kw>
<kw name="Create Report With Media">
<kw name="Create Dictionary" owner="BuiltIn">
<msg time="2026-03-18T00:25:03.400591" level="INFO">${headers} = {'Authorization': 'Bearer eyJhbGciOiJIUzI1NiIsInR5cCI6IkpXVCJ9.eyJzdWIiOiJjbW11djg2c2YwMDAwbXJ1ZjRscWZqcDh1Iiwicm9sZSI6IlBBU1NFTkdFUiIsImlhdCI6MTc3Mzc2ODMwNCwiZXhwIjoxNzczODU0NzA0fQ.rHwZdGLc04A6dSYRdw...</msg>
<var>${headers}</var>
<arg>Authorization=Bearer ${passenger_token}</arg>
<doc>Creates and returns a dictionary based on the given ``items``.</doc>
<status status="PASS" start="2026-03-18T00:25:03.400591" elapsed="0.000000"/>
</kw>
<kw name="Create Dictionary" owner="BuiltIn">
<msg time="2026-03-18T00:25:03.402098" level="INFO">${form} = {'bookingId': 'cmmuvunir001dmruf8hzpindv', 'category': 'INAPPROPRIATE_BEHAVIOR', 'reportTopic': 'Driver behavior after trip', 'reportDescription': 'Passenger reports unsafe driving and rude language.'...</msg>
<var>${form}</var>
<arg>bookingId=${booking_id}</arg>
<arg>category=${CATEGORY}</arg>
<arg>reportTopic=${REPORT_TOPIC}</arg>
<arg>reportDescription=${REPORT_DESC}</arg>
<arg>contactFirstName=${CONTACT_FIRST}</arg>
<arg>contactLastName=${CONTACT_LAST}</arg>
<arg>contactPhoneNumber=${CONTACT_PHONE}</arg>
<arg>contactEmail=${CONTACT_EMAIL}</arg>
<doc>Creates and returns a dictionary based on the given ``items``.</doc>
<status status="PASS" start="2026-03-18T00:25:03.400591" elapsed="0.001507"/>
</kw>
<kw name="Get Binary File" owner="OperatingSystem">
<msg time="2026-03-18T00:25:03.402098" level="INFO" html="true">Getting file '&lt;a href="file://F:\DEV\SE_Sec2_5_PaiNamNae\test\sprint#3\Item13\API\VideoForTest\Video1.mp4"&gt;F:\DEV\SE_Sec2_5_PaiNamNae\test\sprint#3\Item13\API\VideoForTest\Video1.mp4&lt;/a&gt;'.</msg>
<msg time="2026-03-18T00:25:03.406108" level="INFO">${file_data} =  ftypisomisomiso2avc1mp41moovlmvhdèY@þtrak\tkhdY...</msg>
<var>${file_data}</var>
<arg>${REPORT_VIDEO}</arg>
<doc>Returns the contents of a specified file.</doc>
<status status="PASS" start="2026-03-18T00:25:03.402098" elapsed="0.004010"/>
</kw>
<kw name="Evaluate" owner="BuiltIn">
<msg time="2026-03-18T00:25:03.429728" level="INFO">${file_tuple} = ('video1.mp4', b'\x00\x00\x00 ftypisom\x00\x00\x02\x00isomiso2avc1mp41\x00\x00\x1d\x11moov\x00\x00\x00lmvhd\x00\x00\x00\x00\x00\x00\x00\x00\x00\x00\x00\x00\x00\x00\x03\xe8\x00\x00Y\x10\x00\x01\x00\x00...</msg>
<var>${file_tuple}</var>
<arg>('video1.mp4', $file_data, 'video/mp4')</arg>
<doc>Evaluates the given expression in Python and returns the result.</doc>
<status status="PASS" start="2026-03-18T00:25:03.406108" elapsed="0.023620"/>
</kw>
<kw name="Create Dictionary" owner="BuiltIn">
<msg time="2026-03-18T00:25:03.450280" level="INFO">${files} = {'media': ('video1.mp4', b'\x00\x00\x00 ftypisom\x00\x00\x02\x00isomiso2avc1mp41\x00\x00\x1d\x11moov\x00\x00\x00lmvhd\x00\x00\x00\x00\x00\x00\x00\x00\x00\x00\x00\x00\x00\x00\x03\xe8\x00\x00Y\x10\x00\x...</msg>
<var>${files}</var>
<arg>media=${file_tuple}</arg>
<doc>Creates and returns a dictionary based on the given ``items``.</doc>
<status status="PASS" start="2026-03-18T00:25:03.429728" elapsed="0.020552"/>
</kw>
<kw name="POST" owner="RequestsLibrary">
<msg time="2026-03-18T00:25:07.990685" level="INFO">POST Request : url=https://cp353004-team2-5.onrender.com/api/reports 
 path_url=/api/reports 
 headers={'User-Agent': 'python-requests/2.32.5', 'Accept-Encoding': 'gzip, deflate', 'Accept': '*/*', 'Connection': 'keep-alive', 'Authorization': 'Bearer eyJhbGciOiJIUzI1NiIsInR5cCI6IkpXVCJ9.eyJzdWIiOiJjbW11djg2c2YwMDAwbXJ1ZjRscWZqcDh1Iiwicm9sZSI6IlBBU1NFTkdFUiIsImlhdCI6MTc3Mzc2ODMwNCwiZXhwIjoxNzczODU0NzA0fQ.rHwZdGLc04A6dSYRdwZiFlZmQ9DMz33hkDn7ATbnnsw', 'Content-Length': '1084931', 'Content-Type': 'multipart/form-data; boundary=15f3974de9fbe453623c1793f3a8a271'} 
 body=b'--15f3974de9fbe453623c1793f3a8a271\r\nContent-Disposition: form-data; name="bookingId"\r\n\r\ncmmuvunir001dmruf8hzpindv\r\n--15f3974de9fbe453623c1793f3a8a271\r\nContent-Disposition: form-data; name="category"\r\n\r\nINAPPROPRIATE_BEHAVIOR\r\n--15f3974de9fbe453623c1793f3a8a271\r\nContent-Disposition: form-data; name="reportTopic"\r\n\r\nDriver behavior after trip\r\n--15f3974de9fbe453623c1793f3a8a271\r\nContent-Disposition: form-data; name="reportDescription"\r\n\r\nPassenger reports unsafe driving and rude language.\r\n--15f3974de9fbe453623c1793f3a8a271\r\nContent-Disposition: form-data; name="contactFirstName"\r\n\r\nTest\r\n--15f3974de9fbe453623c1793f3a8a271\r\nContent-Disposition: form-data; name="contactLastName"\r\n\r\nPassenger\r\n--15f3974de9fbe453623c1793f3a8a271\r\nContent-Disposition: form-data; name="contactPhoneNumber"\r\n\r\n0800000002\r\n--15f3974de9fbe453623c1793f3a8a271\r\nContent-Disposition: form-data; name="contactEmail"\r\n\r\npassenger@example.com\r\n--15f3974de9fbe453623c1793f3a8a271\r\nContent-Disposition: form-data; name="media"; filename="video1.mp4"\r\nContent-Type: video/mp4\r\n\r\n\x00\x00\x00 ftypisom\x00\x00\x02\x00isomiso2avc1mp41\x00\x00\x1d\x11moov\x00\x00\x00lmvhd\x00\x00\x00\x00\x00\x00\x00\x00\x00\x00\x00\x00\x00\x00\x03\xe8\x00\x00Y\x10\x00\x01\x00\x00\x01\x00\x00\x00\x00\x00\x00\x00\x00\x00\x00\x00\x00\x01\x00\x00\x00\x00\x00\x00\x00\x00\x00\x00\x00\x00\x00\x00\x00\x01\x00\x00\x00\x00\x00\x00\x00\x00\x00\x00\x00\x00\x00\x00@\x00\x00\x00\x00\x00\x00\x00\x00\x00\x00\x00\x00\x00\x00\x00\x00\x00\x00\x00\x00\x00\x00\x00\x00\x00\x00\x00\x00\x00\x00\x02\x00\x00\x1b\xfetrak\x00\x00\x00\\tkhd\x00\x00\x00\x03\x00\x00\x00\x00\x00\x00\x00\x00\x00\x00\x00\x01\x00\x00\x00\x00\x00\x00Y\x10\x00\x00\x00\x00\x00\x00\x00\x00\x00\x00\x00\x00\x00\x00\x00\x00\x00\x01\x00\x00\x00\x00\x00\x00\x00\x00\x00\x00\x00\x00\x00\x00\x00\x01\x00\x00\x00\x00\x00\x00\x00\x00\x00\x00\x00\x00\x00\x00@\x00\x00\x00\x03\x00\x00\x00\x01\xb0\x00\x00\x00\x00\x00$edts\x00\x00\x00\x1celst\x00\x00\x00\x00\x00\x00\x00\x01\x00\x00Y\x10\x00\x00\x04\x00\x00\x01\x00\x00\x00\x00\x1bvmdia\x00\x00\x00 mdhd\x00\x00\x00\x00\x00\x00\x00\x00\x00\x00\x00\x00\x00\x002\x00\x00\x04t\x00U\xc4\x00\x00\x00\x00\x00-hdlr\x00\x00\x00\x00\x00\x00\x00\x00vide\x00\x00\x00\x00\x00\x00\x00\x00\x00\x00\x00\x00VideoHandler\x00\x00\x00\x1b!minf\x00\x00\x00\x14vmhd\x00\x00\x00\x01\x00\x00\x00\x00\x00\x00\x00\x00\x00\x00\x00$dinf\x00\x00\x00\x1cdref\x00\x00\x00\x00\x00\x00\x00\x01\x00\x00\x00\x0curl \x00\x00\x00\x01\x00\x00\x1a\xe1stbl\x00\x00\x00\xd1stsd\x00\x00\x00\x00\x00\x00\x00\x01\x00\x00\x00\xc1avc1\x00\x00\x00\x00\x00\x00\x00\x01\x00\x00\x00\x00\x00\x00\x00\x00\x00\x00\x00\x00\x00\x00\x00\x00\x03\x00\x01\xb0\x00H\x00\x00\x00H\x00\x00\x00\x00\x00\x00\x00\x01\x15Lavc60.31.102 libx264\x00\x00\x00\x00\x00\x00\x00\x00\x00\x00\x00\x18\xff\xff\x00\x00\x004avcC\x01M@\x1f\xff\xe1\x00\x1cgM@\x1f\xec\xa0`\x1b\xd8\x0bP\x10\x10\x14\x00\x00\x03\x00\x04\x00\x00\x03\x00\xc8&lt;`\xc6X\x01\x00\x05h\xe98\xf2\xc8\x00\x00\x00\x13colrnclx\x00\x01\x00\x01\x00\x01\x00\x00\x00\x00\x10pasp\x00\x00\x00\x01\x00\x00\x00\x01\x00\x00\x00\x14btrt\x00\x00\x00\x00\x00&amp;%\xa0\x00\x05\xbfJ\x00\x00\x00\x18stts\x00\x00\x00\x00\x00\x00\x00\x01\x00\x00\x02:\x00\x00\x02\x00\x00\x00\x00\x1cstss\x00\x00\x00\x00\x00\x00\x00\x03\x00\x00\x00\x01\x00\x00\x00\xfb\x00\x00\x01\xf5\x00\x00\x10\x98ctts\x00\x00\x00\x00\x00\x00\x02\x11\x00\x00\x00\x01\x00\x00\x04\x00\x00\x00\x00\x01\x00\x00\n\x00\x00\x00\x00\x01\x00\x00\x04\x00\x00\x00\x00\x01\x00\x00\x00\x00\x00\x00\x00\x01\x00\x00\x02\x00\x00\x00\x00\x01\x00\x00\n\x00\x00\x00\x00\x01\x00\x00\x04\x00\x00\x00\x00\x01\x00\x00\x00\x00\x00\x00\x00\x01\x00\x00\x02\x00\x00\x00\x00\x01\x00\x00\x08\x00\x00\x00\x00\x02\x00\x00\x02\x00\x00\x00\x00\x01\x00\x00\n\x00\x00\x00\x00\x01\x00\x00\x04\x00\x00\x00\x00\x01\x00\x00\x00\x00\x00\x00\x00\x01\x00\x00\x02\x00\x00\x00\x00\x01\x00\x00\n\x00\x00\x00\x00\x01\x00\x00\x04\x00\x00\x00\x00\x01\x00\x00\x00\x00\x00\x00\x00\x01\x00\x00\x02\x00\x00\x00\x00\x01\x00\x00\x08\x00\x00\x00\x00\x02\x00\x00\x02\x00\x00\x00\x00\x01\x00\x00\n\x00\x00\x00\x00\x01\x00\x00\x04\x00\x00\x00\x00\x01\x00\x00\x00\x00\x00\x00\x00\x01\x00\x00\x02\x00\x00\x00\x00\x01\x00\x00\x08\x00\x00\x00\x00\x02\x00\x00\x02\x00\x00\x00\x00\x01\x00\x00\n\x00\x00\x00\x00\x01\x00\x00\x04\x00\x00\x00\x00\x01\x00\x00\x00\x00\x00\x00\x00\x01\x00\x00\x02\x00\x00\x00\x00\x01\x00\x00\n\x00\x00\x00\x00\x01\x00\x00\x04\x00\x00\x00\x00\x01\x00\x00\x00\x00\x00\x00\x00\x01\x00\x00\x02\x00\x00\x00\x00\x01\x00\x00\n\x00\x00\x00\x00\x01\x00\x00\x04\x00\x00\x00\x00\x01\x00\x00\x00\x00\x00\x00\x00\x01\x00\x00\x02\x00\x00\x00\x00\x01\x00\x00\n\x00\x00\x00\x00\x01\x00\x00\x04\x00\x00\x00\x00\x01\x00\x00\x00\x00\x00\x00\x00\x01\x00\x00\x02\x00\x00\x00\x00\x01\x00\x00\n\x00\x00\x00\x00\x01\x00\x00\x04\x00\x00\x00\x00\x01\x00\x00\x00\x00\x00\x00\x00\x01\x00\x00\x02\x00\x00\x00\x00\x01\x00\x00\n\x00\x00\x00\x00\x01\x00\x00\x04\x00\x00\x00\x00\x01\x00\x00\x00\x00\x00\x00\x00\x01\x00\x00\x02\x00\x00\x00\x00\x01\x00\x00\x08\x00\x00\x00\x00\x02\x00\x00\x02\x00\x00\x00\x00\x01\x00\x00\n\x00\x00\x00\x00\x01\x00\x00\x04\x00\x00\x00\x00\x01\x00\x00\x00\x00\x00\x00\x00\x01\x00\x00\x02\x00\x00\x00\x00\x01\x00\x00\n\x00\x00\x00\x00\x01\x00\x00\x04\x00\x00\x00\x00\x01\x00\x00\x00\x00\x00\x00\x00\x01\x00\x00\x02\x00\x00\x00\x00\x01\x00\x00\x08\x00\x00\x00\x00\x02\x00\x00\x02\x00\x00\x00\x00\x01\x00\x00\x08\x00\x00\x00\x00\x02\x00\x00\x02\x00\x00\x00\x00\x01\x00\x00\n\x00\x00\x00\x00\x01\x00\x00\x04\x00\x00\x00\x00\x01\x00\x00\x00\x00\x00\x00\x00\x01\x00\x00\x02\x00\x00\x00\x00\x01\x00\x00\n\x00\x00\x00\x00\x01\x00\x00\x04\x00\x00\x00\x00\x01\x00\x00\x00\x00\x00\x00\x00\x01\x00\x00\x02\x00\x00\x00\x00\x01\x00\x00\n\x00\x00\x00\x00\x01\x00\x00\x04\x00\x00\x00\x00\x01\x00\x00\x00\x00\x00\x00\x00\x01\x00\x00\x02\x00\x00\x00\x00\x01\x00\x00\n\x00\x00\x00\x00\x01\x00\x00\x04\x00\x00\x00\x00\x01\x00\x00\x00\x00\x00\x00\x00\x01\x00\x00\x02\x00\x00\x00\x00\x01\x00\x00\n\x00\x00\x00\x00\x01\x00\x00\x04\x00\x00\x00\x00\x01\x00\x00\x00\x00\x00\x00\x00\x01\x00\x00\x02\x00\x00\x00\x00\x01\x00\x00\x08\x00\x00\x00\x00\x02\x00\x00\x02\x00\x00\x00\x00\x01\x00\x00\n\x00\x00\x00\x00\x01\x00\x00\x04\x00\x00\x00\x00\x01\x00\x00\x00\x00\x00\x00\x00\x01\x00\x00\x02\x00\x00\x00\x00\x01\x00\x00\x04\x00\x00\x00\x00\x01\x00\x00\n\x00\x00\x00\x00\x01\x00\x00\x04\x00\x00\x00\x00\x01\x00\x00\x00\x00\x00\x00\x00\x01\x00\x00\x02\x00\x00\x00\x00\x01\x00\x00\x06\x00\x00\x00\x00\x01\x00\x00\x02\x00\x00\x00\x00\x01\x00\x00\n\x00\x00\x00\x00\x01\x00\x00\x04\x00\x00\x00\x00\x01\x00\x00\x00\x00\x00\x00\x00\x01\x00\x00\x02\x00\x00\x00\x00\x01\x00\x00\x08\x00\x00\x00\x00\x02\x00\x00\x02\x00\x00\x00\x00\x01\x00\x00\x06\x00\x00\x00\x00\x01\x00\x00\x02\x00\x00\x00\x00\x01\x00\x00\x06\x00\x00\x00\x00\x01\x00\x00\x02\x00\x00\x00\x00\x01\x00\x00\x08\x00\x00\x00\x00\x02\x00\x00\x02\x00\x00\x00\x00\x01\x00\x00\n\x00\x00\x00\x00\x01\x00\x00\x04\x00\x00\x00\x00\x01\x00\x00\x00\x00\x00\x00\x00\x01\x00\x00\x02\x00\x00\x00\x00\x01\x00\x00\n\x00\x00\x00\x00\x01\x00\x00\x04\x00\x00\x00\x00\x01\x00\x00\x00\x00\x00\x00\x00\x01\x00\x00\x02\x00\x00\x00\x00\x01\x00\x00\n\x00\x00\x00\x00\x01\x00\x00\x04\x00\x00\x00\x00\x01\x00\x00\x00\x00\x00\x00\x00\x01\x00\x00\x02\x00\x00\x00\x00\x01\x00\x00\n\x00\x00\x00\x00\x01\x00\x00\x04\x00\x00\x00\x00\x01\x00\x00\x00\x00\x00\x00\x00\x01\x00\x00\x02\x00\x00\x00\x00\x01\x00\x00\n\x00\x00\x00\x00\x01\x00\x00\x04\x00\x00\x00\x00\x01\x00\x00\x00\x00\x00\x00\x00\x01\x00\x00\x02\x00\x00\x00\x00\x01\x00\x00\x08\x00\x00\x00\x00\x02\x00\x00\x02\x00\x00\x00\x00\x01\x00\x00\x08\x00\x00\x00\x00\x02\x00\x00\x02\x00\x00\x00\x00\x01\x00\x00\x08\x00\x00\x00\x00\x02\x00\x00\x02\x00\x00\x00\x00\x01\x00\x00\n\x00\x00\x00\x00\x01\x00\x00\x04\x00\x00\x00\x00\x01\x00\x00\x00\x00\x00\x00\x00\x01\x00\x00\x02\x00\x00\x00\x00\x01\x00\x00\x08\x00\x00\x00\x00\x02\x00\x00\x02\x00\x00\x00\x00\x01\x00\x00\n\x00\x00\x00\x00\x01\x00\x00\x04\x00\x00\x00\x00\x01\x00\x00\x00\x00\x00\x00\x00\x01\x00\x00\x02\x00\x00\x00\x00\x01\x00\x00\n\x00\x00\x00\x00\x01\x00\x00\x04\x00\x00\x00\x00\x01\x00\x00\x00\x00\x00\x00\x00\x01\x00\x00\x02\x00\x00\x00\x00\x01\x00\x00\n\x00\x00\x00\x00\x01\x00\x00\x04\x00\x00\x00\x00\x01\x00\x00\x00\x00\x00\x00\x00\x01\x00\x00\x02\x00\x00\x00\x00\x01\x00\x00\x08\x00\x00\x00\x00\x02\x00\x00\x02\x00\x00\x00\x00\x01\x00\x00\n\x00\x00\x00\x00\x01\x00\x00\x04\x00\x00\x00\x00\x01\x00\x00\x00\x00\x00\x00\x00\x01\x00\x00\x02\x00\x00\x00\x00\x01\x00\x00\x06\x00\x00\x00\x00\x01\x00\x00\x02\x00\x00\x00\x00\x01\x00\x00\n\x00\x00\x00\x00\x01\x00\x00\x04\x00\x00\x00\x00\x01\x00\x00\x00\x00\x00\x00\x00\x01\x00\x00\x02\x00\x00\x00\x00\x01\x00\x00\n\x00\x00\x00\x00\x01\x00\x00\x04\x00\x00\x00\x00\x01\x00\x00\x00\x00\x00\x00\x00\x01\x00\x00\x02\x00\x00\x00\x00\x01\x00\x00\n\x00\x00\x00\x00\x01\x00\x00\x04\x00\x00\x00\x00\x01\x00\x00\x00\x00\x00\x00\x00\x01\x00\x00\x02\x00\x00\x00\x00\x01\x00\x00\x08\x00\x00\x00\x00\x02\x00\x00\x02\x00\x00\x00\x00\x01\x00\x00\n\x00\x00\x00\x00\x01\x00\x00\x04\x00\x00\x00\x00\x01\x00\x00\x00\x00\x00\x00\x00\x01\x00\x00\x02\x00\x00\x00\x00\x01\x00\x00\x08\x00\x00\x00\x00\x02\x00\x00\x02\x00\x00\x00\x00\x01\x00\x00\n\x00\x00\x00\x00\x01\x00\x00\x04\x00\x00\x00\x00\x01\x00\x00\x00\x00\x00\x00\x00\x01\x00\x00\x02\x00\x00\x00\x00\x01\x00\x00\x08\x00\x00\x00\x00\x02\x00\x00\x02\x00\x00\x00\x00\x01\x00\x00\x08\x00\x00\x00\x00\x02\x00\x00\x02\x00\x00\x00\x00\x01\x00\x00\n\x00\x00\x00\x00\x01\x00\x00\x04\x00\x00\x00\x00\x01\x00\x00\x00\x00\x00\x00\x00\x01\x00\x00\x02\x00\x00\x00\x00\x01\x00\x00\n\x00\x00\x00\x00\x01\x00\x00\x04\x00\x00\x00\x00\x01\x00\x00\x00\x00\x00\x00\x00\x01\x00\x00\x02\x00\x00\x00\x00\x01\x00\x00\x06\x00\x00\x00\x00\x01\x00\x00\x02\x00\x00\x00\x00\x01\x00\x00\n\x00\x00\x00\x00\x01\x00\x00\x04\x00\x00\x00\x00\x01\x00\x00\x00\x00\x00\x00\x00\x01\x00\x00\x02\x00\x00\x00\x00\x01\x00\x00\x06\x00\x00\x00\x00\x01\x00\x00\x02\x00\x00\x00\x00\x01\x00\x00\n\x00\x00\x00\x00\x01\x00\x00\x04\x00\x00\x00\x00\x01\x00\x00\x00\x00\x00\x00\x00\x01\x00\x00\x02\x00\x00\x00\x00\x01\x00\x00\n\x00\x00\x00\x00\x01\x00\x00\x04\x00\x00\x00\x00\x01\x00\x00\x00\x00\x00\x00\x00\x01\x00\x00\x02\x00\x00\x00\x00\x01\x00\x00\x08\x00\x00\x00\x00\x02\x00\x00\x02\x00\x00\x00\x00\x01\x00\x00\n\x00\x00\x00\x00\x01\x00\x00\x04\x00\x00\x00\x00\x01\x00\x00\x00\x00\x00\x00\x00\x01\x00\x00\x02\x00\x00\x00\x00\x01\x00\x00\n\x00\x00\x00\x00\x01\x00\x00\x04\x00\x00\x00\x00\x01\x00\x00\x00\x00\x00\x00\x00\x01\x00\x00\x02\x00\x00\x00\x00\x01\x00\x00\x06\x00\x00\x00\x00\x01\x00\x00\x02\x00\x00\x00\x00\x01\x00\x00\n\x00\x00\x00\x00\x01\x00\x00\x04\x00\x00\x00\x00\x01\x00\x00\x00\x00\x00\x00\x00\x01\x00\x00\x02\x00\x00\x00\x00\x03\x00\x00\x04\x00\x00\x00\x00\x01\x00\x00\n\x00\x00\x00\x00\x01\x00\x00\x04\x00\x00\x00\x00\x01\x00\x00\x00\x00\x00\x00\x00\x01\x00\x00\x02\x00\x00\x00\x00\x01\x00\x00\x08\x00\x00\x00\x00\x02\x00\x00\x02\x00\x00\x00\x00\x01\x00\x00\x06\x00\x00\x00\x00\x01\x00\x00\x02\x00\x00\x00\x00\x01\x00\x00\x08\x00\x00\x00\x00\x02\x00\x00\x02\x00\x00\x00\x00\x01\x00\x00\n\x00\x00\x00\x00\x01\x00\x00\x04\x00\x00\x00\x00\x01\x00\x00\x00\x00\x00\x00\x00\x01\x00\x00\x02\x00\x00\x00\x00\x01\x00\x00\n\x00\x00\x00\x00\x01\x00\x00\x04\x00\x00\x00\x00\x01\x00\x00\x00\x00\x00\x00\x00\x01\x00\x00\x02\x00\x00\x00\x00\x01\x00\x00\n\x00\x00\x00\x00\x01\x00\x00\x04\x00\x00\x00\x00\x01\x00\x00\x00\x00\x00\x00\x00\x01\x00\x00\x02\x00\x00\x00\x00\x01\x00\x00\x06\x00\x00\x00\x00\x01\x00\x00\x02\x00\x00\x00\x00\x01\x00\x00\n\x00\x00\x00\x00\x01\x00\x00\x04\x00\x00\x00\x00\x01\x00\x00\x00\x00\x00\x00\x00\x01\x00\x00\x02\x00\x00\x00\x00\x01\x00\x00\x08\x00\x00\x00\x00\x02\x00\x00\x02\x00\x00\x00\x00\x01\x00\x00\n\x00\x00\x00\x00\x01\x00\x00\x04\x00\x00\x00\x00\x01\x00\x00\x00\x00\x00\x00\x00\x01\x00\x00\x02\x00\x00\x00\x00\x01\x00\x00\n\x00\x00\x00\x00\x01\x00\x00\x04\x00\x00\x00\x00\x01\x00\x00\x00\x00\x00\x00\x00\x01\x00\x00\x02\x00\x00\x00\x00\x01\x00\x00\n\x00\x00\x00\x00\x01\x00\x00\x04\x00\x00\x00\x00\x01\x00\x00\x00\x00\x00\x00\x00\x01\x00\x00\x02\x00\x00\x00\x00\x01\x00\x00\n\x00\x00\x00\x00\x01\x00\x00\x04\x00\x00\x00\x00\x01\x00\x00\x00\x00\x00\x00\x00\x01\x00\x00\x02\x00\x00\x00\x00\x01\x00\x00\x08\x00\x00\x00\x00\x02\x00\x00\x02\x00\x00\x00\x00\x01\x00\x00\x06\x00\x00\x00\x00\x01\x00\x00\x02\x00\x00\x00\x00\x01\x00\x00\n\x00\x00\x00\x00\x01\x00\x00\x04\x00\x00\x00\x00\x01\x00\x00\x00\x00\x00\x00\x00\x01\x00\x00\x02\x00\x00\x00\x00\x01\x00\x00\n\x00\x00\x00\x00\x01\x00\x00\x04\x00\x00\x00\x00\x01\x00\x00\x00\x00\x00\x00\x00\x01\x00\x00\x02\x00\x00\x00\x00\x01\x00\x00\n\x00\x00\x00\x00\x01\x00\x00\x04\x00\x00\x00\x00\x01\x00\x00\x00\x00\x00\x00\x00\x01\x00\x00\x02\x00\x00\x00\x00\x01\x00\x00\x06\x00\x00\x00\x00\x01\x00\x00\x02\x00\x00\x00\x00\x01\x00\x00\n\x00\x00\x00\x00\x01\x00\x00\x04\x00\x00\x00\x00\x01\x00\x00\x00\x00\x00\x00\x00\x01\x00\x00\x02\x00\x00\x00\x00\x01\x00\x00\n\x00\x00\x00\x00\x01\x00\x00\x04\x00\x00\x00\x00\x01\x00\x00\x00\x00\x00\x00\x00\x01\x00\x00\x02\x00\x00\x00\x00\x01\x00\x00\x06\x00\x00\x00\x00\x01\x00\x00\x02\x00\x00\x00\x00\x01\x00\x00\n\x00\x00\x00\x00\x01\x00\x00\x04\x00\x00\x00\x00\x01\x00\x00\x00\x00\x00\x00\x00\x01\x00\x00\x02\x00\x00\x00\x00\x01\x00\x00\n\x00\x00\x00\x00\x01\x00\x00\x04\x00\x00\x00\x00\x01\x00\x00\x00\x00\x00\x00\x00\x01\x00\x00\x02\x00\x00\x00\x00\x01\x00\x00\x08\x00\x00\x00\x00\x02\x00\x00\x02\x00\x00\x00\x00\x01\x00\x00\n\x00\x00\x00\x00\x01\x00\x00\x04\x00\x00\x00\x00\x01\x00\x00\x00\x00\x00\x00\x00\x01\x00\x00\x02\x00\x00\x00\x00\x01\x00\x00\n\x00\x00\x00\x00\x01\x00\x00\x04\x00\x00\x00\x00\x01\x00\x00\x00\x00\x00\x00\x00\x01\x00\x00\x02\x00\x00\x00\x00\x01\x00\x00\x08\x00\x00\x00\x00\x02\x00\x00\x02\x00\x00\x00\x00\x01\x00\x00\n\x00\x00\x00\x00\x01\x00\x00\x04\x00\x00\x00\x00\x01\x00\x00\x00\x00\x00\x00\x00\x01\x00\x00\x02\x00\x00\x00\x00\x01\x00\x00\x08\x00\x00\x00\x00\x02\x00\x00\x02\x00\x00\x00\x00\x01\x00\x00\n\x00\x00\x00\x00\x01\x00\x00\x04\x00\x00\x00\x00\x01\x00\x00\x00\x00\x00\x00\x00\x01\x00\x00\x02\x00\x00\x00\x00\x01\x00\x00\x06\x00\x00\x00\x00\x01\x00\x00\x02\x00\x00\x00\x00\x01\x00\x00\x08\x00\x00\x00\x00\x02\x00\x00\x02\x00\x00\x00\x00\x01\x00\x00\x06\x00\x00\x00\x00\x01\x00\x00\x02\x00\x00\x00\x00\x01\x00\x00\n\x00\x00\x00\x00\x01\x00\x00\x04\x00\x00\x00\x00\x01\x00\x00\x00\x00\x00\x00\x00\x01\x00\x00\x02\x00\x00\x00\x00\x01\x00\x00\n\x00\x00\x00\x00\x01\x00\x00\x04\x00\x00\x00\x00\x01\x00\x00\x00\x00\x00\x00\x00\x01\x00\x00\x02\x00\x00\x00\x00\x01\x00\x00\n\x00\x00\x00\x00\x01\x00\x00\x04\x00\x00\x00\x00\x01\x00\x00\x00\x00\x00\x00\x00\x01\x00\x00\x02\x00\x00\x00\x00\x01\x00\x00\n\x00\x00\x00\x00\x01\x00\x00\x04\x00\x00\x00\x00\x01\x00\x00\x00\x00\x00\x00\x00\x01\x00\x00\x02\x00\x00\x00\x00\x01\x00\x00\n\x00\x00\x00\x00\x01\x00\x00\x04\x00\x00\x00\x00\x01\x00\x00\x00\x00\x00\x00\x00\x01\x00\x00\x02\x00\x00\x00\x00\x01\x00\x00\x04\x00\x00\x00\x00\x01\x00\x00\x06\x00\x00\x00\x00\x01\x00\x00\x02\x00\x00\x00\x00\x01\x00\x00\n\x00\x00\x00\x00\x01\x00\x00\x04\x00\x00\x00\x00\x01\x00\x00\x00\x00\x00\x00\x00\x01\x00\x00\x02\x00\x00\x00\x00\x01\x00\x00\n\x00\x00\x00\x00\x01\x00\x00\x04\x00\x00\x00\x00\x01\x00\x00\x00\x00\x00\x00\x00\x01\x00\x00\x02\x00\x00\x00\x00\x01\x00\x00\x04\x00\x00\x00\x00\x01\x00\x00\n\x00\x00\x00\x00\x01\x00\x00\x04\x00\x00\x00\x00\x01\x00\x00\x00\x00\x00\x00\x00\x01\x00\x00\x02\x00\x00\x00\x00\x01\x00\x00\x08\x00\x00\x00\x00\x02\x00\x00\x02\x00\x00\x00\x00\x01\x00\x00\n\x00\x00\x00\x00\x01\x00\x00\x04\x00\x00\x00\x00\x01\x00\x00\x00\x00\x00\x00\x00\x01\x00\x00\x02\x00\x00\x00\x00\x01\x00\x00\x08\x00\x00\x00\x00\x02\x00\x00\x02\x00\x00\x00\x00\x01\x00\x00\n\x00\x00\x00\x00\x01\x00\x00\x04\x00\x00\x00\x00\x01\x00\x00\x00\x00\x00\x00\x00\x01\x00\x00\x02\x00\x00\x00\x00\x01\x00\x00\x08\x00\x00\x00\x00\x02\x00\x00\x02\x00\x00\x00\x00\x01\x00\x00\n\x00\x00\x00\x00\x01\x00\x00\x04\x00\x00\x00\x00\x01\x00\x00\x00\x00\x00\x00\x00\x01\x00\x00\x02\x00\x00\x00\x00\x01\x00\x00\x06\x00\x00\x00\x00\x01\x00\x00\x02\x00\x00\x00\x00\x01\x00\x00\n\x00\x00\x00\x00\x01\x00\x00\x04\x00\x00\x00\x00\x01\x00\x00\x00\x00\x00\x00\x00\x01\x00\x00\x02\x00\x00\x00\x00\x01\x00\x00\x08\x00\x00\x00\x00\x02\x00\x00\x02\x00\x00\x00\x00\x01\x00\x00\x08\x00\x00\x00\x00\x02\x00\x00\x02\x00\x00\x00\x00\x01\x00\x00\n\x00\x00\x00\x00\x01\x00\x00\x04\x00\x00\x00\x00\x01\x00\x00\x00\x00\x00\x00\x00\x01\x00\x00\x02\x00\x00\x00\x00\x01\x00\x00\n\x00\x00\x00\x00\x01\x00\x00\x04\x00\x00\x00\x00\x01\x00\x00\x00\x00\x00\x00\x00\x01\x00\x00\x02\x00\x00\x00\x00\x01\x00\x00\x06\x00\x00\x00\x00\x01\x00\x00\x02\x00\x00\x00\x00\x01\x00\x00\n\x00\x00\x00\x00\x01\x00\x00\x04\x00\x00\x00\x00\x01\x00\x00\x00\x00\x00\x00\x00\x01\x00\x00\x02\x00\x00\x00\x00\x01\x00\x00\x04\x00\x00\x00\x00\x01\x00\x00\n\x00\x00\x00\x00\x01\x00\x00\x04\x00\x00\x00\x00\x01\x00\x00\x00\x00\x00\x00\x00\x01\x00\x00\x02\x00\x00\x00\x00\x01\x00\x00\n\x00\x00\x00\x00\x01\x00\x00\x04\x00\x00\x00\x00\x01\x00\x00\x00\x00\x00\x00\x00\x01\x00\x00\x02\x00\x00\x00\x00\x01\x00\x00\n\x00\x00\x00\x00\x01\x00\x00\x04\x00\x00\x00\x00\x01\x00\x00\x00\x00\x00\x00\x00\x01\x00\x00\x02\x00\x00\x00\x00\x01\x00\x00\x08\x00\x00\x00\x00\x02\x00\x00\x02\x00\x00\x00\x00\x01\x00\x00\n\x00\x00\x00\x00\x01\x00\x00\x04\x00\x00\x00\x00\x01\x00\x00\x00\x00\x00\x00\x00\x01\x00\x00\x02\x00\x00\x00\x00\x01\x00\x00\x06\x00\x00\x00\x00\x01\x00\x00\x02\x00\x00\x00\x00\x01\x00\x00\n\x00\x00\x00\x00\x01\x00\x00\x04\x00\x00\x00\x00\x01\x00\x00\x00\x00\x00\x00\x00\x01\x00\x00\x02\x00\x00\x00\x00\x01\x00\x00\x06\x00\x00\x00\x00\x01\x00\x00\x02\x00\x00\x00\x00\x01\x00\x00\n\x00\x00\x00\x00\x01\x00\x00\x04\x00\x00\x00\x00\x01\x00\x00\x00\x00\x00\x00\x00\x01\x00\x00\x02\x00\x00\x00\x00\x01\x00\x00\n\x00\x00\x00\x00\x01\x00\x00\x04\x00\x00\x00\x00\x01\x00\x00\x00\x00\x00\x00\x00\x01\x00\x00\x02\x00\x00\x00\x00\x01\x00\x00\n\x00\x00\x00\x00\x01\x00\x00\x04\x00\x00\x00\x00\x01\x00\x00\x00\x00\x00\x00\x00\x01\x00\x00\x02\x00\x00\x00\x00\x01\x00\x00\n\x00\x00\x00\x00\x01\x00\x00\x04\x00\x00\x00\x00\x01\x00\x00\x00\x00\x00\x00\x00\x01\x00\x00\x02\x00\x00\x00\x00\x01\x00\x00\x08\x00\x00\x00\x00\x02\x00\x00\x02\x00\x00\x00\x00\x01\x00\x00\x04\x00\x00\x00\x00\x01\x00\x00\x08\x00\x00\x00\x00\x02\x00\x00\x02\x00\x00\x00\x00\x01\x00\x00\n\x00\x00\x00\x00\x01\x00\x00\x04\x00\x00\x00\x00\x01\x00\x00\x00\x00\x00\x00\x00\x01\x00\x00\x02\x00\x00\x00\x00\x01\x00\x00\x08\x00\x00\x00\x00\x02\x00\x00\x02\x00\x00\x00\x00\x01\x00\x00\x08\x00\x00\x00\x00\x02\x00\x00\x02\x00\x00\x00\x00\x01\x00\x00\x06\x00\x00\x00\x00\x01\x00\x00\x02\x00\x00\x00\x00\x01\x00\x00\n\x00\x00\x00\x00\x01\x00\x00\x04\x00\x00\x00\x00\x01\x00\x00\x00\x00\x00\x00\x00\x01\x00\x00\x02\x00\x00\x00\x00\x01\x00\x00\n\x00\x00\x00\x00\x01\x00\x00\x04\x00\x00\x00\x00\x01\x00\x00\x00\x00\x00\x00\x00\x01\x00\x00\x02\x00\x00\x00\x00\x01\x00\x00\x06\x00\x00\x00\x00\x01\x00\x00\x02\x00\x00\x00\x00\x01\x00\x00\x08\x00\x00\x00\x00\x02\x00\x00\x02\x00\x00\x00\x00\x01\x00\x00\n\x00\x00\x00\x00\x01\x00\x00\x04\x00\x00\x00\x00\x01\x00\x00\x00\x00\x00\x00\x00\x01\x00\x00\x02\x00\x00\x00\x00\x01\x00\x00\n\x00\x00\x00\x00\x01\x00\x00\x04\x00\x00\x00\x00\x01\x00\x00\x00\x00\x00\x00\x00\x01\x00\x00\x02\x00\x00\x00\x00\x01\x00\x00\n\x00\x00\x00\x00\x01\x00\x00\x04\x00\x00\x00\x00\x01\x00\x00\x00\x00\x00\x00\x00\x01\x00\x00\x02\x00\x00\x00\x00\x01\x00\x00\n\x00\x00\x00\x00\x01\x00\x00\x04\x00\x00\x00\x00\x01\x00\x00\x00\x00\x00\x00\x00\x01\x00\x00\x02\x00\x00\x00\x00\x01\x00\x00\n\x00\x00\x00\x00\x01\x00\x00\x04\x00\x00\x00\x00\x01\x00\x00\x00\x00\x00\x00\x00\x01\x00\x00\x02\x00\x00\x00\x00\x01\x00\x00\x06\x00\x00\x00\x00\x01\x00\x00\x02\x00\x00\x00\x00\x01\x00\x00\n\x00\x00\x00\x00\x01\x00\x00\x04\x00\x00\x00\x00\x01\x00\x00\x00\x00\x00\x0
[...]
\x00\x00\x01\x14\x00\x00\x07\x02\x00\x00\r\x0e\x00\x00\x01\xa0\x00\x00\x00\xb3\x00\x00\x00\xa1\x00\x00\x05\xe2\x00\x00\x00\xd5\x00\x00\x034\x00\x00\x00\xf8\x00\x00\x00\xb6\x00\x00\x00\xbb\x00\x00\x11!\x00\x00\x01F\x00\x00\x01\x87\x00\x00\x0fM\x00\x00\x02\x10\x00\x00+\xaf\x00\x00\x04?\x00\x00!\xc8\x00\x00\x02\xf9\x00\x00\x01\xea\x00\x00!\xbd\x00\x00\x04\xea\x00\x00\x0fi\x00\x00\x02\xce\x00\x00\r\x84\x00\x00\x02\xa2\x00\x00\x02\x9d\x00\x00\x01a\x00\x00\x0b\xbd\x00\x00\x05\xb6\x00\x00\x01\xa8\x00\x00\x02{\x00\x00\x0bM\x00\x00\x05\x19\x00\x00\x01c\x00\x00\x01\xf4\x00\x00\t+\x00\x00\x02\x19\x00\x00\x02\x02\x00\x00\x02\x15\x00\x00\x06\xbd\x00\x00\x01\xae\x00\x00\x01D\x00\x00\x05\xc5\x00\x00\x02\x1d\x00\x00\x01U\x00\x00\x07\xb2\x00\x00\x01\xb3\x00\x00\x011\x00\x00\x07$\x00\x00\x04\x1f\x00\x00\x00\xe7\x00\x00\x03\xe7\x00\x00\x1f\x1d\x00\x00\x04&lt;\x00\x00\x01\xc7\x00\x00\n\x80\x00\x00\x02 \x00\x00\x01)\x00\x00\x01R\x00\x00\tU\x00\x00\x01\xd6\x00\x00\x02&lt;\x00\x00\x01F\x00\x00$/\x00\x00\x05\xa5\x00\x00\x04\x12\x00\x00\x02\r\x00\x00\x0e\xf9\x00\x00\x05\x8a\x00\x00\x01\xe1\x00\x00\t\xa8\x00\x00\x02\xc3\x00\x00\x01\xfb\x00\x00\x01^\x00\x00\x06\x89\x00\x00\x03q\x00\x00\x1e8\x00\x00\x06_\x00\x00\x027\x00\x00\x0c:\x00\x00\x1b\x06\x00\x00\x07X\x00\x00\x01\xe4\x00\x00\x07\xac\x00\x00\x1a\xb7\x00\x00\x03S\x00\x00\x02\x8f\x00\x00\x04\x80\x00\x00\r\x00\x00\x00\x02u\x00\x00\x04\xe6\x00\x00\nD\x00\x00\x02\x85\x00\x00\x02-\x00\x00\x00\xcc\x00\x00\t,\x00\x00\x01\x12\x00\x00\x04r\x00\x00\x1f\xad\x00\x00\x03\xd1\x00\x00\x04\xd2\x00\x00\x0cv\x00\x00\r\xbe\x00\x00\x01\xee\x00\x00\x013\x00\x00\x0b\x07\x00\x00\x023\x00\x00\x01\x83\x00\x00\np\x00\x00\x04\n\x00\x00\x03\x94\x00\x00\x02\xa3\x00\x00\x1b4\x00\x00\x05D\x00\x00\x02T\x00\x00\x02[\x00\x00\n\xb3\x00\x00\x01Z\x00\x00\x082\x00\x00\x02T\x00\x00\x00\xff\x00\x00\x01\xd7\x00\x00\x06\x17\x00\x00\x01\x8d\x00\x00#\xac\x00\x00\x12J\x00\x00\x02\xe4\x00\x00\x02e\x00\x00\x0b_\x00\x00\x01\xc2\x00\x00\x01\xfc\x00\x00\x01F\x00\x00\x0b\xaf\x00\x00\x01\xd6\x00\x00\x04"\x00\x00\x08\'\x00\x00\x04\xc6\x00\x00\x01\x9c\x00\x00\x01\xa9\x00\x00\x1d\xe3\x00\x00\x04\xd2\x00\x00\x03\xbe\x00\x00\x03"\x00\x00\x05\xbc\x00\x00\x01\x14\x00\x00\x1e\xe5\x00\x00\x05\x8f\x00\x00\x02\x1c\x00\x00\x03!\x00\x00\x03\x8d\x00\x00\\c\x00\x00\x05\xcb\x00\x00\x0c\xb2\x00\x00\x02\xbb\x00\x00\x04F\x00\x00\x01\x7f\x00\x00\x08\xe0\x00\x00\x04\xd4\x00\x00\x01q\x00\x00\x1f\xef\x00\x00\x036\x00\x00\x05u\x00\x00\x03\x97\x00\x00\x00\x97\x00\x00\x03\xee\x00\x00\x00\xd6\x00\x00\x00\xc7\x00\x00\x00\xac\x00\x00\x1e6\x00\x00\nP\x00\x00\x02!\x00\x00\x03z\x00\x00\x19\xbb\x00\x00\x05\xf2\x00\x00\r\xc3\x00\x00\x06\x12\x00\x00\x0b\xdd\x00\x00\x02%\x00\x00\t\xbd\x00\x00\x03\xa0\x00\x00\x03\xdb\x00\x00\x02"\x00\x00\rW\x00\x00\x02\xb1\x00\x00\x02|\x00\x00\nk\x00\x00\x06X\x00\x00\x01\x9a\x00\x00\x01\xee\x00\x00\x19\x92\x00\x00\x05\xba\x00\x00\x05%\x00\x00\x02G\x00\x00\x15\xbb\x00\x00\x03\xa1\x00\x00\x0e\x87\x00\x00\x019\x00\x00\x0b*\x00\x00\x06b\x00\x00\x01\x01\x00\x00\x06E\x00\x00\x0c\x94\x00\x00\x04!\x00\x00\x01\xcb\x00\x00\x08\x02\x00\x00\x01V\x00\x00\x1c\x10\x00\x00\x10\xc2\x00\x00\x03\x13\x00\x00\x03G\x00\x00\x0c\'\x00\x00\x05\xd7\x00\x00\x01\r\x00\x00\x00\xac\x00\x00\x04\xe7\x00\x00\x01\x17\x00\x00\x00\xa8\x00\x00\x00\x90\x00\x00\x04\x1b\x00\x00\x00\xad\x00\x00\x0e\xdc\x00\x00\x037\x00\x00\x02\xda\x00\x00\x02\x14\x00\x00\x1c_\x00\x00\x06\xfe\x00\x00\x02G\x00\x00\x01\x0e\x00\x00\x04r\x00\x00\x00\xa9\x00\x00\x05\x1b\x00\x00\x01#\x00\x00\x00\xc4\x00\x00\x00\xb2\x00\x00\rR\x00\x00\x05L\x00\x00\x02\x03\x00\x00\x02A\x00\x00\x07\xd9\x00\x00\x01+\x00\x00\x00\xa9\x00\x00\x06\xfa\x00\x00\x01I\x00\x00\x00\xb0\x00\x00\x01\x84\x00\x00\x17\xf9\x00\x00\x05\x17\x00\x00\x03\x85\x00\x00\x03\xec\x00\x00\tx\x00\x00\x02\xc1\x00\x00\x02\x04\x00\x00\x15p\x00\x00\x03}\x00\x00\x02"\x00\x00\x02\xe4\x00\x00\x07\x8f\x00\x00\x01\xd1\x00\x00\x03\x11\x00\x00\x18C\x00\x00\x04\xe1\x00\x00\x01\x96\x00\x00\x04\x05\x00\x00"\x95\x00\x00\x03\xf1\x00\x00\x1c\xe3\x00\x00\x04\x17\x00\x00\x02C\x00\x00&amp;\xb0\x00\x00\x03\x11\x00\x00\x10\xbb\x00\x00\x03J\x00\x00\x01\xf7\x00\x00\x02\x05\x00\x00\x19\x02\x00\x00\x04\x93\x00\x00\x01&gt;\x00\x00\x01\xd7\x00\x00\x17\x06\x00\x00\x07`\x00\x00\x03`\x00\x00\x04|\x00\x00\x15\x91\x00\x00\x08=\x00\x00\x02\xb9\x00\x00\x03O\x00\x00\r\r\x00\x00\x03\xc7\x00\x00\x05\x11\x00\x00\x02\x06\x00\x00\x06u\x00\x00\x05\x0b\x00\x00\x03\xb1\x00\x00\t.\x00\x00\x05\xc2\x00\x00\x01\x8d\x00\x00\x01\xbe\x00\x00\tE\x00\x00\x03U\x00\x00\x03&gt;\x00\x00\x02\xfb\x00\x00\x06\xb9\x00\x00\x18\xde\x00\x00\x05\x03\x00\x00\x02\xa9\x00\x00\x04\x8b\x00\x00\x08\x05\x00\x00\x03\xb8\x00\x00\x02H\x00\x00\x07\xf8\x00\x00\x02&lt;\x00\x00\x03\x88\x00\x00\x01Y\x00\x00\x07\xef\x00\x00\x03\xc6\x00\x00\x02\x1a\x00\x00\x16\xea\x00\x00\x05\xf2\x00\x00\x02f\x00\x00\x01\xd8\x00\x00\tW\x00\x00\x02\x06\x00\x00\x01\xce\x00\x00\x0b\x01\x00\x00\x04\xa8\x00\x00\x01\xc9\x00\x00\x00\xe0\x00\x00\x04\xbe\x00\x00\x00\xb5\x00\x00\x12B\x00\x00\x06\x12\x00\x00\x010\x00\x00\x03$\x00\x00\x0b\xd3\x00\x00\x01h\x00\x00\x01?\x00\x00\x1b\xec\x00\x00\x07\xd6\x00\x00\x01\xa9\x00\x00\x0e\x8b\x00\x00\x047\x00\x00\x02\xb6\x00\x00\x01\x9d\x00\x00\n\x0c\x00\x00\x03\x14\x00\x00\x04\xcc\x00\x00\x02\xd1\x00\x00\x07{\x00\x00\x01\xfb\x00\x00\x07\xd7\x00\x00\x02\xcc\x00\x00\x02;\x00\x00\x01n\x00\x00\t\xf7\x00\x00\x1a\x0e\x00\x00\x06-\x00\x00\x01\x89\x00\x00\x04\xa8\x00\x00\tf\x00\x00\x05\x86\x00\x00\x01\xfd\x00\x00\x01/\x00\x00\n5\x00\x00\x03\x82\x00\x00\x02\x88\x00\x00\x03v\x00\x00\x1f\xf1\x00\x00\x06\x17\x00\x00\x02\xa2\x00\x00\t\xf1\x00\x00\x04\x17\x00\x00\x01\xe4\x00\x00\x01\xef\x00\x00\x07m\x00\x00\x01\xc1\x00\x00\x1d\xc5\x00\x00\x04\xa9\x00\x00\x04H\x00\x00\x01t\x00\x00\x08\x92\x00\x00\x01\x8e\x00\x00\nJ\x00\x00\x02A\x00\x00\x01[\x00\x00\x00\xc5\x00\x00\x03\xb6\x00\x00\x00\xe7\x00\x00\x00\xb3\x00\x00\x00\x8c\x00\x00\x06\xed\x00\x00\x01\x1e\x00\x00\x00\xac\x00\x00\x01\xc2\x00\x00\x07\xdf\x00\x00\x01\xd6\x00\x00\x03,\x00\x00\x00\xbc\x00\x00\x01h\x00\x00\x00\x8e\x00\x00\x00p\x00\x00S\xf0\x00\x00\x08\xb7\x00\x00\x01A\x00\x00\x01\xae\x00\x00\x1b\x9d\x00\x00\x08\r\x00\x00\x04\x82\x00\x00\x02"\x00\x00\t\x9f\x00\x00\x03.\x00\x00\x02\x12\x00\x00\x1bX\x00\x00\x04n\x00\x00\x054\x00\x00\n+\x00\x00\x05W\x00\x00\x0ej\x00\x00\x03\xe7\x00\x00\x02\xc6\x00\x00\x02s\x00\x00\x0bw\x00\x00\x04d\x00\x00\x02?\x00\x00\x02\x9c\x00\x00\x07\xb0\x00\x00\x01b\x00\x00\x08[\x00\x00\x02\xd4\x00\x00\x04\xdf\x00\x00\x15L\x00\x00\x05\xed\x00\x00\x01\xe6\x00\x00\n\x9b\x00\x00\x0ca\x00\x00\x03\xa9\x00\x00\x02?\x00\x00\x01\xeb\x00\x00\x13\xbd\x00\x00\x081\x00\x00\x01\xdc\x00\x00\n\x01\x00\x00\x0b\xa0\x00\x00\x02\x80\x00\x00\x02:\x00\x00\x01\xd0\x00\x00\x17j\x00\x00\r\xa6\x00\x00\x02\xea\x00\x00\n\'\x00\x00\x13\xb0\x00\x00\x03c\x00\x00\x08\xae\x00\x00\x04/\x00\x00\x06Q\x00\x00\x02\\\x00\x00\x14\x00\x00\x00\x0b\xbb\x00\x00\x04-\x00\x00\x05\x93\x00\x00\x15\xc0\x00\x00\x05D\x00\x00\x03v\x00\x00\x05j\x00\x00\x08&lt;\x00\x00\x03\xc2\x00\x00\x04}\x00\x00\x02\xe1\x00\x00\x05?\x00\x00\x01\xfa\x00\x00\x01\x1b\x00\x00\x00\x18stco\x00\x00\x00\x00\x00\x00\x00\x02\x00\x00(\x8f\x00\x10 \xae\x00\x00\x00\x9fudta\x00\x00\x00\x97meta\x00\x00\x00\x00\x00\x00\x00!hdlr\x00\x00\x00\x00\x00\x00\x00\x00mdirappl\x00\x00\x00\x00\x00\x00\x00\x00\x00\x00\x00\x00jilst\x00\x00\x00%\xa9too\x00\x00\x00\x1ddata\x00\x00\x00\x01\x00\x00\x00\x00Lavf60.16.100\x00\x00\x00=cprt\x00\x00\x005data\x00\x00\x00\x01\x00\x00\x00\x00\'This video is subject to copyright.\'\x00\x00\x00\x08free\x00\x00\x0bNuuid\xbez\xcf\xcb\x97\xa9B\xe8\x9cq\x99\x94\x91\xe3\xaf\xac&lt;?xpacket begin=\'\xef\xbb\xbf\' id=\'W5M0MpCehiHzreSzNTczkc9d\'?&gt;\n&lt;x:xmpmeta xmlns:x=\'adobe:ns:meta/\' x:xmptk=\'Image::ExifTool 12.76\'&gt;\n&lt;rdf:RDF xmlns:rdf=\'http://www.w3.org/1999/02/22-rdf-syntax-ns#\'&gt;\n\n &lt;rdf:Description rdf:about=\'\'\n  xmlns:plus=\'http://ns.useplus.org/ldf/xmp/1.0/\'&gt;\n  &lt;plus:DataMining&gt;http://ns.useplus.org/ldf/vocab/DMI-PROHIBITED-EXCEPTSEARCHENGINEINDEXING&lt;/plus:DataMining&gt;\n &lt;/rdf:Description&gt;\n&lt;/rdf:RDF&gt;\n&lt;/x:xmpmeta&gt;\n                                                                                                    \n                                                                                                    \n                                                                                                    \n                                                                                                    \n                                                                                                    \n                                                                                                    \n                                                                                                    \n                                                                                                    \n                                                                                                    \n                                                                                                    \n    '... (set the log level to DEBUG or TRACE to see the full content) 
 </msg>
<msg time="2026-03-18T00:25:07.990685" level="INFO">POST Response : url=https://cp353004-team2-5.onrender.com/api/reports 
 status=201, reason=Created 
 headers={'Date': 'Tue, 17 Mar 2026 17:25:10 GMT', 'Content-Type': 'application/json; charset=utf-8', 'Transfer-Encoding': 'chunked', 'Connection': 'keep-alive', 'CF-RAY': '9dddb1e68b967991-BKK', 'access-control-allow-credentials': 'true', 'content-security-policy': "default-src 'self';base-uri 'self';font-src 'self' https: data:;form-action 'self';frame-ancestors 'self';img-src 'self' data:;object-src 'none';script-src 'self';script-src-attr 'none';style-src 'self' https: 'unsafe-inline';upgrade-insecure-requests", 'cross-origin-opener-policy': 'same-origin', 'cross-origin-resource-policy': 'same-origin', 'etag': 'W/"34f-4RXORfDNQanAhwY32KOmJYdn5vM"', 'origin-agent-cluster': '?1', 'referrer-policy': 'no-referrer', 'rndr-id': '65f796b0-656e-4b76', 'strict-transport-security': 'max-age=15552000; includeSubDomains', 'vary': 'Origin, Accept-Encoding', 'x-content-type-options': 'nosniff', 'x-dns-prefetch-control': 'off', 'x-download-options': 'noopen', 'x-frame-options': 'SAMEORIGIN', 'x-permitted-cross-domain-policies': 'none', 'x-render-origin-server': 'Render', 'x-xss-protection': '0', 'cf-cache-status': 'DYNAMIC', 'Server': 'cloudflare', 'alt-svc': 'h3=":443"; ma=86400'} 
 body={"success":true,"message":"Report created successfully","data":{"id":"cmmuvurfn001mmrufa143g81r","bookingId":"cmmuvunir001dmruf8hzpindv","passengerId":"cmmuv86sf0000mruf4lqfjp8u","category":"INAPPROPRIATE_BEHAVIOR","reportTopic":"Driver behavior after trip","reportDescription":"Passenger reports unsafe driving and rude language.","reportImages":null,"reportVideos":["https://res.cloudinary.com/dykvjo1yj/video/upload/v1773768308/reports/videos/lbamschqixz3hyjp7jb7.mp4"],"contactFirstName":"Test","contactLastName":"Passenger","contactPhoneNumber":"0800000002","contactEmail":"passenger@example.com","reportStatus":"PENDING","createdAt":"2026-03-17T17:25:10.115Z","updatedAt":"2026-03-17T17:25:10.115Z","booking":{"id":"cmmuvunir001dmruf8hzpindv","route":{"driver":{"id":"cmmuvcees0001mruffcni6npz","firstName":"Driver","lastName":"Driver!"}}}}} 
 </msg>
<msg time="2026-03-18T00:25:07.992192" level="INFO">${resp} = &lt;Response [201]&gt;</msg>
<var>${resp}</var>
<arg>url=${API_REPORTS}</arg>
<arg>headers=${headers}</arg>
<arg>data=${form}</arg>
<arg>files=${files}</arg>
<arg>expected_status=any</arg>
<doc>Sends a POST request.</doc>
<status status="PASS" start="2026-03-18T00:25:03.450280" elapsed="4.541912"/>
</kw>
<kw name="Run Keyword If" owner="BuiltIn">
<arg>${resp.status_code} != 201</arg>
<arg>Log To Console</arg>
<arg>\n[DEBUG ERROR] POST /reports:\n${resp.text}\n</arg>
<doc>Runs the given keyword with the given arguments, if ``condition`` is true.</doc>
<status status="PASS" start="2026-03-18T00:25:07.992192" elapsed="0.001007"/>
</kw>
<kw name="Should Be Equal As Integers" owner="BuiltIn">
<msg time="2026-03-18T00:25:07.994198" level="INFO">Argument types are:
&lt;class 'int'&gt;
&lt;class 'str'&gt;</msg>
<arg>${resp.status_code}</arg>
<arg>201</arg>
<doc>Fails if objects are unequal after converting them to integers.</doc>
<status status="PASS" start="2026-03-18T00:25:07.994198" elapsed="0.000000"/>
</kw>
<kw name="Set Variable" owner="BuiltIn">
<msg time="2026-03-18T00:25:07.995712" level="INFO">${json} = {'success': True, 'message': 'Report created successfully', 'data': {'id': 'cmmuvurfn001mmrufa143g81r', 'bookingId': 'cmmuvunir001dmruf8hzpindv', 'passengerId': 'cmmuv86sf0000mruf4lqfjp8u', 'category'...</msg>
<var>${json}</var>
<arg>${resp.json()}</arg>
<doc>Returns the given values which can then be assigned to a variables.</doc>
<status status="PASS" start="2026-03-18T00:25:07.995201" elapsed="0.000511"/>
</kw>
<kw name="Get From Dictionary" owner="Collections">
<msg time="2026-03-18T00:25:07.996714" level="INFO">${report_id} = cmmuvurfn001mmrufa143g81r</msg>
<var>${report_id}</var>
<arg>${json['data']}</arg>
<arg>id</arg>
<doc>Returns a value from the given ``dictionary`` based on the given ``key``.</doc>
<status status="PASS" start="2026-03-18T00:25:07.995712" elapsed="0.001002"/>
</kw>
<return>
<value>${report_id}</value>
<status status="PASS" start="2026-03-18T00:25:07.996714" elapsed="0.000000"/>
</return>
<msg time="2026-03-18T00:25:07.996714" level="INFO">${report_id} = cmmuvurfn001mmrufa143g81r</msg>
<var>${report_id}</var>
<arg>${booking_id}</arg>
<arg>${pass_token}</arg>
<status status="PASS" start="2026-03-18T00:25:03.400591" elapsed="4.596123"/>
</kw>
<kw name="Validate Report Retrieved">
<kw name="Create Dictionary" owner="BuiltIn">
<msg time="2026-03-18T00:25:07.997714" level="INFO">${headers} = {'Authorization': 'Bearer eyJhbGciOiJIUzI1NiIsInR5cCI6IkpXVCJ9.eyJzdWIiOiJjbW11djg2c2YwMDAwbXJ1ZjRscWZqcDh1Iiwicm9sZSI6IlBBU1NFTkdFUiIsImlhdCI6MTc3Mzc2ODMwNCwiZXhwIjoxNzczODU0NzA0fQ.rHwZdGLc04A6dSYRdw...</msg>
<var>${headers}</var>
<arg>Authorization=Bearer ${passenger_token}</arg>
<doc>Creates and returns a dictionary based on the given ``items``.</doc>
<status status="PASS" start="2026-03-18T00:25:07.997714" elapsed="0.000000"/>
</kw>
<kw name="GET" owner="RequestsLibrary">
<msg time="2026-03-18T00:25:08.140836" level="INFO">GET Request : url=https://cp353004-team2-5.onrender.com/api/reports/cmmuvurfn001mmrufa143g81r 
 path_url=/api/reports/cmmuvurfn001mmrufa143g81r 
 headers={'User-Agent': 'python-requests/2.32.5', 'Accept-Encoding': 'gzip, deflate', 'Accept': '*/*', 'Connection': 'keep-alive', 'Authorization': 'Bearer eyJhbGciOiJIUzI1NiIsInR5cCI6IkpXVCJ9.eyJzdWIiOiJjbW11djg2c2YwMDAwbXJ1ZjRscWZqcDh1Iiwicm9sZSI6IlBBU1NFTkdFUiIsImlhdCI6MTc3Mzc2ODMwNCwiZXhwIjoxNzczODU0NzA0fQ.rHwZdGLc04A6dSYRdwZiFlZmQ9DMz33hkDn7ATbnnsw'} 
 body=None 
 </msg>
<msg time="2026-03-18T00:25:08.140836" level="INFO">GET Response : url=https://cp353004-team2-5.onrender.com/api/reports/cmmuvurfn001mmrufa143g81r 
 status=200, reason=OK 
 headers={'Date': 'Tue, 17 Mar 2026 17:25:10 GMT', 'Content-Type': 'application/json; charset=utf-8', 'Transfer-Encoding': 'chunked', 'Connection': 'keep-alive', 'Content-Encoding': 'gzip', 'access-control-allow-credentials': 'true', 'content-security-policy': "default-src 'self';base-uri 'self';font-src 'self' https: data:;form-action 'self';frame-ancestors 'self';img-src 'self' data:;object-src 'none';script-src 'self';script-src-attr 'none';style-src 'self' https: 'unsafe-inline';upgrade-insecure-requests", 'cross-origin-opener-policy': 'same-origin', 'cross-origin-resource-policy': 'same-origin', 'etag': 'W/"5dd-AZcmQEiMyX7mhRcvMk48qfH5ZJE"', 'origin-agent-cluster': '?1', 'referrer-policy': 'no-referrer', 'rndr-id': 'b4c5b12d-ff10-43bd', 'strict-transport-security': 'max-age=15552000; includeSubDomains', 'vary': 'Origin, Accept-Encoding', 'x-content-type-options': 'nosniff', 'x-dns-prefetch-control': 'off', 'x-download-options': 'noopen', 'x-frame-options': 'SAMEORIGIN', 'x-permitted-cross-domain-policies': 'none', 'x-render-origin-server': 'Render', 'x-xss-protection': '0', 'cf-cache-status': 'DYNAMIC', 'Server': 'cloudflare', 'CF-RAY': '9dddb2032f9d7dbb-BKK', 'alt-svc': 'h3=":443"; ma=86400'} 
 body={"success":true,"message":"Report retrieved successfully","data":{"id":"cmmuvurfn001mmrufa143g81r","bookingId":"cmmuvunir001dmruf8hzpindv","passengerId":"cmmuv86sf0000mruf4lqfjp8u","category":"INAPPROPRIATE_BEHAVIOR","reportTopic":"Driver behavior after trip","reportDescription":"Passenger reports unsafe driving and rude language.","reportImages":null,"reportVideos":["https://res.cloudinary.com/dykvjo1yj/video/upload/v1773768308/reports/videos/lbamschqixz3hyjp7jb7.mp4"],"contactFirstName":"Test","contactLastName":"Passenger","contactPhoneNumber":"0800000002","contactEmail":"passenger@example.com","reportStatus":"PENDING","createdAt":"2026-03-17T17:25:10.115Z","updatedAt":"2026-03-17T17:25:10.115Z","booking":{"id":"cmmuvunir001dmruf8hzpindv","routeId":"cmmuvunfa001amrufl9nl2sit","passengerId":"cmmuv86sf0000mruf4lqfjp8u","numberOfSeats":1,"status":"CONFIRMED","passengerFinishedAt":"2026-03-17T17:25:05.446Z","cancelledAt":null,"cancelledBy":null,"cancelReason":null,"pickupLocation":{"lat":13.7563,"lng":100.5018,"address":"Pickup Point"},"dropoffLocation":{"lat":13.746,"lng":100.5231,"address":"Dropoff Point"},"createdAt":"2026-03-17T17:25:05.043Z","route":{"id":"cmmuvunfa001amrufl9nl2sit","startLocation":{"lat":13.7563,"lng":100.5018,"address":"Pickup Point"},"endLocation":{"lat":13.746,"lng":100.5231,"address":"Dropoff Point"},"departureTime":"2026-03-17T17:30:02.563Z","driver":{"id":"cmmuvcees0001mruffcni6npz","firstName":"Driver","lastName":"Driver!","profilePicture":null}}}}} 
 </msg>
<msg time="2026-03-18T00:25:08.140836" level="INFO">${resp} = &lt;Response [200]&gt;</msg>
<var>${resp}</var>
<arg>url=${API_REPORTS}/${report_id}</arg>
<arg>headers=${headers}</arg>
<doc>Sends a GET request.</doc>
<status status="PASS" start="2026-03-18T00:25:07.998714" elapsed="0.143630"/>
</kw>
<kw name="Should Be Equal As Integers" owner="BuiltIn">
<msg time="2026-03-18T00:25:08.142344" level="INFO">Argument types are:
&lt;class 'int'&gt;
&lt;class 'str'&gt;</msg>
<arg>${resp.status_code}</arg>
<arg>200</arg>
<doc>Fails if objects are unequal after converting them to integers.</doc>
<status status="PASS" start="2026-03-18T00:25:08.142344" elapsed="0.000000"/>
</kw>
<kw name="Set Variable" owner="BuiltIn">
<msg time="2026-03-18T00:25:08.143350" level="INFO">${json} = {'id': 'cmmuvurfn001mmrufa143g81r', 'bookingId': 'cmmuvunir001dmruf8hzpindv', 'passengerId': 'cmmuv86sf0000mruf4lqfjp8u', 'category': 'INAPPROPRIATE_BEHAVIOR', 'reportTopic': 'Driver behavior after tr...</msg>
<var>${json}</var>
<arg>${resp.json()['data']}</arg>
<doc>Returns the given values which can then be assigned to a variables.</doc>
<status status="PASS" start="2026-03-18T00:25:08.142344" elapsed="0.001006"/>
</kw>
<kw name="Should Be Equal" owner="BuiltIn">
<arg>${report_id}</arg>
<arg>${json['id']}</arg>
<doc>Fails if the given objects are unequal.</doc>
<status status="PASS" start="2026-03-18T00:25:08.143350" elapsed="0.001002"/>
</kw>
<kw name="Should Be Equal" owner="BuiltIn">
<arg>${CATEGORY}</arg>
<arg>${json['category']}</arg>
<doc>Fails if the given objects are unequal.</doc>
<status status="PASS" start="2026-03-18T00:25:08.144352" elapsed="0.000000"/>
</kw>
<arg>${report_id}</arg>
<arg>${pass_token}</arg>
<status status="PASS" start="2026-03-18T00:25:07.997714" elapsed="0.146638"/>
</kw>
<status status="PASS" start="2026-03-18T00:25:01.588954" elapsed="6.556398"/>
</test>
<status status="PASS" start="2026-03-18T00:25:01.451890" elapsed="6.693462"/>
</suite>
<statistics>
<total>
<stat pass="1" fail="0" skip="0">All Tests</stat>
</total>
<tag>
</tag>
<suite>
<stat name="API" id="s1" pass="1" fail="0" skip="0">API</stat>
</suite>
</statistics>
<errors>
</errors>
</robot>
