<?xml version="1.0" encoding="UTF-8"?>
<robot generator="Robot 7.4.1 (Python 3.11.9 on win32)" generated="2026-03-17T20:34:33.712474" rpa="false" schemaversion="5">
<suite id="s1" name="API" source="D:\KKU3-2\SE\Painamnae2\SE_Sec2_5_PaiNamNae\test\sprint#3\API\API.robot">
<test id="s1-t1" name="Passenger_Reports_Driver_After_Completed_Trip" line="35">
<kw name="API Login And Get Token And ID">
<kw name="Evaluate" owner="BuiltIn">
<msg time="2026-03-17T20:34:34.010113" level="INFO">${is_email} = False</msg>
<var>${is_email}</var>
<arg>"@" in "${user_input}"</arg>
<doc>Evaluates the given expression in Python and returns the result.</doc>
<status status="PASS" start="2026-03-17T20:34:34.008603" elapsed="0.001510"/>
</kw>
<kw name="Run Keyword If" owner="BuiltIn">
<kw name="Create Dictionary" owner="BuiltIn">
<arg>username=${user_input}</arg>
<arg>password=${password}</arg>
<doc>Creates and returns a dictionary based on the given ``items``.</doc>
<status status="PASS" start="2026-03-17T20:34:34.010657" elapsed="0.000000"/>
</kw>
<msg time="2026-03-17T20:34:34.010657" level="INFO">${body} = {'username': 'driver', 'password': 'Admin1234!'}</msg>
<var>${body}</var>
<arg>${is_email}</arg>
<arg>Create Dictionary</arg>
<arg>email=${user_input}</arg>
<arg>password=${password}</arg>
<arg>ELSE</arg>
<arg>Create Dictionary</arg>
<arg>username=${user_input}</arg>
<arg>password=${password}</arg>
<doc>Runs the given keyword with the given arguments, if ``condition`` is true.</doc>
<status status="PASS" start="2026-03-17T20:34:34.010113" elapsed="0.000544"/>
</kw>
<kw name="POST" owner="RequestsLibrary">
<msg time="2026-03-17T20:34:34.071740" level="INFO">POST Request : url=http://localhost:3000/api/auth/login 
 path_url=/api/auth/login 
 headers={'User-Agent': 'python-requests/2.32.3', 'Accept-Encoding': 'gzip, deflate', 'Accept': '*/*', 'Connection': 'keep-alive', 'Content-Length': '48', 'Content-Type': 'application/json'} 
 body=b'{"username": "driver", "password": "Admin1234!"}' 
 </msg>
<msg time="2026-03-17T20:34:34.071740" level="INFO">POST Response : url=http://localhost:3000/api/auth/login 
 status=200, reason=OK 
 headers={'Content-Security-Policy': "default-src 'self';base-uri 'self';font-src 'self' https: data:;form-action 'self';frame-ancestors 'self';img-src 'self' data:;object-src 'none';script-src 'self';script-src-attr 'none';style-src 'self' https: 'unsafe-inline';upgrade-insecure-requests", 'Cross-Origin-Opener-Policy': 'same-origin', 'Cross-Origin-Resource-Policy': 'same-origin', 'Origin-Agent-Cluster': '?1', 'Referrer-Policy': 'no-referrer', 'Strict-Transport-Security': 'max-age=15552000; includeSubDomains', 'X-Content-Type-Options': 'nosniff', 'X-DNS-Prefetch-Control': 'off', 'X-Download-Options': 'noopen', 'X-Frame-Options': 'SAMEORIGIN', 'X-Permitted-Cross-Domain-Policies': 'none', 'X-XSS-Protection': '0', 'Vary': 'Origin', 'Access-Control-Allow-Credentials': 'true', 'Content-Type': 'application/json; charset=utf-8', 'Content-Length': '602', 'ETag': 'W/"25a-zojtCRzRrbzbO7gPhWEhOZocRYw"', 'Date': 'Tue, 17 Mar 2026 13:34:34 GMT', 'Connection': 'keep-alive', 'Keep-Alive': 'timeout=5'} 
 body={"success":true,"message":"Login successful","data":{"token":"eyJhbGciOiJIUzI1NiIsInR5cCI6IkpXVCJ9.eyJzdWIiOiJjbW11bHdiM3QwMDAwcXA2bTdmMjZvdnRzIiwicm9sZSI6IkRSSVZFUiIsImlhdCI6MTc3Mzc1NDQ3NCwiZXhwIjoxNzczODQwODc0fQ.ctO5eGg8wIHKmju4J5u5fgudFNTxs7JDywGgMs7dNy0","user":{"id":"cmmulwb3t0000qp6m7f26ovts","firstName":"Test","lastName":"Driver","profilePicture":null,"role":"DRIVER","verificationStatus":"PENDING","autoVerifyConfidence":null,"autoVerifyHighThreshold":null,"autoVerifyLowThreshold":null,"ocrVerificationStatus":null,"ocrData":null,"passengerSuspendedUntil":null,"driverSuspendedUntil":null}}} 
 </msg>
<msg time="2026-03-17T20:34:34.071740" level="INFO">${resp} = &lt;Response [200]&gt;</msg>
<var>${resp}</var>
<arg>url=${API_LOGIN}</arg>
<arg>json=${body}</arg>
<arg>expected_status=any</arg>
<doc>Sends a POST request.</doc>
<status status="PASS" start="2026-03-17T20:34:34.010657" elapsed="0.061083"/>
</kw>
<kw name="Should Be Equal As Integers" owner="BuiltIn">
<msg time="2026-03-17T20:34:34.072772" level="INFO">Argument types are:
&lt;class 'int'&gt;
&lt;class 'str'&gt;</msg>
<arg>${resp.status_code}</arg>
<arg>200</arg>
<doc>Fails if objects are unequal after converting them to integers.</doc>
<status status="PASS" start="2026-03-17T20:34:34.071740" elapsed="0.001032"/>
</kw>
<kw name="Set Variable" owner="BuiltIn">
<msg time="2026-03-17T20:34:34.072772" level="INFO">${json} = {'success': True, 'message': 'Login successful', 'data': {'token': 'eyJhbGciOiJIUzI1NiIsInR5cCI6IkpXVCJ9.eyJzdWIiOiJjbW11bHdiM3QwMDAwcXA2bTdmMjZvdnRzIiwicm9sZSI6IkRSSVZFUiIsImlhdCI6MTc3Mzc1NDQ3NCwiZXh...</msg>
<var>${json}</var>
<arg>${resp.json()}</arg>
<doc>Returns the given values which can then be assigned to a variables.</doc>
<status status="PASS" start="2026-03-17T20:34:34.072772" elapsed="0.000000"/>
</kw>
<kw name="Get From Dictionary" owner="Collections">
<msg time="2026-03-17T20:34:34.072772" level="INFO">${token} = eyJhbGciOiJIUzI1NiIsInR5cCI6IkpXVCJ9.eyJzdWIiOiJjbW11bHdiM3QwMDAwcXA2bTdmMjZvdnRzIiwicm9sZSI6IkRSSVZFUiIsImlhdCI6MTc3Mzc1NDQ3NCwiZXhwIjoxNzczODQwODc0fQ.ctO5eGg8wIHKmju4J5u5fgudFNTxs7JDywGgMs7dNy0</msg>
<var>${token}</var>
<arg>${json['data']}</arg>
<arg>token</arg>
<doc>Returns a value from the given ``dictionary`` based on the given ``key``.</doc>
<status status="PASS" start="2026-03-17T20:34:34.072772" elapsed="0.000000"/>
</kw>
<kw name="Get From Dictionary" owner="Collections">
<msg time="2026-03-17T20:34:34.074112" level="INFO">${u_id} = cmmulwb3t0000qp6m7f26ovts</msg>
<var>${u_id}</var>
<arg>${json['data']['user']}</arg>
<arg>id</arg>
<doc>Returns a value from the given ``dictionary`` based on the given ``key``.</doc>
<status status="PASS" start="2026-03-17T20:34:34.072772" elapsed="0.001340"/>
</kw>
<return>
<value>${token}</value>
<value>${u_id}</value>
<status status="PASS" start="2026-03-17T20:34:34.074112" elapsed="0.000000"/>
</return>
<msg time="2026-03-17T20:34:34.074112" level="INFO">${driver_token} = eyJhbGciOiJIUzI1NiIsInR5cCI6IkpXVCJ9.eyJzdWIiOiJjbW11bHdiM3QwMDAwcXA2bTdmMjZvdnRzIiwicm9sZSI6IkRSSVZFUiIsImlhdCI6MTc3Mzc1NDQ3NCwiZXhwIjoxNzczODQwODc0fQ.ctO5eGg8wIHKmju4J5u5fgudFNTxs7JDywGgMs7dNy0</msg>
<msg time="2026-03-17T20:34:34.074112" level="INFO">${driver_id} = cmmulwb3t0000qp6m7f26ovts</msg>
<var>${driver_token}</var>
<var>${driver_id}</var>
<arg>${DRIVER_USER}</arg>
<arg>${DRIVER_PASS}</arg>
<status status="PASS" start="2026-03-17T20:34:34.008603" elapsed="0.065509"/>
</kw>
<kw name="API Login And Get Token And ID">
<kw name="Evaluate" owner="BuiltIn">
<msg time="2026-03-17T20:34:34.074112" level="INFO">${is_email} = False</msg>
<var>${is_email}</var>
<arg>"@" in "${user_input}"</arg>
<doc>Evaluates the given expression in Python and returns the result.</doc>
<status status="PASS" start="2026-03-17T20:34:34.074112" elapsed="0.000000"/>
</kw>
<kw name="Run Keyword If" owner="BuiltIn">
<kw name="Create Dictionary" owner="BuiltIn">
<arg>username=${user_input}</arg>
<arg>password=${password}</arg>
<doc>Creates and returns a dictionary based on the given ``items``.</doc>
<status status="PASS" start="2026-03-17T20:34:34.074112" elapsed="0.001521"/>
</kw>
<msg time="2026-03-17T20:34:34.075633" level="INFO">${body} = {'username': 'passenger', 'password': 'Admin1234!'}</msg>
<var>${body}</var>
<arg>${is_email}</arg>
<arg>Create Dictionary</arg>
<arg>email=${user_input}</arg>
<arg>password=${password}</arg>
<arg>ELSE</arg>
<arg>Create Dictionary</arg>
<arg>username=${user_input}</arg>
<arg>password=${password}</arg>
<doc>Runs the given keyword with the given arguments, if ``condition`` is true.</doc>
<status status="PASS" start="2026-03-17T20:34:34.074112" elapsed="0.001521"/>
</kw>
<kw name="POST" owner="RequestsLibrary">
<msg time="2026-03-17T20:34:34.123754" level="INFO">POST Request : url=http://localhost:3000/api/auth/login 
 path_url=/api/auth/login 
 headers={'User-Agent': 'python-requests/2.32.3', 'Accept-Encoding': 'gzip, deflate', 'Accept': '*/*', 'Connection': 'keep-alive', 'Content-Length': '51', 'Content-Type': 'application/json'} 
 body=b'{"username": "passenger", "password": "Admin1234!"}' 
 </msg>
<msg time="2026-03-17T20:34:34.123754" level="INFO">POST Response : url=http://localhost:3000/api/auth/login 
 status=200, reason=OK 
 headers={'Content-Security-Policy': "default-src 'self';base-uri 'self';font-src 'self' https: data:;form-action 'self';frame-ancestors 'self';img-src 'self' data:;object-src 'none';script-src 'self';script-src-attr 'none';style-src 'self' https: 'unsafe-inline';upgrade-insecure-requests", 'Cross-Origin-Opener-Policy': 'same-origin', 'Cross-Origin-Resource-Policy': 'same-origin', 'Origin-Agent-Cluster': '?1', 'Referrer-Policy': 'no-referrer', 'Strict-Transport-Security': 'max-age=15552000; includeSubDomains', 'X-Content-Type-Options': 'nosniff', 'X-DNS-Prefetch-Control': 'off', 'X-Download-Options': 'noopen', 'X-Frame-Options': 'SAMEORIGIN', 'X-Permitted-Cross-Domain-Policies': 'none', 'X-XSS-Protection': '0', 'Vary': 'Origin', 'Access-Control-Allow-Credentials': 'true', 'Content-Type': 'application/json; charset=utf-8', 'Content-Length': '612', 'ETag': 'W/"264-DhrGawEnI1XSu/r+s2LbARL9sFw"', 'Date': 'Tue, 17 Mar 2026 13:34:34 GMT', 'Connection': 'keep-alive', 'Keep-Alive': 'timeout=5'} 
 body={"success":true,"message":"Login successful","data":{"token":"eyJhbGciOiJIUzI1NiIsInR5cCI6IkpXVCJ9.eyJzdWIiOiJjbW11bHdiNTUwMDAxcXA2bWZyY2l6bTBjIiwicm9sZSI6IlBBU1NFTkdFUiIsImlhdCI6MTc3Mzc1NDQ3NCwiZXhwIjoxNzczODQwODc0fQ.t_9_yTSKwGcfcxX5ZDCXR4rs_2QeuwIdnv9lBui5wQY","user":{"id":"cmmulwb550001qp6mfrcizm0c","firstName":"Test","lastName":"Passenger","profilePicture":null,"role":"PASSENGER","verificationStatus":"PENDING","autoVerifyConfidence":null,"autoVerifyHighThreshold":null,"autoVerifyLowThreshold":null,"ocrVerificationStatus":null,"ocrData":null,"passengerSuspendedUntil":null,"driverSuspendedUntil":null}}} 
 </msg>
<msg time="2026-03-17T20:34:34.123754" level="INFO">${resp} = &lt;Response [200]&gt;</msg>
<var>${resp}</var>
<arg>url=${API_LOGIN}</arg>
<arg>json=${body}</arg>
<arg>expected_status=any</arg>
<doc>Sends a POST request.</doc>
<status status="PASS" start="2026-03-17T20:34:34.075633" elapsed="0.049540"/>
</kw>
<kw name="Should Be Equal As Integers" owner="BuiltIn">
<msg time="2026-03-17T20:34:34.125173" level="INFO">Argument types are:
&lt;class 'int'&gt;
&lt;class 'str'&gt;</msg>
<arg>${resp.status_code}</arg>
<arg>200</arg>
<doc>Fails if objects are unequal after converting them to integers.</doc>
<status status="PASS" start="2026-03-17T20:34:34.125173" elapsed="0.000640"/>
</kw>
<kw name="Set Variable" owner="BuiltIn">
<msg time="2026-03-17T20:34:34.125813" level="INFO">${json} = {'success': True, 'message': 'Login successful', 'data': {'token': 'eyJhbGciOiJIUzI1NiIsInR5cCI6IkpXVCJ9.eyJzdWIiOiJjbW11bHdiNTUwMDAxcXA2bWZyY2l6bTBjIiwicm9sZSI6IlBBU1NFTkdFUiIsImlhdCI6MTc3Mzc1NDQ3NCw...</msg>
<var>${json}</var>
<arg>${resp.json()}</arg>
<doc>Returns the given values which can then be assigned to a variables.</doc>
<status status="PASS" start="2026-03-17T20:34:34.125813" elapsed="0.000000"/>
</kw>
<kw name="Get From Dictionary" owner="Collections">
<msg time="2026-03-17T20:34:34.125813" level="INFO">${token} = eyJhbGciOiJIUzI1NiIsInR5cCI6IkpXVCJ9.eyJzdWIiOiJjbW11bHdiNTUwMDAxcXA2bWZyY2l6bTBjIiwicm9sZSI6IlBBU1NFTkdFUiIsImlhdCI6MTc3Mzc1NDQ3NCwiZXhwIjoxNzczODQwODc0fQ.t_9_yTSKwGcfcxX5ZDCXR4rs_2QeuwIdnv9lBui5wQY</msg>
<var>${token}</var>
<arg>${json['data']}</arg>
<arg>token</arg>
<doc>Returns a value from the given ``dictionary`` based on the given ``key``.</doc>
<status status="PASS" start="2026-03-17T20:34:34.125813" elapsed="0.000000"/>
</kw>
<kw name="Get From Dictionary" owner="Collections">
<msg time="2026-03-17T20:34:34.125813" level="INFO">${u_id} = cmmulwb550001qp6mfrcizm0c</msg>
<var>${u_id}</var>
<arg>${json['data']['user']}</arg>
<arg>id</arg>
<doc>Returns a value from the given ``dictionary`` based on the given ``key``.</doc>
<status status="PASS" start="2026-03-17T20:34:34.125813" elapsed="0.000000"/>
</kw>
<return>
<value>${token}</value>
<value>${u_id}</value>
<status status="PASS" start="2026-03-17T20:34:34.125813" elapsed="0.000000"/>
</return>
<msg time="2026-03-17T20:34:34.127332" level="INFO">${pass_token} = eyJhbGciOiJIUzI1NiIsInR5cCI6IkpXVCJ9.eyJzdWIiOiJjbW11bHdiNTUwMDAxcXA2bWZyY2l6bTBjIiwicm9sZSI6IlBBU1NFTkdFUiIsImlhdCI6MTc3Mzc1NDQ3NCwiZXhwIjoxNzczODQwODc0fQ.t_9_yTSKwGcfcxX5ZDCXR4rs_2QeuwIdnv9lBui5wQY</msg>
<msg time="2026-03-17T20:34:34.127332" level="INFO">${passenger_id} = cmmulwb550001qp6mfrcizm0c</msg>
<var>${pass_token}</var>
<var>${passenger_id}</var>
<arg>${PASSENGER_USER}</arg>
<arg>${PASSENGER_PASS}</arg>
<status status="PASS" start="2026-03-17T20:34:34.074112" elapsed="0.053220"/>
</kw>
<kw name="Create Route Ready For Booking">
<kw name="Get Driver Default Vehicle Id">
<kw name="Create Dictionary" owner="BuiltIn">
<msg time="2026-03-17T20:34:34.129342" level="INFO">${headers} = {'Authorization': 'Bearer eyJhbGciOiJIUzI1NiIsInR5cCI6IkpXVCJ9.eyJzdWIiOiJjbW11bHdiM3QwMDAwcXA2bTdmMjZvdnRzIiwicm9sZSI6IkRSSVZFUiIsImlhdCI6MTc3Mzc1NDQ3NCwiZXhwIjoxNzczODQwODc0fQ.ctO5eGg8wIHKmju4J5u5fg...</msg>
<var>${headers}</var>
<arg>Authorization=Bearer ${driver_token}</arg>
<doc>Creates and returns a dictionary based on the given ``items``.</doc>
<status status="PASS" start="2026-03-17T20:34:34.128341" elapsed="0.001001"/>
</kw>
<kw name="GET" owner="RequestsLibrary">
<msg time="2026-03-17T20:34:34.137058" level="INFO">GET Request : url=http://localhost:3000/api/vehicles 
 path_url=/api/vehicles 
 headers={'User-Agent': 'python-requests/2.32.3', 'Accept-Encoding': 'gzip, deflate', 'Accept': '*/*', 'Connection': 'keep-alive', 'Authorization': 'Bearer eyJhbGciOiJIUzI1NiIsInR5cCI6IkpXVCJ9.eyJzdWIiOiJjbW11bHdiM3QwMDAwcXA2bTdmMjZvdnRzIiwicm9sZSI6IkRSSVZFUiIsImlhdCI6MTc3Mzc1NDQ3NCwiZXhwIjoxNzczODQwODc0fQ.ctO5eGg8wIHKmju4J5u5fgudFNTxs7JDywGgMs7dNy0'} 
 body=None 
 </msg>
<msg time="2026-03-17T20:34:34.137058" level="INFO">GET Response : url=http://localhost:3000/api/vehicles 
 status=200, reason=OK 
 headers={'Content-Security-Policy': "default-src 'self';base-uri 'self';font-src 'self' https: data:;form-action 'self';frame-ancestors 'self';img-src 'self' data:;object-src 'none';script-src 'self';script-src-attr 'none';style-src 'self' https: 'unsafe-inline';upgrade-insecure-requests", 'Cross-Origin-Opener-Policy': 'same-origin', 'Cross-Origin-Resource-Policy': 'same-origin', 'Origin-Agent-Cluster': '?1', 'Referrer-Policy': 'no-referrer', 'Strict-Transport-Security': 'max-age=15552000; includeSubDomains', 'X-Content-Type-Options': 'nosniff', 'X-DNS-Prefetch-Control': 'off', 'X-Download-Options': 'noopen', 'X-Frame-Options': 'SAMEORIGIN', 'X-Permitted-Cross-Domain-Policies': 'none', 'X-XSS-Protection': '0', 'Vary': 'Origin', 'Access-Control-Allow-Credentials': 'true', 'Content-Type': 'application/json; charset=utf-8', 'Content-Length': '554', 'ETag': 'W/"22a-pDrTESyFQ22/1QaTM1ZxNhMJmIw"', 'Date': 'Tue, 17 Mar 2026 13:34:34 GMT', 'Connection': 'keep-alive', 'Keep-Alive': 'timeout=5'} 
 body={"success":true,"message":"Vehicles retrieved successfully.","data":[{"id":"cmmulwb7b0005qp6ma41tem7z","userId":"cmmulwb3t0000qp6m7f26ovts","vehicleModel":"Toyota Altis","licensePlate":"SEED-DRV-001","vehicleType":"Sedan","color":"White","seatCapacity":4,"amenities":["Air Conditioner","USB Charger"],"photos":["https://drive.google.com/file/d/1h-26H-YPd5-eyGaaV9_eosh72OpwZspE/view?usp=sharing"],"isDefault":true,"createdAt":"2026-03-17T12:46:26.231Z","updatedAt":"2026-03-17T12:46:26.231Z"}],"pagination":{"page":1,"limit":20,"total":1,"totalPages":1}} 
 </msg>
<msg time="2026-03-17T20:34:34.137058" level="INFO">${resp} = &lt;Response [200]&gt;</msg>
<var>${resp}</var>
<arg>url=${API_VEHICLES}</arg>
<arg>headers=${headers}</arg>
<doc>Sends a GET request.</doc>
<status status="PASS" start="2026-03-17T20:34:34.129342" elapsed="0.007716"/>
</kw>
<kw name="Should Be Equal As Integers" owner="BuiltIn">
<msg time="2026-03-17T20:34:34.138070" level="INFO">Argument types are:
&lt;class 'int'&gt;
&lt;class 'str'&gt;</msg>
<arg>${resp.status_code}</arg>
<arg>200</arg>
<doc>Fails if objects are unequal after converting them to integers.</doc>
<status status="PASS" start="2026-03-17T20:34:34.138070" elapsed="0.000000"/>
</kw>
<kw name="Set Variable" owner="BuiltIn">
<msg time="2026-03-17T20:34:34.139079" level="INFO">${vehicles} = [{'id': 'cmmulwb7b0005qp6ma41tem7z', 'userId': 'cmmulwb3t0000qp6m7f26ovts', 'vehicleModel': 'Toyota Altis', 'licensePlate': 'SEED-DRV-001', 'vehicleType': 'Sedan', 'color': 'White', 'seatCapacity': 4,...</msg>
<var>${vehicles}</var>
<arg>${resp.json()['data']}</arg>
<doc>Returns the given values which can then be assigned to a variables.</doc>
<status status="PASS" start="2026-03-17T20:34:34.138070" elapsed="0.001009"/>
</kw>
<kw name="Should Not Be Empty" owner="BuiltIn">
<msg time="2026-03-17T20:34:34.139079" level="INFO">Length is 1.</msg>
<arg>${vehicles}</arg>
<doc>Verifies that the given item is not empty.</doc>
<status status="PASS" start="2026-03-17T20:34:34.139079" elapsed="0.000000"/>
</kw>
<kw name="Get From List" owner="Collections">
<msg time="2026-03-17T20:34:34.139854" level="INFO">${first} = {'id': 'cmmulwb7b0005qp6ma41tem7z', 'userId': 'cmmulwb3t0000qp6m7f26ovts', 'vehicleModel': 'Toyota Altis', 'licensePlate': 'SEED-DRV-001', 'vehicleType': 'Sedan', 'color': 'White', 'seatCapacity': 4, ...</msg>
<var>${first}</var>
<arg>${vehicles}</arg>
<arg>0</arg>
<doc>Returns the value specified with an ``index`` from ``list``.</doc>
<status status="PASS" start="2026-03-17T20:34:34.139079" elapsed="0.000775"/>
</kw>
<kw name="Get From Dictionary" owner="Collections">
<msg time="2026-03-17T20:34:34.139854" level="INFO">${vehicle_id} = cmmulwb7b0005qp6ma41tem7z</msg>
<var>${vehicle_id}</var>
<arg>${first}</arg>
<arg>id</arg>
<doc>Returns a value from the given ``dictionary`` based on the given ``key``.</doc>
<status status="PASS" start="2026-03-17T20:34:34.139854" elapsed="0.000000"/>
</kw>
<return>
<value>${vehicle_id}</value>
<status status="PASS" start="2026-03-17T20:34:34.139854" elapsed="0.000000"/>
</return>
<msg time="2026-03-17T20:34:34.139854" level="INFO">${vehicle_id} = cmmulwb7b0005qp6ma41tem7z</msg>
<var>${vehicle_id}</var>
<arg>${driver_token}</arg>
<status status="PASS" start="2026-03-17T20:34:34.128341" elapsed="0.011513"/>
</kw>
<kw name="Evaluate" owner="BuiltIn">
<msg time="2026-03-17T20:34:34.140372" level="INFO">${depart} = 2026-03-17T13:39:34.140372Z</msg>
<var>${depart}</var>
<arg>(__import__('datetime').datetime.utcnow().__add__(__import__('datetime').timedelta(minutes=5))).isoformat() + "Z"</arg>
<doc>Evaluates the given expression in Python and returns the result.</doc>
<status status="PASS" start="2026-03-17T20:34:34.139854" elapsed="0.000518"/>
</kw>
<kw name="Evaluate" owner="BuiltIn">
<msg time="2026-03-17T20:34:34.140372" level="INFO">${start_loc} = {'lat': 13.7563, 'lng': 100.5018, 'address': 'Pickup Point'}</msg>
<var>${start_loc}</var>
<arg>{"lat": float(${PICKUP_LAT}), "lng": float(${PICKUP_LNG}), "address": "Pickup Point"}</arg>
<doc>Evaluates the given expression in Python and returns the result.</doc>
<status status="PASS" start="2026-03-17T20:34:34.140372" elapsed="0.000000"/>
</kw>
<kw name="Evaluate" owner="BuiltIn">
<msg time="2026-03-17T20:34:34.140372" level="INFO">${end_loc} = {'lat': 13.746, 'lng': 100.5231, 'address': 'Dropoff Point'}</msg>
<var>${end_loc}</var>
<arg>{"lat": float(${DROPOFF_LAT}), "lng": float(${DROPOFF_LNG}), "address": "Dropoff Point"}</arg>
<doc>Evaluates the given expression in Python and returns the result.</doc>
<status status="PASS" start="2026-03-17T20:34:34.140372" elapsed="0.000000"/>
</kw>
<kw name="Convert To Integer" owner="BuiltIn">
<msg time="2026-03-17T20:34:34.140372" level="INFO">${seats_int} = 1</msg>
<var>${seats_int}</var>
<arg>${SEATS}</arg>
<doc>Converts the given item to an integer number.</doc>
<status status="PASS" start="2026-03-17T20:34:34.140372" elapsed="0.000000"/>
</kw>
<kw name="Convert To Integer" owner="BuiltIn">
<msg time="2026-03-17T20:34:34.140372" level="INFO">${price_int} = 150</msg>
<var>${price_int}</var>
<arg>${PRICE_PER_SEAT}</arg>
<doc>Converts the given item to an integer number.</doc>
<status status="PASS" start="2026-03-17T20:34:34.140372" elapsed="0.001015"/>
</kw>
<kw name="Create Dictionary" owner="BuiltIn">
<msg time="2026-03-17T20:34:34.141387" level="INFO">${payload} = {'vehicleId': 'cmmulwb7b0005qp6ma41tem7z', 'startLocation': {'lat': 13.7563, 'lng': 100.5018, 'address': 'Pickup Point'}, 'endLocation': {'lat': 13.746, 'lng': 100.5231, 'address': 'Dropoff Point'}, '...</msg>
<var>${payload}</var>
<arg>vehicleId=${vehicle_id}</arg>
<arg>startLocation=${start_loc}</arg>
<arg>endLocation=${end_loc}</arg>
<arg>departureTime=${depart}</arg>
<arg>availableSeats=${seats_int}</arg>
<arg>pricePerSeat=${price_int}</arg>
<arg>routeSummary=Test route for reporting flow</arg>
<doc>Creates and returns a dictionary based on the given ``items``.</doc>
<status status="PASS" start="2026-03-17T20:34:34.141387" elapsed="0.000000"/>
</kw>
<kw name="Create Dictionary" owner="BuiltIn">
<msg time="2026-03-17T20:34:34.141387" level="INFO">${headers} = {'Authorization': 'Bearer eyJhbGciOiJIUzI1NiIsInR5cCI6IkpXVCJ9.eyJzdWIiOiJjbW11bHdiM3QwMDAwcXA2bTdmMjZvdnRzIiwicm9sZSI6IkRSSVZFUiIsImlhdCI6MTc3Mzc1NDQ3NCwiZXhwIjoxNzczODQwODc0fQ.ctO5eGg8wIHKmju4J5u5fg...</msg>
<var>${headers}</var>
<arg>Authorization=Bearer ${driver_token}</arg>
<doc>Creates and returns a dictionary based on the given ``items``.</doc>
<status status="PASS" start="2026-03-17T20:34:34.141387" elapsed="0.000000"/>
</kw>
<kw name="POST" owner="RequestsLibrary">
<msg time="2026-03-17T20:34:34.413069" level="INFO">POST Request : url=http://localhost:3000/api/routes 
 path_url=/api/routes 
 headers={'User-Agent': 'python-requests/2.32.3', 'Accept-Encoding': 'gzip, deflate', 'Accept': '*/*', 'Connection': 'keep-alive', 'Authorization': 'Bearer eyJhbGciOiJIUzI1NiIsInR5cCI6IkpXVCJ9.eyJzdWIiOiJjbW11bHdiM3QwMDAwcXA2bTdmMjZvdnRzIiwicm9sZSI6IkRSSVZFUiIsImlhdCI6MTc3Mzc1NDQ3NCwiZXhwIjoxNzczODQwODc0fQ.ctO5eGg8wIHKmju4J5u5fgudFNTxs7JDywGgMs7dNy0', 'Content-Length': '337', 'Content-Type': 'application/json'} 
 body=b'{"vehicleId": "cmmulwb7b0005qp6ma41tem7z", "startLocation": {"lat": 13.7563, "lng": 100.5018, "address": "Pickup Point"}, "endLocation": {"lat": 13.746, "lng": 100.5231, "address": "Dropoff Point"}, "departureTime": "2026-03-17T13:39:34.140372Z", "availableSeats": 1, "pricePerSeat": 150, "routeSummary": "Test route for reporting flow"}' 
 </msg>
<msg time="2026-03-17T20:34:34.413069" level="INFO">POST Response : url=http://localhost:3000/api/routes 
 status=201, reason=Created 
 headers={'Content-Security-Policy': "default-src 'self';base-uri 'self';font-src 'self' https: data:;form-action 'self';frame-ancestors 'self';img-src 'self' data:;object-src 'none';script-src 'self';script-src-attr 'none';style-src 'self' https: 'unsafe-inline';upgrade-insecure-requests", 'Cross-Origin-Opener-Policy': 'same-origin', 'Cross-Origin-Resource-Policy': 'same-origin', 'Origin-Agent-Cluster': '?1', 'Referrer-Policy': 'no-referrer', 'Strict-Transport-Security': 'max-age=15552000; includeSubDomains', 'X-Content-Type-Options': 'nosniff', 'X-DNS-Prefetch-Control': 'off', 'X-Download-Options': 'noopen', 'X-Frame-Options': 'SAMEORIGIN', 'X-Permitted-Cross-Domain-Policies': 'none', 'X-XSS-Protection': '0', 'Vary': 'Origin', 'Access-Control-Allow-Credentials': 'true', 'Content-Type': 'application/json; charset=utf-8', 'Content-Length': '7073', 'ETag': 'W/"1ba1-Ev8iFU4YWbmMvFO+9UVtlog2cGY"', 'Date': 'Tue, 17 Mar 2026 13:34:34 GMT', 'Connection': 'keep-alive', 'Keep-Alive': 'timeout=5'} 
 body={"success":true,"message":"Route created successfully","data":{"id":"cmmunm7qc0015se2elps3nhkc","driverId":"cmmulwb3t0000qp6m7f26ovts","vehicleId":"cmmulwb7b0005qp6ma41tem7z","startLocation":{"lat":13.7563,"lng":100.5018,"address":"Pickup Point"},"endLocation":{"lat":13.746,"lng":100.5231,"address":"Dropoff Point"},"departureTime":"2026-03-17T13:39:34.140Z","availableSeats":1,"pricePerSeat":150,"conditions":null,"status":"AVAILABLE","cancelledAt":null,"cancelledBy":null,"driverFinishedAt":null,"routePolyline":"}w}rAggldRK^OLQHUDUASIOMEEIUAQB]JSJKHEXg@L_@p@kFt@gH?a@m@sAUe@b@S|@c@LEJP\\?vACp@BrN`CfARFoBFuBZcJ@_ABMt@kCp@cC`AyDlBeI^eB|@qDx@kD^{Az@gDNk@DABEHQLIR@FCHALBnFl@pHl@x@HTD@KBW@KNW`@AvBT|Hn@lDVfDL`@EfB@XCRIh@i@\\Gr@HxCRr@FJAVCNGBCD}@LuABc@u@EaEa@gBQyBSKMNuBLgAXsDDs@c@CcAIuAMgBI}CUD_@PkBTaBVmCiCWuC_@aBQoFk@_AMc@IFs@Fs@","distanceMeters":5126,"durationSeconds":848,"routeSummary":"ถ.บำรุงเมือง","distance":"5.1 กม.","duration":"14 นาที","waypoints":{"requested":[],"optimizedOrder":[],"used":[],"optimize":false},"landmarks":{"overview_polyline":"}w}rAggldRK^OLQHUDUASIOMEEIUAQB]JSJKHEXg@L_@p@kFt@gH?a@m@sAUe@b@S|@c@LEJP\\?vACp@BrN`CfARFoBFuBZcJ@_ABMt@kCp@cC`AyDlBeI^eB|@qDx@kD^{Az@gDNk@DABEHQLIR@FCHALBnFl@pHl@x@HTD@KBW@KNW`@AvBT|Hn@lDVfDL`@EfB@XCRIh@i@\\Gr@HxCRr@FJAVCNGBCD}@LuABc@u@EaEa@gBQyBSKMNuBLgAXsDDs@c@CcAIuAMgBI}CUD_@PkBTaBVmCiCWuC_@aBQoFk@_AMc@IFs@Fs@"},"steps":[{"html_instructions":"มุ่งหน้าทาง&lt;b&gt;ตะวันตก&lt;/b&gt; ไปยัง &lt;b&gt;ถ. ดินสอ&lt;/b&gt;&lt;div style=\"font-size:0.9em\"&gt;ผ่าน บริษัท เทเวศประกันภัย จำกัด (มหาชน) สำนักงานใหญ่ (อีก 400ม. ทางซ้าย)&lt;/div&gt;","distance":"0.5 กม.","duration":"2 นาที","start_location":{"lat":13.7563144,"lng":100.5018025},"end_location":{"lat":13.7561294,"lng":100.5050991},"travel_mode":"DRIVING","maneuver":null},{"html_instructions":"ขับต่อไปยัง &lt;b&gt;AH123&lt;/b&gt;","distance":"0.1 กม.","duration":"1 นาที","start_location":{"lat":13.7561294,"lng":100.5050991},"end_location":{"lat":13.7564637,"lng":100.5059939},"travel_mode":"DRIVING","maneuver":null},{"html_instructions":"เลี้ยว&lt;b&gt;ขวา&lt;/b&gt; เข้าสู่ &lt;b&gt;ถ. ดำรงรักษ์&lt;/b&gt;","distance":"71 ม.","duration":"1 นาที","start_location":{"lat":13.7564637,"lng":100.5059939},"end_location":{"lat":13.755896,"lng":100.5063038},"travel_mode":"DRIVING","maneuver":"turn-right"},{"html_instructions":"เบี่ยง&lt;b&gt;ขวา&lt;/b&gt;เล็กน้อย เข้าสู่ &lt;b&gt;ถ. บริพัตร&lt;/b&gt;","distance":"0.4 กม.","duration":"1 นาที","start_location":{"lat":13.755896,"lng":100.5063038},"end_location":{"lat":13.7521416,"lng":100.5054627},"travel_mode":"DRIVING","maneuver":"turn-slight-right"},{"html_instructions":"เลี้ยว&lt;b&gt;ซ้าย&lt;/b&gt; เข้าสู่ &lt;b&gt;ถ.บำรุงเมือง&lt;/b&gt;&lt;div style=\"font-size:0.9em\"&gt;ผ่าน บริษัท โอตานี่เซฟ จำกัด (อีก 450ม. ทางขวา)&lt;/div&gt;","distance":"1.2 กม.","duration":"3 นาที","start_location":{"lat":13.7521416,"lng":100.5054627},"end_location":{"lat":13.7491898,"lng":100.5164825},"travel_mode":"DRIVING","maneuver":"turn-left"},{"html_instructions":"เลี้ยว&lt;b&gt;ขวา&lt;/b&gt; เข้าสู่ &lt;b&gt;ถ. กรุงเกษม&lt;/b&gt;","distance":"0.4 กม.","duration":"1 นาที","start_location":{"lat":13.7491898,"lng":100.5164825},"end_location":{"lat":13.7456269,"lng":100.5161236},"travel_mode":"DRIVING","maneuver":"turn-right"},{"html_instructions":"เลี้ยว&lt;b&gt;ซ้าย&lt;/b&gt; ที่ &lt;b&gt;แยก นพวงศ์&lt;/b&gt; เข้าสู่ &lt;b&gt;ถ. หลวง&lt;/b&gt;/&lt;wbr/&gt;&lt;b&gt;สะพานนพวงศ์&lt;/b&gt;","distance":"42 ม.","duration":"1 นาที","start_location":{"lat":13.7456269,"lng":100.5161236},"end_location":{"lat":13.7455114,"lng":100.5164841},"travel_mode":"DRIVING","maneuver":"turn-left"},{"html_instructions":"เลี้ยว&lt;b&gt;ขวา&lt;/b&gt; เข้าสู่ &lt;b&gt;เลียบคลองผดุงเกษม ถ&lt;/b&gt;","distance":"0.5 กม.","duration":"1 นาที","start_location":{"lat":13.7455114,"lng":100.5164841},"end_location":{"lat":13.7414411,"lng":100.515954},"travel_mode":"DRIVING","maneuver":"turn-right"},{"html_instructions":"ขับต่อไปยัง &lt;b&gt;Bangkok Railway Station Rd&lt;/b&gt;","distance":"0.4 กม.","duration":"1 นาที","start_location":{"lat":13.7414411,"lng":100.515954},"end_location":{"lat":13.7384701,"lng":100.5171052},"travel_mode":"DRIVING","maneuver":null},{"html_instructions":"เลี้ยว&lt;b&gt;ซ้าย&lt;/b&gt; เข้าสู่ &lt;b&gt;ถนน รองเมือง&lt;/b&gt;","distance":"0.3 กม.","duration":"1 นาที","start_location":{"lat":13.7384701,"lng":100.5171052},"end_location":{"lat":13.7409006,"lng":100.5175696},"travel_mode":"DRIVING","maneuver":"turn-left"},{"html_instructions":"&lt;b&gt;ถนน รองเมือง&lt;/b&gt; เลี้ยว&lt;b&gt;ขวา&lt;/b&gt;หักศอก จะเข้าสู่ &lt;b&gt;ถ. เจริญเมือง&lt;/b&gt;","distance":"0.2 กม.","duration":"1 นาที","start_location":{"lat":13.7409006,"lng":100.5175696},"end_location":{"lat":13.7405896,"lng":100.5196815},"travel_mode":"DRIVING","maneuver":null},{"html_instructions":"เลี้ยว&lt;b&gt;ซ้าย&lt;/b&gt; ที่ &lt;b&gt;แยก วัดดวงแข&lt;/b&gt; เข้าสู่ &lt;b&gt;ถนน จารุเมือง&lt;/b&gt;","distance":"0.3 กม.","duration":"1 นาที","start_location":{"lat":13.7405896,"lng":100.5196815},"end_location":{"lat":13.7428466,"lng":100.519984},"travel_mode":"DRIVING","maneuver":"turn-left"},{"html_instructions":"เลี้ยว&lt;b&gt;ขวา&lt;/b&gt; เข้าสู่ &lt;b&gt;ถนน จรัสเมือง&lt;/b&gt;","distance":"0.2 กม.","duration":"1 นาที","start_location":{"lat":13.7428466,"lng":100.519984},"end_location":{"lat":13.7424978,"lng":100.5218815},"travel_mode":"DRIVING","maneuver":"turn-right"},{"html_instructions":"เลี้ยว&lt;b&gt;ซ้าย&lt;/b&gt; เข้าสู่ &lt;b&gt;ซ. รองเมือง 5&lt;/b&gt;&lt;div style=\"font-size:0.9em\"&gt;ผ่านT.M.G. EQUIPMENT CO., LTD. (ทางขวา)&lt;/div&gt;","distance":"0.4 กม.","duration":"1 นาที","start_location":{"lat":13.7424978,"lng":100.5218815},"end_location":{"lat":13.7461347,"lng":100.522586},"travel_mode":"DRIVING","maneuver":"turn-left"},{"html_instructions":"เลี้ยว&lt;b&gt;ขวา&lt;/b&gt;&lt;div style=\"font-size:0.9em\"&gt;ปลายทางจะอยู่ทางขวา&lt;/div&gt;","distance":"57 ม.","duration":"1 นาที","start_location":{"lat":13.7461347,"lng":100.522586},"end_location":{"lat":13.7460453,"lng":100.5231083},"travel_mode":"DRIVING","maneuver":"turn-right"}],"createdAt":"2026-03-17T13:34:34.404Z","updatedAt":"2026-03-17T13:34:34.404Z"}} 
 </msg>
<msg time="2026-03-17T20:34:34.413069" level="INFO">${resp} = &lt;Response [201]&gt;</msg>
<var>${resp}</var>
<arg>url=${API_ROUTES}</arg>
<arg>headers=${headers}</arg>
<arg>json=${payload}</arg>
<arg>expected_status=any</arg>
<doc>Sends a POST request.</doc>
<status status="PASS" start="2026-03-17T20:34:34.141387" elapsed="0.271682"/>
</kw>
<kw name="Run Keyword If" owner="BuiltIn">
<arg>${resp.status_code} != 201</arg>
<arg>Log To Console</arg>
<arg>\n[DEBUG ERROR] POST /routes:\n${resp.text}\n</arg>
<doc>Runs the given keyword with the given arguments, if ``condition`` is true.</doc>
<status status="PASS" start="2026-03-17T20:34:34.413621" elapsed="0.000000"/>
</kw>
<kw name="Should Be Equal As Integers" owner="BuiltIn">
<msg time="2026-03-17T20:34:34.414637" level="INFO">Argument types are:
&lt;class 'int'&gt;
&lt;class 'str'&gt;</msg>
<arg>${resp.status_code}</arg>
<arg>201</arg>
<doc>Fails if objects are unequal after converting them to integers.</doc>
<status status="PASS" start="2026-03-17T20:34:34.413621" elapsed="0.001016"/>
</kw>
<kw name="Set Variable" owner="BuiltIn">
<msg time="2026-03-17T20:34:34.414637" level="INFO">${json} = {'success': True, 'message': 'Route created successfully', 'data': {'id': 'cmmunm7qc0015se2elps3nhkc', 'driverId': 'cmmulwb3t0000qp6m7f26ovts', 'vehicleId': 'cmmulwb7b0005qp6ma41tem7z', 'startLocation...</msg>
<var>${json}</var>
<arg>${resp.json()}</arg>
<doc>Returns the given values which can then be assigned to a variables.</doc>
<status status="PASS" start="2026-03-17T20:34:34.414637" elapsed="0.000000"/>
</kw>
<kw name="Get From Dictionary" owner="Collections">
<msg time="2026-03-17T20:34:34.414637" level="INFO">${route_id} = cmmunm7qc0015se2elps3nhkc</msg>
<var>${route_id}</var>
<arg>${json['data']}</arg>
<arg>id</arg>
<doc>Returns a value from the given ``dictionary`` based on the given ``key``.</doc>
<status status="PASS" start="2026-03-17T20:34:34.414637" elapsed="0.000000"/>
</kw>
<return>
<value>${route_id}</value>
<status status="PASS" start="2026-03-17T20:34:34.416159" elapsed="0.000000"/>
</return>
<msg time="2026-03-17T20:34:34.416159" level="INFO">${route_id} = cmmunm7qc0015se2elps3nhkc</msg>
<var>${route_id}</var>
<arg>${driver_token}</arg>
<status status="PASS" start="2026-03-17T20:34:34.128341" elapsed="0.287818"/>
</kw>
<kw name="Create Booking For Route">
<kw name="Evaluate" owner="BuiltIn">
<msg time="2026-03-17T20:34:34.416159" level="INFO">${pickup} = {'lat': 13.7563, 'lng': 100.5018, 'address': 'Pickup Point'}</msg>
<var>${pickup}</var>
<arg>{"lat": float(${PICKUP_LAT}), "lng": float(${PICKUP_LNG}), "address": "Pickup Point"}</arg>
<doc>Evaluates the given expression in Python and returns the result.</doc>
<status status="PASS" start="2026-03-17T20:34:34.416159" elapsed="0.000000"/>
</kw>
<kw name="Evaluate" owner="BuiltIn">
<msg time="2026-03-17T20:34:34.416159" level="INFO">${dropoff} = {'lat': 13.746, 'lng': 100.5231, 'address': 'Dropoff Point'}</msg>
<var>${dropoff}</var>
<arg>{"lat": float(${DROPOFF_LAT}), "lng": float(${DROPOFF_LNG}), "address": "Dropoff Point"}</arg>
<doc>Evaluates the given expression in Python and returns the result.</doc>
<status status="PASS" start="2026-03-17T20:34:34.416159" elapsed="0.000000"/>
</kw>
<kw name="Convert To Integer" owner="BuiltIn">
<msg time="2026-03-17T20:34:34.416159" level="INFO">${seats_int} = 1</msg>
<var>${seats_int}</var>
<arg>${SEATS}</arg>
<doc>Converts the given item to an integer number.</doc>
<status status="PASS" start="2026-03-17T20:34:34.416159" elapsed="0.000000"/>
</kw>
<kw name="Create Dictionary" owner="BuiltIn">
<msg time="2026-03-17T20:34:34.417693" level="INFO">${payload} = {'routeId': 'cmmunm7qc0015se2elps3nhkc', 'numberOfSeats': 1, 'pickupLocation': {'lat': 13.7563, 'lng': 100.5018, 'address': 'Pickup Point'}, 'dropoffLocation': {'lat': 13.746, 'lng': 100.5231, 'addres...</msg>
<var>${payload}</var>
<arg>routeId=${route_id}</arg>
<arg>numberOfSeats=${seats_int}</arg>
<arg>pickupLocation=${pickup}</arg>
<arg>dropoffLocation=${dropoff}</arg>
<doc>Creates and returns a dictionary based on the given ``items``.</doc>
<status status="PASS" start="2026-03-17T20:34:34.416159" elapsed="0.001534"/>
</kw>
<kw name="Create Dictionary" owner="BuiltIn">
<msg time="2026-03-17T20:34:34.417693" level="INFO">${headers} = {'Authorization': 'Bearer eyJhbGciOiJIUzI1NiIsInR5cCI6IkpXVCJ9.eyJzdWIiOiJjbW11bHdiNTUwMDAxcXA2bWZyY2l6bTBjIiwicm9sZSI6IlBBU1NFTkdFUiIsImlhdCI6MTc3Mzc1NDQ3NCwiZXhwIjoxNzczODQwODc0fQ.t_9_yTSKwGcfcxX5ZD...</msg>
<var>${headers}</var>
<arg>Authorization=Bearer ${passenger_token}</arg>
<doc>Creates and returns a dictionary based on the given ``items``.</doc>
<status status="PASS" start="2026-03-17T20:34:34.417693" elapsed="0.000000"/>
</kw>
<kw name="POST" owner="RequestsLibrary">
<msg time="2026-03-17T20:34:34.435236" level="INFO">POST Request : url=http://localhost:3000/api/bookings 
 path_url=/api/bookings 
 headers={'User-Agent': 'python-requests/2.32.3', 'Accept-Encoding': 'gzip, deflate', 'Accept': '*/*', 'Connection': 'keep-alive', 'Authorization': 'Bearer eyJhbGciOiJIUzI1NiIsInR5cCI6IkpXVCJ9.eyJzdWIiOiJjbW11bHdiNTUwMDAxcXA2bWZyY2l6bTBjIiwicm9sZSI6IlBBU1NFTkdFUiIsImlhdCI6MTc3Mzc1NDQ3NCwiZXhwIjoxNzczODQwODc0fQ.t_9_yTSKwGcfcxX5ZDCXR4rs_2QeuwIdnv9lBui5wQY', 'Content-Length': '221', 'Content-Type': 'application/json'} 
 body=b'{"routeId": "cmmunm7qc0015se2elps3nhkc", "numberOfSeats": 1, "pickupLocation": {"lat": 13.7563, "lng": 100.5018, "address": "Pickup Point"}, "dropoffLocation": {"lat": 13.746, "lng": 100.5231, "address": "Dropoff Point"}}' 
 </msg>
<msg time="2026-03-17T20:34:34.435236" level="INFO">POST Response : url=http://localhost:3000/api/bookings 
 status=201, reason=Created 
 headers={'Content-Security-Policy': "default-src 'self';base-uri 'self';font-src 'self' https: data:;form-action 'self';frame-ancestors 'self';img-src 'self' data:;object-src 'none';script-src 'self';script-src-attr 'none';style-src 'self' https: 'unsafe-inline';upgrade-insecure-requests", 'Cross-Origin-Opener-Policy': 'same-origin', 'Cross-Origin-Resource-Policy': 'same-origin', 'Origin-Agent-Cluster': '?1', 'Referrer-Policy': 'no-referrer', 'Strict-Transport-Security': 'max-age=15552000; includeSubDomains', 'X-Content-Type-Options': 'nosniff', 'X-DNS-Prefetch-Control': 'off', 'X-Download-Options': 'noopen', 'X-Frame-Options': 'SAMEORIGIN', 'X-Permitted-Cross-Domain-Policies': 'none', 'X-XSS-Protection': '0', 'Vary': 'Origin', 'Access-Control-Allow-Credentials': 'true', 'Content-Type': 'application/json; charset=utf-8', 'Content-Length': '446', 'ETag': 'W/"1be-vcLiRyo7sRiupjx5fYRR3F6gmd4"', 'Date': 'Tue, 17 Mar 2026 13:34:34 GMT', 'Connection': 'keep-alive', 'Keep-Alive': 'timeout=5'} 
 body={"success":true,"data":{"id":"cmmunm7qy0017se2ek0oofx1z","routeId":"cmmunm7qc0015se2elps3nhkc","passengerId":"cmmulwb550001qp6mfrcizm0c","numberOfSeats":1,"status":"PENDING","passengerFinishedAt":null,"cancelledAt":null,"cancelledBy":null,"cancelReason":null,"pickupLocation":{"lat":13.7563,"lng":100.5018,"address":"Pickup Point"},"dropoffLocation":{"lat":13.746,"lng":100.5231,"address":"Dropoff Point"},"createdAt":"2026-03-17T13:34:34.427Z"}} 
 </msg>
<msg time="2026-03-17T20:34:34.435236" level="INFO">${resp} = &lt;Response [201]&gt;</msg>
<var>${resp}</var>
<arg>url=${API_BOOKINGS}</arg>
<arg>headers=${headers}</arg>
<arg>json=${payload}</arg>
<arg>expected_status=any</arg>
<doc>Sends a POST request.</doc>
<status status="PASS" start="2026-03-17T20:34:34.417693" elapsed="0.017543"/>
</kw>
<kw name="Run Keyword If" owner="BuiltIn">
<arg>${resp.status_code} != 201</arg>
<arg>Log To Console</arg>
<arg>\n[DEBUG ERROR] POST /bookings:\n${resp.text}\n</arg>
<doc>Runs the given keyword with the given arguments, if ``condition`` is true.</doc>
<status status="PASS" start="2026-03-17T20:34:34.435236" elapsed="0.001831"/>
</kw>
<kw name="Should Be Equal As Integers" owner="BuiltIn">
<msg time="2026-03-17T20:34:34.437067" level="INFO">Argument types are:
&lt;class 'int'&gt;
&lt;class 'str'&gt;</msg>
<arg>${resp.status_code}</arg>
<arg>201</arg>
<doc>Fails if objects are unequal after converting them to integers.</doc>
<status status="PASS" start="2026-03-17T20:34:34.437067" elapsed="0.000000"/>
</kw>
<kw name="Set Variable" owner="BuiltIn">
<msg time="2026-03-17T20:34:34.438075" level="INFO">${json} = {'success': True, 'data': {'id': 'cmmunm7qy0017se2ek0oofx1z', 'routeId': 'cmmunm7qc0015se2elps3nhkc', 'passengerId': 'cmmulwb550001qp6mfrcizm0c', 'numberOfSeats': 1, 'status': 'PENDING', 'passengerFin...</msg>
<var>${json}</var>
<arg>${resp.json()}</arg>
<doc>Returns the given values which can then be assigned to a variables.</doc>
<status status="PASS" start="2026-03-17T20:34:34.437067" elapsed="0.001008"/>
</kw>
<kw name="Get From Dictionary" owner="Collections">
<msg time="2026-03-17T20:34:34.438075" level="INFO">${booking_id} = cmmunm7qy0017se2ek0oofx1z</msg>
<var>${booking_id}</var>
<arg>${json['data']}</arg>
<arg>id</arg>
<doc>Returns a value from the given ``dictionary`` based on the given ``key``.</doc>
<status status="PASS" start="2026-03-17T20:34:34.438075" elapsed="0.000000"/>
</kw>
<return>
<value>${booking_id}</value>
<status status="PASS" start="2026-03-17T20:34:34.438075" elapsed="0.000000"/>
</return>
<msg time="2026-03-17T20:34:34.438075" level="INFO">${booking_id} = cmmunm7qy0017se2ek0oofx1z</msg>
<var>${booking_id}</var>
<arg>${route_id}</arg>
<arg>${pass_token}</arg>
<status status="PASS" start="2026-03-17T20:34:34.416159" elapsed="0.021916"/>
</kw>
<kw name="Confirm Booking As Driver">
<kw name="Create Dictionary" owner="BuiltIn">
<msg time="2026-03-17T20:34:34.439075" level="INFO">${payload} = {'status': 'CONFIRMED'}</msg>
<var>${payload}</var>
<arg>status=CONFIRMED</arg>
<doc>Creates and returns a dictionary based on the given ``items``.</doc>
<status status="PASS" start="2026-03-17T20:34:34.439075" elapsed="0.000000"/>
</kw>
<kw name="Create Dictionary" owner="BuiltIn">
<msg time="2026-03-17T20:34:34.439075" level="INFO">${headers} = {'Authorization': 'Bearer eyJhbGciOiJIUzI1NiIsInR5cCI6IkpXVCJ9.eyJzdWIiOiJjbW11bHdiM3QwMDAwcXA2bTdmMjZvdnRzIiwicm9sZSI6IkRSSVZFUiIsImlhdCI6MTc3Mzc1NDQ3NCwiZXhwIjoxNzczODQwODc0fQ.ctO5eGg8wIHKmju4J5u5fg...</msg>
<var>${headers}</var>
<arg>Authorization=Bearer ${driver_token}</arg>
<doc>Creates and returns a dictionary based on the given ``items``.</doc>
<status status="PASS" start="2026-03-17T20:34:34.439075" elapsed="0.000000"/>
</kw>
<kw name="PATCH" owner="RequestsLibrary">
<msg time="2026-03-17T20:34:34.453871" level="INFO">PATCH Request : url=http://localhost:3000/api/bookings/cmmunm7qy0017se2ek0oofx1z/status 
 path_url=/api/bookings/cmmunm7qy0017se2ek0oofx1z/status 
 headers={'User-Agent': 'python-requests/2.32.3', 'Accept-Encoding': 'gzip, deflate', 'Accept': '*/*', 'Connection': 'keep-alive', 'Authorization': 'Bearer eyJhbGciOiJIUzI1NiIsInR5cCI6IkpXVCJ9.eyJzdWIiOiJjbW11bHdiM3QwMDAwcXA2bTdmMjZvdnRzIiwicm9sZSI6IkRSSVZFUiIsImlhdCI6MTc3Mzc1NDQ3NCwiZXhwIjoxNzczODQwODc0fQ.ctO5eGg8wIHKmju4J5u5fgudFNTxs7JDywGgMs7dNy0', 'Content-Length': '23', 'Content-Type': 'application/json'} 
 body=b'{"status": "CONFIRMED"}' 
 </msg>
<msg time="2026-03-17T20:34:34.453871" level="INFO">PATCH Response : url=http://localhost:3000/api/bookings/cmmunm7qy0017se2ek0oofx1z/status 
 status=200, reason=OK 
 headers={'Content-Security-Policy': "default-src 'self';base-uri 'self';font-src 'self' https: data:;form-action 'self';frame-ancestors 'self';img-src 'self' data:;object-src 'none';script-src 'self';script-src-attr 'none';style-src 'self' https: 'unsafe-inline';upgrade-insecure-requests", 'Cross-Origin-Opener-Policy': 'same-origin', 'Cross-Origin-Resource-Policy': 'same-origin', 'Origin-Agent-Cluster': '?1', 'Referrer-Policy': 'no-referrer', 'Strict-Transport-Security': 'max-age=15552000; includeSubDomains', 'X-Content-Type-Options': 'nosniff', 'X-DNS-Prefetch-Control': 'off', 'X-Download-Options': 'noopen', 'X-Frame-Options': 'SAMEORIGIN', 'X-Permitted-Cross-Domain-Policies': 'none', 'X-XSS-Protection': '0', 'Vary': 'Origin', 'Access-Control-Allow-Credentials': 'true', 'Content-Type': 'application/json; charset=utf-8', 'Content-Length': '448', 'ETag': 'W/"1c0-G9jUJ20/58piU/fdmKt668vr7oI"', 'Date': 'Tue, 17 Mar 2026 13:34:34 GMT', 'Connection': 'keep-alive', 'Keep-Alive': 'timeout=5'} 
 body={"success":true,"data":{"id":"cmmunm7qy0017se2ek0oofx1z","routeId":"cmmunm7qc0015se2elps3nhkc","passengerId":"cmmulwb550001qp6mfrcizm0c","numberOfSeats":1,"status":"CONFIRMED","passengerFinishedAt":null,"cancelledAt":null,"cancelledBy":null,"cancelReason":null,"pickupLocation":{"lat":13.7563,"lng":100.5018,"address":"Pickup Point"},"dropoffLocation":{"lat":13.746,"lng":100.5231,"address":"Dropoff Point"},"createdAt":"2026-03-17T13:34:34.427Z"}} 
 </msg>
<msg time="2026-03-17T20:34:34.454877" level="INFO">${resp} = &lt;Response [200]&gt;</msg>
<var>${resp}</var>
<arg>url=${API_BOOKINGS}/${booking_id}/status</arg>
<arg>headers=${headers}</arg>
<arg>json=${payload}</arg>
<doc>Sends a PUT request.</doc>
<status status="PASS" start="2026-03-17T20:34:34.439075" elapsed="0.015802"/>
</kw>
<kw name="Should Be Equal As Integers" owner="BuiltIn">
<msg time="2026-03-17T20:34:34.454877" level="INFO">Argument types are:
&lt;class 'int'&gt;
&lt;class 'str'&gt;</msg>
<arg>${resp.status_code}</arg>
<arg>200</arg>
<doc>Fails if objects are unequal after converting them to integers.</doc>
<status status="PASS" start="2026-03-17T20:34:34.454877" elapsed="0.000000"/>
</kw>
<arg>${booking_id}</arg>
<arg>${driver_token}</arg>
<status status="PASS" start="2026-03-17T20:34:34.438075" elapsed="0.016802"/>
</kw>
<kw name="Finish Trip As Driver">
<kw name="Create Dictionary" owner="BuiltIn">
<msg time="2026-03-17T20:34:34.456382" level="INFO">${headers} = {'Authorization': 'Bearer eyJhbGciOiJIUzI1NiIsInR5cCI6IkpXVCJ9.eyJzdWIiOiJjbW11bHdiM3QwMDAwcXA2bTdmMjZvdnRzIiwicm9sZSI6IkRSSVZFUiIsImlhdCI6MTc3Mzc1NDQ3NCwiZXhwIjoxNzczODQwODc0fQ.ctO5eGg8wIHKmju4J5u5fg...</msg>
<var>${headers}</var>
<arg>Authorization=Bearer ${driver_token}</arg>
<doc>Creates and returns a dictionary based on the given ``items``.</doc>
<status status="PASS" start="2026-03-17T20:34:34.454877" elapsed="0.001505"/>
</kw>
<kw name="PATCH" owner="RequestsLibrary">
<msg time="2026-03-17T20:34:34.468883" level="INFO">PATCH Request : url=http://localhost:3000/api/bookings/cmmunm7qy0017se2ek0oofx1z/finish 
 path_url=/api/bookings/cmmunm7qy0017se2ek0oofx1z/finish 
 headers={'User-Agent': 'python-requests/2.32.3', 'Accept-Encoding': 'gzip, deflate', 'Accept': '*/*', 'Connection': 'keep-alive', 'Authorization': 'Bearer eyJhbGciOiJIUzI1NiIsInR5cCI6IkpXVCJ9.eyJzdWIiOiJjbW11bHdiM3QwMDAwcXA2bTdmMjZvdnRzIiwicm9sZSI6IkRSSVZFUiIsImlhdCI6MTc3Mzc1NDQ3NCwiZXhwIjoxNzczODQwODc0fQ.ctO5eGg8wIHKmju4J5u5fgudFNTxs7JDywGgMs7dNy0', 'Content-Length': '0'} 
 body=None 
 </msg>
<msg time="2026-03-17T20:34:34.468883" level="INFO">PATCH Response : url=http://localhost:3000/api/bookings/cmmunm7qy0017se2ek0oofx1z/finish 
 status=200, reason=OK 
 headers={'Content-Security-Policy': "default-src 'self';base-uri 'self';font-src 'self' https: data:;form-action 'self';frame-ancestors 'self';img-src 'self' data:;object-src 'none';script-src 'self';script-src-attr 'none';style-src 'self' https: 'unsafe-inline';upgrade-insecure-requests", 'Cross-Origin-Opener-Policy': 'same-origin', 'Cross-Origin-Resource-Policy': 'same-origin', 'Origin-Agent-Cluster': '?1', 'Referrer-Policy': 'no-referrer', 'Strict-Transport-Security': 'max-age=15552000; includeSubDomains', 'X-Content-Type-Options': 'nosniff', 'X-DNS-Prefetch-Control': 'off', 'X-Download-Options': 'noopen', 'X-Frame-Options': 'SAMEORIGIN', 'X-Permitted-Cross-Domain-Policies': 'none', 'X-XSS-Protection': '0', 'Vary': 'Origin', 'Access-Control-Allow-Credentials': 'true', 'Content-Type': 'application/json; charset=utf-8', 'Content-Length': '194', 'ETag': 'W/"c2-vscpO8mKzCx7t1FwpZvs/5LK2tE"', 'Date': 'Tue, 17 Mar 2026 13:34:34 GMT', 'Connection': 'keep-alive', 'Keep-Alive': 'timeout=5'} 
 body={"success":true,"data":{"bookingId":"cmmunm7qy0017se2ek0oofx1z","routeId":"cmmunm7qc0015se2elps3nhkc","driverFinishedAt":"2026-03-17T13:34:34.462Z","passengerFinishedAt":null,"completed":false}} 
 </msg>
<msg time="2026-03-17T20:34:34.468883" level="INFO">${resp} = &lt;Response [200]&gt;</msg>
<var>${resp}</var>
<arg>url=${API_BOOKINGS}/${booking_id}/finish</arg>
<arg>headers=${headers}</arg>
<doc>Sends a PUT request.</doc>
<status status="PASS" start="2026-03-17T20:34:34.456382" elapsed="0.012501"/>
</kw>
<kw name="Should Be Equal As Integers" owner="BuiltIn">
<msg time="2026-03-17T20:34:34.470230" level="INFO">Argument types are:
&lt;class 'int'&gt;
&lt;class 'str'&gt;</msg>
<arg>${resp.status_code}</arg>
<arg>200</arg>
<doc>Fails if objects are unequal after converting them to integers.</doc>
<status status="PASS" start="2026-03-17T20:34:34.470230" elapsed="0.000000"/>
</kw>
<arg>${booking_id}</arg>
<arg>${driver_token}</arg>
<status status="PASS" start="2026-03-17T20:34:34.454877" elapsed="0.015353"/>
</kw>
<kw name="Finish Trip As Passenger">
<kw name="Create Dictionary" owner="BuiltIn">
<msg time="2026-03-17T20:34:34.471240" level="INFO">${headers} = {'Authorization': 'Bearer eyJhbGciOiJIUzI1NiIsInR5cCI6IkpXVCJ9.eyJzdWIiOiJjbW11bHdiNTUwMDAxcXA2bWZyY2l6bTBjIiwicm9sZSI6IlBBU1NFTkdFUiIsImlhdCI6MTc3Mzc1NDQ3NCwiZXhwIjoxNzczODQwODc0fQ.t_9_yTSKwGcfcxX5ZD...</msg>
<var>${headers}</var>
<arg>Authorization=Bearer ${passenger_token}</arg>
<doc>Creates and returns a dictionary based on the given ``items``.</doc>
<status status="PASS" start="2026-03-17T20:34:34.471240" elapsed="0.000000"/>
</kw>
<kw name="PATCH" owner="RequestsLibrary">
<msg time="2026-03-17T20:34:34.485659" level="INFO">PATCH Request : url=http://localhost:3000/api/bookings/cmmunm7qy0017se2ek0oofx1z/finish 
 path_url=/api/bookings/cmmunm7qy0017se2ek0oofx1z/finish 
 headers={'User-Agent': 'python-requests/2.32.3', 'Accept-Encoding': 'gzip, deflate', 'Accept': '*/*', 'Connection': 'keep-alive', 'Authorization': 'Bearer eyJhbGciOiJIUzI1NiIsInR5cCI6IkpXVCJ9.eyJzdWIiOiJjbW11bHdiNTUwMDAxcXA2bWZyY2l6bTBjIiwicm9sZSI6IlBBU1NFTkdFUiIsImlhdCI6MTc3Mzc1NDQ3NCwiZXhwIjoxNzczODQwODc0fQ.t_9_yTSKwGcfcxX5ZDCXR4rs_2QeuwIdnv9lBui5wQY', 'Content-Length': '0'} 
 body=None 
 </msg>
<msg time="2026-03-17T20:34:34.485659" level="INFO">PATCH Response : url=http://localhost:3000/api/bookings/cmmunm7qy0017se2ek0oofx1z/finish 
 status=200, reason=OK 
 headers={'Content-Security-Policy': "default-src 'self';base-uri 'self';font-src 'self' https: data:;form-action 'self';frame-ancestors 'self';img-src 'self' data:;object-src 'none';script-src 'self';script-src-attr 'none';style-src 'self' https: 'unsafe-inline';upgrade-insecure-requests", 'Cross-Origin-Opener-Policy': 'same-origin', 'Cross-Origin-Resource-Policy': 'same-origin', 'Origin-Agent-Cluster': '?1', 'Referrer-Policy': 'no-referrer', 'Strict-Transport-Security': 'max-age=15552000; includeSubDomains', 'X-Content-Type-Options': 'nosniff', 'X-DNS-Prefetch-Control': 'off', 'X-Download-Options': 'noopen', 'X-Frame-Options': 'SAMEORIGIN', 'X-Permitted-Cross-Domain-Policies': 'none', 'X-XSS-Protection': '0', 'Vary': 'Origin', 'Access-Control-Allow-Credentials': 'true', 'Content-Type': 'application/json; charset=utf-8', 'Content-Length': '215', 'ETag': 'W/"d7-VYJ9fYyvk5ZUqTWKauF9x2PMiqA"', 'Date': 'Tue, 17 Mar 2026 13:34:34 GMT', 'Connection': 'keep-alive', 'Keep-Alive': 'timeout=5'} 
 body={"success":true,"data":{"bookingId":"cmmunm7qy0017se2ek0oofx1z","routeId":"cmmunm7qc0015se2elps3nhkc","driverFinishedAt":"2026-03-17T13:34:34.462Z","passengerFinishedAt":"2026-03-17T13:34:34.478Z","completed":true}} 
 </msg>
<msg time="2026-03-17T20:34:34.485659" level="INFO">${resp} = &lt;Response [200]&gt;</msg>
<var>${resp}</var>
<arg>url=${API_BOOKINGS}/${booking_id}/finish</arg>
<arg>headers=${headers}</arg>
<doc>Sends a PUT request.</doc>
<status status="PASS" start="2026-03-17T20:34:34.471240" elapsed="0.014419"/>
</kw>
<kw name="Should Be Equal As Integers" owner="BuiltIn">
<msg time="2026-03-17T20:34:34.486660" level="INFO">Argument types are:
&lt;class 'int'&gt;
&lt;class 'str'&gt;</msg>
<arg>${resp.status_code}</arg>
<arg>200</arg>
<doc>Fails if objects are unequal after converting them to integers.</doc>
<status status="PASS" start="2026-03-17T20:34:34.485659" elapsed="0.001001"/>
</kw>
<arg>${booking_id}</arg>
<arg>${pass_token}</arg>
<status status="PASS" start="2026-03-17T20:34:34.471240" elapsed="0.015420"/>
</kw>
<kw name="Verify Can Report Booking">
<kw name="Create Dictionary" owner="BuiltIn">
<msg time="2026-03-17T20:34:34.487659" level="INFO">${headers} = {'Authorization': 'Bearer eyJhbGciOiJIUzI1NiIsInR5cCI6IkpXVCJ9.eyJzdWIiOiJjbW11bHdiNTUwMDAxcXA2bWZyY2l6bTBjIiwicm9sZSI6IlBBU1NFTkdFUiIsImlhdCI6MTc3Mzc1NDQ3NCwiZXhwIjoxNzczODQwODc0fQ.t_9_yTSKwGcfcxX5ZD...</msg>
<var>${headers}</var>
<arg>Authorization=Bearer ${passenger_token}</arg>
<doc>Creates and returns a dictionary based on the given ``items``.</doc>
<status status="PASS" start="2026-03-17T20:34:34.486660" elapsed="0.000999"/>
</kw>
<kw name="GET" owner="RequestsLibrary">
<msg time="2026-03-17T20:34:34.502266" level="INFO">GET Request : url=http://localhost:3000/api/reports/check-can-report/cmmunm7qy0017se2ek0oofx1z 
 path_url=/api/reports/check-can-report/cmmunm7qy0017se2ek0oofx1z 
 headers={'User-Agent': 'python-requests/2.32.3', 'Accept-Encoding': 'gzip, deflate', 'Accept': '*/*', 'Connection': 'keep-alive', 'Authorization': 'Bearer eyJhbGciOiJIUzI1NiIsInR5cCI6IkpXVCJ9.eyJzdWIiOiJjbW11bHdiNTUwMDAxcXA2bWZyY2l6bTBjIiwicm9sZSI6IlBBU1NFTkdFUiIsImlhdCI6MTc3Mzc1NDQ3NCwiZXhwIjoxNzczODQwODc0fQ.t_9_yTSKwGcfcxX5ZDCXR4rs_2QeuwIdnv9lBui5wQY'} 
 body=None 
 </msg>
<msg time="2026-03-17T20:34:34.502266" level="INFO">GET Response : url=http://localhost:3000/api/reports/check-can-report/cmmunm7qy0017se2ek0oofx1z 
 status=200, reason=OK 
 headers={'Content-Security-Policy': "default-src 'self';base-uri 'self';font-src 'self' https: data:;form-action 'self';frame-ancestors 'self';img-src 'self' data:;object-src 'none';script-src 'self';script-src-attr 'none';style-src 'self' https: 'unsafe-inline';upgrade-insecure-requests", 'Cross-Origin-Opener-Policy': 'same-origin', 'Cross-Origin-Resource-Policy': 'same-origin', 'Origin-Agent-Cluster': '?1', 'Referrer-Policy': 'no-referrer', 'Strict-Transport-Security': 'max-age=15552000; includeSubDomains', 'X-Content-Type-Options': 'nosniff', 'X-DNS-Prefetch-Control': 'off', 'X-Download-Options': 'noopen', 'X-Frame-Options': 'SAMEORIGIN', 'X-Permitted-Cross-Domain-Policies': 'none', 'X-XSS-Protection': '0', 'Vary': 'Origin', 'Access-Control-Allow-Credentials': 'true', 'Content-Type': 'application/json; charset=utf-8', 'Content-Length': '542', 'ETag': 'W/"21e-G8ZQdwKmZ+wMjUZa7jrAAUyws+M"', 'Date': 'Tue, 17 Mar 2026 13:34:34 GMT', 'Connection': 'keep-alive', 'Keep-Alive': 'timeout=5'} 
 body={"success":true,"data":{"canReport":true,"daysRemaining":3,"booking":{"id":"cmmunm7qy0017se2ek0oofx1z","route":{"locationFrom":{"lat":13.7563,"lng":100.5018,"address":"Pickup Point"},"locationTo":{"lat":13.746,"lng":100.5231,"address":"Dropoff Point"},"updatedAt":"2026-03-17T13:34:34.481Z","driver":{"id":"cmmulwb3t0000qp6m7f26ovts","firstName":"Test","lastName":"Driver","profilePicture":null},"vehicle":{"id":"cmmulwb7b0005qp6ma41tem7z","vehicleModel":"Toyota Altis","vehicleType":"Sedan","color":"White","licensePlate":"SEED-DRV-001"}}}}} 
 </msg>
<msg time="2026-03-17T20:34:34.502266" level="INFO">${resp} = &lt;Response [200]&gt;</msg>
<var>${resp}</var>
<arg>url=${API_REPORTS}/check-can-report/${booking_id}</arg>
<arg>headers=${headers}</arg>
<doc>Sends a GET request.</doc>
<status status="PASS" start="2026-03-17T20:34:34.487659" elapsed="0.014607"/>
</kw>
<kw name="Should Be Equal As Integers" owner="BuiltIn">
<msg time="2026-03-17T20:34:34.503267" level="INFO">Argument types are:
&lt;class 'int'&gt;
&lt;class 'str'&gt;</msg>
<arg>${resp.status_code}</arg>
<arg>200</arg>
<doc>Fails if objects are unequal after converting them to integers.</doc>
<status status="PASS" start="2026-03-17T20:34:34.503267" elapsed="0.000000"/>
</kw>
<kw name="Set Variable" owner="BuiltIn">
<msg time="2026-03-17T20:34:34.504320" level="INFO">${json} = {'canReport': True, 'daysRemaining': 3, 'booking': {'id': 'cmmunm7qy0017se2ek0oofx1z', 'route': {'locationFrom': {'lat': 13.7563, 'lng': 100.5018, 'address': 'Pickup Point'}, 'locationTo': {'lat': 13....</msg>
<var>${json}</var>
<arg>${resp.json()['data']}</arg>
<doc>Returns the given values which can then be assigned to a variables.</doc>
<status status="PASS" start="2026-03-17T20:34:34.503267" elapsed="0.001053"/>
</kw>
<kw name="Get From Dictionary" owner="Collections">
<msg time="2026-03-17T20:34:34.504320" level="INFO">${can_report} = True</msg>
<var>${can_report}</var>
<arg>${json}</arg>
<arg>canReport</arg>
<doc>Returns a value from the given ``dictionary`` based on the given ``key``.</doc>
<status status="PASS" start="2026-03-17T20:34:34.504320" elapsed="0.000000"/>
</kw>
<kw name="Should Be True" owner="BuiltIn">
<arg>${can_report}</arg>
<doc>Fails if the given condition is not true.</doc>
<status status="PASS" start="2026-03-17T20:34:34.504320" elapsed="0.000000"/>
</kw>
<arg>${booking_id}</arg>
<arg>${pass_token}</arg>
<status status="PASS" start="2026-03-17T20:34:34.486660" elapsed="0.017660"/>
</kw>
<kw name="Create Report With Media">
<kw name="Create Dictionary" owner="BuiltIn">
<msg time="2026-03-17T20:34:34.505477" level="INFO">${headers} = {'Authorization': 'Bearer eyJhbGciOiJIUzI1NiIsInR5cCI6IkpXVCJ9.eyJzdWIiOiJjbW11bHdiNTUwMDAxcXA2bWZyY2l6bTBjIiwicm9sZSI6IlBBU1NFTkdFUiIsImlhdCI6MTc3Mzc1NDQ3NCwiZXhwIjoxNzczODQwODc0fQ.t_9_yTSKwGcfcxX5ZD...</msg>
<var>${headers}</var>
<arg>Authorization=Bearer ${passenger_token}</arg>
<doc>Creates and returns a dictionary based on the given ``items``.</doc>
<status status="PASS" start="2026-03-17T20:34:34.504320" elapsed="0.001157"/>
</kw>
<kw name="Create Dictionary" owner="BuiltIn">
<msg time="2026-03-17T20:34:34.505477" level="INFO">${form} = {'bookingId': 'cmmunm7qy0017se2ek0oofx1z', 'category': 'INAPPROPRIATE_BEHAVIOR', 'reportTopic': 'Driver behavior after trip', 'reportDescription': 'Passenger reports unsafe driving and rude language.'...</msg>
<var>${form}</var>
<arg>bookingId=${booking_id}</arg>
<arg>category=${CATEGORY}</arg>
<arg>reportTopic=${REPORT_TOPIC}</arg>
<arg>reportDescription=${REPORT_DESC}</arg>
<arg>contactFirstName=${CONTACT_FIRST}</arg>
<arg>contactLastName=${CONTACT_LAST}</arg>
<arg>contactPhoneNumber=${CONTACT_PHONE}</arg>
<arg>contactEmail=${CONTACT_EMAIL}</arg>
<doc>Creates and returns a dictionary based on the given ``items``.</doc>
<status status="PASS" start="2026-03-17T20:34:34.505477" elapsed="0.000000"/>
</kw>
<kw name="Get Binary File" owner="OperatingSystem">
<msg time="2026-03-17T20:34:34.505477" level="INFO" html="true">Getting file '&lt;a href="file://D:\KKU3-2\SE\Painamnae2\SE_Sec2_5_PaiNamNae\test\sprint#3\API\VideoForTest\Video1.mp4"&gt;D:\KKU3-2\SE\Painamnae2\SE_Sec2_5_PaiNamNae\test\sprint#3\API\VideoForTest\Video1.mp4&lt;/a&gt;'.</msg>
<msg time="2026-03-17T20:34:34.508206" level="INFO">${file_data} =  ftypisomisomiso2avc1mp41moovlmvhdèY@þtrak\tkhdY...</msg>
<var>${file_data}</var>
<arg>${REPORT_VIDEO}</arg>
<doc>Returns the contents of a specified file.</doc>
<status status="PASS" start="2026-03-17T20:34:34.505477" elapsed="0.002729"/>
</kw>
<kw name="Evaluate" owner="BuiltIn">
<msg time="2026-03-17T20:34:34.520556" level="INFO">${file_tuple} = ('video1.mp4', b'\x00\x00\x00 ftypisom\x00\x00\x02\x00isomiso2avc1mp41\x00\x00\x1d\x11moov\x00\x00\x00lmvhd\x00\x00\x00\x00\x00\x00\x00\x00\x00\x00\x00\x00\x00\x00\x03\xe8\x00\x00Y\x10\x00\x01\x00\x00...</msg>
<var>${file_tuple}</var>
<arg>('video1.mp4', $file_data, 'video/mp4')</arg>
<doc>Evaluates the given expression in Python and returns the result.</doc>
<status status="PASS" start="2026-03-17T20:34:34.508206" elapsed="0.012350"/>
</kw>
<kw name="Create Dictionary" owner="BuiltIn">
<msg time="2026-03-17T20:34:34.531071" level="INFO">${files} = {'media': ('video1.mp4', b'\x00\x00\x00 ftypisom\x00\x00\x02\x00isomiso2avc1mp41\x00\x00\x1d\x11moov\x00\x00\x00lmvhd\x00\x00\x00\x00\x00\x00\x00\x00\x00\x00\x00\x00\x00\x00\x03\xe8\x00\x00Y\x10\x00\x...</msg>
<var>${files}</var>
<arg>media=${file_tuple}</arg>
<doc>Creates and returns a dictionary based on the given ``items``.</doc>
<status status="PASS" start="2026-03-17T20:34:34.520556" elapsed="0.010515"/>
</kw>
<kw name="POST" owner="RequestsLibrary">
<msg time="2026-03-17T20:34:38.185068" level="INFO">POST Request : url=http://localhost:3000/api/reports 
 path_url=/api/reports 
 headers={'User-Agent': 'python-requests/2.32.3', 'Accept-Encoding': 'gzip, deflate', 'Accept': '*/*', 'Connection': 'keep-alive', 'Authorization': 'Bearer eyJhbGciOiJIUzI1NiIsInR5cCI6IkpXVCJ9.eyJzdWIiOiJjbW11bHdiNTUwMDAxcXA2bWZyY2l6bTBjIiwicm9sZSI6IlBBU1NFTkdFUiIsImlhdCI6MTc3Mzc1NDQ3NCwiZXhwIjoxNzczODQwODc0fQ.t_9_yTSKwGcfcxX5ZDCXR4rs_2QeuwIdnv9lBui5wQY', 'Content-Length': '1084931', 'Content-Type': 'multipart/form-data; boundary=b8a90bde51c1370fdf697ac7cedf3754'} 
 body=b'--b8a90bde51c1370fdf697ac7cedf3754\r\nContent-Disposition: form-data; name="bookingId"\r\n\r\ncmmunm7qy0017se2ek0oofx1z\r\n--b8a90bde51c1370fdf697ac7cedf3754\r\nContent-Disposition: form-data; name="category"\r\n\r\nINAPPROPRIATE_BEHAVIOR\r\n--b8a90bde51c1370fdf697ac7cedf3754\r\nContent-Disposition: form-data; name="reportTopic"\r\n\r\nDriver behavior after trip\r\n--b8a90bde51c1370fdf697ac7cedf3754\r\nContent-Disposition: form-data; name="reportDescription"\r\n\r\nPassenger reports unsafe driving and rude language.\r\n--b8a90bde51c1370fdf697ac7cedf3754\r\nContent-Disposition: form-data; name="contactFirstName"\r\n\r\nTest\r\n--b8a90bde51c1370fdf697ac7cedf3754\r\nContent-Disposition: form-data; name="contactLastName"\r\n\r\nPassenger\r\n--b8a90bde51c1370fdf697ac7cedf3754\r\nContent-Disposition: form-data; name="contactPhoneNumber"\r\n\r\n0800000002\r\n--b8a90bde51c1370fdf697ac7cedf3754\r\nContent-Disposition: form-data; name="contactEmail"\r\n\r\npassenger@example.com\r\n--b8a90bde51c1370fdf697ac7cedf3754\r\nContent-Disposition: form-data; name="media"; filename="video1.mp4"\r\nContent-Type: video/mp4\r\n\r\n\x00\x00\x00 ftypisom\x00\x00\x02\x00isomiso2avc1mp41\x00\x00\x1d\x11moov\x00\x00\x00lmvhd\x00\x00\x00\x00\x00\x00\x00\x00\x00\x00\x00\x00\x00\x00\x03\xe8\x00\x00Y\x10\x00\x01\x00\x00\x01\x00\x00\x00\x00\x00\x00\x00\x00\x00\x00\x00\x00\x01\x00\x00\x00\x00\x00\x00\x00\x00\x00\x00\x00\x00\x00\x00\x00\x01\x00\x00\x00\x00\x00\x00\x00\x00\x00\x00\x00\x00\x00\x00@\x00\x00\x00\x00\x00\x00\x00\x00\x00\x00\x00\x00\x00\x00\x00\x00\x00\x00\x00\x00\x00\x00\x00\x00\x00\x00\x00\x00\x00\x00\x02\x00\x00\x1b\xfetrak\x00\x00\x00\\tkhd\x00\x00\x00\x03\x00\x00\x00\x00\x00\x00\x00\x00\x00\x00\x00\x01\x00\x00\x00\x00\x00\x00Y\x10\x00\x00\x00\x00\x00\x00\x00\x00\x00\x00\x00\x00\x00\x00\x00\x00\x00\x01\x00\x00\x00\x00\x00\x00\x00\x00\x00\x00\x00\x00\x00\x00\x00\x01\x00\x00\x00\x00\x00\x00\x00\x00\x00\x00\x00\x00\x00\x00@\x00\x00\x00\x03\x00\x00\x00\x01\xb0\x00\x00\x00\x00\x00$edts\x00\x00\x00\x1celst\x00\x00\x00\x00\x00\x00\x00\x01\x00\x00Y\x10\x00\x00\x04\x00\x00\x01\x00\x00\x00\x00\x1bvmdia\x00\x00\x00 mdhd\x00\x00\x00\x00\x00\x00\x00\x00\x00\x00\x00\x00\x00\x002\x00\x00\x04t\x00U\xc4\x00\x00\x00\x00\x00-hdlr\x00\x00\x00\x00\x00\x00\x00\x00vide\x00\x00\x00\x00\x00\x00\x00\x00\x00\x00\x00\x00VideoHandler\x00\x00\x00\x1b!minf\x00\x00\x00\x14vmhd\x00\x00\x00\x01\x00\x00\x00\x00\x00\x00\x00\x00\x00\x00\x00$dinf\x00\x00\x00\x1cdref\x00\x00\x00\x00\x00\x00\x00\x01\x00\x00\x00\x0curl \x00\x00\x00\x01\x00\x00\x1a\xe1stbl\x00\x00\x00\xd1stsd\x00\x00\x00\x00\x00\x00\x00\x01\x00\x00\x00\xc1avc1\x00\x00\x00\x00\x00\x00\x00\x01\x00\x00\x00\x00\x00\x00\x00\x00\x00\x00\x00\x00\x00\x00\x00\x00\x03\x00\x01\xb0\x00H\x00\x00\x00H\x00\x00\x00\x00\x00\x00\x00\x01\x15Lavc60.31.102 libx264\x00\x00\x00\x00\x00\x00\x00\x00\x00\x00\x00\x18\xff\xff\x00\x00\x004avcC\x01M@\x1f\xff\xe1\x00\x1cgM@\x1f\xec\xa0`\x1b\xd8\x0bP\x10\x10\x14\x00\x00\x03\x00\x04\x00\x00\x03\x00\xc8&lt;`\xc6X\x01\x00\x05h\xe98\xf2\xc8\x00\x00\x00\x13colrnclx\x00\x01\x00\x01\x00\x01\x00\x00\x00\x00\x10pasp\x00\x00\x00\x01\x00\x00\x00\x01\x00\x00\x00\x14btrt\x00\x00\x00\x00\x00&amp;%\xa0\x00\x05\xbfJ\x00\x00\x00\x18stts\x00\x00\x00\x00\x00\x00\x00\x01\x00\x00\x02:\x00\x00\x02\x00\x00\x00\x00\x1cstss\x00\x00\x00\x00\x00\x00\x00\x03\x00\x00\x00\x01\x00\x00\x00\xfb\x00\x00\x01\xf5\x00\x00\x10\x98ctts\x00\x00\x00\x00\x00\x00\x02\x11\x00\x00\x00\x01\x00\x00\x04\x00\x00\x00\x00\x01\x00\x00\n\x00\x00\x00\x00\x01\x00\x00\x04\x00\x00\x00\x00\x01\x00\x00\x00\x00\x00\x00\x00\x01\x00\x00\x02\x00\x00\x00\x00\x01\x00\x00\n\x00\x00\x00\x00\x01\x00\x00\x04\x00\x00\x00\x00\x01\x00\x00\x00\x00\x00\x00\x00\x01\x00\x00\x02\x00\x00\x00\x00\x01\x00\x00\x08\x00\x00\x00\x00\x02\x00\x00\x02\x00\x00\x00\x00\x01\x00\x00\n\x00\x00\x00\x00\x01\x00\x00\x04\x00\x00\x00\x00\x01\x00\x00\x00\x00\x00\x00\x00\x01\x00\x00\x02\x00\x00\x00\x00\x01\x00\x00\n\x00\x00\x00\x00\x01\x00\x00\x04\x00\x00\x00\x00\x01\x00\x00\x00\x00\x00\x00\x00\x01\x00\x00\x02\x00\x00\x00\x00\x01\x00\x00\x08\x00\x00\x00\x00\x02\x00\x00\x02\x00\x00\x00\x00\x01\x00\x00\n\x00\x00\x00\x00\x01\x00\x00\x04\x00\x00\x00\x00\x01\x00\x00\x00\x00\x00\x00\x00\x01\x00\x00\x02\x00\x00\x00\x00\x01\x00\x00\x08\x00\x00\x00\x00\x02\x00\x00\x02\x00\x00\x00\x00\x01\x00\x00\n\x00\x00\x00\x00\x01\x00\x00\x04\x00\x00\x00\x00\x01\x00\x00\x00\x00\x00\x00\x00\x01\x00\x00\x02\x00\x00\x00\x00\x01\x00\x00\n\x00\x00\x00\x00\x01\x00\x00\x04\x00\x00\x00\x00\x01\x00\x00\x00\x00\x00\x00\x00\x01\x00\x00\x02\x00\x00\x00\x00\x01\x00\x00\n\x00\x00\x00\x00\x01\x00\x00\x04\x00\x00\x00\x00\x01\x00\x00\x00\x00\x00\x00\x00\x01\x00\x00\x02\x00\x00\x00\x00\x01\x00\x00\n\x00\x00\x00\x00\x01\x00\x00\x04\x00\x00\x00\x00\x01\x00\x00\x00\x00\x00\x00\x00\x01\x00\x00\x02\x00\x00\x00\x00\x01\x00\x00\n\x00\x00\x00\x00\x01\x00\x00\x04\x00\x00\x00\x00\x01\x00\x00\x00\x00\x00\x00\x00\x01\x00\x00\x02\x00\x00\x00\x00\x01\x00\x00\n\x00\x00\x00\x00\x01\x00\x00\x04\x00\x00\x00\x00\x01\x00\x00\x00\x00\x00\x00\x00\x01\x00\x00\x02\x00\x00\x00\x00\x01\x00\x00\x08\x00\x00\x00\x00\x02\x00\x00\x02\x00\x00\x00\x00\x01\x00\x00\n\x00\x00\x00\x00\x01\x00\x00\x04\x00\x00\x00\x00\x01\x00\x00\x00\x00\x00\x00\x00\x01\x00\x00\x02\x00\x00\x00\x00\x01\x00\x00\n\x00\x00\x00\x00\x01\x00\x00\x04\x00\x00\x00\x00\x01\x00\x00\x00\x00\x00\x00\x00\x01\x00\x00\x02\x00\x00\x00\x00\x01\x00\x00\x08\x00\x00\x00\x00\x02\x00\x00\x02\x00\x00\x00\x00\x01\x00\x00\x08\x00\x00\x00\x00\x02\x00\x00\x02\x00\x00\x00\x00\x01\x00\x00\n\x00\x00\x00\x00\x01\x00\x00\x04\x00\x00\x00\x00\x01\x00\x00\x00\x00\x00\x00\x00\x01\x00\x00\x02\x00\x00\x00\x00\x01\x00\x00\n\x00\x00\x00\x00\x01\x00\x00\x04\x00\x00\x00\x00\x01\x00\x00\x00\x00\x00\x00\x00\x01\x00\x00\x02\x00\x00\x00\x00\x01\x00\x00\n\x00\x00\x00\x00\x01\x00\x00\x04\x00\x00\x00\x00\x01\x00\x00\x00\x00\x00\x00\x00\x01\x00\x00\x02\x00\x00\x00\x00\x01\x00\x00\n\x00\x00\x00\x00\x01\x00\x00\x04\x00\x00\x00\x00\x01\x00\x00\x00\x00\x00\x00\x00\x01\x00\x00\x02\x00\x00\x00\x00\x01\x00\x00\n\x00\x00\x00\x00\x01\x00\x00\x04\x00\x00\x00\x00\x01\x00\x00\x00\x00\x00\x00\x00\x01\x00\x00\x02\x00\x00\x00\x00\x01\x00\x00\x08\x00\x00\x00\x00\x02\x00\x00\x02\x00\x00\x00\x00\x01\x00\x00\n\x00\x00\x00\x00\x01\x00\x00\x04\x00\x00\x00\x00\x01\x00\x00\x00\x00\x00\x00\x00\x01\x00\x00\x02\x00\x00\x00\x00\x01\x00\x00\x04\x00\x00\x00\x00\x01\x00\x00\n\x00\x00\x00\x00\x01\x00\x00\x04\x00\x00\x00\x00\x01\x00\x00\x00\x00\x00\x00\x00\x01\x00\x00\x02\x00\x00\x00\x00\x01\x00\x00\x06\x00\x00\x00\x00\x01\x00\x00\x02\x00\x00\x00\x00\x01\x00\x00\n\x00\x00\x00\x00\x01\x00\x00\x04\x00\x00\x00\x00\x01\x00\x00\x00\x00\x00\x00\x00\x01\x00\x00\x02\x00\x00\x00\x00\x01\x00\x00\x08\x00\x00\x00\x00\x02\x00\x00\x02\x00\x00\x00\x00\x01\x00\x00\x06\x00\x00\x00\x00\x01\x00\x00\x02\x00\x00\x00\x00\x01\x00\x00\x06\x00\x00\x00\x00\x01\x00\x00\x02\x00\x00\x00\x00\x01\x00\x00\x08\x00\x00\x00\x00\x02\x00\x00\x02\x00\x00\x00\x00\x01\x00\x00\n\x00\x00\x00\x00\x01\x00\x00\x04\x00\x00\x00\x00\x01\x00\x00\x00\x00\x00\x00\x00\x01\x00\x00\x02\x00\x00\x00\x00\x01\x00\x00\n\x00\x00\x00\x00\x01\x00\x00\x04\x00\x00\x00\x00\x01\x00\x00\x00\x00\x00\x00\x00\x01\x00\x00\x02\x00\x00\x00\x00\x01\x00\x00\n\x00\x00\x00\x00\x01\x00\x00\x04\x00\x00\x00\x00\x01\x00\x00\x00\x00\x00\x00\x00\x01\x00\x00\x02\x00\x00\x00\x00\x01\x00\x00\n\x00\x00\x00\x00\x01\x00\x00\x04\x00\x00\x00\x00\x01\x00\x00\x00\x00\x00\x00\x00\x01\x00\x00\x02\x00\x00\x00\x00\x01\x00\x00\n\x00\x00\x00\x00\x01\x00\x00\x04\x00\x00\x00\x00\x01\x00\x00\x00\x00\x00\x00\x00\x01\x00\x00\x02\x00\x00\x00\x00\x01\x00\x00\x08\x00\x00\x00\x00\x02\x00\x00\x02\x00\x00\x00\x00\x01\x00\x00\x08\x00\x00\x00\x00\x02\x00\x00\x02\x00\x00\x00\x00\x01\x00\x00\x08\x00\x00\x00\x00\x02\x00\x00\x02\x00\x00\x00\x00\x01\x00\x00\n\x00\x00\x00\x00\x01\x00\x00\x04\x00\x00\x00\x00\x01\x00\x00\x00\x00\x00\x00\x00\x01\x00\x00\x02\x00\x00\x00\x00\x01\x00\x00\x08\x00\x00\x00\x00\x02\x00\x00\x02\x00\x00\x00\x00\x01\x00\x00\n\x00\x00\x00\x00\x01\x00\x00\x04\x00\x00\x00\x00\x01\x00\x00\x00\x00\x00\x00\x00\x01\x00\x00\x02\x00\x00\x00\x00\x01\x00\x00\n\x00\x00\x00\x00\x01\x00\x00\x04\x00\x00\x00\x00\x01\x00\x00\x00\x00\x00\x00\x00\x01\x00\x00\x02\x00\x00\x00\x00\x01\x00\x00\n\x00\x00\x00\x00\x01\x00\x00\x04\x00\x00\x00\x00\x01\x00\x00\x00\x00\x00\x00\x00\x01\x00\x00\x02\x00\x00\x00\x00\x01\x00\x00\x08\x00\x00\x00\x00\x02\x00\x00\x02\x00\x00\x00\x00\x01\x00\x00\n\x00\x00\x00\x00\x01\x00\x00\x04\x00\x00\x00\x00\x01\x00\x00\x00\x00\x00\x00\x00\x01\x00\x00\x02\x00\x00\x00\x00\x01\x00\x00\x06\x00\x00\x00\x00\x01\x00\x00\x02\x00\x00\x00\x00\x01\x00\x00\n\x00\x00\x00\x00\x01\x00\x00\x04\x00\x00\x00\x00\x01\x00\x00\x00\x00\x00\x00\x00\x01\x00\x00\x02\x00\x00\x00\x00\x01\x00\x00\n\x00\x00\x00\x00\x01\x00\x00\x04\x00\x00\x00\x00\x01\x00\x00\x00\x00\x00\x00\x00\x01\x00\x00\x02\x00\x00\x00\x00\x01\x00\x00\n\x00\x00\x00\x00\x01\x00\x00\x04\x00\x00\x00\x00\x01\x00\x00\x00\x00\x00\x00\x00\x01\x00\x00\x02\x00\x00\x00\x00\x01\x00\x00\x08\x00\x00\x00\x00\x02\x00\x00\x02\x00\x00\x00\x00\x01\x00\x00\n\x00\x00\x00\x00\x01\x00\x00\x04\x00\x00\x00\x00\x01\x00\x00\x00\x00\x00\x00\x00\x01\x00\x00\x02\x00\x00\x00\x00\x01\x00\x00\x08\x00\x00\x00\x00\x02\x00\x00\x02\x00\x00\x00\x00\x01\x00\x00\n\x00\x00\x00\x00\x01\x00\x00\x04\x00\x00\x00\x00\x01\x00\x00\x00\x00\x00\x00\x00\x01\x00\x00\x02\x00\x00\x00\x00\x01\x00\x00\x08\x00\x00\x00\x00\x02\x00\x00\x02\x00\x00\x00\x00\x01\x00\x00\x08\x00\x00\x00\x00\x02\x00\x00\x02\x00\x00\x00\x00\x01\x00\x00\n\x00\x00\x00\x00\x01\x00\x00\x04\x00\x00\x00\x00\x01\x00\x00\x00\x00\x00\x00\x00\x01\x00\x00\x02\x00\x00\x00\x00\x01\x00\x00\n\x00\x00\x00\x00\x01\x00\x00\x04\x00\x00\x00\x00\x01\x00\x00\x00\x00\x00\x00\x00\x01\x00\x00\x02\x00\x00\x00\x00\x01\x00\x00\x06\x00\x00\x00\x00\x01\x00\x00\x02\x00\x00\x00\x00\x01\x00\x00\n\x00\x00\x00\x00\x01\x00\x00\x04\x00\x00\x00\x00\x01\x00\x00\x00\x00\x00\x00\x00\x01\x00\x00\x02\x00\x00\x00\x00\x01\x00\x00\x06\x00\x00\x00\x00\x01\x00\x00\x02\x00\x00\x00\x00\x01\x00\x00\n\x00\x00\x00\x00\x01\x00\x00\x04\x00\x00\x00\x00\x01\x00\x00\x00\x00\x00\x00\x00\x01\x00\x00\x02\x00\x00\x00\x00\x01\x00\x00\n\x00\x00\x00\x00\x01\x00\x00\x04\x00\x00\x00\x00\x01\x00\x00\x00\x00\x00\x00\x00\x01\x00\x00\x02\x00\x00\x00\x00\x01\x00\x00\x08\x00\x00\x00\x00\x02\x00\x00\x02\x00\x00\x00\x00\x01\x00\x00\n\x00\x00\x00\x00\x01\x00\x00\x04\x00\x00\x00\x00\x01\x00\x00\x00\x00\x00\x00\x00\x01\x00\x00\x02\x00\x00\x00\x00\x01\x00\x00\n\x00\x00\x00\x00\x01\x00\x00\x04\x00\x00\x00\x00\x01\x00\x00\x00\x00\x00\x00\x00\x01\x00\x00\x02\x00\x00\x00\x00\x01\x00\x00\x06\x00\x00\x00\x00\x01\x00\x00\x02\x00\x00\x00\x00\x01\x00\x00\n\x00\x00\x00\x00\x01\x00\x00\x04\x00\x00\x00\x00\x01\x00\x00\x00\x00\x00\x00\x00\x01\x00\x00\x02\x00\x00\x00\x00\x03\x00\x00\x04\x00\x00\x00\x00\x01\x00\x00\n\x00\x00\x00\x00\x01\x00\x00\x04\x00\x00\x00\x00\x01\x00\x00\x00\x00\x00\x00\x00\x01\x00\x00\x02\x00\x00\x00\x00\x01\x00\x00\x08\x00\x00\x00\x00\x02\x00\x00\x02\x00\x00\x00\x00\x01\x00\x00\x06\x00\x00\x00\x00\x01\x00\x00\x02\x00\x00\x00\x00\x01\x00\x00\x08\x00\x00\x00\x00\x02\x00\x00\x02\x00\x00\x00\x00\x01\x00\x00\n\x00\x00\x00\x00\x01\x00\x00\x04\x00\x00\x00\x00\x01\x00\x00\x00\x00\x00\x00\x00\x01\x00\x00\x02\x00\x00\x00\x00\x01\x00\x00\n\x00\x00\x00\x00\x01\x00\x00\x04\x00\x00\x00\x00\x01\x00\x00\x00\x00\x00\x00\x00\x01\x00\x00\x02\x00\x00\x00\x00\x01\x00\x00\n\x00\x00\x00\x00\x01\x00\x00\x04\x00\x00\x00\x00\x01\x00\x00\x00\x00\x00\x00\x00\x01\x00\x00\x02\x00\x00\x00\x00\x01\x00\x00\x06\x00\x00\x00\x00\x01\x00\x00\x02\x00\x00\x00\x00\x01\x00\x00\n\x00\x00\x00\x00\x01\x00\x00\x04\x00\x00\x00\x00\x01\x00\x00\x00\x00\x00\x00\x00\x01\x00\x00\x02\x00\x00\x00\x00\x01\x00\x00\x08\x00\x00\x00\x00\x02\x00\x00\x02\x00\x00\x00\x00\x01\x00\x00\n\x00\x00\x00\x00\x01\x00\x00\x04\x00\x00\x00\x00\x01\x00\x00\x00\x00\x00\x00\x00\x01\x00\x00\x02\x00\x00\x00\x00\x01\x00\x00\n\x00\x00\x00\x00\x01\x00\x00\x04\x00\x00\x00\x00\x01\x00\x00\x00\x00\x00\x00\x00\x01\x00\x00\x02\x00\x00\x00\x00\x01\x00\x00\n\x00\x00\x00\x00\x01\x00\x00\x04\x00\x00\x00\x00\x01\x00\x00\x00\x00\x00\x00\x00\x01\x00\x00\x02\x00\x00\x00\x00\x01\x00\x00\n\x00\x00\x00\x00\x01\x00\x00\x04\x00\x00\x00\x00\x01\x00\x00\x00\x00\x00\x00\x00\x01\x00\x00\x02\x00\x00\x00\x00\x01\x00\x00\x08\x00\x00\x00\x00\x02\x00\x00\x02\x00\x00\x00\x00\x01\x00\x00\x06\x00\x00\x00\x00\x01\x00\x00\x02\x00\x00\x00\x00\x01\x00\x00\n\x00\x00\x00\x00\x01\x00\x00\x04\x00\x00\x00\x00\x01\x00\x00\x00\x00\x00\x00\x00\x01\x00\x00\x02\x00\x00\x00\x00\x01\x00\x00\n\x00\x00\x00\x00\x01\x00\x00\x04\x00\x00\x00\x00\x01\x00\x00\x00\x00\x00\x00\x00\x01\x00\x00\x02\x00\x00\x00\x00\x01\x00\x00\n\x00\x00\x00\x00\x01\x00\x00\x04\x00\x00\x00\x00\x01\x00\x00\x00\x00\x00\x00\x00\x01\x00\x00\x02\x00\x00\x00\x00\x01\x00\x00\x06\x00\x00\x00\x00\x01\x00\x00\x02\x00\x00\x00\x00\x01\x00\x00\n\x00\x00\x00\x00\x01\x00\x00\x04\x00\x00\x00\x00\x01\x00\x00\x00\x00\x00\x00\x00\x01\x00\x00\x02\x00\x00\x00\x00\x01\x00\x00\n\x00\x00\x00\x00\x01\x00\x00\x04\x00\x00\x00\x00\x01\x00\x00\x00\x00\x00\x00\x00\x01\x00\x00\x02\x00\x00\x00\x00\x01\x00\x00\x06\x00\x00\x00\x00\x01\x00\x00\x02\x00\x00\x00\x00\x01\x00\x00\n\x00\x00\x00\x00\x01\x00\x00\x04\x00\x00\x00\x00\x01\x00\x00\x00\x00\x00\x00\x00\x01\x00\x00\x02\x00\x00\x00\x00\x01\x00\x00\n\x00\x00\x00\x00\x01\x00\x00\x04\x00\x00\x00\x00\x01\x00\x00\x00\x00\x00\x00\x00\x01\x00\x00\x02\x00\x00\x00\x00\x01\x00\x00\x08\x00\x00\x00\x00\x02\x00\x00\x02\x00\x00\x00\x00\x01\x00\x00\n\x00\x00\x00\x00\x01\x00\x00\x04\x00\x00\x00\x00\x01\x00\x00\x00\x00\x00\x00\x00\x01\x00\x00\x02\x00\x00\x00\x00\x01\x00\x00\n\x00\x00\x00\x00\x01\x00\x00\x04\x00\x00\x00\x00\x01\x00\x00\x00\x00\x00\x00\x00\x01\x00\x00\x02\x00\x00\x00\x00\x01\x00\x00\x08\x00\x00\x00\x00\x02\x00\x00\x02\x00\x00\x00\x00\x01\x00\x00\n\x00\x00\x00\x00\x01\x00\x00\x04\x00\x00\x00\x00\x01\x00\x00\x00\x00\x00\x00\x00\x01\x00\x00\x02\x00\x00\x00\x00\x01\x00\x00\x08\x00\x00\x00\x00\x02\x00\x00\x02\x00\x00\x00\x00\x01\x00\x00\n\x00\x00\x00\x00\x01\x00\x00\x04\x00\x00\x00\x00\x01\x00\x00\x00\x00\x00\x00\x00\x01\x00\x00\x02\x00\x00\x00\x00\x01\x00\x00\x06\x00\x00\x00\x00\x01\x00\x00\x02\x00\x00\x00\x00\x01\x00\x00\x08\x00\x00\x00\x00\x02\x00\x00\x02\x00\x00\x00\x00\x01\x00\x00\x06\x00\x00\x00\x00\x01\x00\x00\x02\x00\x00\x00\x00\x01\x00\x00\n\x00\x00\x00\x00\x01\x00\x00\x04\x00\x00\x00\x00\x01\x00\x00\x00\x00\x00\x00\x00\x01\x00\x00\x02\x00\x00\x00\x00\x01\x00\x00\n\x00\x00\x00\x00\x01\x00\x00\x04\x00\x00\x00\x00\x01\x00\x00\x00\x00\x00\x00\x00\x01\x00\x00\x02\x00\x00\x00\x00\x01\x00\x00\n\x00\x00\x00\x00\x01\x00\x00\x04\x00\x00\x00\x00\x01\x00\x00\x00\x00\x00\x00\x00\x01\x00\x00\x02\x00\x00\x00\x00\x01\x00\x00\n\x00\x00\x00\x00\x01\x00\x00\x04\x00\x00\x00\x00\x01\x00\x00\x00\x00\x00\x00\x00\x01\x00\x00\x02\x00\x00\x00\x00\x01\x00\x00\n\x00\x00\x00\x00\x01\x00\x00\x04\x00\x00\x00\x00\x01\x00\x00\x00\x00\x00\x00\x00\x01\x00\x00\x02\x00\x00\x00\x00\x01\x00\x00\x04\x00\x00\x00\x00\x01\x00\x00\x06\x00\x00\x00\x00\x01\x00\x00\x02\x00\x00\x00\x00\x01\x00\x00\n\x00\x00\x00\x00\x01\x00\x00\x04\x00\x00\x00\x00\x01\x00\x00\x00\x00\x00\x00\x00\x01\x00\x00\x02\x00\x00\x00\x00\x01\x00\x00\n\x00\x00\x00\x00\x01\x00\x00\x04\x00\x00\x00\x00\x01\x00\x00\x00\x00\x00\x00\x00\x01\x00\x00\x02\x00\x00\x00\x00\x01\x00\x00\x04\x00\x00\x00\x00\x01\x00\x00\n\x00\x00\x00\x00\x01\x00\x00\x04\x00\x00\x00\x00\x01\x00\x00\x00\x00\x00\x00\x00\x01\x00\x00\x02\x00\x00\x00\x00\x01\x00\x00\x08\x00\x00\x00\x00\x02\x00\x00\x02\x00\x00\x00\x00\x01\x00\x00\n\x00\x00\x00\x00\x01\x00\x00\x04\x00\x00\x00\x00\x01\x00\x00\x00\x00\x00\x00\x00\x01\x00\x00\x02\x00\x00\x00\x00\x01\x00\x00\x08\x00\x00\x00\x00\x02\x00\x00\x02\x00\x00\x00\x00\x01\x00\x00\n\x00\x00\x00\x00\x01\x00\x00\x04\x00\x00\x00\x00\x01\x00\x00\x00\x00\x00\x00\x00\x01\x00\x00\x02\x00\x00\x00\x00\x01\x00\x00\x08\x00\x00\x00\x00\x02\x00\x00\x02\x00\x00\x00\x00\x01\x00\x00\n\x00\x00\x00\x00\x01\x00\x00\x04\x00\x00\x00\x00\x01\x00\x00\x00\x00\x00\x00\x00\x01\x00\x00\x02\x00\x00\x00\x00\x01\x00\x00\x06\x00\x00\x00\x00\x01\x00\x00\x02\x00\x00\x00\x00\x01\x00\x00\n\x00\x00\x00\x00\x01\x00\x00\x04\x00\x00\x00\x00\x01\x00\x00\x00\x00\x00\x00\x00\x01\x00\x00\x02\x00\x00\x00\x00\x01\x00\x00\x08\x00\x00\x00\x00\x02\x00\x00\x02\x00\x00\x00\x00\x01\x00\x00\x08\x00\x00\x00\x00\x02\x00\x00\x02\x00\x00\x00\x00\x01\x00\x00\n\x00\x00\x00\x00\x01\x00\x00\x04\x00\x00\x00\x00\x01\x00\x00\x00\x00\x00\x00\x00\x01\x00\x00\x02\x00\x00\x00\x00\x01\x00\x00\n\x00\x00\x00\x00\x01\x00\x00\x04\x00\x00\x00\x00\x01\x00\x00\x00\x00\x00\x00\x00\x01\x00\x00\x02\x00\x00\x00\x00\x01\x00\x00\x06\x00\x00\x00\x00\x01\x00\x00\x02\x00\x00\x00\x00\x01\x00\x00\n\x00\x00\x00\x00\x01\x00\x00\x04\x00\x00\x00\x00\x01\x00\x00\x00\x00\x00\x00\x00\x01\x00\x00\x02\x00\x00\x00\x00\x01\x00\x00\x04\x00\x00\x00\x00\x01\x00\x00\n\x00\x00\x00\x00\x01\x00\x00\x04\x00\x00\x00\x00\x01\x00\x00\x00\x00\x00\x00\x00\x01\x00\x00\x02\x00\x00\x00\x00\x01\x00\x00\n\x00\x00\x00\x00\x01\x00\x00\x04\x00\x00\x00\x00\x01\x00\x00\x00\x00\x00\x00\x00\x01\x00\x00\x02\x00\x00\x00\x00\x01\x00\x00\n\x00\x00\x00\x00\x01\x00\x00\x04\x00\x00\x00\x00\x01\x00\x00\x00\x00\x00\x00\x00\x01\x00\x00\x02\x00\x00\x00\x00\x01\x00\x00\x08\x00\x00\x00\x00\x02\x00\x00\x02\x00\x00\x00\x00\x01\x00\x00\n\x00\x00\x00\x00\x01\x00\x00\x04\x00\x00\x00\x00\x01\x00\x00\x00\x00\x00\x00\x00\x01\x00\x00\x02\x00\x00\x00\x00\x01\x00\x00\x06\x00\x00\x00\x00\x01\x00\x00\x02\x00\x00\x00\x00\x01\x00\x00\n\x00\x00\x00\x00\x01\x00\x00\x04\x00\x00\x00\x00\x01\x00\x00\x00\x00\x00\x00\x00\x01\x00\x00\x02\x00\x00\x00\x00\x01\x00\x00\x06\x00\x00\x00\x00\x01\x00\x00\x02\x00\x00\x00\x00\x01\x00\x00\n\x00\x00\x00\x00\x01\x00\x00\x04\x00\x00\x00\x00\x01\x00\x00\x00\x00\x00\x00\x00\x01\x00\x00\x02\x00\x00\x00\x00\x01\x00\x00\n\x00\x00\x00\x00\x01\x00\x00\x04\x00\x00\x00\x00\x01\x00\x00\x00\x00\x00\x00\x00\x01\x00\x00\x02\x00\x00\x00\x00\x01\x00\x00\n\x00\x00\x00\x00\x01\x00\x00\x04\x00\x00\x00\x00\x01\x00\x00\x00\x00\x00\x00\x00\x01\x00\x00\x02\x00\x00\x00\x00\x01\x00\x00\n\x00\x00\x00\x00\x01\x00\x00\x04\x00\x00\x00\x00\x01\x00\x00\x00\x00\x00\x00\x00\x01\x00\x00\x02\x00\x00\x00\x00\x01\x00\x00\x08\x00\x00\x00\x00\x02\x00\x00\x02\x00\x00\x00\x00\x01\x00\x00\x04\x00\x00\x00\x00\x01\x00\x00\x08\x00\x00\x00\x00\x02\x00\x00\x02\x00\x00\x00\x00\x01\x00\x00\n\x00\x00\x00\x00\x01\x00\x00\x04\x00\x00\x00\x00\x01\x00\x00\x00\x00\x00\x00\x00\x01\x00\x00\x02\x00\x00\x00\x00\x01\x00\x00\x08\x00\x00\x00\x00\x02\x00\x00\x02\x00\x00\x00\x00\x01\x00\x00\x08\x00\x00\x00\x00\x02\x00\x00\x02\x00\x00\x00\x00\x01\x00\x00\x06\x00\x00\x00\x00\x01\x00\x00\x02\x00\x00\x00\x00\x01\x00\x00\n\x00\x00\x00\x00\x01\x00\x00\x04\x00\x00\x00\x00\x01\x00\x00\x00\x00\x00\x00\x00\x01\x00\x00\x02\x00\x00\x00\x00\x01\x00\x00\n\x00\x00\x00\x00\x01\x00\x00\x04\x00\x00\x00\x00\x01\x00\x00\x00\x00\x00\x00\x00\x01\x00\x00\x02\x00\x00\x00\x00\x01\x00\x00\x06\x00\x00\x00\x00\x01\x00\x00\x02\x00\x00\x00\x00\x01\x00\x00\x08\x00\x00\x00\x00\x02\x00\x00\x02\x00\x00\x00\x00\x01\x00\x00\n\x00\x00\x00\x00\x01\x00\x00\x04\x00\x00\x00\x00\x01\x00\x00\x00\x00\x00\x00\x00\x01\x00\x00\x02\x00\x00\x00\x00\x01\x00\x00\n\x00\x00\x00\x00\x01\x00\x00\x04\x00\x00\x00\x00\x01\x00\x00\x00\x00\x00\x00\x00\x01\x00\x00\x02\x00\x00\x00\x00\x01\x00\x00\n\x00\x00\x00\x00\x01\x00\x00\x04\x00\x00\x00\x00\x01\x00\x00\x00\x00\x00\x00\x00\x01\x00\x00\x02\x00\x00\x00\x00\x01\x00\x00\n\x00\x00\x00\x00\x01\x00\x00\x04\x00\x00\x00\x00\x01\x00\x00\x00\x00\x00\x00\x00\x01\x00\x00\x02\x00\x00\x00\x00\x01\x00\x00\n\x00\x00\x00\x00\x01\x00\x00\x04\x00\x00\x00\x00\x01\x00\x00\x00\x00\x00\x00\x00\x01\x00\x00\x02\x00\x00\x00\x00\x01\x00\x00\x06\x00\x00\x00\x00\x01\x00\x00\x02\x00\x00\x00\x00\x01\x00\x00\n\x00\x00\x00\x00\x01\x00\x00\x04\x00\x00\x00\x00\x01\x00\x00\x00\x00\x00\x00\x00\x01\x00\x00\x02\x00\x00\x00\x00\x01\x00\x00\n\x00\x00\x00\x00\x01\x00\x00\x04\x00\x00\x00\x00\x01\x00\x00\x00\x00\x00\x00\x00\x01\x00\x00\x02\x00\x00\x00\x00\x01\x00\x00\n\x00\x00\x00\x00\x01\x00\x00\x04\x00\x00\x00\x00\x01\x00\x00\x00\x00\x00\x00\x00\x01\x00\x00\x02\x00\x00\x00\x00\x01\x00\x00\n\x00\x00\x00\x00\x01\x00\x00\x04\x00\x00\x00\x00\x01\x00\x00\x00\x00\x00\x00\x00\x01\x00\x00\x02\x00\x00\x00\x00\x01\x00\x00\x08\x00\x00\x00\x00\x02\x00\x00\x02\x00\x00\x00\x00(stsc\x00\x00\x00\x00\x00\x00\x00\x02\x00\x00\x00\x01\x00\x00\x02+\x00\x00\x00\x01\x00\x00\x00\x02\x00\x00\x00\x0f\x00\x00\x00\x01\x00\x00\x08\xfcstsz\x00\x00\x00\x00\x00\x00\x00\x00\x00\x00\x02:\x00\x00II\x00\x00 \xca\x00\x00\x04\xad\x00\x00\x04\xe6\x00\x00\x02\x1d\x00\x00\x16\xb9\x00\x00\x03\xff\x00\x00\x030\x00\x00\x02O\x00\x00\x17\x97\x00\x00\x05\xcb\x00\x00\x02\xac\x00\x00\n\x88\x00\x00\x02b\x00\x00\x0cH\x00\x00\x02W\x00\x00\x1e\xf1\x00\x00\x04y\x00\x00\x04\x01\x00\x00\x07\x11\x00\x00\x1d
[...]
1\xee\x00\x00\x05b\x00\x00\x0b\xed\x00\x00\x06\x0b\x00\x00\x00\xfc\x00\x00\t\xd1\x00\x00\x02\x91\x00\x00\x01\xef\x00\x00\x10\x99\x00\x00\x1b\xc6\x00\x00\x05\x90\x00\x00\x05%\x00\x00\x01\x9b\x00\x00\x1e\xfb\x00\x00\x03c\x00\x00\x01z\x00\x00\x02\xc6\x00\x00\x1cX\x00\x00\x04\xb6\x00\x00\x02\x98\x00\x00\x01\x1c\x00\x00!\xb2\x00\x00\x14\\\x00\x00\x04\xf2\x00\x00\x06\xb3\x00\x00\x0c\xaf\x00\x00\x05"\x00\x00\x01\xcc\x00\x00\x13r\x00\x00\x04\xfc\x00\x00\x02\xbb\x00\x00\x01\x14\x00\x00\x07\x02\x00\x00\r\x0e\x00\x00\x01\xa0\x00\x00\x00\xb3\x00\x00\x00\xa1\x00\x00\x05\xe2\x00\x00\x00\xd5\x00\x00\x034\x00\x00\x00\xf8\x00\x00\x00\xb6\x00\x00\x00\xbb\x00\x00\x11!\x00\x00\x01F\x00\x00\x01\x87\x00\x00\x0fM\x00\x00\x02\x10\x00\x00+\xaf\x00\x00\x04?\x00\x00!\xc8\x00\x00\x02\xf9\x00\x00\x01\xea\x00\x00!\xbd\x00\x00\x04\xea\x00\x00\x0fi\x00\x00\x02\xce\x00\x00\r\x84\x00\x00\x02\xa2\x00\x00\x02\x9d\x00\x00\x01a\x00\x00\x0b\xbd\x00\x00\x05\xb6\x00\x00\x01\xa8\x00\x00\x02{\x00\x00\x0bM\x00\x00\x05\x19\x00\x00\x01c\x00\x00\x01\xf4\x00\x00\t+\x00\x00\x02\x19\x00\x00\x02\x02\x00\x00\x02\x15\x00\x00\x06\xbd\x00\x00\x01\xae\x00\x00\x01D\x00\x00\x05\xc5\x00\x00\x02\x1d\x00\x00\x01U\x00\x00\x07\xb2\x00\x00\x01\xb3\x00\x00\x011\x00\x00\x07$\x00\x00\x04\x1f\x00\x00\x00\xe7\x00\x00\x03\xe7\x00\x00\x1f\x1d\x00\x00\x04&lt;\x00\x00\x01\xc7\x00\x00\n\x80\x00\x00\x02 \x00\x00\x01)\x00\x00\x01R\x00\x00\tU\x00\x00\x01\xd6\x00\x00\x02&lt;\x00\x00\x01F\x00\x00$/\x00\x00\x05\xa5\x00\x00\x04\x12\x00\x00\x02\r\x00\x00\x0e\xf9\x00\x00\x05\x8a\x00\x00\x01\xe1\x00\x00\t\xa8\x00\x00\x02\xc3\x00\x00\x01\xfb\x00\x00\x01^\x00\x00\x06\x89\x00\x00\x03q\x00\x00\x1e8\x00\x00\x06_\x00\x00\x027\x00\x00\x0c:\x00\x00\x1b\x06\x00\x00\x07X\x00\x00\x01\xe4\x00\x00\x07\xac\x00\x00\x1a\xb7\x00\x00\x03S\x00\x00\x02\x8f\x00\x00\x04\x80\x00\x00\r\x00\x00\x00\x02u\x00\x00\x04\xe6\x00\x00\nD\x00\x00\x02\x85\x00\x00\x02-\x00\x00\x00\xcc\x00\x00\t,\x00\x00\x01\x12\x00\x00\x04r\x00\x00\x1f\xad\x00\x00\x03\xd1\x00\x00\x04\xd2\x00\x00\x0cv\x00\x00\r\xbe\x00\x00\x01\xee\x00\x00\x013\x00\x00\x0b\x07\x00\x00\x023\x00\x00\x01\x83\x00\x00\np\x00\x00\x04\n\x00\x00\x03\x94\x00\x00\x02\xa3\x00\x00\x1b4\x00\x00\x05D\x00\x00\x02T\x00\x00\x02[\x00\x00\n\xb3\x00\x00\x01Z\x00\x00\x082\x00\x00\x02T\x00\x00\x00\xff\x00\x00\x01\xd7\x00\x00\x06\x17\x00\x00\x01\x8d\x00\x00#\xac\x00\x00\x12J\x00\x00\x02\xe4\x00\x00\x02e\x00\x00\x0b_\x00\x00\x01\xc2\x00\x00\x01\xfc\x00\x00\x01F\x00\x00\x0b\xaf\x00\x00\x01\xd6\x00\x00\x04"\x00\x00\x08\'\x00\x00\x04\xc6\x00\x00\x01\x9c\x00\x00\x01\xa9\x00\x00\x1d\xe3\x00\x00\x04\xd2\x00\x00\x03\xbe\x00\x00\x03"\x00\x00\x05\xbc\x00\x00\x01\x14\x00\x00\x1e\xe5\x00\x00\x05\x8f\x00\x00\x02\x1c\x00\x00\x03!\x00\x00\x03\x8d\x00\x00\\c\x00\x00\x05\xcb\x00\x00\x0c\xb2\x00\x00\x02\xbb\x00\x00\x04F\x00\x00\x01\x7f\x00\x00\x08\xe0\x00\x00\x04\xd4\x00\x00\x01q\x00\x00\x1f\xef\x00\x00\x036\x00\x00\x05u\x00\x00\x03\x97\x00\x00\x00\x97\x00\x00\x03\xee\x00\x00\x00\xd6\x00\x00\x00\xc7\x00\x00\x00\xac\x00\x00\x1e6\x00\x00\nP\x00\x00\x02!\x00\x00\x03z\x00\x00\x19\xbb\x00\x00\x05\xf2\x00\x00\r\xc3\x00\x00\x06\x12\x00\x00\x0b\xdd\x00\x00\x02%\x00\x00\t\xbd\x00\x00\x03\xa0\x00\x00\x03\xdb\x00\x00\x02"\x00\x00\rW\x00\x00\x02\xb1\x00\x00\x02|\x00\x00\nk\x00\x00\x06X\x00\x00\x01\x9a\x00\x00\x01\xee\x00\x00\x19\x92\x00\x00\x05\xba\x00\x00\x05%\x00\x00\x02G\x00\x00\x15\xbb\x00\x00\x03\xa1\x00\x00\x0e\x87\x00\x00\x019\x00\x00\x0b*\x00\x00\x06b\x00\x00\x01\x01\x00\x00\x06E\x00\x00\x0c\x94\x00\x00\x04!\x00\x00\x01\xcb\x00\x00\x08\x02\x00\x00\x01V\x00\x00\x1c\x10\x00\x00\x10\xc2\x00\x00\x03\x13\x00\x00\x03G\x00\x00\x0c\'\x00\x00\x05\xd7\x00\x00\x01\r\x00\x00\x00\xac\x00\x00\x04\xe7\x00\x00\x01\x17\x00\x00\x00\xa8\x00\x00\x00\x90\x00\x00\x04\x1b\x00\x00\x00\xad\x00\x00\x0e\xdc\x00\x00\x037\x00\x00\x02\xda\x00\x00\x02\x14\x00\x00\x1c_\x00\x00\x06\xfe\x00\x00\x02G\x00\x00\x01\x0e\x00\x00\x04r\x00\x00\x00\xa9\x00\x00\x05\x1b\x00\x00\x01#\x00\x00\x00\xc4\x00\x00\x00\xb2\x00\x00\rR\x00\x00\x05L\x00\x00\x02\x03\x00\x00\x02A\x00\x00\x07\xd9\x00\x00\x01+\x00\x00\x00\xa9\x00\x00\x06\xfa\x00\x00\x01I\x00\x00\x00\xb0\x00\x00\x01\x84\x00\x00\x17\xf9\x00\x00\x05\x17\x00\x00\x03\x85\x00\x00\x03\xec\x00\x00\tx\x00\x00\x02\xc1\x00\x00\x02\x04\x00\x00\x15p\x00\x00\x03}\x00\x00\x02"\x00\x00\x02\xe4\x00\x00\x07\x8f\x00\x00\x01\xd1\x00\x00\x03\x11\x00\x00\x18C\x00\x00\x04\xe1\x00\x00\x01\x96\x00\x00\x04\x05\x00\x00"\x95\x00\x00\x03\xf1\x00\x00\x1c\xe3\x00\x00\x04\x17\x00\x00\x02C\x00\x00&amp;\xb0\x00\x00\x03\x11\x00\x00\x10\xbb\x00\x00\x03J\x00\x00\x01\xf7\x00\x00\x02\x05\x00\x00\x19\x02\x00\x00\x04\x93\x00\x00\x01&gt;\x00\x00\x01\xd7\x00\x00\x17\x06\x00\x00\x07`\x00\x00\x03`\x00\x00\x04|\x00\x00\x15\x91\x00\x00\x08=\x00\x00\x02\xb9\x00\x00\x03O\x00\x00\r\r\x00\x00\x03\xc7\x00\x00\x05\x11\x00\x00\x02\x06\x00\x00\x06u\x00\x00\x05\x0b\x00\x00\x03\xb1\x00\x00\t.\x00\x00\x05\xc2\x00\x00\x01\x8d\x00\x00\x01\xbe\x00\x00\tE\x00\x00\x03U\x00\x00\x03&gt;\x00\x00\x02\xfb\x00\x00\x06\xb9\x00\x00\x18\xde\x00\x00\x05\x03\x00\x00\x02\xa9\x00\x00\x04\x8b\x00\x00\x08\x05\x00\x00\x03\xb8\x00\x00\x02H\x00\x00\x07\xf8\x00\x00\x02&lt;\x00\x00\x03\x88\x00\x00\x01Y\x00\x00\x07\xef\x00\x00\x03\xc6\x00\x00\x02\x1a\x00\x00\x16\xea\x00\x00\x05\xf2\x00\x00\x02f\x00\x00\x01\xd8\x00\x00\tW\x00\x00\x02\x06\x00\x00\x01\xce\x00\x00\x0b\x01\x00\x00\x04\xa8\x00\x00\x01\xc9\x00\x00\x00\xe0\x00\x00\x04\xbe\x00\x00\x00\xb5\x00\x00\x12B\x00\x00\x06\x12\x00\x00\x010\x00\x00\x03$\x00\x00\x0b\xd3\x00\x00\x01h\x00\x00\x01?\x00\x00\x1b\xec\x00\x00\x07\xd6\x00\x00\x01\xa9\x00\x00\x0e\x8b\x00\x00\x047\x00\x00\x02\xb6\x00\x00\x01\x9d\x00\x00\n\x0c\x00\x00\x03\x14\x00\x00\x04\xcc\x00\x00\x02\xd1\x00\x00\x07{\x00\x00\x01\xfb\x00\x00\x07\xd7\x00\x00\x02\xcc\x00\x00\x02;\x00\x00\x01n\x00\x00\t\xf7\x00\x00\x1a\x0e\x00\x00\x06-\x00\x00\x01\x89\x00\x00\x04\xa8\x00\x00\tf\x00\x00\x05\x86\x00\x00\x01\xfd\x00\x00\x01/\x00\x00\n5\x00\x00\x03\x82\x00\x00\x02\x88\x00\x00\x03v\x00\x00\x1f\xf1\x00\x00\x06\x17\x00\x00\x02\xa2\x00\x00\t\xf1\x00\x00\x04\x17\x00\x00\x01\xe4\x00\x00\x01\xef\x00\x00\x07m\x00\x00\x01\xc1\x00\x00\x1d\xc5\x00\x00\x04\xa9\x00\x00\x04H\x00\x00\x01t\x00\x00\x08\x92\x00\x00\x01\x8e\x00\x00\nJ\x00\x00\x02A\x00\x00\x01[\x00\x00\x00\xc5\x00\x00\x03\xb6\x00\x00\x00\xe7\x00\x00\x00\xb3\x00\x00\x00\x8c\x00\x00\x06\xed\x00\x00\x01\x1e\x00\x00\x00\xac\x00\x00\x01\xc2\x00\x00\x07\xdf\x00\x00\x01\xd6\x00\x00\x03,\x00\x00\x00\xbc\x00\x00\x01h\x00\x00\x00\x8e\x00\x00\x00p\x00\x00S\xf0\x00\x00\x08\xb7\x00\x00\x01A\x00\x00\x01\xae\x00\x00\x1b\x9d\x00\x00\x08\r\x00\x00\x04\x82\x00\x00\x02"\x00\x00\t\x9f\x00\x00\x03.\x00\x00\x02\x12\x00\x00\x1bX\x00\x00\x04n\x00\x00\x054\x00\x00\n+\x00\x00\x05W\x00\x00\x0ej\x00\x00\x03\xe7\x00\x00\x02\xc6\x00\x00\x02s\x00\x00\x0bw\x00\x00\x04d\x00\x00\x02?\x00\x00\x02\x9c\x00\x00\x07\xb0\x00\x00\x01b\x00\x00\x08[\x00\x00\x02\xd4\x00\x00\x04\xdf\x00\x00\x15L\x00\x00\x05\xed\x00\x00\x01\xe6\x00\x00\n\x9b\x00\x00\x0ca\x00\x00\x03\xa9\x00\x00\x02?\x00\x00\x01\xeb\x00\x00\x13\xbd\x00\x00\x081\x00\x00\x01\xdc\x00\x00\n\x01\x00\x00\x0b\xa0\x00\x00\x02\x80\x00\x00\x02:\x00\x00\x01\xd0\x00\x00\x17j\x00\x00\r\xa6\x00\x00\x02\xea\x00\x00\n\'\x00\x00\x13\xb0\x00\x00\x03c\x00\x00\x08\xae\x00\x00\x04/\x00\x00\x06Q\x00\x00\x02\\\x00\x00\x14\x00\x00\x00\x0b\xbb\x00\x00\x04-\x00\x00\x05\x93\x00\x00\x15\xc0\x00\x00\x05D\x00\x00\x03v\x00\x00\x05j\x00\x00\x08&lt;\x00\x00\x03\xc2\x00\x00\x04}\x00\x00\x02\xe1\x00\x00\x05?\x00\x00\x01\xfa\x00\x00\x01\x1b\x00\x00\x00\x18stco\x00\x00\x00\x00\x00\x00\x00\x02\x00\x00(\x8f\x00\x10 \xae\x00\x00\x00\x9fudta\x00\x00\x00\x97meta\x00\x00\x00\x00\x00\x00\x00!hdlr\x00\x00\x00\x00\x00\x00\x00\x00mdirappl\x00\x00\x00\x00\x00\x00\x00\x00\x00\x00\x00\x00jilst\x00\x00\x00%\xa9too\x00\x00\x00\x1ddata\x00\x00\x00\x01\x00\x00\x00\x00Lavf60.16.100\x00\x00\x00=cprt\x00\x00\x005data\x00\x00\x00\x01\x00\x00\x00\x00\'This video is subject to copyright.\'\x00\x00\x00\x08free\x00\x00\x0bNuuid\xbez\xcf\xcb\x97\xa9B\xe8\x9cq\x99\x94\x91\xe3\xaf\xac&lt;?xpacket begin=\'\xef\xbb\xbf\' id=\'W5M0MpCehiHzreSzNTczkc9d\'?&gt;\n&lt;x:xmpmeta xmlns:x=\'adobe:ns:meta/\' x:xmptk=\'Image::ExifTool 12.76\'&gt;\n&lt;rdf:RDF xmlns:rdf=\'http://www.w3.org/1999/02/22-rdf-syntax-ns#\'&gt;\n\n &lt;rdf:Description rdf:about=\'\'\n  xmlns:plus=\'http://ns.useplus.org/ldf/xmp/1.0/\'&gt;\n  &lt;plus:DataMining&gt;http://ns.useplus.org/ldf/vocab/DMI-PROHIBITED-EXCEPTSEARCHENGINEINDEXING&lt;/plus:DataMining&gt;\n &lt;/rdf:Description&gt;\n&lt;/rdf:RDF&gt;\n&lt;/x:xmpmeta&gt;\n                                                                                                    \n                                                                                                    \n                                                                                                    \n                                                                                                    \n                                                                                                    \n                                                                                                    \n                                                                                                    \n                                                                                                    \n                                                                                                    \n                                                                                                    \n    '... (set the log level to DEBUG or TRACE to see the full content) 
 </msg>
<msg time="2026-03-17T20:34:38.186965" level="INFO">POST Response : url=http://localhost:3000/api/reports 
 status=201, reason=Created 
 headers={'Content-Security-Policy': "default-src 'self';base-uri 'self';font-src 'self' https: data:;form-action 'self';frame-ancestors 'self';img-src 'self' data:;object-src 'none';script-src 'self';script-src-attr 'none';style-src 'self' https: 'unsafe-inline';upgrade-insecure-requests", 'Cross-Origin-Opener-Policy': 'same-origin', 'Cross-Origin-Resource-Policy': 'same-origin', 'Origin-Agent-Cluster': '?1', 'Referrer-Policy': 'no-referrer', 'Strict-Transport-Security': 'max-age=15552000; includeSubDomains', 'X-Content-Type-Options': 'nosniff', 'X-DNS-Prefetch-Control': 'off', 'X-Download-Options': 'noopen', 'X-Frame-Options': 'SAMEORIGIN', 'X-Permitted-Cross-Domain-Policies': 'none', 'X-XSS-Protection': '0', 'Vary': 'Origin', 'Access-Control-Allow-Credentials': 'true', 'Content-Type': 'application/json; charset=utf-8', 'Content-Length': '844', 'ETag': 'W/"34c-ILpPR5Fp2WYt+Y8pFnqWKA2OlO4"', 'Date': 'Tue, 17 Mar 2026 13:34:38 GMT', 'Connection': 'keep-alive', 'Keep-Alive': 'timeout=5'} 
 body={"success":true,"message":"Report created successfully","data":{"id":"cmmunman4001dse2eydgdw15j","bookingId":"cmmunm7qy0017se2ek0oofx1z","passengerId":"cmmulwb550001qp6mfrcizm0c","category":"INAPPROPRIATE_BEHAVIOR","reportTopic":"Driver behavior after trip","reportDescription":"Passenger reports unsafe driving and rude language.","reportImages":null,"reportVideos":["https://res.cloudinary.com/dzcypf7ba/video/upload/v1773754478/reports/videos/h3h0dsagfmc5nfjgtivd.mp4"],"contactFirstName":"Test","contactLastName":"Passenger","contactPhoneNumber":"0800000002","contactEmail":"passenger@example.com","reportStatus":"PENDING","createdAt":"2026-03-17T13:34:38.176Z","updatedAt":"2026-03-17T13:34:38.176Z","booking":{"id":"cmmunm7qy0017se2ek0oofx1z","route":{"driver":{"id":"cmmulwb3t0000qp6m7f26ovts","firstName":"Test","lastName":"Driver"}}}}} 
 </msg>
<msg time="2026-03-17T20:34:38.186965" level="INFO">${resp} = &lt;Response [201]&gt;</msg>
<var>${resp}</var>
<arg>url=${API_REPORTS}</arg>
<arg>headers=${headers}</arg>
<arg>data=${form}</arg>
<arg>files=${files}</arg>
<arg>expected_status=any</arg>
<doc>Sends a POST request.</doc>
<status status="PASS" start="2026-03-17T20:34:34.531071" elapsed="3.655894"/>
</kw>
<kw name="Run Keyword If" owner="BuiltIn">
<arg>${resp.status_code} != 201</arg>
<arg>Log To Console</arg>
<arg>\n[DEBUG ERROR] POST /reports:\n${resp.text}\n</arg>
<doc>Runs the given keyword with the given arguments, if ``condition`` is true.</doc>
<status status="PASS" start="2026-03-17T20:34:38.186965" elapsed="0.001007"/>
</kw>
<kw name="Should Be Equal As Integers" owner="BuiltIn">
<msg time="2026-03-17T20:34:38.187972" level="INFO">Argument types are:
&lt;class 'int'&gt;
&lt;class 'str'&gt;</msg>
<arg>${resp.status_code}</arg>
<arg>201</arg>
<doc>Fails if objects are unequal after converting them to integers.</doc>
<status status="PASS" start="2026-03-17T20:34:38.187972" elapsed="0.000000"/>
</kw>
<kw name="Set Variable" owner="BuiltIn">
<msg time="2026-03-17T20:34:38.188971" level="INFO">${json} = {'success': True, 'message': 'Report created successfully', 'data': {'id': 'cmmunman4001dse2eydgdw15j', 'bookingId': 'cmmunm7qy0017se2ek0oofx1z', 'passengerId': 'cmmulwb550001qp6mfrcizm0c', 'category'...</msg>
<var>${json}</var>
<arg>${resp.json()}</arg>
<doc>Returns the given values which can then be assigned to a variables.</doc>
<status status="PASS" start="2026-03-17T20:34:38.187972" elapsed="0.000999"/>
</kw>
<kw name="Get From Dictionary" owner="Collections">
<msg time="2026-03-17T20:34:38.188971" level="INFO">${report_id} = cmmunman4001dse2eydgdw15j</msg>
<var>${report_id}</var>
<arg>${json['data']}</arg>
<arg>id</arg>
<doc>Returns a value from the given ``dictionary`` based on the given ``key``.</doc>
<status status="PASS" start="2026-03-17T20:34:38.188971" elapsed="0.000000"/>
</kw>
<return>
<value>${report_id}</value>
<status status="PASS" start="2026-03-17T20:34:38.188971" elapsed="0.000000"/>
</return>
<msg time="2026-03-17T20:34:38.188971" level="INFO">${report_id} = cmmunman4001dse2eydgdw15j</msg>
<var>${report_id}</var>
<arg>${booking_id}</arg>
<arg>${pass_token}</arg>
<status status="PASS" start="2026-03-17T20:34:34.504320" elapsed="3.684651"/>
</kw>
<kw name="Validate Report Retrieved">
<kw name="Create Dictionary" owner="BuiltIn">
<msg time="2026-03-17T20:34:38.190472" level="INFO">${headers} = {'Authorization': 'Bearer eyJhbGciOiJIUzI1NiIsInR5cCI6IkpXVCJ9.eyJzdWIiOiJjbW11bHdiNTUwMDAxcXA2bWZyY2l6bTBjIiwicm9sZSI6IlBBU1NFTkdFUiIsImlhdCI6MTc3Mzc1NDQ3NCwiZXhwIjoxNzczODQwODc0fQ.t_9_yTSKwGcfcxX5ZD...</msg>
<var>${headers}</var>
<arg>Authorization=Bearer ${passenger_token}</arg>
<doc>Creates and returns a dictionary based on the given ``items``.</doc>
<status status="PASS" start="2026-03-17T20:34:38.189969" elapsed="0.000503"/>
</kw>
<kw name="GET" owner="RequestsLibrary">
<msg time="2026-03-17T20:34:38.197492" level="INFO">GET Request : url=http://localhost:3000/api/reports/cmmunman4001dse2eydgdw15j 
 path_url=/api/reports/cmmunman4001dse2eydgdw15j 
 headers={'User-Agent': 'python-requests/2.32.3', 'Accept-Encoding': 'gzip, deflate', 'Accept': '*/*', 'Connection': 'keep-alive', 'Authorization': 'Bearer eyJhbGciOiJIUzI1NiIsInR5cCI6IkpXVCJ9.eyJzdWIiOiJjbW11bHdiNTUwMDAxcXA2bWZyY2l6bTBjIiwicm9sZSI6IlBBU1NFTkdFUiIsImlhdCI6MTc3Mzc1NDQ3NCwiZXhwIjoxNzczODQwODc0fQ.t_9_yTSKwGcfcxX5ZDCXR4rs_2QeuwIdnv9lBui5wQY'} 
 body=None 
 </msg>
<msg time="2026-03-17T20:34:38.198496" level="INFO">GET Response : url=http://localhost:3000/api/reports/cmmunman4001dse2eydgdw15j 
 status=200, reason=OK 
 headers={'Content-Security-Policy': "default-src 'self';base-uri 'self';font-src 'self' https: data:;form-action 'self';frame-ancestors 'self';img-src 'self' data:;object-src 'none';script-src 'self';script-src-attr 'none';style-src 'self' https: 'unsafe-inline';upgrade-insecure-requests", 'Cross-Origin-Opener-Policy': 'same-origin', 'Cross-Origin-Resource-Policy': 'same-origin', 'Origin-Agent-Cluster': '?1', 'Referrer-Policy': 'no-referrer', 'Strict-Transport-Security': 'max-age=15552000; includeSubDomains', 'X-Content-Type-Options': 'nosniff', 'X-DNS-Prefetch-Control': 'off', 'X-Download-Options': 'noopen', 'X-Frame-Options': 'SAMEORIGIN', 'X-Permitted-Cross-Domain-Policies': 'none', 'X-XSS-Protection': '0', 'Vary': 'Origin', 'Access-Control-Allow-Credentials': 'true', 'Content-Type': 'application/json; charset=utf-8', 'Content-Length': '1498', 'ETag': 'W/"5da-rucQkdE8y6WaXGW3xVzI4a4V8A0"', 'Date': 'Tue, 17 Mar 2026 13:34:38 GMT', 'Connection': 'keep-alive', 'Keep-Alive': 'timeout=5'} 
 body={"success":true,"message":"Report retrieved successfully","data":{"id":"cmmunman4001dse2eydgdw15j","bookingId":"cmmunm7qy0017se2ek0oofx1z","passengerId":"cmmulwb550001qp6mfrcizm0c","category":"INAPPROPRIATE_BEHAVIOR","reportTopic":"Driver behavior after trip","reportDescription":"Passenger reports unsafe driving and rude language.","reportImages":null,"reportVideos":["https://res.cloudinary.com/dzcypf7ba/video/upload/v1773754478/reports/videos/h3h0dsagfmc5nfjgtivd.mp4"],"contactFirstName":"Test","contactLastName":"Passenger","contactPhoneNumber":"0800000002","contactEmail":"passenger@example.com","reportStatus":"PENDING","createdAt":"2026-03-17T13:34:38.176Z","updatedAt":"2026-03-17T13:34:38.176Z","booking":{"id":"cmmunm7qy0017se2ek0oofx1z","routeId":"cmmunm7qc0015se2elps3nhkc","passengerId":"cmmulwb550001qp6mfrcizm0c","numberOfSeats":1,"status":"CONFIRMED","passengerFinishedAt":"2026-03-17T13:34:34.478Z","cancelledAt":null,"cancelledBy":null,"cancelReason":null,"pickupLocation":{"lat":13.7563,"lng":100.5018,"address":"Pickup Point"},"dropoffLocation":{"lat":13.746,"lng":100.5231,"address":"Dropoff Point"},"createdAt":"2026-03-17T13:34:34.427Z","route":{"id":"cmmunm7qc0015se2elps3nhkc","startLocation":{"lat":13.7563,"lng":100.5018,"address":"Pickup Point"},"endLocation":{"lat":13.746,"lng":100.5231,"address":"Dropoff Point"},"departureTime":"2026-03-17T13:39:34.140Z","driver":{"id":"cmmulwb3t0000qp6m7f26ovts","firstName":"Test","lastName":"Driver","profilePicture":null}}}}} 
 </msg>
<msg time="2026-03-17T20:34:38.198496" level="INFO">${resp} = &lt;Response [200]&gt;</msg>
<var>${resp}</var>
<arg>url=${API_REPORTS}/${report_id}</arg>
<arg>headers=${headers}</arg>
<doc>Sends a GET request.</doc>
<status status="PASS" start="2026-03-17T20:34:38.190472" elapsed="0.008024"/>
</kw>
<kw name="Should Be Equal As Integers" owner="BuiltIn">
<msg time="2026-03-17T20:34:38.198496" level="INFO">Argument types are:
&lt;class 'int'&gt;
&lt;class 'str'&gt;</msg>
<arg>${resp.status_code}</arg>
<arg>200</arg>
<doc>Fails if objects are unequal after converting them to integers.</doc>
<status status="PASS" start="2026-03-17T20:34:38.198496" elapsed="0.000000"/>
</kw>
<kw name="Set Variable" owner="BuiltIn">
<msg time="2026-03-17T20:34:38.199497" level="INFO">${json} = {'id': 'cmmunman4001dse2eydgdw15j', 'bookingId': 'cmmunm7qy0017se2ek0oofx1z', 'passengerId': 'cmmulwb550001qp6mfrcizm0c', 'category': 'INAPPROPRIATE_BEHAVIOR', 'reportTopic': 'Driver behavior after tr...</msg>
<var>${json}</var>
<arg>${resp.json()['data']}</arg>
<doc>Returns the given values which can then be assigned to a variables.</doc>
<status status="PASS" start="2026-03-17T20:34:38.198496" elapsed="0.001001"/>
</kw>
<kw name="Should Be Equal" owner="BuiltIn">
<arg>${report_id}</arg>
<arg>${json['id']}</arg>
<doc>Fails if the given objects are unequal.</doc>
<status status="PASS" start="2026-03-17T20:34:38.199497" elapsed="0.000000"/>
</kw>
<kw name="Should Be Equal" owner="BuiltIn">
<arg>${CATEGORY}</arg>
<arg>${json['category']}</arg>
<doc>Fails if the given objects are unequal.</doc>
<status status="PASS" start="2026-03-17T20:34:38.199497" elapsed="0.001000"/>
</kw>
<arg>${report_id}</arg>
<arg>${pass_token}</arg>
<status status="PASS" start="2026-03-17T20:34:38.189969" elapsed="0.010528"/>
</kw>
<status status="PASS" start="2026-03-17T20:34:34.008603" elapsed="4.191894"/>
</test>
<status status="PASS" start="2026-03-17T20:34:33.713466" elapsed="4.487031"/>
</suite>
<statistics>
<total>
<stat pass="1" fail="0" skip="0">All Tests</stat>
</total>
<tag>
</tag>
<suite>
<stat name="API" id="s1" pass="1" fail="0" skip="0">API</stat>
</suite>
</statistics>
<errors>
</errors>
</robot>
