<?xml version="1.0" encoding="UTF-8"?>
<robot generator="Robot 7.4.1 (Python 3.10.10 on win32)" generated="2026-03-03T23:15:41.623118" rpa="false" schemaversion="5">
<suite id="s1" name="Api" source="F:\DEV\SE_Sec2_5_PaiNamNae\test\sprint#2\Item04\API\api.robot">
<kw name="Setup Suite" type="SETUP">
<kw name="Create Session" owner="RequestsLibrary">
<msg time="2026-03-03T23:15:41.786278" level="INFO">Creating Session using : alias=api, url=https://cp353004-team2-5.onrender.com, headers={},                     cookies={}, auth=None, timeout=None, proxies=None, verify=True,                     debug=0 </msg>
<arg>api</arg>
<arg>${BASE_URL}</arg>
<arg>verify=True</arg>
<doc>Create Session: create a HTTP session to a server</doc>
<status status="PASS" start="2026-03-03T23:15:41.786278" elapsed="0.000000"/>
</kw>
<kw name="Connect To Database" owner="DatabaseLibrary">
<msg time="2026-03-03T23:15:41.787274" level="INFO">Looking for configuration file: 'resources\db.cfg'</msg>
<msg time="2026-03-03T23:15:41.787274" level="INFO">Configuration file doesn't exist</msg>
<msg time="2026-03-03T23:15:41.805274" level="INFO">Connect to DB using : psycopg2.connect(port='5432', database='painamnae', user='painamnae_user', password=***, host='dpg-d668h26r433s73dd1h0g-a.singapore-postgres.render.com')</msg>
<arg>psycopg2</arg>
<arg>database=${DB_NAME}</arg>
<arg>user=${DB_USER}</arg>
<arg>password=${DB_PASSWORD}</arg>
<arg>host=${DB_HOST}</arg>
<arg>port=${DB_PORT}</arg>
<doc>Creates a database connection using the DB API 2.0 ``db_module`` and the parameters provided.
Along with listed commonly used arguments (`db_name`, `db_host` etc.)
you can set any other DB module specific parameters as key/value pairs.</doc>
<status status="PASS" start="2026-03-03T23:15:41.786278" elapsed="0.731850"/>
</kw>
<status status="PASS" start="2026-03-03T23:15:41.785274" elapsed="0.732854"/>
</kw>
<test id="s1-t1" name="TC1 OCR+Face OK = VERIFIED" line="179">
<kw name="Create Unique Email">
<kw name="Generate Random String" owner="String">
<msg time="2026-03-03T23:15:42.519134" level="INFO">${rand} = gozpmi</msg>
<var>${rand}</var>
<arg>6</arg>
<arg>[LOWER]</arg>
<doc>Generates a string with a desired ``length`` from the given ``chars``.</doc>
<status status="PASS" start="2026-03-03T23:15:42.518128" elapsed="0.001006"/>
</kw>
<return>
<value>test_${rand}@mail.com</value>
<status status="PASS" start="2026-03-03T23:15:42.519134" elapsed="0.000000"/>
</return>
<msg time="2026-03-03T23:15:42.519134" level="INFO">${email} = test_gozpmi@mail.com</msg>
<var>${email}</var>
<status status="PASS" start="2026-03-03T23:15:42.518128" elapsed="0.001006"/>
</kw>
<kw name="Register User">
<kw name="Set Suite Variable" owner="BuiltIn">
<msg time="2026-03-03T23:15:42.520141" level="INFO">${CURRENT_EMAIL} = test_gozpmi@mail.com</msg>
<arg>${CURRENT_EMAIL}</arg>
<arg>${email}</arg>
<doc>Makes a variable available everywhere within the scope of the current suite.</doc>
<status status="PASS" start="2026-03-03T23:15:42.520141" elapsed="0.000000"/>
</kw>
<kw name="Create Unique Username">
<kw name="Generate Random String" owner="String">
<msg time="2026-03-03T23:15:42.520141" level="INFO">${rand} = qbhjzj</msg>
<var>${rand}</var>
<arg>6</arg>
<arg>[LOWER]</arg>
<doc>Generates a string with a desired ``length`` from the given ``chars``.</doc>
<status status="PASS" start="2026-03-03T23:15:42.520141" elapsed="0.000000"/>
</kw>
<return>
<value>user_${rand}</value>
<status status="PASS" start="2026-03-03T23:15:42.520141" elapsed="0.000000"/>
</return>
<msg time="2026-03-03T23:15:42.520141" level="INFO">${username} = user_qbhjzj</msg>
<var>${username}</var>
<status status="PASS" start="2026-03-03T23:15:42.520141" elapsed="0.000000"/>
</kw>
<kw name="Create Unique Phone Number">
<kw name="Generate Random String" owner="String">
<msg time="2026-03-03T23:15:42.521141" level="INFO">${rand} = 69649706</msg>
<var>${rand}</var>
<arg>8</arg>
<arg>[NUMBERS]</arg>
<doc>Generates a string with a desired ``length`` from the given ``chars``.</doc>
<status status="PASS" start="2026-03-03T23:15:42.521141" elapsed="0.000000"/>
</kw>
<return>
<value>09${rand}</value>
<status status="PASS" start="2026-03-03T23:15:42.521141" elapsed="0.000000"/>
</return>
<msg time="2026-03-03T23:15:42.521141" level="INFO">${phone} = 0969649706</msg>
<var>${phone}</var>
<status status="PASS" start="2026-03-03T23:15:42.521141" elapsed="0.000000"/>
</kw>
<kw name="Create Dictionary" owner="BuiltIn">
<msg time="2026-03-03T23:15:42.522141" level="INFO">${body} = {'email': 'test_gozpmi@mail.com', 'username': 'user_qbhjzj', 'password': 'Test1234!', 'firstName': 'Test', 'lastName': 'User', 'phoneNumber': '0969649706', 'gender': 'male', 'nationalIdNumber': '34117...</msg>
<var>${body}</var>
<arg>email=${email}</arg>
<arg>username=${username}</arg>
<arg>password=${PASSWORD}</arg>
<arg>firstName=Test</arg>
<arg>lastName=User</arg>
<arg>phoneNumber=${phone}</arg>
<arg>gender=male</arg>
<arg>nationalIdNumber=${nationalId}</arg>
<arg>nationalIdExpiryDate=${expiry}</arg>
<doc>Creates and returns a dictionary based on the given ``items``.</doc>
<status status="PASS" start="2026-03-03T23:15:42.521141" elapsed="0.001000"/>
</kw>
<kw name="Create Dictionary" owner="BuiltIn">
<msg time="2026-03-03T23:15:42.522141" level="INFO">${files} = {}</msg>
<var>${files}</var>
<doc>Creates and returns a dictionary based on the given ``items``.</doc>
<status status="PASS" start="2026-03-03T23:15:42.522141" elapsed="0.000000"/>
</kw>
<kw name="Get Binary File" owner="OperatingSystem">
<msg time="2026-03-03T23:15:42.522141" level="INFO" html="true">Getting file '&lt;a href="file://F:\DEV\SE_Sec2_5_PaiNamNae\test\sprint#2\Item04\UAT\register-verification\images\TC1\id.png"&gt;F:\DEV\SE_Sec2_5_PaiNamNae\test\sprint#2\Item04\UAT\register-verification\images\TC1\id.png&lt;/a&gt;'.</msg>
<msg time="2026-03-03T23:15:42.532141" level="INFO">${id_file} = PNG

IHDR
ssRGB®Îé
&gt;ÊtEXtmxfile%3Cmxfile%20host%3D%22app.diagrams.net%22%20modified%3D%222022-09-06T07%3A41%3A34.511Z%22%20agent%3D%225.0%20(Macintosh%3B%20Intel%20Mac%20...</msg>
<var>${id_file}</var>
<arg>${idPhotoPath}</arg>
<doc>Returns the contents of a specified file.</doc>
<status status="PASS" start="2026-03-03T23:15:42.522141" elapsed="0.011000"/>
</kw>
<kw name="Create List" owner="BuiltIn">
<msg time="2026-03-03T23:15:42.559152" level="INFO">${id_tuple} = ['id.png', b'\x89PNG\r\n\x1a\n\x00\x00\x00\rIHDR\x00\x00\x04\x11\x00\x00\x02\x95\x08\x06\x00\x00\x00\x99\ns\x9f\x00\x00\x00\x01sRGB\x00\xae\xce\x1c\xe9\x00\n&gt;\xcatEXtmxfile\x00%3Cmxfile%20host%3D%22ap...</msg>
<var>${id_tuple}</var>
<arg>id.png</arg>
<arg>${id_file}</arg>
<arg>image/png</arg>
<doc>Returns a list containing given items.</doc>
<status status="PASS" start="2026-03-03T23:15:42.533141" elapsed="0.026011"/>
</kw>
<kw name="Set To Dictionary" owner="Collections">
<arg>${files}</arg>
<arg>nationalIdPhotoUrl=${id_tuple}</arg>
<doc>Adds the given ``key_value_pairs`` and/or ``items`` to the ``dictionary``.</doc>
<status status="PASS" start="2026-03-03T23:15:42.560152" elapsed="0.000000"/>
</kw>
<kw name="Get Binary File" owner="OperatingSystem">
<msg time="2026-03-03T23:15:42.560152" level="INFO" html="true">Getting file '&lt;a href="file://F:\DEV\SE_Sec2_5_PaiNamNae\test\sprint#2\Item04\UAT\register-verification\images\TC1\selfie.png"&gt;F:\DEV\SE_Sec2_5_PaiNamNae\test\sprint#2\Item04\UAT\register-verification\images\TC1\selfie.png&lt;/a&gt;'.</msg>
<msg time="2026-03-03T23:15:42.561152" level="INFO">${selfie_file} = PNG

IHDRùHy³sRGB®ÎégAMA±üa	pHYsÃÃÇo¨dÿ¥IDATx^ìýémivæýÞqOgé9ÕHvlÒì¦Z´Zn}-XVÛ°Øá¿ÂÝíúOl0$Ù!XlCZÍ©Íbk³*§w3ìéüaí¸¬$³º9ÔqòÜqöÙë]...</msg>
<var>${selfie_file}</var>
<arg>${selfiePath}</arg>
<doc>Returns the contents of a specified file.</doc>
<status status="PASS" start="2026-03-03T23:15:42.560152" elapsed="0.001000"/>
</kw>
<kw name="Create List" owner="BuiltIn">
<msg time="2026-03-03T23:15:42.564153" level="INFO">${selfie_tuple} = ['selfie.png', b'\x89PNG\r\n\x1a\n\x00\x00\x00\rIHDR\x00\x00\x00\xf9\x00\x00\x01\x1e\x08\x06\x00\x00\x00Hy\xb3\x1e\x00\x00\x00\x01sRGB\x00\xae\xce\x1c\xe9\x00\x00\x00\x04gAMA\x00\x00\xb1\x8f\x0b\xfca\...</msg>
<var>${selfie_tuple}</var>
<arg>selfie.png</arg>
<arg>${selfie_file}</arg>
<arg>image/png</arg>
<doc>Returns a list containing given items.</doc>
<status status="PASS" start="2026-03-03T23:15:42.561152" elapsed="0.003001"/>
</kw>
<kw name="Set To Dictionary" owner="Collections">
<arg>${files}</arg>
<arg>selfiePhotoUrl=${selfie_tuple}</arg>
<doc>Adds the given ``key_value_pairs`` and/or ``items`` to the ``dictionary``.</doc>
<status status="PASS" start="2026-03-03T23:15:42.564153" elapsed="0.000000"/>
</kw>
<kw name="POST On Session" owner="RequestsLibrary">
<msg time="2026-03-03T23:15:50.573909" level="INFO">POST Request : url=https://cp353004-team2-5.onrender.com/api/users 
 path_url=/api/users 
 headers={'User-Agent': 'python-requests/2.32.5', 'Accept-Encoding': 'gzip, deflate', 'Accept': '*/*', 'Connection': 'keep-alive', 'Content-Length': '1980138', 'Content-Type': 'multipart/form-data; boundary=cc20becf35cb786b474a76931b4da998'} 
 body=b'--cc20becf35cb786b474a76931b4da998\r\nContent-Disposition: form-data; name="email"\r\n\r\ntest_gozpmi@mail.com\r\n--cc20becf35cb786b474a76931b4da998\r\nContent-Disposition: form-data; name="username"\r\n\r\nuser_qbhjzj\r\n--cc20becf35cb786b474a76931b4da998\r\nContent-Disposition: form-data; name="password"\r\n\r\nTest1234!\r\n--cc20becf35cb786b474a76931b4da998\r\nContent-Disposition: form-data; name="firstName"\r\n\r\nTest\r\n--cc20becf35cb786b474a76931b4da998\r\nContent-Disposition: form-data; name="lastName"\r\n\r\nUser\r\n--cc20becf35cb786b474a76931b4da998\r\nContent-Disposition: form-data; name="phoneNumber"\r\n\r\n0969649706\r\n--cc20becf35cb786b474a76931b4da998\r\nContent-Disposition: form-data; name="gender"\r\n\r\nmale\r\n--cc20becf35cb786b474a76931b4da998\r\nContent-Disposition: form-data; name="nationalIdNumber"\r\n\r\n3411700830334\r\n--cc20becf35cb786b474a76931b4da998\r\nContent-Disposition: form-data; name="nationalIdExpiryDate"\r\n\r\n2025-03-21T00:00:00.000Z\r\n--cc20becf35cb786b474a76931b4da998\r\nContent-Disposition: form-data; name="nationalIdPhotoUrl"; filename="id.png"\r\nContent-Type: image/png\r\n\r\n\x89PNG\r\n\x1a\n\x00\x00\x00\rIHDR\x00\x00\x04\x11\x00\x00\x02\x95\x08\x06\x00\x00\x00\x99\ns\x9f\x00\x00\x00\x01sRGB\x00\xae\xce\x1c\xe9\x00\n&gt;\xcatEXtmxfile\x00%3Cmxfile%20host%3D%22app.diagrams.net%22%20modified%3D%222022-09-06T07%3A41%3A34.511Z%22%20agent%3D%225.0%20(Macintosh%3B%20Intel%20Mac%20OS%20X%2010_15_7)%20AppleWebKit%2F537.36%20(KHTML%2C%20like%20Gecko)%20Chrome%2F104.0.0.0%20Safari%2F537.36%22%20etag%3D%22mVuJfGyCm0xUnv3Q964o%22%20version%3D%2220.2.2%22%20type%3D%22device%22%3E%3Cdiagram%20id%3D%22v50XStIgCR67Gai2CHmm%22%20name%3D%22Page-1%22%3EjHvXDqRMlubT9OVK%2BIRLvPeeO7z3nqdfqPp7ZlqjlbZUVZkZkBlw4sRnTgT%2Fgun%2B4pd4qtQxy7t%2FQUB2%2FQtm%2FgVBEAD%2F3pev5f7bAgIo%2FLelXOrsn7b%2FbrDrJ%2F%2F3if%2B07nWWr%2F9x4jaO3VZP%2F9mYjsOQp9t%2FtMXLMp7%2FeVoxdv%2FZ6xSX%2Bf9qsNO4%2B9%2Btfp1t1d9WHAX%2Bu13I67L6d88g8M%2BRPv73yf80rFWcjef%2FaILZf8H0Mo7b33f9RefdF71%2Fx%2BXv97j%2Fx9H%2FurAlH7b%2Fny8oy52yC6jQFH8ZvftbgMj9P8jfXznibv%2Fnhv%2B52O3%2BdwTe656%2Bt3X%2FJ1TUn1dynf5GG3hb4n9%2FKOorf3ujjnzZ6jeGSpzknTGu9VaPw3s8Gbdt7P%2FHCWRXl9%2BBbZz%2B%2Fcvvpyze4n%2FB5N%2BPEDcN5b8guvYo3ToBmS9H8v2j2W7FuuX7rvz%2B42SaDN9XCqnkPPpOIAPNtgCRXFYkxUySFElKsljOzTk0PYo8EbzsloLGRt8ejO5wBYo7l5x1GWdFN3t%2BWz1J%2FekP2rxvUwGOeKCvYn6ROMDUWeKHzS7dHE9hTOkPd7TrXxA1BQljkfKUH1GGJsQtsnemW%2FyULO%2FB9%2B%2FgRg650SfilWi80LzkXnXM7GX8k04NzuKqvyIAAOx6IuhM7MXGik6aNilNhSjSQqfZJG82NsVWTszW8ucQ11R2NZGWP8rZ4llWPL0UDu19ykiACeNKJCRAIoeCdRt0BUrrejj1ROwJe4%2BLLNjEHCsCj2niuQoUHSZLLGBJ52BzCoPkq0qGHSowqnqGeolBO%2BAzqs6GyTS%2B94Ki6QSh4yqYjJ4ZZX9qU01ZZEdbd3KztkRxZc9EtuPlBVlgkdmo2sT2ase931XYX9sLLmlWb2hFdPbZ0vEMJDQZTa2EK6i0fDg5hQTnnMKBEw0w1OtZ0xR13ppXXQmXqmfpC1PlW9PLk7VDXlMBPmHT98cNAKXfn60p4Neq5hmwqe8eb3u7H67G13HTmYKi7rSAhGLfA0hXQlmMIVSe5XzX12J7UhQkJrwCjdJYV%2ByztpXNS6hyAXHGaoL8%2Frhd8Ve4vsmosswEVG%2FgxZNNLyQZ3o6AxqbIISj1vfITOSjFKFXGFOk6qOttSmd%2F2BKwayrB1Oq%2FvxWTG84UrqWI8bVs3fFMGnGIKCzfGxLt50KuJpO1y6%2BKAn59HJ5Ktv2W5syI3dmaLFVjhvc2M1OvhJuUycZJkqIUw2iNHQZ68lQnuds9BbbQS%2BjoQ9kjzaTojFU9K2l7WNu9MhYUeDUSN89aH0OlY2WsMMiN9cYkqJTw%2Bzo8NRLy43SKccWT2FFNWMDHjQ72QYZBfycl8TWli7uVejCmE0Dw6xqN4k9va8WUshnPeTrcvXoFnqPqUvRcBHG6cLPUOhdOxRjStB5WfUKqn5WgOQImcTKN5UVXLM%2FaT8J1w3MD0bLZuBa1I66b%2Fq084FAljr8BZ8ArowFLRxZk%2Bd2HPuMBXuc33LIht%2FMQm6YVbB74sOStD%2FxqWRRdqyG1wYtEFCXOR%2BmGo08wCIybox5U8SqhOQkl%2BcvU9x80nJE%2BxwG1vqM14FkBEG4cYy1%2Fvwejn5VRDn%2B9U4ILtNgA8fx5hsBGGQxVgNY1tbSJjRODwRdKqWvf9TcppUY9i7v7mQRMb5i8vbhN1S9UU%2Bo3O45i%2FAUSlL%2Bw8n7kcGGVkqiBhHX44Q88JbCVVQCaNEmfaw1gGXGSdtfd%2FLi0xvBf8OXnZoJ4A04yEOFdD2QgVijDz%2B8U1y9QOltd8%2B3myz1IXartfrOIAArvGX5Nf79oR0liQWNYqj8gTFIvWgLYPt2spvnsexB7v9eLQfhiGvcIX4CauV%2Fk4ybX71C9WJ1CBMMo%2FVq8RMcKGnOWKk6n%2BG6QIJO5yOqAY%2BCRQD3FkyGXTA4%2Fh4yC%2BX6wSd6z9jBWfM%2B%2FFeMO4AU%2B0Qe1MAdGW4UilOANO3cA31TjOgPpdpjPt%2FTSUbewfV7O6G4G1BtMOBARfveQaN%2BoJQmRj90yP8pxR8%2Bw2HIc2l%2FYnd%2FBEv8MtJunHxm4vPuNB00ODWMDQ73aLyFS5kesL4RH7%2BsH5yiGK%2BWJT2zbHp0SNeJMmFZDZd0NtFflSC8KQXAHGlBQAicQdyanbBAzUofleucv1yYqrpqmqaiD0QgLwJmaT0PxrC2OZSRxKlSC4UTnbC9aH1zVtSgZN09AdHcXcQcupv1LqyA1VjXV5UpKQW%2BhMoovW8%2FkROGJ6vyFWu0ncgYx2myVKat15FWKYlv%2FWjuNjHpzdGNextaZS0lqdqOsF9kLpFhakZmxanyHcpI2ZG%2FCalW%2F1wsDL9%2FLvRncWXj9TREy5PQKveiJx41PDnGPE%2BvmwOOwZJbN7r0XozFsnvk1sprPiBg5ggznVqJrcfLvQXBNZrzR4Jh84QvT9y3kpZqS4%2Bk88RrU1kveQGI1JG5X2jSdMc3fATK16qlEoZadHW7Pa0zg4p1HodXF7wbwzzoROpKjVdkkar8KZFQSw8J6EPzAelUze%2FOdnDVEalfdcCscMXBiVBuvhJvWy2J1ZrSBSHope5TRbqpRYh7%2B3Zgb5t%2Bw80Xo7JcoOLvWk7oBA529W%2B%2BN6IVWA7WV02%2FGddtP%2F%2B3IAf0o61l%2FmOYqvXanldItPfaKLSo5SY%2BYj5xLsYlyTMeZpl8JwjLAhtUlrudDkfCgmLMWmQZW1cURbtmRw66OTCF03YIBMyRUw%2BKHJusvZkaUEUIdsexlUlBJ99%2FP1JU%2ByokWO0VS5yuGuvigEN5dNxKCDgla6%2Fe75Sl4rQH1SvGOQ3Rt0HjfyhmOqgXnTjVOCN2R75BbvauDl4QiSnHrzWjz%2FWyfDLVapI01aZWcReklrl3pHcBD%2BPVBj%2FjpqeY4Q4rqTrR8zl%2FDWamZYC9FxrgkAYFgiVlAvnTT8hFPMKieYYJE%2FuqsMcwBqs%2FE0t8r%2FOH6zbgm23JdLUpvg2U5REfek4S8d8M7ZSUr3AY1SRCcrEG1La%2BVUUf1CP3qi400R76sa%2FrZMpnljMEnPmVcKeEa9%2Fk374nUYqUnjDtcLYeWRx%2FTV9np1%2BQK8mVutvV0XPfCnuiByrulRNEeMgNsjQOVNDK0E%2FnjZmhBCRYKQOPMGaQDEBcurl6P0D13pYfaDuzQCeYRcTtv32%2BmcFifIxYkO1LLDeKC2mXu6SPNlp6f2%2FEtU9qy8VDVwM2OV6cNPFTlqXxKoI05rbi50u7qD%2FKw%2BTCo%2FZR8ncioXhb4Z1lLGR%2BIqFO7oQrnEbZUOqeaLsGRCEQGYZKSR7k6lEgypLaJ7GPL6LWcEuAFLpCKSdAFm4l%2FuNQhBj95sPeavyj4%2BxUf3oV3MV0pDKMEAVeBhTu5Blv8pkwwEUTgQJR2h8j3DIl5AYhrC1x7LR6HfnCfTidyYiIZRK4R6X1eToZ2UFGIHaDCujYF2RWl83cWMkcNytQ3y%2B6pbNJoKEXxxz2TilStWy7TSl%2BsYnTQHqBs4CAvIDbTHZdJ8nZFzVycLG0TOOJH0ROjNWoMYnlvQlUIrGUeVzZjSfKKx2I%2BatE2spUpmjzj234eiW1FX9y5NSai4LpqBqtNOqzmfxDVivJJh34pBSrE3gidymaQmQIKSB7SCmXVLyPP9%2Fp6j0oY0L0IjJfc%2Bi3agus3F6Rc6jSJnhB8%2BSF8H5Zu9MiIr%2FWX%2Ff64jN3ZEja047HhwtSxxJm07ag2KyDjYAE3yTGqEq0J9aMhu8lJ3o4wS9oXgjGBivlZbdOwK5UVHCB1baoBazKRhWhwuKdkcFoUvoI1Ho%2BQPpI11%2FmrMMKW00GEu82E1kT%2FVT%2FZNVx9mKwfZ1vTzEIanLj5YXzsxqj91Ad0O%2BK3b3q53qwHDS%2BQjIAXVY2yYN6XL0rNCq17%2BSkJ2GSagz%2BcPt%2FF8%2FrMjq0zpXiCjScfv7ApCRLRabWDA8s6z5YdMDnk2TNkBZ%2F0TZ5sJ2FGZN4aogDUQ66ZTLLaIgbDkqXeSVZ4BT5hJlTfeNjQYNjLK7CCKdueVsE9fYB2mKozfQDb5L9c6Gs79w56lcvTsgu%2BYctAVCNQTMd%2BnuKNsA03O5KLUDnmEJabZod6zJigiQaFe8hbC4cNtmcfrrFSB4svFaJWkaUMa5mRDycIil6Kqh99YFz%2FEoTfLhb4PtJFH3sSJZ4lDiqh4fKHH%2Bbe6inza0V2FBlPlicXeso0nxkxSDn2ETur5kotoGxej8v5OEYvo0qavuvXC%2Bisbp3BDlnXGLf6omzjO0xDY71hV2LL6nHmdhrFu47RBV0VjhG2CHt6RSKKamFwZeq2ESRW7CCOHe1XDv%2B4mf2NLiXyJWJCLemLFqevwdWQaX2hn0L11j6DHMbTVBgjht3UyHeUHpQgKk2otIhH1fLqIfKLOKARmjmKbuHAlJi1%2FV6hYdVHJvaDpqx7hwsIgwDCWzKPiVYVKlSujIWSZtdpfopQB46nxS9ZS7TXvqN22zoqnC8miwHCZW8smEjqq9vzjDbxHUZa9T6m1Z8XbKSwf9KViLZyiQk6twnff9%2FLqbweK8V8uCMcmQ3RWqVO1uGRlAtFLHupjx9z6rzzEdTGwfsT55LMjyp54YZQNCWXvHH%2BfrjfaZ5Fzya9rFWRCwBffmrw4bKByqJPo479r8uhopjA2ifx%2FQCaaxhbllqxVNFtifTQyZZcNfbVLRRfRUTIEpPdKSnJA9owlz12%2B%2B4feaSzBXUJqDf5pKWE%2B0c6iHyG5NIWqg9SaPYJZjmO5OdzIs9ZdSSmUJngMHyMRiFIDgsf0bYLLJDVUtK1Wt0nwOllKGDI%2FRH5S%2BJNQHB8NKpRqXMR3qpGxJuA1DbA6mFiNq8vqvOOxLS%2FtUlnwI%2FoxzjqedP1inMBjTo%2FdWNq21%2FtCzLLApSJjZxDBHZQQ278O%2FIRuImCt8mUCRxm4mbITMVvHIfzlWCb8MknE33HTGhnkxo%2FVHTocr5vl1PWoPrMBpKwupBYL%2BEJx6Ua2sJQjZrqjaqv5dmIjjwJ2pC1GHmqhrjFQeE21taVjnm7i3%2Bunm1LnbtAWqJKr2O85ddo2q8i7wVAk%2BNx7DShFvkYEf3djDlqVgHODCuWXG%2BKck5TM9gTqYEWE1vbJHpUytp3inBXpCxmrSw9lHEWsJImP2cUaR4uT%2FpPZlYya3NjHk1%2FCzunDBRF%2BzF8cBHxYk1y55x%2FD33336CGiD40sobxx09IGgkBxqTgmf46xDg2glu1T%2BA4sWq3LeUjbhlpN6TxMUWpsT3IqKPEjZXMWzTOrltDv5l6s51bwIhiEw%2Fx6NJNqopjnEtBgm4PxwLaEufCvrlOx%2FE3I1TUXUcvmU0FNU2KuJhuWAE5GUwyraq7Ot0VPuwdl1naBkUUOHkxihjn1vpAl6vIpGzrbTYUEX%2FckPmTD9zz0X3FKp9ly0ysXhj6VNWGfOqrzouwp1qeR3bliwDOtobV5FLoC5PlhzFyODXtlBlDvkdV%2BiejOyLmxzcpwd8Ht%2BvYWfD6%2BRkgPQKSF1Hd8Tk0%2BRJoRynrzF6l%2FmI1Ss6e9SJyLwquZwEgEipweyhMLzrA%2Bl6Ch3AqoYG4qgKGcRJHu7x4%2F%2FCr7oRPhWZlgobtLyRRUD9vKnz7o0HHFexhnLLPCya4zz6jS%2Bks%2Byd3m8A15fbqSXLB2koYyD7qlW%2BkBQOHU15f63n1H4qz%2BOHOLw%2FfylU3rnnFFpZ9hITrIrFyBcwq2T20v9zot%2F79X38wg1izBZMcVGJV52lGBZc6xv3FUeTv9h0nL5pxpHpvQWTZ4DFIO82f2KZjRyJjU0nVQdl2QgU%2Fn%2BuyNQ0N7qXkK3mrHRX%2Bsu4lObq3q12WbKF0ocwrZ6mqv4KZCUyMidTLL2R682Tvq4wg1YsAoqpCungmnKw%2Bhzw1ZObbVNBo2hGZIyVTMuCZHQdJuTrnVfoCCkfX28DHh4w3h9rUc3EHq3hy0mumN%2Fn6yiWSN0RGXMMeevEsToyYGV6SUEB5wRCN7hzQGTWkJVJDX58zCJocoT%2Fx5LzdgQfOGJkiimALhOOGkXToLL14uh8VgSXL%2BK4SyiZ8FqaV3i3Xi1Veu8KbjNNTuMfmKVRiJUtqTRjL6ncLRm5XSWDPOmUUdKmknpfMN38n7KLL6AsdTizhtVGpgt6abk9VJDlGkubFkU3gGyEthgtZ%2BH2lX604Qs46ROlVcdWoPYO4uZfEtsQmlDxoRsjXglbyfb3evae5R3HpLMHvryz1%2BG5nAlh5vdJ8EECQweVdZXhbreJXDFOVGZ8ua9LNppUqbZcNqYpeuzHuO1LkxoSWaEvLkDp34jbczVdp60gY9UYX69b486aPfq6v4XicF6Fpe4hIPONnfhupmodmCFwFxzKT5w1wx%2FMvvGjR7YDZDdn6ENdWKkKX2GIu%2BQCFBN7iSGmJqT6ip9hju5mmLDDUxpWxWwHWK4fpx5MuuhGZs1VD0%2Fxm09r700%2BuHipBkjMk8hKjK%2BlOSqATRGl8jb87z%2Bmw4KJEMmWw4KYp5qUcHkwZGxQ0zh4StJMssQSZrahD%2B7NeYvb9uIYHWgkBxVpWxECNqW%2FsGflscWWaru7%2B6WKYSwn5UOXHW7WUwcI3R3Pll156I4vQyu7FV%2FKRVCjTaZuKIGLhIM20BqYimNHPha1By1msfO8D9XAXA9JDgKzDsnSi0u6y945c647dWsFx3PgErqAMEbI6hw4wRtALNM38lehUapJDtwRFylHifpWr15d%2FsOkfqjiihZEIBxDBxYPLl%2F1jxRjyf6JQo7PjS1lvmIwXmajrqbPuIrd9OI5nw3PL2jP2oyjgVuazi4gu%2Fbyt3imG%2BBeY3xvjizShP%2FHdSVqHZCBuLAOMq8X86jDy4Gj3XFNUVdx%2BEOYs5HTfzV247URziocRgbSG%2F%2BXfrDcF7Qhwpr%2F3EJNaPC%2BJzbv2paemchoa4quKpPkLpkcm%2Bc7JWGAfDGHkz%2BedU6itZ%2Ffa8SZpk27iDiM1TrHwsWRaINpxHKsx0R93nESuJrfk3SkFCNyH%2BiliVowVpgsFnrODjDdaEJeQW7jtgRkVhNRVSiTNiE91t92mvi%2FSV6eRH5KU64jMWiUPTtctps%2BJto9smYzEda9SavmgpHsKUkWCVnM5xchr2k%2FR9Lj%2BtWkPq7qLFjzsC4ean7ya1PU8GzXUDriK2Ne7AlSwaZGy4XWiNaIgcmGcKuofIt7w5EWQm%2BOVu1QBbOKPWifrHToPD2%2FJqwrMecx9ddfyh3rsNhR3h7NBlHArLoEiUHmTs6BSNNpcYmJbDbs5nvyyqVJbqxRtlENpbbx%2Ftqow9BLKIF7xo1DMvRrJjOwNrRWS23jCd8YM1kAy1WD2KtWZoQ%2BdkM3T%2BGW%2FZ6XMWtqiTA16nd%2BvrrK7TmgpMZ81ubt5ydfwBZuaizzD7vUyuxZKbiwLnl5aKy39BJz3ksrwi%2FAVY66ttbQH3w4zQaj0Y1ZlVxVo9sTI%2BK2O4qxkCa2F9XrMKlTGJbZa20ncNQwyfJu2WIlqx2pXKyscJA9fOW3fUy9TmBrWUNVQ7KmuxBMyQCfxwM6Y3sOP%2Bzl%2F9g54UrWK%2BJ%2F4UlH2VcGmCLdNNbqnyfkEs4DxJSOBifTFurbdAv7oueoJO5ENcmyUarqjYeDz3BprIsirax9bvp0ncaP9THX6S1LYgLPwODTFTPqS8fb89k2jb1q9cWLRDoNLAs0Q7ZKRpcxPGGWMedDY8%2Buyvc6ZFp5WUbM8%2BEooMt86q49WZUlXr9Zz%2B0TuaW9s8zqetUBETYuvQp8PspyKheQApSFZhG55AV%2B8DHLmw6ZbM%2BruhXqoBu325MTzqFK1jNFfm0Ia2LodWln6itmMNjHSiN0n2PKixbT0OXMCQzr%2BC6vvDSibK1otC9VtJBMEvJysxUypS5CDG22L%2FpCTJrE2CR2mJQnqWNkcSrqu33enI4a6bUSaguHpsYkhLtJmtWdfRASe1kqI912Lv8NWVCmdoRm1FMelYMbERX7Gb7potQI2U0BUJUYAIOEE4wqZ4SOII1OH32fZ7JB'... (set the log level to DEBUG or TRACE to see the full content) 
 </msg>
<msg time="2026-03-03T23:15:50.573909" level="INFO">POST Response : url=https://cp353004-team2-5.onrender.com/api/users 
 status=201, reason=Created 
 headers={'Date': 'Tue, 03 Mar 2026 16:15:55 GMT', 'Content-Type': 'application/json; charset=utf-8', 'Transfer-Encoding': 'chunked', 'Connection': 'keep-alive', 'CF-RAY': '9d69f125094c2dc0-BKK', 'access-control-allow-credentials': 'true', 'content-security-policy': "default-src 'self';base-uri 'self';font-src 'self' https: data:;form-action 'self';frame-ancestors 'self';img-src 'self' data:;object-src 'none';script-src 'self';script-src-attr 'none';style-src 'self' https: 'unsafe-inline';upgrade-insecure-requests", 'cross-origin-opener-policy': 'same-origin', 'cross-origin-resource-policy': 'same-origin', 'etag': 'W/"3395-GmXuxO5P00/uY0RpeBA9yzSgY+Y"', 'origin-agent-cluster': '?1', 'referrer-policy': 'no-referrer', 'rndr-id': 'a37e247e-3144-48c5', 'strict-transport-security': 'max-age=15552000; includeSubDomains', 'vary': 'Origin, Accept-Encoding', 'x-content-type-options': 'nosniff', 'x-dns-prefetch-control': 'off', 'x-download-options': 'noopen', 'x-frame-options': 'SAMEORIGIN', 'x-permitted-cross-domain-policies': 'none', 'x-render-origin-server': 'Render', 'x-xss-protection': '0', 'cf-cache-status': 'DYNAMIC', 'Server': 'cloudflare', 'alt-svc': 'h3=":443"; ma=86400'} 
 body={"success":true,"message":"User created and verification processed.","data":{"id":"cmmat7pub001z13tgys76h7yk","username":"user_qbhjzj","email":"test_gozpmi@mail.com","firstName":"Test","lastName":"User","gender":"male","phoneNumber":"0969649706","profilePicture":null,"nationalIdNumber":"3411700830334","nationalIdPhotoUrl":"https://res.cloudinary.com/dykvjo1yj/image/upload/v1772554550/painamnae/national_ids/nah1fxzfdllemuswqnmz.png","nationalIdExpiryDate":"2025-03-21T00:00:00.000Z","selfiePhotoUrl":"https://res.cloudinary.com/dykvjo1yj/image/upload/v1772554549/painamnae/selfies/ocgecaxfdbxbeure39jn.png","role":"PASSENGER","isVerified":true,"verificationStatus":"VERIFIED","autoVerifyConfidence":97.339,"autoVerifyHighThreshold":75,"autoVerifyLowThreshold":40,"ocrVerificationStatus":"VERIFIED","ocrData":{"name":"นาง บุญยัง โลเปช","gender":null,"address":"33/349 หมู่ที่ 7 ต.หนองปรือ อ.บางละมุง จ.ชลบุรี","idNumber":"3411700830334","expiryDate":"21 มี.ค. 2568","dateOfBirth":null,"fullResponse":{"data":[{"dob_en":{"value":"22 Mar. 1957","bboxes":[[[521,330],[741,335],[739,376],[518,371]]],"confidence":0.9935,"bboxes_norm":[[[0.5005,0.4992],[0.7118,0.5068],[0.7099,0.5688],[0.4976,0.5613]]]},"dob_th":{"value":"22 มี.ค. 2500","bboxes":[[[461,275],[674,279],[671,328],[458,324]]],"confidence":0.9866,"bboxes_norm":[[[0.4428,0.416],[0.6475,0.4221],[0.6446,0.4962],[0.44,0.4902]]]},"doe_en":{"value":"21 Mar. 2025","bboxes":[[[576,571],[736,576],[734,607],[574,601]]],"confidence":0.988,"bboxes_norm":[[[0.5533,0.8638],[0.707,0.8714],[0.7051,0.9183],[0.5514,0.9092]]]},"doe_th":{"value":"21 มี.ค. 2568","bboxes":[[[577,501],[732,506],[730,545],[575,540]]],"confidence":0.9902,"bboxes_norm":[[[0.5543,0.7579],[0.7032,0.7655],[0.7012,0.8245],[0.5524,0.8169]]]},"doi_en":{"value":"26 Jul. 2016","bboxes":[[[108,563],[258,568],[257,598],[107,592]]],"confidence":0.9884,"bboxes_norm":[[[0.1037,0.8517],[0.2478,0.8593],[0.2469,0.9047],[0.1028,0.8956]]]},"doi_th":{"value":"26 ก.ค. 2559","bboxes":[[[110,505],[261,509],[259,538],[109,533]]],"confidence":0.9946,"bboxes_norm":[[[0.1057,0.764],[0.2507,0.77],[0.2488,0.8139],[0.1047,0.8064]]]},"option":{"face":{},"gender":{},"signed":{},"processed_image":{}},"name_en":{"value":"BUNYANG","bboxes":[[[414,186],[660,188],[657,235],[412,231]]],"confidence":0.9889,"bboxes_norm":[[[0.3977,0.2814],[0.634,0.2844],[0.6311,0.3555],[0.3958,0.3495]]]},"name_th":{"value":"บุญยัง","bboxes":[[[297,108],[672,110],[666,196],[293,191]]],"confidence":0.9754,"bboxes_norm":[[[0.2853,0.1634],[0.6455,0.1664],[0.6398,0.2965],[0.2815,0.289]]]},"religion":{},"title_en":{"value":"MRS.","bboxes":[[[414,186],[660,188],[657,235],[412,231]]],"confidence":0.9889,"bboxes_norm":[[[0.3977,0.2814],[0.634,0.2844],[0.6311,0.3555],[0.3958,0.3495]]]},"title_th":{"value":"นาง","bboxes":[[[297,108],[672,110],[666,196],[293,191]]],"confidence":0.9754,"bboxes_norm":[[[0.2853,0.1634],[0.6455,0.1664],[0.6398,0.2965],[0.2815,0.289]]]},"address_1":{"value":"ที่อยู่ 33/349 หมู่ที่ 7 ต.หนองปรือ","bboxes":[[[112,402],[534,413],[530,476],[110,464]]],"confidence":0.9819,"bboxes_norm":[[[0.1076,0.6082],[0.513,0.6248],[0.5091,0.7201],[0.1057,0.702]]]},"address_2":{"value":"อ.บางละมุง จ.ชลบุรี","bboxes":[[[110,454],[362,461],[359,516],[108,508]]],"confidence":0.9724,"bboxes_norm":[[[0.1057,0.6868],[0.3477,0.6974],[0.3449,0.7806],[0.1037,0.7685]]]},"id_number":{"value":"3411700830334","bboxes":[[[460,57],[815,58],[812,104],[458,102]]],"confidence":0.9867,"bboxes_norm":[[[0.4419,0.0862],[0.7829,0.0877],[0.78,0.1573],[0.44,0.1543]]]},"surname_en":{"value":"LOPEZ","bboxes":[[[475,236],[584,238],[582,280],[473,278]]],"confidence":0.9951,"bboxes_norm":[[[0.4563,0.357],[0.561,0.3601],[0.5591,0.4236],[0.4544,0.4206]]]},"surname_th":{"value":"โลเปช","bboxes":[[[297,108],[672,110],[666,196],[293,191]]],"confidence":0.9754,"bboxes_norm":[[[0.2853,0.1634],[0.6455,0.1664],[0.6398,0.2965],[0.2815,0.289]]]},"address_full":{"value":"33/349 หมู่ที่ 7 ต.หนองปรือ อ.บางละมุง จ.ชลบุรี","bboxes":[[[112,402],[534,413],[530,476],[110,464]],[[110,454],[362,461],[359,516],[108,508]]],"confidence":0.9548,"bboxes_norm":[[[0.1076,0.6082],[0.513,0.6248],[0.5091,0.7201],[0.1057,0.702]],[[0.1057,0.6868],[0.3477,0.6974],[0.3449,0.7806],[0.1037,0.7685]]]},"title_name_en":{"value":"MRS. BUNYANG","bboxes":[[[414,186],[660,188],[657,235],[412,231]]],"confidence":0.9889,"bboxes_norm":[[[0.3977,0.2814],[0.634,0.2844],[0.6311,0.3555],[0.3958,0.3495]]]},"address_district":{"value":"อ.บางละมุง","bboxes":[[[112,402],[534,413],[530,476],[110,464]],[[110,454],[362,461],[359,516],[108,508]]],"confidence":0.9548,"bboxes_norm":[[[0.1076,0.6082],[0.513,0.6248],[0.5091,0.7201],[0.1057,0.702]],[[0.1057,0.6868],[0.3477,0.6974],[0.3449,0.7806],[0.1037,0.7685]]]},"address_postcode":{},"address_province":{"value":"จ.ชลบุรี","bboxes":[[[112,402],[534,413],[530,476],[110,464]],[[110,454],[362,461],[359,516],[108,508]]],"confidence":0.9548,"bboxes_norm":[[[0.1076,0.6082],[0.513,0.6248],[0.5091,0.7201],[0.1057,0.702]],[[0.1057,0.6868],[0.3477,0.6974],[0.3449,0.7806],[0.1037,0.7685]]]},"address_sub_district":{"value":"ต.หนองปรือ","bboxes":[[[112,402],[534,413],[530,476],[110,464]],[[110,454],[362,461],[359,516],[108,508]]],"confidence":0.9548,"bboxes_norm":[[[0.1076,0.6082],[0.513,0.6248],[0.5091,0.7201],[0.1057,0.702]],[[0.1057,0.6868],[0.3477,0.6974],[0.3449,0.7806],[0.1037,0.7685]]]},"title_name_surname_th":{"value":"นาง บุญยัง โลเปช","bboxes":[[[297,108],[672,110],[666,196],[293,191]]],"confidence":0.9754,"bboxes_norm":[[[0.2853,0.1634],[0.6455,0.1664],[0.6398,0.2965],[0.2815,0.289]]]},"address_street_address":{"value":"หมู่ที่ 7","bboxes":[[[112,402],[534,413],[530,476],[110,464]],[[110,454],[362,461],[359,516],[108,508]]],"confidence":0.9547,"bboxes_norm":[[[0.1076,0.6082],[0.513,0.6248],[0.5091,0.7201],[0.1057,0.702]],[[0.1057,0.6868],[0.3477,0.6974],[0.3449,0.7806],[0.1037,0.7685]]]},"address_house_building_number":{"value":"33/349","bboxes":[[[112,402],[534,413],[530,476],[110,464]],[[110,454],[362,461],[359,516],[108,508]]],"confidence":0.9548,"bboxes_norm":[[[0.1076,0.6082],[0.513,0.6248],[0.5091,0.7201],[0.1057,0.702]],[[0.1057,0.6868],[0.3477,0.6974],[0.3449,0.7806],[0.1037,0.7685]]]}}],"error":[],"status":"success","request_id":"2da9fe4c-db7d-4cad-b460-85cc82b3b38a","response_id":"2da9fe4c-db7d-4cad-b460-85cc82b3b38a"}},"isActive":true,"otpCode":null,"lastLogin":null,"createdAt":"2026-03-03T16:15:52.211Z","updatedAt":"2026-03-03T16:15:55.889Z","passengerSuspendedUntil":null,"driverSuspendedUntil":null},"verification":{"verified":true,"status":"VERIFIED","faceConfidence":97.339,"faceHighThreshold":75,"faceLowThreshold":40,"ocrVerification":{"verificationStatus":"VERIFIED","ocrData":{"idNumber":"3411700830334","expiryDate":"21 มี.ค. 2568","name":"นาง บุญยัง โลเปช","dateOfBirth":null,"gender":null,"address":"33/349 หมู่ที่ 7 ต.หนองปรือ อ.บางละมุง จ.ชลบุรี","fullResponse":{"status":"success","error":[],"data":[{"id_number":{"bboxes":[[[460,57],[815,58],[812,104],[458,102]]],"bboxes_norm":[[[0.4419,0.0862],[0.7829,0.0877],[0.78,0.1573],[0.44,0.1543]]],"value":"3411700830334","confidence":0.9867},"title_name_surname_th":{"bboxes":[[[297,108],[672,110],[666,196],[293,191]]],"bboxes_norm":[[[0.2853,0.1634],[0.6455,0.1664],[0.6398,0.2965],[0.2815,0.289]]],"value":"นาง บุญยัง โลเปช","confidence":0.9754},"title_name_en":{"bboxes":[[[414,186],[660,188],[657,235],[412,231]]],"bboxes_norm":[[[0.3977,0.2814],[0.634,0.2844],[0.6311,0.3555],[0.3958,0.3495]]],"value":"MRS. BUNYANG","confidence":0.9889},"surname_en":{"bboxes":[[[475,236],[584,238],[582,280],[473,278]]],"bboxes_norm":[[[0.4563,0.357],[0.561,0.3601],[0.5591,0.4236],[0.4544,0.4206]]],"value":"LOPEZ","confidence":0.9951},"dob_th":{"bboxes":[[[461,275],[674,279],[671,328],[458,324]]],"bboxes_norm":[[[0.4428,0.416],[0.6475,0.4221],[0.6446,0.4962],[0.44,0.4902]]],"value":"22 มี.ค. 2500","confidence":0.9866},"dob_en":{"bboxes":[[[521,330],[741,335],[739,376],[518,371]]],"bboxes_norm":[[[0.5005,0.4992],[0.7118,0.5068],[0.7099,0.5688],[0.4976,0.5613]]],"value":"22 Mar. 1957","confidence":0.9935},"religion":{},"address_1":{"bboxes":[[[112,402],[534,413],[530,476],[110,464]]],"bboxes_norm":[[[0.1076,0.6082],[0.513,0.6248],[0.5091,0.7201],[0.1057,0.702]]],"value":"ที่อยู่ 33/349 หมู่ที่ 7 ต.หนองปรือ","confidence":0.9819},"address_2":{"bboxes":[[[110,454],[362,461],[359,516],[108,508]]],"bboxes_norm":[[[0.1057,0.6868],[0.3477,0.6974],[0.3449,0.7806],[0.1037,0.7685]]],"value":"อ.บางละมุง จ.ชลบุรี","confidence":0.9724},"address_full":{"bboxes":[[[112,402],[534,413],[530,476],[110,464]],[[110,454],[362,461],[359,516],[108,508]]],"bboxes_norm":[[[0.1076,0.6082],[0.513,0.6248],[0.5091,0.7201],[0.1057,0.702]],[[0.1057,0.6868],[0.3477,0.6974],[0.3449,0.7806],[0.1037,0.7685]]],"value":"33/349 หมู่ที่ 7 ต.หนองปรือ อ.บางละมุง จ.ชลบุรี","confidence":0.9548},"address_house_building_number":{"bboxes":[[[112,402],[534,413],[530,476],[110,464]],[[110,454],[362,461],[359,516],[108,508]]],"bboxes_norm":[[[0.1076,0.6082],[0.513,0.6248],[0.5091,0.7201],[0.1057,0.702]],[[0.1057,0.6868],[0.3477,0.6974],[0.3449,0.7806],[0.1037,0.7685]]],"value":"33/349","confidence":0.9548},"address_street_address":{"bboxes":[[[112,402],[534,413],[530,476],[110,464]],[[110,454],[362,461],[359,516],[108,508]]],"bboxes_norm":[[[0.1076,0.6082],[0.513,0.6248],[0.5091,0.7201],[0.1057,0.702]],[[0.1057,0.6868],[0.3477,0.6974],[0.3449,0.7806],[0.1037,0.7685]]],"value":"หมู่ที่ 7","confidence":0.9547},"address_sub_district":{"bboxes":[[[112,402],[534,413],[530,476],[110,464]],[[110,454],[362,461],[359,516],[108,508]]],"bboxes_norm":[[[0.1076,0.6082],[0.513,0.6248],[0.5091,0.7201],[0.1057,0.702]],[[0.1057,0.6868],[0.3477,0.6974],[0.3449,0.7806],[0.1037,0.7685]]],"value":"ต.หนองปรือ","confidence":0.9548},"address_district":{"bboxes":[[[112,402],[534,413],[530,476],[110,464]],[[110,454],[362,461],[359,516],[108,508]]],"bboxes_norm":[[[0.1076,0.6082],[0.513,0.6248],[0.5091,0.7201],[0.1057,0.702]],[[0.1057,0.6868],[0.3... (set the log level to DEBUG or TRACE to see the full content) 
 </msg>
<msg time="2026-03-03T23:15:50.573909" level="INFO">${resp} = &lt;Response [201]&gt;</msg>
<var>${resp}</var>
<arg>api</arg>
<arg>${API_PREFIX}</arg>
<arg>data=${body}</arg>
<arg>files=${files}</arg>
<arg>expected_status=any</arg>
<doc>Sends a POST request on a previously created HTTP Session.</doc>
<status status="PASS" start="2026-03-03T23:15:42.565150" elapsed="8.008759"/>
</kw>
<kw name="Should Be True" owner="BuiltIn">
<arg>${resp.status_code} in [200,201]</arg>
<doc>Fails if the given condition is not true.</doc>
<status status="PASS" start="2026-03-03T23:15:50.573909" elapsed="0.000999"/>
</kw>
<return>
<value>${resp}</value>
<status status="PASS" start="2026-03-03T23:15:50.574908" elapsed="0.000000"/>
</return>
<arg>${email}</arg>
<arg>3411700830334</arg>
<arg>2025-03-21T00:00:00.000Z</arg>
<arg>${ID_OK}</arg>
<arg>${SELFIE_OK}</arg>
<status status="PASS" start="2026-03-03T23:15:42.519134" elapsed="8.055774"/>
</kw>
<kw name="Login User">
<kw name="Create Dictionary" owner="BuiltIn">
<msg time="2026-03-03T23:15:50.575912" level="INFO">${body} = {'email': 'test_gozpmi@mail.com', 'password': 'Test1234!'}</msg>
<var>${body}</var>
<arg>email=${email}</arg>
<arg>password=${PASSWORD}</arg>
<doc>Creates and returns a dictionary based on the given ``items``.</doc>
<status status="PASS" start="2026-03-03T23:15:50.575912" elapsed="0.000000"/>
</kw>
<kw name="POST On Session" owner="RequestsLibrary">
<msg time="2026-03-03T23:15:50.880914" level="INFO">POST Request : url=https://cp353004-team2-5.onrender.com/api/auth/login 
 path_url=/api/auth/login 
 headers={'User-Agent': 'python-requests/2.32.5', 'Accept-Encoding': 'gzip, deflate', 'Accept': '*/*', 'Connection': 'keep-alive', 'Content-Length': '58', 'Content-Type': 'application/json'} 
 body=b'{"email": "test_gozpmi@mail.com", "password": "Test1234!"}' 
 </msg>
<msg time="2026-03-03T23:15:50.880914" level="INFO">POST Response : url=https://cp353004-team2-5.onrender.com/api/auth/login 
 status=200, reason=OK 
 headers={'Date': 'Tue, 03 Mar 2026 16:15:56 GMT', 'Content-Type': 'application/json; charset=utf-8', 'Transfer-Encoding': 'chunked', 'Connection': 'keep-alive', 'Content-Encoding': 'gzip', 'access-control-allow-credentials': 'true', 'content-security-policy': "default-src 'self';base-uri 'self';font-src 'self' https: data:;form-action 'self';frame-ancestors 'self';img-src 'self' data:;object-src 'none';script-src 'self';script-src-attr 'none';style-src 'self' https: 'unsafe-inline';upgrade-insecure-requests", 'cross-origin-opener-policy': 'same-origin', 'cross-origin-resource-policy': 'same-origin', 'etag': 'W/"1978-AwBpTk/ljuq588EBGf8Dwrub7lo"', 'origin-agent-cluster': '?1', 'referrer-policy': 'no-referrer', 'rndr-id': '7994e983-ccc6-4251', 'strict-transport-security': 'max-age=15552000; includeSubDomains', 'vary': 'Origin, Accept-Encoding', 'x-content-type-options': 'nosniff', 'x-dns-prefetch-control': 'off', 'x-download-options': 'noopen', 'x-frame-options': 'SAMEORIGIN', 'x-permitted-cross-domain-policies': 'none', 'x-render-origin-server': 'Render', 'x-xss-protection': '0', 'cf-cache-status': 'DYNAMIC', 'Server': 'cloudflare', 'CF-RAY': '9d69f15698472dc0-BKK', 'alt-svc': 'h3=":443"; ma=86400'} 
 body={"success":true,"message":"Login successful","data":{"token":"eyJhbGciOiJIUzI1NiIsInR5cCI6IkpXVCJ9.eyJzdWIiOiJjbW1hdDdwdWIwMDF6MTN0Z3lzNzZoN3lrIiwicm9sZSI6IlBBU1NFTkdFUiIsImlhdCI6MTc3MjU1NDU1NiwiZXhwIjoxNzcyNjQwOTU2fQ.UEu-jNrdhmqLuA7sYt7yHBH6YoNpWTCkx11NlC2vVR8","user":{"id":"cmmat7pub001z13tgys76h7yk","firstName":"Test","lastName":"User","profilePicture":null,"role":"PASSENGER","verificationStatus":"VERIFIED","autoVerifyConfidence":97.339,"autoVerifyHighThreshold":75,"autoVerifyLowThreshold":40,"ocrVerificationStatus":"VERIFIED","ocrData":{"name":"นาง บุญยัง โลเปช","gender":null,"address":"33/349 หมู่ที่ 7 ต.หนองปรือ อ.บางละมุง จ.ชลบุรี","idNumber":"3411700830334","expiryDate":"21 มี.ค. 2568","dateOfBirth":null,"fullResponse":{"data":[{"dob_en":{"value":"22 Mar. 1957","bboxes":[[[521,330],[741,335],[739,376],[518,371]]],"confidence":0.9935,"bboxes_norm":[[[0.5005,0.4992],[0.7118,0.5068],[0.7099,0.5688],[0.4976,0.5613]]]},"dob_th":{"value":"22 มี.ค. 2500","bboxes":[[[461,275],[674,279],[671,328],[458,324]]],"confidence":0.9866,"bboxes_norm":[[[0.4428,0.416],[0.6475,0.4221],[0.6446,0.4962],[0.44,0.4902]]]},"doe_en":{"value":"21 Mar. 2025","bboxes":[[[576,571],[736,576],[734,607],[574,601]]],"confidence":0.988,"bboxes_norm":[[[0.5533,0.8638],[0.707,0.8714],[0.7051,0.9183],[0.5514,0.9092]]]},"doe_th":{"value":"21 มี.ค. 2568","bboxes":[[[577,501],[732,506],[730,545],[575,540]]],"confidence":0.9902,"bboxes_norm":[[[0.5543,0.7579],[0.7032,0.7655],[0.7012,0.8245],[0.5524,0.8169]]]},"doi_en":{"value":"26 Jul. 2016","bboxes":[[[108,563],[258,568],[257,598],[107,592]]],"confidence":0.9884,"bboxes_norm":[[[0.1037,0.8517],[0.2478,0.8593],[0.2469,0.9047],[0.1028,0.8956]]]},"doi_th":{"value":"26 ก.ค. 2559","bboxes":[[[110,505],[261,509],[259,538],[109,533]]],"confidence":0.9946,"bboxes_norm":[[[0.1057,0.764],[0.2507,0.77],[0.2488,0.8139],[0.1047,0.8064]]]},"option":{"face":{},"gender":{},"signed":{},"processed_image":{}},"name_en":{"value":"BUNYANG","bboxes":[[[414,186],[660,188],[657,235],[412,231]]],"confidence":0.9889,"bboxes_norm":[[[0.3977,0.2814],[0.634,0.2844],[0.6311,0.3555],[0.3958,0.3495]]]},"name_th":{"value":"บุญยัง","bboxes":[[[297,108],[672,110],[666,196],[293,191]]],"confidence":0.9754,"bboxes_norm":[[[0.2853,0.1634],[0.6455,0.1664],[0.6398,0.2965],[0.2815,0.289]]]},"religion":{},"title_en":{"value":"MRS.","bboxes":[[[414,186],[660,188],[657,235],[412,231]]],"confidence":0.9889,"bboxes_norm":[[[0.3977,0.2814],[0.634,0.2844],[0.6311,0.3555],[0.3958,0.3495]]]},"title_th":{"value":"นาง","bboxes":[[[297,108],[672,110],[666,196],[293,191]]],"confidence":0.9754,"bboxes_norm":[[[0.2853,0.1634],[0.6455,0.1664],[0.6398,0.2965],[0.2815,0.289]]]},"address_1":{"value":"ที่อยู่ 33/349 หมู่ที่ 7 ต.หนองปรือ","bboxes":[[[112,402],[534,413],[530,476],[110,464]]],"confidence":0.9819,"bboxes_norm":[[[0.1076,0.6082],[0.513,0.6248],[0.5091,0.7201],[0.1057,0.702]]]},"address_2":{"value":"อ.บางละมุง จ.ชลบุรี","bboxes":[[[110,454],[362,461],[359,516],[108,508]]],"confidence":0.9724,"bboxes_norm":[[[0.1057,0.6868],[0.3477,0.6974],[0.3449,0.7806],[0.1037,0.7685]]]},"id_number":{"value":"3411700830334","bboxes":[[[460,57],[815,58],[812,104],[458,102]]],"confidence":0.9867,"bboxes_norm":[[[0.4419,0.0862],[0.7829,0.0877],[0.78,0.1573],[0.44,0.1543]]]},"surname_en":{"value":"LOPEZ","bboxes":[[[475,236],[584,238],[582,280],[473,278]]],"confidence":0.9951,"bboxes_norm":[[[0.4563,0.357],[0.561,0.3601],[0.5591,0.4236],[0.4544,0.4206]]]},"surname_th":{"value":"โลเปช","bboxes":[[[297,108],[672,110],[666,196],[293,191]]],"confidence":0.9754,"bboxes_norm":[[[0.2853,0.1634],[0.6455,0.1664],[0.6398,0.2965],[0.2815,0.289]]]},"address_full":{"value":"33/349 หมู่ที่ 7 ต.หนองปรือ อ.บางละมุง จ.ชลบุรี","bboxes":[[[112,402],[534,413],[530,476],[110,464]],[[110,454],[362,461],[359,516],[108,508]]],"confidence":0.9548,"bboxes_norm":[[[0.1076,0.6082],[0.513,0.6248],[0.5091,0.7201],[0.1057,0.702]],[[0.1057,0.6868],[0.3477,0.6974],[0.3449,0.7806],[0.1037,0.7685]]]},"title_name_en":{"value":"MRS. BUNYANG","bboxes":[[[414,186],[660,188],[657,235],[412,231]]],"confidence":0.9889,"bboxes_norm":[[[0.3977,0.2814],[0.634,0.2844],[0.6311,0.3555],[0.3958,0.3495]]]},"address_district":{"value":"อ.บางละมุง","bboxes":[[[112,402],[534,413],[530,476],[110,464]],[[110,454],[362,461],[359,516],[108,508]]],"confidence":0.9548,"bboxes_norm":[[[0.1076,0.6082],[0.513,0.6248],[0.5091,0.7201],[0.1057,0.702]],[[0.1057,0.6868],[0.3477,0.6974],[0.3449,0.7806],[0.1037,0.7685]]]},"address_postcode":{},"address_province":{"value":"จ.ชลบุรี","bboxes":[[[112,402],[534,413],[530,476],[110,464]],[[110,454],[362,461],[359,516],[108,508]]],"confidence":0.9548,"bboxes_norm":[[[0.1076,0.6082],[0.513,0.6248],[0.5091,0.7201],[0.1057,0.702]],[[0.1057,0.6868],[0.3477,0.6974],[0.3449,0.7806],[0.1037,0.7685]]]},"address_sub_district":{"value":"ต.หนองปรือ","bboxes":[[[112,402],[534,413],[530,476],[110,464]],[[110,454],[362,461],[359,516],[108,508]]],"confidence":0.9548,"bboxes_norm":[[[0.1076,0.6082],[0.513,0.6248],[0.5091,0.7201],[0.1057,0.702]],[[0.1057,0.6868],[0.3477,0.6974],[0.3449,0.7806],[0.1037,0.7685]]]},"title_name_surname_th":{"value":"นาง บุญยัง โลเปช","bboxes":[[[297,108],[672,110],[666,196],[293,191]]],"confidence":0.9754,"bboxes_norm":[[[0.2853,0.1634],[0.6455,0.1664],[0.6398,0.2965],[0.2815,0.289]]]},"address_street_address":{"value":"หมู่ที่ 7","bboxes":[[[112,402],[534,413],[530,476],[110,464]],[[110,454],[362,461],[359,516],[108,508]]],"confidence":0.9547,"bboxes_norm":[[[0.1076,0.6082],[0.513,0.6248],[0.5091,0.7201],[0.1057,0.702]],[[0.1057,0.6868],[0.3477,0.6974],[0.3449,0.7806],[0.1037,0.7685]]]},"address_house_building_number":{"value":"33/349","bboxes":[[[112,402],[534,413],[530,476],[110,464]],[[110,454],[362,461],[359,516],[108,508]]],"confidence":0.9548,"bboxes_norm":[[[0.1076,0.6082],[0.513,0.6248],[0.5091,0.7201],[0.1057,0.702]],[[0.1057,0.6868],[0.3477,0.6974],[0.3449,0.7806],[0.1037,0.7685]]]}}],"error":[],"status":"success","request_id":"2da9fe4c-db7d-4cad-b460-85cc82b3b38a","response_id":"2da9fe4c-db7d-4cad-b460-85cc82b3b38a"}},"passengerSuspendedUntil":null,"driverSuspendedUntil":null}}} 
 </msg>
<msg time="2026-03-03T23:15:50.880914" level="INFO">${resp} = &lt;Response [200]&gt;</msg>
<var>${resp}</var>
<arg>api</arg>
<arg>/api/auth/login</arg>
<arg>json=${body}</arg>
<arg>expected_status=any</arg>
<doc>Sends a POST request on a previously created HTTP Session.</doc>
<status status="PASS" start="2026-03-03T23:15:50.575912" elapsed="0.305002"/>
</kw>
<kw name="Should Be Equal As Integers" owner="BuiltIn">
<msg time="2026-03-03T23:15:50.882293" level="INFO">Argument types are:
&lt;class 'int'&gt;
&lt;class 'str'&gt;</msg>
<arg>${resp.status_code}</arg>
<arg>200</arg>
<doc>Fails if objects are unequal after converting them to integers.</doc>
<status status="PASS" start="2026-03-03T23:15:50.880914" elapsed="0.001379"/>
</kw>
<kw name="Set Variable" owner="BuiltIn">
<msg time="2026-03-03T23:15:50.883300" level="INFO">${json} = {'success': True, 'message': 'Login successful', 'data': {'token': 'eyJhbGciOiJIUzI1NiIsInR5cCI6IkpXVCJ9.eyJzdWIiOiJjbW1hdDdwdWIwMDF6MTN0Z3lzNzZoN3lrIiwicm9sZSI6IlBBU1NFTkdFUiIsImlhdCI6MTc3MjU1NDU1Niw...</msg>
<var>${json}</var>
<arg>${resp.json()}</arg>
<doc>Returns the given values which can then be assigned to a variables.</doc>
<status status="PASS" start="2026-03-03T23:15:50.882293" elapsed="0.001007"/>
</kw>
<kw name="Set Variable" owner="BuiltIn">
<msg time="2026-03-03T23:15:50.884297" level="INFO">${token} = eyJhbGciOiJIUzI1NiIsInR5cCI6IkpXVCJ9.eyJzdWIiOiJjbW1hdDdwdWIwMDF6MTN0Z3lzNzZoN3lrIiwicm9sZSI6IlBBU1NFTkdFUiIsImlhdCI6MTc3MjU1NDU1NiwiZXhwIjoxNzcyNjQwOTU2fQ.UEu-jNrdhmqLuA7sYt7yHBH6YoNpWTCkx11NlC2vVR8</msg>
<var>${token}</var>
<arg>${json['data']['token']}</arg>
<doc>Returns the given values which can then be assigned to a variables.</doc>
<status status="PASS" start="2026-03-03T23:15:50.883300" elapsed="0.000997"/>
</kw>
<return>
<value>${token}</value>
<status status="PASS" start="2026-03-03T23:15:50.884297" elapsed="0.000000"/>
</return>
<msg time="2026-03-03T23:15:50.884297" level="INFO">${token} = eyJhbGciOiJIUzI1NiIsInR5cCI6IkpXVCJ9.eyJzdWIiOiJjbW1hdDdwdWIwMDF6MTN0Z3lzNzZoN3lrIiwicm9sZSI6IlBBU1NFTkdFUiIsImlhdCI6MTc3MjU1NDU1NiwiZXhwIjoxNzcyNjQwOTU2fQ.UEu-jNrdhmqLuA7sYt7yHBH6YoNpWTCkx11NlC2vVR8</msg>
<var>${token}</var>
<arg>${email}</arg>
<status status="PASS" start="2026-03-03T23:15:50.575912" elapsed="0.308385"/>
</kw>
<kw name="Wait Until Verification Status Is">
<kw name="Wait Until Keyword Succeeds" owner="BuiltIn">
<kw name="Verification Should Be">
<kw name="Get Verification">
<kw name="Create Dictionary" owner="BuiltIn">
<msg time="2026-03-03T23:15:50.886298" level="INFO">${headers} = {'Authorization': 'Bearer eyJhbGciOiJIUzI1NiIsInR5cCI6IkpXVCJ9.eyJzdWIiOiJjbW1hdDdwdWIwMDF6MTN0Z3lzNzZoN3lrIiwicm9sZSI6IlBBU1NFTkdFUiIsImlhdCI6MTc3MjU1NDU1NiwiZXhwIjoxNzcyNjQwOTU2fQ.UEu-jNrdhmqLuA7sYt...</msg>
<var>${headers}</var>
<arg>Authorization=Bearer ${token}</arg>
<doc>Creates and returns a dictionary based on the given ``items``.</doc>
<status status="PASS" start="2026-03-03T23:15:50.886298" elapsed="0.000000"/>
</kw>
<kw name="GET On Session" owner="RequestsLibrary">
<msg time="2026-03-03T23:15:50.972941" level="INFO">GET Request : url=https://cp353004-team2-5.onrender.com/api/users/me 
 path_url=/api/users/me 
 headers={'User-Agent': 'python-requests/2.32.5', 'Accept-Encoding': 'gzip, deflate', 'Accept': '*/*', 'Connection': 'keep-alive', 'Authorization': 'Bearer eyJhbGciOiJIUzI1NiIsInR5cCI6IkpXVCJ9.eyJzdWIiOiJjbW1hdDdwdWIwMDF6MTN0Z3lzNzZoN3lrIiwicm9sZSI6IlBBU1NFTkdFUiIsImlhdCI6MTc3MjU1NDU1NiwiZXhwIjoxNzcyNjQwOTU2fQ.UEu-jNrdhmqLuA7sYt7yHBH6YoNpWTCkx11NlC2vVR8'} 
 body=None 
 </msg>
<msg time="2026-03-03T23:15:50.972941" level="INFO">GET Response : url=https://cp353004-team2-5.onrender.com/api/users/me 
 status=200, reason=OK 
 headers={'Date': 'Tue, 03 Mar 2026 16:15:56 GMT', 'Content-Type': 'application/json; charset=utf-8', 'Transfer-Encoding': 'chunked', 'Connection': 'keep-alive', 'Content-Encoding': 'gzip', 'access-control-allow-credentials': 'true', 'content-security-policy': "default-src 'self';base-uri 'self';font-src 'self' https: data:;form-action 'self';frame-ancestors 'self';img-src 'self' data:;object-src 'none';script-src 'self';script-src-attr 'none';style-src 'self' https: 'unsafe-inline';upgrade-insecure-requests", 'cross-origin-opener-policy': 'same-origin', 'cross-origin-resource-policy': 'same-origin', 'etag': 'W/"1ae4-1brObQPiDbKJ4PIWfL/Ku1j/Fzg"', 'origin-agent-cluster': '?1', 'referrer-policy': 'no-referrer', 'rndr-id': '551e87f7-6825-42b3', 'strict-transport-security': 'max-age=15552000; includeSubDomains', 'vary': 'Origin, Accept-Encoding', 'x-content-type-options': 'nosniff', 'x-dns-prefetch-control': 'off', 'x-download-options': 'noopen', 'x-frame-options': 'SAMEORIGIN', 'x-permitted-cross-domain-policies': 'none', 'x-render-origin-server': 'Render', 'x-xss-protection': '0', 'cf-cache-status': 'DYNAMIC', 'Server': 'cloudflare', 'CF-RAY': '9d69f1588a002dc0-BKK', 'alt-svc': 'h3=":443"; ma=86400'} 
 body={"success":true,"message":"User retrieved","data":{"id":"cmmat7pub001z13tgys76h7yk","username":"user_qbhjzj","email":"test_gozpmi@mail.com","firstName":"Test","lastName":"User","gender":"male","phoneNumber":"0969649706","profilePicture":null,"nationalIdNumber":"3411700830334","nationalIdPhotoUrl":"https://res.cloudinary.com/dykvjo1yj/image/upload/v1772554550/painamnae/national_ids/nah1fxzfdllemuswqnmz.png","nationalIdExpiryDate":"2025-03-21T00:00:00.000Z","selfiePhotoUrl":"https://res.cloudinary.com/dykvjo1yj/image/upload/v1772554549/painamnae/selfies/ocgecaxfdbxbeure39jn.png","role":"PASSENGER","isVerified":true,"verificationStatus":"VERIFIED","autoVerifyConfidence":97.339,"autoVerifyHighThreshold":75,"autoVerifyLowThreshold":40,"ocrVerificationStatus":"VERIFIED","ocrData":{"name":"นาง บุญยัง โลเปช","gender":null,"address":"33/349 หมู่ที่ 7 ต.หนองปรือ อ.บางละมุง จ.ชลบุรี","idNumber":"3411700830334","expiryDate":"21 มี.ค. 2568","dateOfBirth":null,"fullResponse":{"data":[{"dob_en":{"value":"22 Mar. 1957","bboxes":[[[521,330],[741,335],[739,376],[518,371]]],"confidence":0.9935,"bboxes_norm":[[[0.5005,0.4992],[0.7118,0.5068],[0.7099,0.5688],[0.4976,0.5613]]]},"dob_th":{"value":"22 มี.ค. 2500","bboxes":[[[461,275],[674,279],[671,328],[458,324]]],"confidence":0.9866,"bboxes_norm":[[[0.4428,0.416],[0.6475,0.4221],[0.6446,0.4962],[0.44,0.4902]]]},"doe_en":{"value":"21 Mar. 2025","bboxes":[[[576,571],[736,576],[734,607],[574,601]]],"confidence":0.988,"bboxes_norm":[[[0.5533,0.8638],[0.707,0.8714],[0.7051,0.9183],[0.5514,0.9092]]]},"doe_th":{"value":"21 มี.ค. 2568","bboxes":[[[577,501],[732,506],[730,545],[575,540]]],"confidence":0.9902,"bboxes_norm":[[[0.5543,0.7579],[0.7032,0.7655],[0.7012,0.8245],[0.5524,0.8169]]]},"doi_en":{"value":"26 Jul. 2016","bboxes":[[[108,563],[258,568],[257,598],[107,592]]],"confidence":0.9884,"bboxes_norm":[[[0.1037,0.8517],[0.2478,0.8593],[0.2469,0.9047],[0.1028,0.8956]]]},"doi_th":{"value":"26 ก.ค. 2559","bboxes":[[[110,505],[261,509],[259,538],[109,533]]],"confidence":0.9946,"bboxes_norm":[[[0.1057,0.764],[0.2507,0.77],[0.2488,0.8139],[0.1047,0.8064]]]},"option":{"face":{},"gender":{},"signed":{},"processed_image":{}},"name_en":{"value":"BUNYANG","bboxes":[[[414,186],[660,188],[657,235],[412,231]]],"confidence":0.9889,"bboxes_norm":[[[0.3977,0.2814],[0.634,0.2844],[0.6311,0.3555],[0.3958,0.3495]]]},"name_th":{"value":"บุญยัง","bboxes":[[[297,108],[672,110],[666,196],[293,191]]],"confidence":0.9754,"bboxes_norm":[[[0.2853,0.1634],[0.6455,0.1664],[0.6398,0.2965],[0.2815,0.289]]]},"religion":{},"title_en":{"value":"MRS.","bboxes":[[[414,186],[660,188],[657,235],[412,231]]],"confidence":0.9889,"bboxes_norm":[[[0.3977,0.2814],[0.634,0.2844],[0.6311,0.3555],[0.3958,0.3495]]]},"title_th":{"value":"นาง","bboxes":[[[297,108],[672,110],[666,196],[293,191]]],"confidence":0.9754,"bboxes_norm":[[[0.2853,0.1634],[0.6455,0.1664],[0.6398,0.2965],[0.2815,0.289]]]},"address_1":{"value":"ที่อยู่ 33/349 หมู่ที่ 7 ต.หนองปรือ","bboxes":[[[112,402],[534,413],[530,476],[110,464]]],"confidence":0.9819,"bboxes_norm":[[[0.1076,0.6082],[0.513,0.6248],[0.5091,0.7201],[0.1057,0.702]]]},"address_2":{"value":"อ.บางละมุง จ.ชลบุรี","bboxes":[[[110,454],[362,461],[359,516],[108,508]]],"confidence":0.9724,"bboxes_norm":[[[0.1057,0.6868],[0.3477,0.6974],[0.3449,0.7806],[0.1037,0.7685]]]},"id_number":{"value":"3411700830334","bboxes":[[[460,57],[815,58],[812,104],[458,102]]],"confidence":0.9867,"bboxes_norm":[[[0.4419,0.0862],[0.7829,0.0877],[0.78,0.1573],[0.44,0.1543]]]},"surname_en":{"value":"LOPEZ","bboxes":[[[475,236],[584,238],[582,280],[473,278]]],"confidence":0.9951,"bboxes_norm":[[[0.4563,0.357],[0.561,0.3601],[0.5591,0.4236],[0.4544,0.4206]]]},"surname_th":{"value":"โลเปช","bboxes":[[[297,108],[672,110],[666,196],[293,191]]],"confidence":0.9754,"bboxes_norm":[[[0.2853,0.1634],[0.6455,0.1664],[0.6398,0.2965],[0.2815,0.289]]]},"address_full":{"value":"33/349 หมู่ที่ 7 ต.หนองปรือ อ.บางละมุง จ.ชลบุรี","bboxes":[[[112,402],[534,413],[530,476],[110,464]],[[110,454],[362,461],[359,516],[108,508]]],"confidence":0.9548,"bboxes_norm":[[[0.1076,0.6082],[0.513,0.6248],[0.5091,0.7201],[0.1057,0.702]],[[0.1057,0.6868],[0.3477,0.6974],[0.3449,0.7806],[0.1037,0.7685]]]},"title_name_en":{"value":"MRS. BUNYANG","bboxes":[[[414,186],[660,188],[657,235],[412,231]]],"confidence":0.9889,"bboxes_norm":[[[0.3977,0.2814],[0.634,0.2844],[0.6311,0.3555],[0.3958,0.3495]]]},"address_district":{"value":"อ.บางละมุง","bboxes":[[[112,402],[534,413],[530,476],[110,464]],[[110,454],[362,461],[359,516],[108,508]]],"confidence":0.9548,"bboxes_norm":[[[0.1076,0.6082],[0.513,0.6248],[0.5091,0.7201],[0.1057,0.702]],[[0.1057,0.6868],[0.3477,0.6974],[0.3449,0.7806],[0.1037,0.7685]]]},"address_postcode":{},"address_province":{"value":"จ.ชลบุรี","bboxes":[[[112,402],[534,413],[530,476],[110,464]],[[110,454],[362,461],[359,516],[108,508]]],"confidence":0.9548,"bboxes_norm":[[[0.1076,0.6082],[0.513,0.6248],[0.5091,0.7201],[0.1057,0.702]],[[0.1057,0.6868],[0.3477,0.6974],[0.3449,0.7806],[0.1037,0.7685]]]},"address_sub_district":{"value":"ต.หนองปรือ","bboxes":[[[112,402],[534,413],[530,476],[110,464]],[[110,454],[362,461],[359,516],[108,508]]],"confidence":0.9548,"bboxes_norm":[[[0.1076,0.6082],[0.513,0.6248],[0.5091,0.7201],[0.1057,0.702]],[[0.1057,0.6868],[0.3477,0.6974],[0.3449,0.7806],[0.1037,0.7685]]]},"title_name_surname_th":{"value":"นาง บุญยัง โลเปช","bboxes":[[[297,108],[672,110],[666,196],[293,191]]],"confidence":0.9754,"bboxes_norm":[[[0.2853,0.1634],[0.6455,0.1664],[0.6398,0.2965],[0.2815,0.289]]]},"address_street_address":{"value":"หมู่ที่ 7","bboxes":[[[112,402],[534,413],[530,476],[110,464]],[[110,454],[362,461],[359,516],[108,508]]],"confidence":0.9547,"bboxes_norm":[[[0.1076,0.6082],[0.513,0.6248],[0.5091,0.7201],[0.1057,0.702]],[[0.1057,0.6868],[0.3477,0.6974],[0.3449,0.7806],[0.1037,0.7685]]]},"address_house_building_number":{"value":"33/349","bboxes":[[[112,402],[534,413],[530,476],[110,464]],[[110,454],[362,461],[359,516],[108,508]]],"confidence":0.9548,"bboxes_norm":[[[0.1076,0.6082],[0.513,0.6248],[0.5091,0.7201],[0.1057,0.702]],[[0.1057,0.6868],[0.3477,0.6974],[0.3449,0.7806],[0.1037,0.7685]]]}}],"error":[],"status":"success","request_id":"2da9fe4c-db7d-4cad-b460-85cc82b3b38a","response_id":"2da9fe4c-db7d-4cad-b460-85cc82b3b38a"}},"isActive":true,"otpCode":null,"lastLogin":null,"createdAt":"2026-03-03T16:15:52.211Z","updatedAt":"2026-03-03T16:15:55.889Z","passengerSuspendedUntil":null,"driverSuspendedUntil":null}} 
 </msg>
<msg time="2026-03-03T23:15:50.972941" level="INFO">${resp} = &lt;Response [200]&gt;</msg>
<var>${resp}</var>
<arg>api</arg>
<arg>/api/users/me</arg>
<arg>headers=${headers}</arg>
<arg>expected_status=any</arg>
<doc>Sends a GET request on a previously created HTTP Session.</doc>
<status status="PASS" start="2026-03-03T23:15:50.887300" elapsed="0.085641"/>
</kw>
<kw name="Should Be Equal As Integers" owner="BuiltIn">
<msg time="2026-03-03T23:15:50.973940" level="INFO">Argument types are:
&lt;class 'int'&gt;
&lt;class 'str'&gt;</msg>
<arg>${resp.status_code}</arg>
<arg>200</arg>
<doc>Fails if objects are unequal after converting them to integers.</doc>
<status status="PASS" start="2026-03-03T23:15:50.972941" elapsed="0.000999"/>
</kw>
<kw name="Set Variable" owner="BuiltIn">
<msg time="2026-03-03T23:15:50.974940" level="INFO">${json} = {'success': True, 'message': 'User retrieved', 'data': {'id': 'cmmat7pub001z13tgys76h7yk', 'username': 'user_qbhjzj', 'email': 'test_gozpmi@mail.com', 'firstName': 'Test', 'lastName': 'User', 'gender'...</msg>
<var>${json}</var>
<arg>${resp.json()}</arg>
<doc>Returns the given values which can then be assigned to a variables.</doc>
<status status="PASS" start="2026-03-03T23:15:50.973940" elapsed="0.001000"/>
</kw>
<return>
<value>${json['data']}</value>
<status status="PASS" start="2026-03-03T23:15:50.974940" elapsed="0.000000"/>
</return>
<msg time="2026-03-03T23:15:50.975943" level="INFO">${data} = {'id': 'cmmat7pub001z13tgys76h7yk', 'username': 'user_qbhjzj', 'email': 'test_gozpmi@mail.com', 'firstName': 'Test', 'lastName': 'User', 'gender': 'male', 'phoneNumber': '0969649706', 'profilePicture'...</msg>
<var>${data}</var>
<arg>${token}</arg>
<status status="PASS" start="2026-03-03T23:15:50.885302" elapsed="0.090641"/>
</kw>
<kw name="Should Be Equal" owner="BuiltIn">
<arg>${data['verificationStatus']}</arg>
<arg>${expected}</arg>
<doc>Fails if the given objects are unequal.</doc>
<status status="PASS" start="2026-03-03T23:15:50.975943" elapsed="0.000000"/>
</kw>
<arg>${token}</arg>
<arg>${expected}</arg>
<status status="PASS" start="2026-03-03T23:15:50.885302" elapsed="0.091639"/>
</kw>
<arg>${TIMEOUT}</arg>
<arg>${POLL_INTERVAL}</arg>
<arg>Verification Should Be</arg>
<arg>${token}</arg>
<arg>${expected}</arg>
<doc>Runs the specified keyword and retries if it fails.</doc>
<status status="PASS" start="2026-03-03T23:15:50.884297" elapsed="0.092644"/>
</kw>
<arg>${token}</arg>
<arg>VERIFIED</arg>
<status status="PASS" start="2026-03-03T23:15:50.884297" elapsed="0.092644"/>
</kw>
<kw name="Cleanup Test User" type="TEARDOWN">
<kw name="Run Keyword And Ignore Error" owner="BuiltIn">
<kw name="Execute Sql String" owner="DatabaseLibrary">
<msg time="2026-03-03T23:15:50.977942" level="INFO" html="true">Executing sql:&lt;br&gt;&lt;code style="font-weight: bold;"&gt;ROLLBACK;&lt;/code&gt;</msg>
<msg time="2026-03-03T23:15:51.049744" level="INFO">Commit the transaction</msg>
<arg>ROLLBACK;</arg>
<doc>Executes the ``sql_string`` - as a single SQL command (default) or as separate statements.</doc>
<status status="PASS" start="2026-03-03T23:15:50.976941" elapsed="0.108052"/>
</kw>
<arg>Execute Sql String</arg>
<arg>ROLLBACK;</arg>
<doc>Runs the given keyword with the given arguments and ignores possible error.</doc>
<status status="PASS" start="2026-03-03T23:15:50.976941" elapsed="0.108052"/>
</kw>
<kw name="Run Keyword If" owner="BuiltIn">
<kw name="Execute Sql String" owner="DatabaseLibrary">
<msg time="2026-03-03T23:15:51.085993" level="INFO" html="true">Executing sql:&lt;br&gt;&lt;code style="font-weight: bold;"&gt;DELETE FROM "User" WHERE "email"='test_gozpmi@mail.com';&lt;/code&gt;</msg>
<msg time="2026-03-03T23:15:51.170046" level="INFO">Commit the transaction</msg>
<arg>DELETE FROM "User" WHERE "email"='${CURRENT_EMAIL}';</arg>
<doc>Executes the ``sql_string`` - as a single SQL command (default) or as separate statements.</doc>
<status status="PASS" start="2026-03-03T23:15:51.085993" elapsed="0.122099"/>
</kw>
<arg>'${CURRENT_EMAIL}' != '' and '${CURRENT_EMAIL}' != '${None}'</arg>
<arg>Execute Sql String</arg>
<arg>DELETE FROM "User" WHERE "email"='${CURRENT_EMAIL}';</arg>
<doc>Runs the given keyword with the given arguments, if ``condition`` is true.</doc>
<status status="PASS" start="2026-03-03T23:15:51.084993" elapsed="0.123099"/>
</kw>
<kw name="Run Keyword And Ignore Error" owner="BuiltIn">
<kw name="Execute Sql String" owner="DatabaseLibrary">
<msg time="2026-03-03T23:15:51.209097" level="INFO" html="true">Executing sql:&lt;br&gt;&lt;code style="font-weight: bold;"&gt;COMMIT;&lt;/code&gt;</msg>
<msg time="2026-03-03T23:15:51.280807" level="INFO">Commit the transaction</msg>
<arg>COMMIT;</arg>
<doc>Executes the ``sql_string`` - as a single SQL command (default) or as separate statements.</doc>
<status status="PASS" start="2026-03-03T23:15:51.209097" elapsed="0.107220"/>
</kw>
<arg>Execute Sql String</arg>
<arg>COMMIT;</arg>
<doc>Runs the given keyword with the given arguments and ignores possible error.</doc>
<status status="PASS" start="2026-03-03T23:15:51.208092" elapsed="0.108225"/>
</kw>
<kw name="Set Suite Variable" owner="BuiltIn">
<msg time="2026-03-03T23:15:51.317317" level="INFO">${CURRENT_EMAIL} = </msg>
<arg>${CURRENT_EMAIL}</arg>
<arg>${EMPTY}</arg>
<doc>Makes a variable available everywhere within the scope of the current suite.</doc>
<status status="PASS" start="2026-03-03T23:15:51.316317" elapsed="0.001000"/>
</kw>
<status status="PASS" start="2026-03-03T23:15:50.976941" elapsed="0.340376"/>
</kw>
<status status="PASS" start="2026-03-03T23:15:42.518128" elapsed="8.799189"/>
</test>
<test id="s1-t2" name="TC2 OCR mismatch = AUTO_REJECTED" line="192">
<kw name="Create Unique Email">
<kw name="Generate Random String" owner="String">
<msg time="2026-03-03T23:15:51.318318" level="INFO">${rand} = hcttgz</msg>
<var>${rand}</var>
<arg>6</arg>
<arg>[LOWER]</arg>
<doc>Generates a string with a desired ``length`` from the given ``chars``.</doc>
<status status="PASS" start="2026-03-03T23:15:51.318318" elapsed="0.000000"/>
</kw>
<return>
<value>test_${rand}@mail.com</value>
<status status="PASS" start="2026-03-03T23:15:51.319324" elapsed="0.000000"/>
</return>
<msg time="2026-03-03T23:15:51.319324" level="INFO">${email} = test_hcttgz@mail.com</msg>
<var>${email}</var>
<status status="PASS" start="2026-03-03T23:15:51.318318" elapsed="0.001006"/>
</kw>
<kw name="Create Unique National ID">
<kw name="Generate Random String" owner="String">
<msg time="2026-03-03T23:15:51.319324" level="INFO">${rand} = 0327194831341</msg>
<var>${rand}</var>
<arg>13</arg>
<arg>[NUMBERS]</arg>
<doc>Generates a string with a desired ``length`` from the given ``chars``.</doc>
<status status="PASS" start="2026-03-03T23:15:51.319324" elapsed="0.000000"/>
</kw>
<return>
<value>${rand}</value>
<status status="PASS" start="2026-03-03T23:15:51.319324" elapsed="0.000000"/>
</return>
<msg time="2026-03-03T23:15:51.320322" level="INFO">${nid} = 0327194831341</msg>
<var>${nid}</var>
<status status="PASS" start="2026-03-03T23:15:51.319324" elapsed="0.000998"/>
</kw>
<kw name="Register User">
<kw name="Set Suite Variable" owner="BuiltIn">
<msg time="2026-03-03T23:15:51.320322" level="INFO">${CURRENT_EMAIL} = test_hcttgz@mail.com</msg>
<arg>${CURRENT_EMAIL}</arg>
<arg>${email}</arg>
<doc>Makes a variable available everywhere within the scope of the current suite.</doc>
<status status="PASS" start="2026-03-03T23:15:51.320322" elapsed="0.000000"/>
</kw>
<kw name="Create Unique Username">
<kw name="Generate Random String" owner="String">
<msg time="2026-03-03T23:15:51.321324" level="INFO">${rand} = kubbel</msg>
<var>${rand}</var>
<arg>6</arg>
<arg>[LOWER]</arg>
<doc>Generates a string with a desired ``length`` from the given ``chars``.</doc>
<status status="PASS" start="2026-03-03T23:15:51.321324" elapsed="0.000000"/>
</kw>
<return>
<value>user_${rand}</value>
<status status="PASS" start="2026-03-03T23:15:51.321324" elapsed="0.000000"/>
</return>
<msg time="2026-03-03T23:15:51.321324" level="INFO">${username} = user_kubbel</msg>
<var>${username}</var>
<status status="PASS" start="2026-03-03T23:15:51.320322" elapsed="0.001002"/>
</kw>
<kw name="Create Unique Phone Number">
<kw name="Generate Random String" owner="String">
<msg time="2026-03-03T23:15:51.322325" level="INFO">${rand} = 36088387</msg>
<var>${rand}</var>
<arg>8</arg>
<arg>[NUMBERS]</arg>
<doc>Generates a string with a desired ``length`` from the given ``chars``.</doc>
<status status="PASS" start="2026-03-03T23:15:51.322325" elapsed="0.000000"/>
</kw>
<return>
<value>09${rand}</value>
<status status="PASS" start="2026-03-03T23:15:51.322325" elapsed="0.000000"/>
</return>
<msg time="2026-03-03T23:15:51.322325" level="INFO">${phone} = 0936088387</msg>
<var>${phone}</var>
<status status="PASS" start="2026-03-03T23:15:51.322325" elapsed="0.000000"/>
</kw>
<kw name="Create Dictionary" owner="BuiltIn">
<msg time="2026-03-03T23:15:51.323325" level="INFO">${body} = {'email': 'test_hcttgz@mail.com', 'username': 'user_kubbel', 'password': 'Test1234!', 'firstName': 'Test', 'lastName': 'User', 'phoneNumber': '0936088387', 'gender': 'male', 'nationalIdNumber': '03271...</msg>
<var>${body}</var>
<arg>email=${email}</arg>
<arg>username=${username}</arg>
<arg>password=${PASSWORD}</arg>
<arg>firstName=Test</arg>
<arg>lastName=User</arg>
<arg>phoneNumber=${phone}</arg>
<arg>gender=male</arg>
<arg>nationalIdNumber=${nationalId}</arg>
<arg>nationalIdExpiryDate=${expiry}</arg>
<doc>Creates and returns a dictionary based on the given ``items``.</doc>
<status status="PASS" start="2026-03-03T23:15:51.322325" elapsed="0.001000"/>
</kw>
<kw name="Create Dictionary" owner="BuiltIn">
<msg time="2026-03-03T23:15:51.323325" level="INFO">${files} = {}</msg>
<var>${files}</var>
<doc>Creates and returns a dictionary based on the given ``items``.</doc>
<status status="PASS" start="2026-03-03T23:15:51.323325" elapsed="0.000000"/>
</kw>
<kw name="Get Binary File" owner="OperatingSystem">
<msg time="2026-03-03T23:15:51.324324" level="INFO" html="true">Getting file '&lt;a href="file://F:\DEV\SE_Sec2_5_PaiNamNae\test\sprint#2\Item04\UAT\register-verification\images\TC1\id.png"&gt;F:\DEV\SE_Sec2_5_PaiNamNae\test\sprint#2\Item04\UAT\register-verification\images\TC1\id.png&lt;/a&gt;'.</msg>
<msg time="2026-03-03T23:15:51.330326" level="INFO">${id_file} = PNG

IHDR
ssRGB®Îé
&gt;ÊtEXtmxfile%3Cmxfile%20host%3D%22app.diagrams.net%22%20modified%3D%222022-09-06T07%3A41%3A34.511Z%22%20agent%3D%225.0%20(Macintosh%3B%20Intel%20Mac%20...</msg>
<var>${id_file}</var>
<arg>${idPhotoPath}</arg>
<doc>Returns the contents of a specified file.</doc>
<status status="PASS" start="2026-03-03T23:15:51.323325" elapsed="0.007001"/>
</kw>
<kw name="Create List" owner="BuiltIn">
<msg time="2026-03-03T23:15:51.360352" level="INFO">${id_tuple} = ['id.png', b'\x89PNG\r\n\x1a\n\x00\x00\x00\rIHDR\x00\x00\x04\x11\x00\x00\x02\x95\x08\x06\x00\x00\x00\x99\ns\x9f\x00\x00\x00\x01sRGB\x00\xae\xce\x1c\xe9\x00\n&gt;\xcatEXtmxfile\x00%3Cmxfile%20host%3D%22ap...</msg>
<var>${id_tuple}</var>
<arg>id.png</arg>
<arg>${id_file}</arg>
<arg>image/png</arg>
<doc>Returns a list containing given items.</doc>
<status status="PASS" start="2026-03-03T23:15:51.330326" elapsed="0.030026"/>
</kw>
<kw name="Set To Dictionary" owner="Collections">
<arg>${files}</arg>
<arg>nationalIdPhotoUrl=${id_tuple}</arg>
<doc>Adds the given ``key_value_pairs`` and/or ``items`` to the ``dictionary``.</doc>
<status status="PASS" start="2026-03-03T23:15:51.361351" elapsed="0.000000"/>
</kw>
<kw name="Get Binary File" owner="OperatingSystem">
<msg time="2026-03-03T23:15:51.361351" level="INFO" html="true">Getting file '&lt;a href="file://F:\DEV\SE_Sec2_5_PaiNamNae\test\sprint#2\Item04\UAT\register-verification\images\TC1\selfie.png"&gt;F:\DEV\SE_Sec2_5_PaiNamNae\test\sprint#2\Item04\UAT\register-verification\images\TC1\selfie.png&lt;/a&gt;'.</msg>
<msg time="2026-03-03T23:15:51.362354" level="INFO">${selfie_file} = PNG

IHDRùHy³sRGB®ÎégAMA±üa	pHYsÃÃÇo¨dÿ¥IDATx^ìýémivæýÞqOgé9ÕHvlÒì¦Z´Zn}-XVÛ°Øá¿ÂÝíúOl0$Ù!XlCZÍ©Íbk³*§w3ìéüaí¸¬$³º9ÔqòÜqöÙë]...</msg>
<var>${selfie_file}</var>
<arg>${selfiePath}</arg>
<doc>Returns the contents of a specified file.</doc>
<status status="PASS" start="2026-03-03T23:15:51.361351" elapsed="0.001003"/>
</kw>
<kw name="Create List" owner="BuiltIn">
<msg time="2026-03-03T23:15:51.366354" level="INFO">${selfie_tuple} = ['selfie.png', b'\x89PNG\r\n\x1a\n\x00\x00\x00\rIHDR\x00\x00\x00\xf9\x00\x00\x01\x1e\x08\x06\x00\x00\x00Hy\xb3\x1e\x00\x00\x00\x01sRGB\x00\xae\xce\x1c\xe9\x00\x00\x00\x04gAMA\x00\x00\xb1\x8f\x0b\xfca\...</msg>
<var>${selfie_tuple}</var>
<arg>selfie.png</arg>
<arg>${selfie_file}</arg>
<arg>image/png</arg>
<doc>Returns a list containing given items.</doc>
<status status="PASS" start="2026-03-03T23:15:51.362354" elapsed="0.004000"/>
</kw>
<kw name="Set To Dictionary" owner="Collections">
<arg>${files}</arg>
<arg>selfiePhotoUrl=${selfie_tuple}</arg>
<doc>Adds the given ``key_value_pairs`` and/or ``items`` to the ``dictionary``.</doc>
<status status="PASS" start="2026-03-03T23:15:51.366354" elapsed="0.000000"/>
</kw>
<kw name="POST On Session" owner="RequestsLibrary">
<msg time="2026-03-03T23:15:58.281879" level="INFO">POST Request : url=https://cp353004-team2-5.onrender.com/api/users 
 path_url=/api/users 
 headers={'User-Agent': 'python-requests/2.32.5', 'Accept-Encoding': 'gzip, deflate', 'Accept': '*/*', 'Connection': 'keep-alive', 'Content-Length': '1980138', 'Content-Type': 'multipart/form-data; boundary=da1b7f399fa3d6f7ea25db17aef6f4a3'} 
 body=b'--da1b7f399fa3d6f7ea25db17aef6f4a3\r\nContent-Disposition: form-data; name="email"\r\n\r\ntest_hcttgz@mail.com\r\n--da1b7f399fa3d6f7ea25db17aef6f4a3\r\nContent-Disposition: form-data; name="username"\r\n\r\nuser_kubbel\r\n--da1b7f399fa3d6f7ea25db17aef6f4a3\r\nContent-Disposition: form-data; name="password"\r\n\r\nTest1234!\r\n--da1b7f399fa3d6f7ea25db17aef6f4a3\r\nContent-Disposition: form-data; name="firstName"\r\n\r\nTest\r\n--da1b7f399fa3d6f7ea25db17aef6f4a3\r\nContent-Disposition: form-data; name="lastName"\r\n\r\nUser\r\n--da1b7f399fa3d6f7ea25db17aef6f4a3\r\nContent-Disposition: form-data; name="phoneNumber"\r\n\r\n0936088387\r\n--da1b7f399fa3d6f7ea25db17aef6f4a3\r\nContent-Disposition: form-data; name="gender"\r\n\r\nmale\r\n--da1b7f399fa3d6f7ea25db17aef6f4a3\r\nContent-Disposition: form-data; name="nationalIdNumber"\r\n\r\n0327194831341\r\n--da1b7f399fa3d6f7ea25db17aef6f4a3\r\nContent-Disposition: form-data; name="nationalIdExpiryDate"\r\n\r\n2025-12-31T00:00:00.000Z\r\n--da1b7f399fa3d6f7ea25db17aef6f4a3\r\nContent-Disposition: form-data; name="nationalIdPhotoUrl"; filename="id.png"\r\nContent-Type: image/png\r\n\r\n\x89PNG\r\n\x1a\n\x00\x00\x00\rIHDR\x00\x00\x04\x11\x00\x00\x02\x95\x08\x06\x00\x00\x00\x99\ns\x9f\x00\x00\x00\x01sRGB\x00\xae\xce\x1c\xe9\x00\n&gt;\xcatEXtmxfile\x00%3Cmxfile%20host%3D%22app.diagrams.net%22%20modified%3D%222022-09-06T07%3A41%3A34.511Z%22%20agent%3D%225.0%20(Macintosh%3B%20Intel%20Mac%20OS%20X%2010_15_7)%20AppleWebKit%2F537.36%20(KHTML%2C%20like%20Gecko)%20Chrome%2F104.0.0.0%20Safari%2F537.36%22%20etag%3D%22mVuJfGyCm0xUnv3Q964o%22%20version%3D%2220.2.2%22%20type%3D%22device%22%3E%3Cdiagram%20id%3D%22v50XStIgCR67Gai2CHmm%22%20name%3D%22Page-1%22%3EjHvXDqRMlubT9OVK%2BIRLvPeeO7z3nqdfqPp7ZlqjlbZUVZkZkBlw4sRnTgT%2Fgun%2B4pd4qtQxy7t%2FQUB2%2FQtm%2FgVBEAD%2F3pev5f7bAgIo%2FLelXOrsn7b%2FbrDrJ%2F%2F3if%2B07nWWr%2F9x4jaO3VZP%2F9mYjsOQp9t%2FtMXLMp7%2FeVoxdv%2FZ6xSX%2Bf9qsNO4%2B9%2Btfp1t1d9WHAX%2Bu13I67L6d88g8M%2BRPv73yf80rFWcjef%2FaILZf8H0Mo7b33f9RefdF71%2Fx%2BXv97j%2Fx9H%2FurAlH7b%2Fny8oy52yC6jQFH8ZvftbgMj9P8jfXznibv%2Fnhv%2B52O3%2BdwTe656%2Bt3X%2FJ1TUn1dynf5GG3hb4n9%2FKOorf3ujjnzZ6jeGSpzknTGu9VaPw3s8Gbdt7P%2FHCWRXl9%2BBbZz%2B%2Fcvvpyze4n%2FB5N%2BPEDcN5b8guvYo3ToBmS9H8v2j2W7FuuX7rvz%2B42SaDN9XCqnkPPpOIAPNtgCRXFYkxUySFElKsljOzTk0PYo8EbzsloLGRt8ejO5wBYo7l5x1GWdFN3t%2BWz1J%2FekP2rxvUwGOeKCvYn6ROMDUWeKHzS7dHE9hTOkPd7TrXxA1BQljkfKUH1GGJsQtsnemW%2FyULO%2FB9%2B%2FgRg650SfilWi80LzkXnXM7GX8k04NzuKqvyIAAOx6IuhM7MXGik6aNilNhSjSQqfZJG82NsVWTszW8ucQ11R2NZGWP8rZ4llWPL0UDu19ykiACeNKJCRAIoeCdRt0BUrrejj1ROwJe4%2BLLNjEHCsCj2niuQoUHSZLLGBJ52BzCoPkq0qGHSowqnqGeolBO%2BAzqs6GyTS%2B94Ki6QSh4yqYjJ4ZZX9qU01ZZEdbd3KztkRxZc9EtuPlBVlgkdmo2sT2ase931XYX9sLLmlWb2hFdPbZ0vEMJDQZTa2EK6i0fDg5hQTnnMKBEw0w1OtZ0xR13ppXXQmXqmfpC1PlW9PLk7VDXlMBPmHT98cNAKXfn60p4Neq5hmwqe8eb3u7H67G13HTmYKi7rSAhGLfA0hXQlmMIVSe5XzX12J7UhQkJrwCjdJYV%2ByztpXNS6hyAXHGaoL8%2Frhd8Ve4vsmosswEVG%2FgxZNNLyQZ3o6AxqbIISj1vfITOSjFKFXGFOk6qOttSmd%2F2BKwayrB1Oq%2FvxWTG84UrqWI8bVs3fFMGnGIKCzfGxLt50KuJpO1y6%2BKAn59HJ5Ktv2W5syI3dmaLFVjhvc2M1OvhJuUycZJkqIUw2iNHQZ68lQnuds9BbbQS%2BjoQ9kjzaTojFU9K2l7WNu9MhYUeDUSN89aH0OlY2WsMMiN9cYkqJTw%2Bzo8NRLy43SKccWT2FFNWMDHjQ72QYZBfycl8TWli7uVejCmE0Dw6xqN4k9va8WUshnPeTrcvXoFnqPqUvRcBHG6cLPUOhdOxRjStB5WfUKqn5WgOQImcTKN5UVXLM%2FaT8J1w3MD0bLZuBa1I66b%2Fq084FAljr8BZ8ArowFLRxZk%2Bd2HPuMBXuc33LIht%2FMQm6YVbB74sOStD%2FxqWRRdqyG1wYtEFCXOR%2BmGo08wCIybox5U8SqhOQkl%2BcvU9x80nJE%2BxwG1vqM14FkBEG4cYy1%2Fvwejn5VRDn%2B9U4ILtNgA8fx5hsBGGQxVgNY1tbSJjRODwRdKqWvf9TcppUY9i7v7mQRMb5i8vbhN1S9UU%2Bo3O45i%2FAUSlL%2Bw8n7kcGGVkqiBhHX44Q88JbCVVQCaNEmfaw1gGXGSdtfd%2FLi0xvBf8OXnZoJ4A04yEOFdD2QgVijDz%2B8U1y9QOltd8%2B3myz1IXartfrOIAArvGX5Nf79oR0liQWNYqj8gTFIvWgLYPt2spvnsexB7v9eLQfhiGvcIX4CauV%2Fk4ybX71C9WJ1CBMMo%2FVq8RMcKGnOWKk6n%2BG6QIJO5yOqAY%2BCRQD3FkyGXTA4%2Fh4yC%2BX6wSd6z9jBWfM%2B%2FFeMO4AU%2B0Qe1MAdGW4UilOANO3cA31TjOgPpdpjPt%2FTSUbewfV7O6G4G1BtMOBARfveQaN%2BoJQmRj90yP8pxR8%2Bw2HIc2l%2FYnd%2FBEv8MtJunHxm4vPuNB00ODWMDQ73aLyFS5kesL4RH7%2BsH5yiGK%2BWJT2zbHp0SNeJMmFZDZd0NtFflSC8KQXAHGlBQAicQdyanbBAzUofleucv1yYqrpqmqaiD0QgLwJmaT0PxrC2OZSRxKlSC4UTnbC9aH1zVtSgZN09AdHcXcQcupv1LqyA1VjXV5UpKQW%2BhMoovW8%2FkROGJ6vyFWu0ncgYx2myVKat15FWKYlv%2FWjuNjHpzdGNextaZS0lqdqOsF9kLpFhakZmxanyHcpI2ZG%2FCalW%2F1wsDL9%2FLvRncWXj9TREy5PQKveiJx41PDnGPE%2BvmwOOwZJbN7r0XozFsnvk1sprPiBg5ggznVqJrcfLvQXBNZrzR4Jh84QvT9y3kpZqS4%2Bk88RrU1kveQGI1JG5X2jSdMc3fATK16qlEoZadHW7Pa0zg4p1HodXF7wbwzzoROpKjVdkkar8KZFQSw8J6EPzAelUze%2FOdnDVEalfdcCscMXBiVBuvhJvWy2J1ZrSBSHope5TRbqpRYh7%2B3Zgb5t%2Bw80Xo7JcoOLvWk7oBA529W%2B%2BN6IVWA7WV02%2FGddtP%2F%2B3IAf0o61l%2FmOYqvXanldItPfaKLSo5SY%2BYj5xLsYlyTMeZpl8JwjLAhtUlrudDkfCgmLMWmQZW1cURbtmRw66OTCF03YIBMyRUw%2BKHJusvZkaUEUIdsexlUlBJ99%2FP1JU%2ByokWO0VS5yuGuvigEN5dNxKCDgla6%2Fe75Sl4rQH1SvGOQ3Rt0HjfyhmOqgXnTjVOCN2R75BbvauDl4QiSnHrzWjz%2FWyfDLVapI01aZWcReklrl3pHcBD%2BPVBj%2FjpqeY4Q4rqTrR8zl%2FDWamZYC9FxrgkAYFgiVlAvnTT8hFPMKieYYJE%2FuqsMcwBqs%2FE0t8r%2FOH6zbgm23JdLUpvg2U5REfek4S8d8M7ZSUr3AY1SRCcrEG1La%2BVUUf1CP3qi400R76sa%2FrZMpnljMEnPmVcKeEa9%2Fk374nUYqUnjDtcLYeWRx%2FTV9np1%2BQK8mVutvV0XPfCnuiByrulRNEeMgNsjQOVNDK0E%2FnjZmhBCRYKQOPMGaQDEBcurl6P0D13pYfaDuzQCeYRcTtv32%2BmcFifIxYkO1LLDeKC2mXu6SPNlp6f2%2FEtU9qy8VDVwM2OV6cNPFTlqXxKoI05rbi50u7qD%2FKw%2BTCo%2FZR8ncioXhb4Z1lLGR%2BIqFO7oQrnEbZUOqeaLsGRCEQGYZKSR7k6lEgypLaJ7GPL6LWcEuAFLpCKSdAFm4l%2FuNQhBj95sPeavyj4%2BxUf3oV3MV0pDKMEAVeBhTu5Blv8pkwwEUTgQJR2h8j3DIl5AYhrC1x7LR6HfnCfTidyYiIZRK4R6X1eToZ2UFGIHaDCujYF2RWl83cWMkcNytQ3y%2B6pbNJoKEXxxz2TilStWy7TSl%2BsYnTQHqBs4CAvIDbTHZdJ8nZFzVycLG0TOOJH0ROjNWoMYnlvQlUIrGUeVzZjSfKKx2I%2BatE2spUpmjzj234eiW1FX9y5NSai4LpqBqtNOqzmfxDVivJJh34pBSrE3gidymaQmQIKSB7SCmXVLyPP9%2Fp6j0oY0L0IjJfc%2Bi3agus3F6Rc6jSJnhB8%2BSF8H5Zu9MiIr%2FWX%2Ff64jN3ZEja047HhwtSxxJm07ag2KyDjYAE3yTGqEq0J9aMhu8lJ3o4wS9oXgjGBivlZbdOwK5UVHCB1baoBazKRhWhwuKdkcFoUvoI1Ho%2BQPpI11%2FmrMMKW00GEu82E1kT%2FVT%2FZNVx9mKwfZ1vTzEIanLj5YXzsxqj91Ad0O%2BK3b3q53qwHDS%2BQjIAXVY2yYN6XL0rNCq17%2BSkJ2GSagz%2BcPt%2FF8%2FrMjq0zpXiCjScfv7ApCRLRabWDA8s6z5YdMDnk2TNkBZ%2F0TZ5sJ2FGZN4aogDUQ66ZTLLaIgbDkqXeSVZ4BT5hJlTfeNjQYNjLK7CCKdueVsE9fYB2mKozfQDb5L9c6Gs79w56lcvTsgu%2BYctAVCNQTMd%2BnuKNsA03O5KLUDnmEJabZod6zJigiQaFe8hbC4cNtmcfrrFSB4svFaJWkaUMa5mRDycIil6Kqh99YFz%2FEoTfLhb4PtJFH3sSJZ4lDiqh4fKHH%2Bbe6inza0V2FBlPlicXeso0nxkxSDn2ETur5kotoGxej8v5OEYvo0qavuvXC%2Bisbp3BDlnXGLf6omzjO0xDY71hV2LL6nHmdhrFu47RBV0VjhG2CHt6RSKKamFwZeq2ESRW7CCOHe1XDv%2B4mf2NLiXyJWJCLemLFqevwdWQaX2hn0L11j6DHMbTVBgjht3UyHeUHpQgKk2otIhH1fLqIfKLOKARmjmKbuHAlJi1%2FV6hYdVHJvaDpqx7hwsIgwDCWzKPiVYVKlSujIWSZtdpfopQB46nxS9ZS7TXvqN22zoqnC8miwHCZW8smEjqq9vzjDbxHUZa9T6m1Z8XbKSwf9KViLZyiQk6twnff9%2FLqbweK8V8uCMcmQ3RWqVO1uGRlAtFLHupjx9z6rzzEdTGwfsT55LMjyp54YZQNCWXvHH%2BfrjfaZ5Fzya9rFWRCwBffmrw4bKByqJPo479r8uhopjA2ifx%2FQCaaxhbllqxVNFtifTQyZZcNfbVLRRfRUTIEpPdKSnJA9owlz12%2B%2B4feaSzBXUJqDf5pKWE%2B0c6iHyG5NIWqg9SaPYJZjmO5OdzIs9ZdSSmUJngMHyMRiFIDgsf0bYLLJDVUtK1Wt0nwOllKGDI%2FRH5S%2BJNQHB8NKpRqXMR3qpGxJuA1DbA6mFiNq8vqvOOxLS%2FtUlnwI%2FoxzjqedP1inMBjTo%2FdWNq21%2FtCzLLApSJjZxDBHZQQ278O%2FIRuImCt8mUCRxm4mbITMVvHIfzlWCb8MknE33HTGhnkxo%2FVHTocr5vl1PWoPrMBpKwupBYL%2BEJx6Ua2sJQjZrqjaqv5dmIjjwJ2pC1GHmqhrjFQeE21taVjnm7i3%2Bunm1LnbtAWqJKr2O85ddo2q8i7wVAk%2BNx7DShFvkYEf3djDlqVgHODCuWXG%2BKck5TM9gTqYEWE1vbJHpUytp3inBXpCxmrSw9lHEWsJImP2cUaR4uT%2FpPZlYya3NjHk1%2FCzunDBRF%2BzF8cBHxYk1y55x%2FD33336CGiD40sobxx09IGgkBxqTgmf46xDg2glu1T%2BA4sWq3LeUjbhlpN6TxMUWpsT3IqKPEjZXMWzTOrltDv5l6s51bwIhiEw%2Fx6NJNqopjnEtBgm4PxwLaEufCvrlOx%2FE3I1TUXUcvmU0FNU2KuJhuWAE5GUwyraq7Ot0VPuwdl1naBkUUOHkxihjn1vpAl6vIpGzrbTYUEX%2FckPmTD9zz0X3FKp9ly0ysXhj6VNWGfOqrzouwp1qeR3bliwDOtobV5FLoC5PlhzFyODXtlBlDvkdV%2BiejOyLmxzcpwd8Ht%2BvYWfD6%2BRkgPQKSF1Hd8Tk0%2BRJoRynrzF6l%2FmI1Ss6e9SJyLwquZwEgEipweyhMLzrA%2Bl6Ch3AqoYG4qgKGcRJHu7x4%2F%2FCr7oRPhWZlgobtLyRRUD9vKnz7o0HHFexhnLLPCya4zz6jS%2Bks%2Byd3m8A15fbqSXLB2koYyD7qlW%2BkBQOHU15f63n1H4qz%2BOHOLw%2FfylU3rnnFFpZ9hITrIrFyBcwq2T20v9zot%2F79X38wg1izBZMcVGJV52lGBZc6xv3FUeTv9h0nL5pxpHpvQWTZ4DFIO82f2KZjRyJjU0nVQdl2QgU%2Fn%2BuyNQ0N7qXkK3mrHRX%2Bsu4lObq3q12WbKF0ocwrZ6mqv4KZCUyMidTLL2R682Tvq4wg1YsAoqpCungmnKw%2Bhzw1ZObbVNBo2hGZIyVTMuCZHQdJuTrnVfoCCkfX28DHh4w3h9rUc3EHq3hy0mumN%2Fn6yiWSN0RGXMMeevEsToyYGV6SUEB5wRCN7hzQGTWkJVJDX58zCJocoT%2Fx5LzdgQfOGJkiimALhOOGkXToLL14uh8VgSXL%2BK4SyiZ8FqaV3i3Xi1Veu8KbjNNTuMfmKVRiJUtqTRjL6ncLRm5XSWDPOmUUdKmknpfMN38n7KLL6AsdTizhtVGpgt6abk9VJDlGkubFkU3gGyEthgtZ%2BH2lX604Qs46ROlVcdWoPYO4uZfEtsQmlDxoRsjXglbyfb3evae5R3HpLMHvryz1%2BG5nAlh5vdJ8EECQweVdZXhbreJXDFOVGZ8ua9LNppUqbZcNqYpeuzHuO1LkxoSWaEvLkDp34jbczVdp60gY9UYX69b486aPfq6v4XicF6Fpe4hIPONnfhupmodmCFwFxzKT5w1wx%2FMvvGjR7YDZDdn6ENdWKkKX2GIu%2BQCFBN7iSGmJqT6ip9hju5mmLDDUxpWxWwHWK4fpx5MuuhGZs1VD0%2Fxm09r700%2BuHipBkjMk8hKjK%2BlOSqATRGl8jb87z%2Bmw4KJEMmWw4KYp5qUcHkwZGxQ0zh4StJMssQSZrahD%2B7NeYvb9uIYHWgkBxVpWxECNqW%2FsGflscWWaru7%2B6WKYSwn5UOXHW7WUwcI3R3Pll156I4vQyu7FV%2FKRVCjTaZuKIGLhIM20BqYimNHPha1By1msfO8D9XAXA9JDgKzDsnSi0u6y945c647dWsFx3PgErqAMEbI6hw4wRtALNM38lehUapJDtwRFylHifpWr15d%2FsOkfqjiihZEIBxDBxYPLl%2F1jxRjyf6JQo7PjS1lvmIwXmajrqbPuIrd9OI5nw3PL2jP2oyjgVuazi4gu%2Fbyt3imG%2BBeY3xvjizShP%2FHdSVqHZCBuLAOMq8X86jDy4Gj3XFNUVdx%2BEOYs5HTfzV247URziocRgbSG%2F%2BXfrDcF7Qhwpr%2F3EJNaPC%2BJzbv2paemchoa4quKpPkLpkcm%2Bc7JWGAfDGHkz%2BedU6itZ%2Ffa8SZpk27iDiM1TrHwsWRaINpxHKsx0R93nESuJrfk3SkFCNyH%2BiliVowVpgsFnrODjDdaEJeQW7jtgRkVhNRVSiTNiE91t92mvi%2FSV6eRH5KU64jMWiUPTtctps%2BJto9smYzEda9SavmgpHsKUkWCVnM5xchr2k%2FR9Lj%2BtWkPq7qLFjzsC4ean7ya1PU8GzXUDriK2Ne7AlSwaZGy4XWiNaIgcmGcKuofIt7w5EWQm%2BOVu1QBbOKPWifrHToPD2%2FJqwrMecx9ddfyh3rsNhR3h7NBlHArLoEiUHmTs6BSNNpcYmJbDbs5nvyyqVJbqxRtlENpbbx%2Ftqow9BLKIF7xo1DMvRrJjOwNrRWS23jCd8YM1kAy1WD2KtWZoQ%2BdkM3T%2BGW%2FZ6XMWtqiTA16nd%2BvrrK7TmgpMZ81ubt5ydfwBZuaizzD7vUyuxZKbiwLnl5aKy39BJz3ksrwi%2FAVY66ttbQH3w4zQaj0Y1ZlVxVo9sTI%2BK2O4qxkCa2F9XrMKlTGJbZa20ncNQwyfJu2WIlqx2pXKyscJA9fOW3fUy9TmBrWUNVQ7KmuxBMyQCfxwM6Y3sOP%2Bzl%2F9g54UrWK%2BJ%2F4UlH2VcGmCLdNNbqnyfkEs4DxJSOBifTFurbdAv7oueoJO5ENcmyUarqjYeDz3BprIsirax9bvp0ncaP9THX6S1LYgLPwODTFTPqS8fb89k2jb1q9cWLRDoNLAs0Q7ZKRpcxPGGWMedDY8%2Buyvc6ZFp5WUbM8%2BEooMt86q49WZUlXr9Zz%2B0TuaW9s8zqetUBETYuvQp8PspyKheQApSFZhG55AV%2B8DHLmw6ZbM%2BruhXqoBu325MTzqFK1jNFfm0Ia2LodWln6itmMNjHSiN0n2PKixbT0OXMCQzr%2BC6vvDSibK1otC9VtJBMEvJysxUypS5CDG22L%2FpCTJrE2CR2mJQnqWNkcSrqu33enI4a6bUSaguHpsYkhLtJmtWdfRASe1kqI912Lv8NWVCmdoRm1FMelYMbERX7Gb7potQI2U0BUJUYAIOEE4wqZ4SOII1OH32fZ7JB'... (set the log level to DEBUG or TRACE to see the full content) 
 </msg>
<msg time="2026-03-03T23:15:58.281879" level="INFO">POST Response : url=https://cp353004-team2-5.onrender.com/api/users 
 status=201, reason=Created 
 headers={'Date': 'Tue, 03 Mar 2026 16:16:03 GMT', 'Content-Type': 'application/json; charset=utf-8', 'Transfer-Encoding': 'chunked', 'Connection': 'keep-alive', 'CF-RAY': '9d69f15b8cf92dc0-BKK', 'access-control-allow-credentials': 'true', 'content-security-policy': "default-src 'self';base-uri 'self';font-src 'self' https: data:;form-action 'self';frame-ancestors 'self';img-src 'self' data:;object-src 'none';script-src 'self';script-src-attr 'none';style-src 'self' https: 'unsafe-inline';upgrade-insecure-requests", 'cross-origin-opener-policy': 'same-origin', 'cross-origin-resource-policy': 'same-origin', 'etag': 'W/"33e5-Fxsb2iqnoZpQ4+BWg1Af43Pt9hQ"', 'origin-agent-cluster': '?1', 'referrer-policy': 'no-referrer', 'rndr-id': 'dbc99110-e1b5-47ba', 'strict-transport-security': 'max-age=15552000; includeSubDomains', 'vary': 'Origin, Accept-Encoding', 'x-content-type-options': 'nosniff', 'x-dns-prefetch-control': 'off', 'x-download-options': 'noopen', 'x-frame-options': 'SAMEORIGIN', 'x-permitted-cross-domain-policies': 'none', 'x-render-origin-server': 'Render', 'x-xss-protection': '0', 'cf-cache-status': 'DYNAMIC', 'Server': 'cloudflare', 'alt-svc': 'h3=":443"; ma=86400'} 
 body={"success":true,"message":"User created and verification processed.","data":{"id":"cmmat7vxe002213tgb83elzj1","username":"user_kubbel","email":"test_hcttgz@mail.com","firstName":"Test","lastName":"User","gender":"male","phoneNumber":"0936088387","profilePicture":null,"nationalIdNumber":"0327194831341","nationalIdPhotoUrl":"https://res.cloudinary.com/dykvjo1yj/image/upload/v1772554559/painamnae/national_ids/hwtyhnwi0cws6stnvnif.png","nationalIdExpiryDate":"2025-12-31T00:00:00.000Z","selfiePhotoUrl":"https://res.cloudinary.com/dykvjo1yj/image/upload/v1772554558/painamnae/selfies/ijtzteuvvw4o5zhctjkz.png","role":"PASSENGER","isVerified":false,"verificationStatus":"AUTO_REJECTED","autoVerifyConfidence":97.339,"autoVerifyHighThreshold":75,"autoVerifyLowThreshold":40,"ocrVerificationStatus":"AUTO_REJECTED","ocrData":{"name":"นาง บุญยัง โลเปช","gender":null,"address":"33/349 หมู่ที่ 7 ต.หนองปรือ อ.บางละมุง จ.ชลบุรี","idNumber":"3411700830334","expiryDate":"21 มี.ค. 2568","dateOfBirth":null,"fullResponse":{"data":[{"dob_en":{"value":"22 Mar. 1957","bboxes":[[[521,330],[741,335],[739,376],[518,371]]],"confidence":0.9935,"bboxes_norm":[[[0.5005,0.4992],[0.7118,0.5068],[0.7099,0.5688],[0.4976,0.5613]]]},"dob_th":{"value":"22 มี.ค. 2500","bboxes":[[[461,275],[674,279],[671,328],[458,324]]],"confidence":0.9866,"bboxes_norm":[[[0.4428,0.416],[0.6475,0.4221],[0.6446,0.4962],[0.44,0.4902]]]},"doe_en":{"value":"21 Mar. 2025","bboxes":[[[576,571],[736,576],[734,607],[574,601]]],"confidence":0.988,"bboxes_norm":[[[0.5533,0.8638],[0.707,0.8714],[0.7051,0.9183],[0.5514,0.9092]]]},"doe_th":{"value":"21 มี.ค. 2568","bboxes":[[[577,501],[732,506],[730,545],[575,540]]],"confidence":0.9902,"bboxes_norm":[[[0.5543,0.7579],[0.7032,0.7655],[0.7012,0.8245],[0.5524,0.8169]]]},"doi_en":{"value":"26 Jul. 2016","bboxes":[[[108,563],[258,568],[257,598],[107,592]]],"confidence":0.9884,"bboxes_norm":[[[0.1037,0.8517],[0.2478,0.8593],[0.2469,0.9047],[0.1028,0.8956]]]},"doi_th":{"value":"26 ก.ค. 2559","bboxes":[[[110,505],[261,509],[259,538],[109,533]]],"confidence":0.9946,"bboxes_norm":[[[0.1057,0.764],[0.2507,0.77],[0.2488,0.8139],[0.1047,0.8064]]]},"option":{"face":{},"gender":{},"signed":{},"processed_image":{}},"name_en":{"value":"BUNYANG","bboxes":[[[414,186],[660,188],[657,235],[412,231]]],"confidence":0.9889,"bboxes_norm":[[[0.3977,0.2814],[0.634,0.2844],[0.6311,0.3555],[0.3958,0.3495]]]},"name_th":{"value":"บุญยัง","bboxes":[[[297,108],[672,110],[666,196],[293,191]]],"confidence":0.9754,"bboxes_norm":[[[0.28
[...]
 </msg>
<msg time="2026-03-03T23:16:14.499155" level="INFO">POST Response : url=https://cp353004-team2-5.onrender.com/api/users 
 status=201, reason=Created 
 headers={'Date': 'Tue, 03 Mar 2026 16:16:19 GMT', 'Content-Type': 'application/json; charset=utf-8', 'Transfer-Encoding': 'chunked', 'Connection': 'keep-alive', 'CF-RAY': '9d69f1be3f5f2dc0-BKK', 'access-control-allow-credentials': 'true', 'content-security-policy': "default-src 'self';base-uri 'self';font-src 'self' https: data:;form-action 'self';frame-ancestors 'self';img-src 'self' data:;object-src 'none';script-src 'self';script-src-attr 'none';style-src 'self' https: 'unsafe-inline';upgrade-insecure-requests", 'cross-origin-opener-policy': 'same-origin', 'cross-origin-resource-policy': 'same-origin', 'etag': 'W/"33e3-ML1K6Jj9aq9CoUfCThGupkDwC8c"', 'origin-agent-cluster': '?1', 'referrer-policy': 'no-referrer', 'rndr-id': '85cf5cd0-f5f5-415f', 'strict-transport-security': 'max-age=15552000; includeSubDomains', 'vary': 'Origin, Accept-Encoding', 'x-content-type-options': 'nosniff', 'x-dns-prefetch-control': 'off', 'x-download-options': 'noopen', 'x-frame-options': 'SAMEORIGIN', 'x-permitted-cross-domain-policies': 'none', 'x-render-origin-server': 'Render', 'x-xss-protection': '0', 'cf-cache-status': 'DYNAMIC', 'Server': 'cloudflare', 'alt-svc': 'h3=":443"; ma=86400'} 
 body={"success":true,"message":"User created and verification processed.","data":{"id":"cmmat88a3002813tglukiz56o","username":"user_kdaotk","email":"test_xqttth@mail.com","firstName":"Test","lastName":"User","gender":"male","phoneNumber":"0959403146","profilePicture":null,"nationalIdNumber":"6848839219306","nationalIdPhotoUrl":"https://res.cloudinary.com/dykvjo1yj/image/upload/v1772554575/painamnae/national_ids/mrovdvftgq7pmsugn689.png","nationalIdExpiryDate":"2025-12-31T00:00:00.000Z","selfiePhotoUrl":"https://res.cloudinary.com/dykvjo1yj/image/upload/v1772554574/painamnae/selfies/snnmdcmq9bzts1qrvnij.png","role":"PASSENGER","isVerified":false,"verificationStatus":"AUTO_REJECTED","autoVerifyConfidence":97.339,"autoVerifyHighThreshold":75,"autoVerifyLowThreshold":40,"ocrVerificationStatus":"AUTO_REJECTED","ocrData":{"name":"นาง บุญยัง โลเปช","gender":null,"address":"33/349 หมู่ที่ 7 ต.หนองปรือ อ.บางละมุง จ.ชลบุรี","idNumber":"3411700830334","expiryDate":"21 มี.ค. 2568","dateOfBirth":null,"fullResponse":{"data":[{"dob_en":{"value":"22 Mar. 1957","bboxes":[[[521,330],[741,335],[739,376],[518,371]]],"confidence":0.9935,"bboxes_norm":[[[0.5005,0.4992],[0.7118,0.5068],[0.7099,0.5688],[0.4976,0.5613]]]},"dob_th":{"value":"22 มี.ค. 2500","bboxes":[[[461,275],[674,279],[671,328],[458,324]]],"confidence":0.9866,"bboxes_norm":[[[0.4428,0.416],[0.6475,0.4221],[0.6446,0.4962],[0.44,0.4902]]]},"doe_en":{"value":"21 Mar. 2025","bboxes":[[[576,571],[736,576],[734,607],[574,601]]],"confidence":0.988,"bboxes_norm":[[[0.5533,0.8638],[0.707,0.8714],[0.7051,0.9183],[0.5514,0.9092]]]},"doe_th":{"value":"21 มี.ค. 2568","bboxes":[[[577,501],[732,506],[730,545],[575,540]]],"confidence":0.9902,"bboxes_norm":[[[0.5543,0.7579],[0.7032,0.7655],[0.7012,0.8245],[0.5524,0.8169]]]},"doi_en":{"value":"26 Jul. 2016","bboxes":[[[108,563],[258,568],[257,598],[107,592]]],"confidence":0.9884,"bboxes_norm":[[[0.1037,0.8517],[0.2478,0.8593],[0.2469,0.9047],[0.1028,0.8956]]]},"doi_th":{"value":"26 ก.ค. 2559","bboxes":[[[110,505],[261,509],[259,538],[109,533]]],"confidence":0.9946,"bboxes_norm":[[[0.1057,0.764],[0.2507,0.77],[0.2488,0.8139],[0.1047,0.8064]]]},"option":{"face":{},"gender":{},"signed":{},"processed_image":{}},"name_en":{"value":"BUNYANG","bboxes":[[[414,186],[660,188],[657,235],[412,231]]],"confidence":0.9889,"bboxes_norm":[[[0.3977,0.2814],[0.634,0.2844],[0.6311,0.3555],[0.3958,0.3495]]]},"name_th":{"value":"บุญยัง","bboxes":[[[297,108],[672,110],[666,196],[293,191]]],"confidence":0.9754,"bboxes_norm":[[[0.2853,0.1634],[0.6455,0.1664],[0.6398,0.2965],[0.2815,0.289]]]},"religion":{},"title_en":{"value":"MRS.","bboxes":[[[414,186],[660,188],[657,235],[412,231]]],"confidence":0.9889,"bboxes_norm":[[[0.3977,0.2814],[0.634,0.2844],[0.6311,0.3555],[0.3958,0.3495]]]},"title_th":{"value":"นาง","bboxes":[[[297,108],[672,110],[666,196],[293,191]]],"confidence":0.9754,"bboxes_norm":[[[0.2853,0.1634],[0.6455,0.1664],[0.6398,0.2965],[0.2815,0.289]]]},"address_1":{"value":"ที่อยู่ 33/349 หมู่ที่ 7 ต.หนองปรือ","bboxes":[[[112,402],[534,413],[530,476],[110,464]]],"confidence":0.9819,"bboxes_norm":[[[0.1076,0.6082],[0.513,0.6248],[0.5091,0.7201],[0.1057,0.702]]]},"address_2":{"value":"อ.บางละมุง จ.ชลบุรี","bboxes":[[[110,454],[362,461],[359,516],[108,508]]],"confidence":0.9724,"bboxes_norm":[[[0.1057,0.6868],[0.3477,0.6974],[0.3449,0.7806],[0.1037,0.7685]]]},"id_number":{"value":"3411700830334","bboxes":[[[460,57],[815,58],[812,104],[458,102]]],"confidence":0.9867,"bboxes_norm":[[[0.4419,0.0862],[0.7829,0.0877],[0.78,0.1573],[0.44,0.1543]]]},"surname_en":{"value":"LOPEZ","bboxes":[[[475,236],[584,238],[582,280],[473,278]]],"confidence":0.9951,"bboxes_norm":[[[0.4563,0.357],[0.561,0.3601],[0.5591,0.4236],[0.4544,0.4206]]]},"surname_th":{"value":"โลเปช","bboxes":[[[297,108],[672,110],[666,196],[293,191]]],"confidence":0.9754,"bboxes_norm":[[[0.2853,0.1634],[0.6455,0.1664],[0.6398,0.2965],[0.2815,0.289]]]},"address_full":{"value":"33/349 หมู่ที่ 7 ต.หนองปรือ อ.บางละมุง จ.ชลบุรี","bboxes":[[[112,402],[534,413],[530,476],[110,464]],[[110,454],[362,461],[359,516],[108,508]]],"confidence":0.9548,"bboxes_norm":[[[0.1076,0.6082],[0.513,0.6248],[0.5091,0.7201],[0.1057,0.702]],[[0.1057,0.6868],[0.3477,0.6974],[0.3449,0.7806],[0.1037,0.7685]]]},"title_name_en":{"value":"MRS. BUNYANG","bboxes":[[[414,186],[660,188],[657,235],[412,231]]],"confidence":0.9889,"bboxes_norm":[[[0.3977,0.2814],[0.634,0.2844],[0.6311,0.3555],[0.3958,0.3495]]]},"address_district":{"value":"อ.บางละมุง","bboxes":[[[112,402],[534,413],[530,476],[110,464]],[[110,454],[362,461],[359,516],[108,508]]],"confidence":0.9548,"bboxes_norm":[[[0.1076,0.6082],[0.513,0.6248],[0.5091,0.7201],[0.1057,0.702]],[[0.1057,0.6868],[0.3477,0.6974],[0.3449,0.7806],[0.1037,0.7685]]]},"address_postcode":{},"address_province":{"value":"จ.ชลบุรี","bboxes":[[[112,402],[534,413],[530,476],[110,464]],[[110,454],[362,461],[359,516],[108,508]]],"confidence":0.9548,"bboxes_norm":[[[0.1076,0.6082],[0.513,0.6248],[0.5091,0.7201],[0.1057,0.702]],[[0.1057,0.6868],[0.3477,0.6974],[0.3449,0.7806],[0.1037,0.7685]]]},"address_sub_district":{"value":"ต.หนองปรือ","bboxes":[[[112,402],[534,413],[530,476],[110,464]],[[110,454],[362,461],[359,516],[108,508]]],"confidence":0.9548,"bboxes_norm":[[[0.1076,0.6082],[0.513,0.6248],[0.5091,0.7201],[0.1057,0.702]],[[0.1057,0.6868],[0.3477,0.6974],[0.3449,0.7806],[0.1037,0.7685]]]},"title_name_surname_th":{"value":"นาง บุญยัง โลเปช","bboxes":[[[297,108],[672,110],[666,196],[293,191]]],"confidence":0.9754,"bboxes_norm":[[[0.2853,0.1634],[0.6455,0.1664],[0.6398,0.2965],[0.2815,0.289]]]},"address_street_address":{"value":"หมู่ที่ 7","bboxes":[[[112,402],[534,413],[530,476],[110,464]],[[110,454],[362,461],[359,516],[108,508]]],"confidence":0.9547,"bboxes_norm":[[[0.1076,0.6082],[0.513,0.6248],[0.5091,0.7201],[0.1057,0.702]],[[0.1057,0.6868],[0.3477,0.6974],[0.3449,0.7806],[0.1037,0.7685]]]},"address_house_building_number":{"value":"33/349","bboxes":[[[112,402],[534,413],[530,476],[110,464]],[[110,454],[362,461],[359,516],[108,508]]],"confidence":0.9548,"bboxes_norm":[[[0.1076,0.6082],[0.513,0.6248],[0.5091,0.7201],[0.1057,0.702]],[[0.1057,0.6868],[0.3477,0.6974],[0.3449,0.7806],[0.1037,0.7685]]]}}],"error":[],"status":"success","request_id":"14de162d-6eb6-485c-8328-7f05d5ce6306","response_id":"14de162d-6eb6-485c-8328-7f05d5ce6306"}},"isActive":true,"otpCode":null,"lastLogin":null,"createdAt":"2026-03-03T16:16:16.108Z","updatedAt":"2026-03-03T16:16:19.814Z","passengerSuspendedUntil":null,"driverSuspendedUntil":null},"verification":{"verified":false,"status":"AUTO_REJECTED","faceConfidence":97.339,"faceHighThreshold":75,"faceLowThreshold":40,"ocrVerification":{"verificationStatus":"AUTO_REJECTED","ocrData":{"idNumber":"3411700830334","expiryDate":"21 มี.ค. 2568","name":"นาง บุญยัง โลเปช","dateOfBirth":null,"gender":null,"address":"33/349 หมู่ที่ 7 ต.หนองปรือ อ.บางละมุง จ.ชลบุรี","fullResponse":{"status":"success","error":[],"data":[{"id_number":{"bboxes":[[[460,57],[815,58],[812,104],[458,102]]],"bboxes_norm":[[[0.4419,0.0862],[0.7829,0.0877],[0.78,0.1573],[0.44,0.1543]]],"value":"3411700830334","confidence":0.9867},"title_name_surname_th":{"bboxes":[[[297,108],[672,110],[666,196],[293,191]]],"bboxes_norm":[[[0.2853,0.1634],[0.6455,0.1664],[0.6398,0.2965],[0.2815,0.289]]],"value":"นาง บุญยัง โลเปช","confidence":0.9754},"title_name_en":{"bboxes":[[[414,186],[660,188],[657,235],[412,231]]],"bboxes_norm":[[[0.3977,0.2814],[0.634,0.2844],[0.6311,0.3555],[0.3958,0.3495]]],"value":"MRS. BUNYANG","confidence":0.9889},"surname_en":{"bboxes":[[[475,236],[584,238],[582,280],[473,278]]],"bboxes_norm":[[[0.4563,0.357],[0.561,0.3601],[0.5591,0.4236],[0.4544,0.4206]]],"value":"LOPEZ","confidence":0.9951},"dob_th":{"bboxes":[[[461,275],[674,279],[671,328],[458,324]]],"bboxes_norm":[[[0.4428,0.416],[0.6475,0.4221],[0.6446,0.4962],[0.44,0.4902]]],"value":"22 มี.ค. 2500","confidence":0.9866},"dob_en":{"bboxes":[[[521,330],[741,335],[739,376],[518,371]]],"bboxes_norm":[[[0.5005,0.4992],[0.7118,0.5068],[0.7099,0.5688],[0.4976,0.5613]]],"value":"22 Mar. 1957","confidence":0.9935},"religion":{},"address_1":{"bboxes":[[[112,402],[534,413],[530,476],[110,464]]],"bboxes_norm":[[[0.1076,0.6082],[0.513,0.6248],[0.5091,0.7201],[0.1057,0.702]]],"value":"ที่อยู่ 33/349 หมู่ที่ 7 ต.หนองปรือ","confidence":0.9819},"address_2":{"bboxes":[[[110,454],[362,461],[359,516],[108,508]]],"bboxes_norm":[[[0.1057,0.6868],[0.3477,0.6974],[0.3449,0.7806],[0.1037,0.7685]]],"value":"อ.บางละมุง จ.ชลบุรี","confidence":0.9724},"address_full":{"bboxes":[[[112,402],[534,413],[530,476],[110,464]],[[110,454],[362,461],[359,516],[108,508]]],"bboxes_norm":[[[0.1076,0.6082],[0.513,0.6248],[0.5091,0.7201],[0.1057,0.702]],[[0.1057,0.6868],[0.3477,0.6974],[0.3449,0.7806],[0.1037,0.7685]]],"value":"33/349 หมู่ที่ 7 ต.หนองปรือ อ.บางละมุง จ.ชลบุรี","confidence":0.9548},"address_house_building_number":{"bboxes":[[[112,402],[534,413],[530,476],[110,464]],[[110,454],[362,461],[359,516],[108,508]]],"bboxes_norm":[[[0.1076,0.6082],[0.513,0.6248],[0.5091,0.7201],[0.1057,0.702]],[[0.1057,0.6868],[0.3477,0.6974],[0.3449,0.7806],[0.1037,0.7685]]],"value":"33/349","confidence":0.9548},"address_street_address":{"bboxes":[[[112,402],[534,413],[530,476],[110,464]],[[110,454],[362,461],[359,516],[108,508]]],"bboxes_norm":[[[0.1076,0.6082],[0.513,0.6248],[0.5091,0.7201],[0.1057,0.702]],[[0.1057,0.6868],[0.3477,0.6974],[0.3449,0.7806],[0.1037,0.7685]]],"value":"หมู่ที่ 7","confidence":0.9547},"address_sub_district":{"bboxes":[[[112,402],[534,413],[530,476],[110,464]],[[110,454],[362,461],[359,516],[108,508]]],"bboxes_norm":[[[0.1076,0.6082],[0.513,0.6248],[0.5091,0.7201],[0.1057,0.702]],[[0.1057,0.6868],[0.3477,0.6974],[0.3449,0.7806],[0.1037,0.7685]]],"value":"ต.หนองปรือ","confidence":0.9548},"address_district":{"bboxes":[[[112,402],[534,413],[530,476],[110,464]],[[110,454],[362,461],[359,516],[108,508]]],"bboxes_norm":[[[0.1076,0.6082],[0.513,0.6248],[0.5091,0.7201],[0.1057,0.702]]... (set the log level to DEBUG or TRACE to see the full content) 
 </msg>
<msg time="2026-03-03T23:16:14.499155" level="INFO">${resp} = &lt;Response [201]&gt;</msg>
<var>${resp}</var>
<arg>api</arg>
<arg>${API_PREFIX}</arg>
<arg>data=${body}</arg>
<arg>files=${files}</arg>
<arg>expected_status=any</arg>
<doc>Sends a POST request on a previously created HTTP Session.</doc>
<status status="PASS" start="2026-03-03T23:16:07.155042" elapsed="7.344113"/>
</kw>
<kw name="Should Be True" owner="BuiltIn">
<arg>${resp.status_code} in [200,201]</arg>
<doc>Fails if the given condition is not true.</doc>
<status status="PASS" start="2026-03-03T23:16:14.499155" elapsed="0.000999"/>
</kw>
<return>
<value>${resp}</value>
<status status="PASS" start="2026-03-03T23:16:14.500154" elapsed="0.000000"/>
</return>
<arg>${email}</arg>
<arg>${nid}</arg>
<arg>2025-12-31T00:00:00.000Z</arg>
<arg>${ID_OK}</arg>
<arg>${SELFIE_OK}</arg>
<status status="PASS" start="2026-03-03T23:16:07.114030" elapsed="7.386124"/>
</kw>
<kw name="Create Dictionary" owner="BuiltIn">
<msg time="2026-03-03T23:16:14.500154" level="INFO">${body} = {'identifier': 'test_xqttth@mail.com', 'password': 'WrongPassword'}</msg>
<var>${body}</var>
<arg>identifier=${email}</arg>
<arg>password=WrongPassword</arg>
<doc>Creates and returns a dictionary based on the given ``items``.</doc>
<status status="PASS" start="2026-03-03T23:16:14.500154" elapsed="0.000000"/>
</kw>
<kw name="POST On Session" owner="RequestsLibrary">
<msg time="2026-03-03T23:16:14.597733" level="INFO">POST Request : url=https://cp353004-team2-5.onrender.com/api/auth/login 
 path_url=/api/auth/login 
 headers={'User-Agent': 'python-requests/2.32.5', 'Accept-Encoding': 'gzip, deflate', 'Accept': '*/*', 'Connection': 'keep-alive', 'Content-Length': '67', 'Content-Type': 'application/json'} 
 body=b'{"identifier": "test_xqttth@mail.com", "password": "WrongPassword"}' 
 </msg>
<msg time="2026-03-03T23:16:14.597733" level="INFO">POST Response : url=https://cp353004-team2-5.onrender.com/api/auth/login 
 status=400, reason=Bad Request 
 headers={'Date': 'Tue, 03 Mar 2026 16:16:19 GMT', 'Content-Type': 'application/json; charset=utf-8', 'Transfer-Encoding': 'chunked', 'Connection': 'keep-alive', 'CF-RAY': '9d69f1ec2d092dc0-BKK', 'access-control-allow-credentials': 'true', 'content-security-policy': "default-src 'self';base-uri 'self';font-src 'self' https: data:;form-action 'self';frame-ancestors 'self';img-src 'self' data:;object-src 'none';script-src 'self';script-src-attr 'none';style-src 'self' https: 'unsafe-inline';upgrade-insecure-requests", 'cross-origin-opener-policy': 'same-origin', 'cross-origin-resource-policy': 'same-origin', 'etag': 'W/"67-vbS9/u63cAO4WijdVqgpNYDxRu8"', 'origin-agent-cluster': '?1', 'referrer-policy': 'no-referrer', 'rndr-id': '33b184b4-f3a4-4f44', 'strict-transport-security': 'max-age=15552000; includeSubDomains', 'vary': 'Origin, Accept-Encoding', 'x-content-type-options': 'nosniff', 'x-dns-prefetch-control': 'off', 'x-download-options': 'noopen', 'x-frame-options': 'SAMEORIGIN', 'x-permitted-cross-domain-policies': 'none', 'x-render-origin-server': 'Render', 'x-xss-protection': '0', 'cf-cache-status': 'DYNAMIC', 'Server': 'cloudflare', 'alt-svc': 'h3=":443"; ma=86400'} 
 body={"success":false,"message":"Validation error: body - Either email or username is required","data":null} 
 </msg>
<msg time="2026-03-03T23:16:14.597733" level="INFO">${resp} = &lt;Response [400]&gt;</msg>
<var>${resp}</var>
<arg>api</arg>
<arg>/api/auth/login</arg>
<arg>json=${body}</arg>
<arg>expected_status=any</arg>
<doc>Sends a POST request on a previously created HTTP Session.</doc>
<status status="PASS" start="2026-03-03T23:16:14.500154" elapsed="0.097579"/>
</kw>
<kw name="Should Be True" owner="BuiltIn">
<arg>${resp.status_code} in [400,401]</arg>
<doc>Fails if the given condition is not true.</doc>
<status status="PASS" start="2026-03-03T23:16:14.598732" elapsed="0.000000"/>
</kw>
<kw name="Cleanup Test User" type="TEARDOWN">
<kw name="Run Keyword And Ignore Error" owner="BuiltIn">
<kw name="Execute Sql String" owner="DatabaseLibrary">
<msg time="2026-03-03T23:16:14.599731" level="INFO" html="true">Executing sql:&lt;br&gt;&lt;code style="font-weight: bold;"&gt;ROLLBACK;&lt;/code&gt;</msg>
<msg time="2026-03-03T23:16:14.673685" level="INFO">Commit the transaction</msg>
<arg>ROLLBACK;</arg>
<doc>Executes the ``sql_string`` - as a single SQL command (default) or as separate statements.</doc>
<status status="PASS" start="2026-03-03T23:16:14.599731" elapsed="0.110986"/>
</kw>
<arg>Execute Sql String</arg>
<arg>ROLLBACK;</arg>
<doc>Runs the given keyword with the given arguments and ignores possible error.</doc>
<status status="PASS" start="2026-03-03T23:16:14.599731" elapsed="0.110986"/>
</kw>
<kw name="Run Keyword If" owner="BuiltIn">
<kw name="Execute Sql String" owner="DatabaseLibrary">
<msg time="2026-03-03T23:16:14.711715" level="INFO" html="true">Executing sql:&lt;br&gt;&lt;code style="font-weight: bold;"&gt;DELETE FROM "User" WHERE "email"='test_xqttth@mail.com';&lt;/code&gt;</msg>
<msg time="2026-03-03T23:16:14.785842" level="INFO">Commit the transaction</msg>
<arg>DELETE FROM "User" WHERE "email"='${CURRENT_EMAIL}';</arg>
<doc>Executes the ``sql_string`` - as a single SQL command (default) or as separate statements.</doc>
<status status="PASS" start="2026-03-03T23:16:14.711715" elapsed="0.115019"/>
</kw>
<arg>'${CURRENT_EMAIL}' != '' and '${CURRENT_EMAIL}' != '${None}'</arg>
<arg>Execute Sql String</arg>
<arg>DELETE FROM "User" WHERE "email"='${CURRENT_EMAIL}';</arg>
<doc>Runs the given keyword with the given arguments, if ``condition`` is true.</doc>
<status status="PASS" start="2026-03-03T23:16:14.710717" elapsed="0.116017"/>
</kw>
<kw name="Run Keyword And Ignore Error" owner="BuiltIn">
<kw name="Execute Sql String" owner="DatabaseLibrary">
<msg time="2026-03-03T23:16:14.827733" level="INFO" html="true">Executing sql:&lt;br&gt;&lt;code style="font-weight: bold;"&gt;COMMIT;&lt;/code&gt;</msg>
<msg time="2026-03-03T23:16:14.901690" level="INFO">Commit the transaction</msg>
<arg>COMMIT;</arg>
<doc>Executes the ``sql_string`` - as a single SQL command (default) or as separate statements.</doc>
<status status="PASS" start="2026-03-03T23:16:14.827733" elapsed="0.111712"/>
</kw>
<arg>Execute Sql String</arg>
<arg>COMMIT;</arg>
<doc>Runs the given keyword with the given arguments and ignores possible error.</doc>
<status status="PASS" start="2026-03-03T23:16:14.826734" elapsed="0.112711"/>
</kw>
<kw name="Set Suite Variable" owner="BuiltIn">
<msg time="2026-03-03T23:16:14.940450" level="INFO">${CURRENT_EMAIL} = </msg>
<arg>${CURRENT_EMAIL}</arg>
<arg>${EMPTY}</arg>
<doc>Makes a variable available everywhere within the scope of the current suite.</doc>
<status status="PASS" start="2026-03-03T23:16:14.939445" elapsed="0.001005"/>
</kw>
<status status="PASS" start="2026-03-03T23:16:14.599731" elapsed="0.340719"/>
</kw>
<status status="PASS" start="2026-03-03T23:16:07.113030" elapsed="7.827420"/>
</test>
<kw name="Disconnect From Database" owner="DatabaseLibrary" type="TEARDOWN">
<doc>Disconnects from the database.</doc>
<status status="PASS" start="2026-03-03T23:16:14.940450" elapsed="0.000000"/>
</kw>
<status status="PASS" start="2026-03-03T23:15:41.625118" elapsed="33.316836"/>
</suite>
<statistics>
<total>
<stat pass="5" fail="0" skip="0">All Tests</stat>
</total>
<tag>
</tag>
<suite>
<stat name="Api" id="s1" pass="5" fail="0" skip="0">Api</stat>
</suite>
</statistics>
<errors>
</errors>
</robot>
